#
# A fatal error has been detected by the Java Runtime Environment:
#
#  SIGSEGV (0xb) at pc=0x00007fff8a7c30dd, pid=27657, tid=1811
#
# JRE version: Java(TM) SE Runtime Environment (8.0_60-b27) (build 1.8.0_60-b27)
# Java VM: Java HotSpot(TM) 64-Bit Server VM (25.60-b23 mixed mode bsd-amd64 compressed oops)
# Problematic frame:
# C  [libobjc.A.dylib+0x10dd]  objc_msgSend+0x1d
#
# Failed to write core dump. Core dumps have been disabled. To enable core dumping, try "ulimit -c unlimited" before starting Java again
#
# If you would like to submit a bug report, please visit:
#   http://bugreport.java.com/bugreport/crash.jsp
# The crash happened outside the Java Virtual Machine in native code.
# See problematic frame for where to report the bug.
#

---------------  T H R E A D  ---------------

Current thread (0x00007ffd09961800):  JavaThread "AWT-AppKit" daemon [_thread_in_native, id=1811, stack(0x00007fff505f9000,0x00007fff50df9000)]

siginfo: si_signo: 11 (SIGSEGV), si_code: 1 (SEGV_MAPERR), si_addr: 0x0000000000000018

Registers:
RAX=0x00007ffd0e819c90, RBX=0x000000018e6a0450, RCX=0x000000012f38a680, RDX=0x000000012f38ab80
RSP=0x00007fff50df4528, RBP=0x00007fff50df45e0, RSI=0x00007fff8d22240f, RDI=0x00007ffd0e814830
R8 =0x0000000000000000, R9 =0x0000000000000f50, R10=0x00007fff8d22240f, R11=0x0000000000000000
R12=0x0000000000000000, R13=0x00000001932e3380, R14=0x000000018e6a0440, R15=0x00007ffd09961800
RIP=0x00007fff8a7c30dd, EFLAGS=0x0000000000010246, ERR=0x0000000000000004
  TRAPNO=0x000000000000000e

Top of Stack: (sp=0x00007fff50df4528)
0x00007fff50df4528:   000000018e69e157 00007fff50df4580
0x00007fff50df4538:   0000000000000003 00007fff50df4560
0x00007fff50df4548:   000000010f0f7992 00000001932e3380
0x00007fff50df4558:   00000001932e3380 00007ffd0e819c90
0x00007fff50df4568:   000000018e6a06a0 000000018e6a0710
0x00007fff50df4578:   00007fff72ea7550 00007fff7183fc80
0x00007fff50df4588:   000000018e6a0450 000000018e6a0690
0x00007fff50df4598:   00007ffd0e819c90 00007ffd0e814830
0x00007fff50df45a8:   00007ffd09643770 00007ffd0e819c90
0x00007fff50df45b8:   00007ffd0e814830 00007fff50df4668
0x00007fff50df45c8:   00007ffd099619f8 00000001932e3380
0x00007fff50df45d8:   00007fff50df4690 00007fff50df4658
0x00007fff50df45e8:   0000000110815954 00000001932e3380
0x00007fff50df45f8:   00007fff50df4690 00007fff50df4658
0x00007fff50df4608:   00000001108156e7 00000001108156a2
0x00007fff50df4618:   00007fff50df4618 00000001932e3380
0x00007fff50df4628:   00007fff50df4690 00000001932e5fb8
0x00007fff50df4638:   0000000000000000 00000001932e3380
0x00007fff50df4648:   0000000000000000 00007fff50df4678
0x00007fff50df4658:   00007fff50df46d8 0000000110807c4d
0x00007fff50df4668:   00000007403ee1b8 000000011080f578
0x00007fff50df4678:   00007ffd0e819c90 00007fff50df46d8
0x00007fff50df4688:   00007ffd0e814830 0000000110810d82
0x00007fff50df4698:   00007fff50df4698 00000001932e354a
0x00007fff50df46a8:   00007fff50df4700 00000001932e5fb8
0x00007fff50df46b8:   0000000000000000 00000001932e3558
0x00007fff50df46c8:   00007fff50df4678 00007fff50df46e8
0x00007fff50df46d8:   00007fff50df4748 0000000110807c4d
0x00007fff50df46e8:   00007ffd0e819c90 00000007403fd9b8
0x00007fff50df46f8:   00007ffd0e814830 00000007403fd9b8
0x00007fff50df4708:   00007fff50df4708 0000000198175e26
0x00007fff50df4718:   00007fff50df4758 0000000198175ee0 

Instructions: (pc=0x00007fff8a7c30dd)
0x00007fff8a7c30bd:   00 00 00 48 85 ff 2e 74 7a 40 f6 c7 01 2e 75 7e
0x00007fff8a7c30cd:   49 bb f8 ff ff ff ff 7f 00 00 4c 23 1f 49 89 f2
0x00007fff8a7c30dd:   45 23 53 18 49 c1 e2 04 4d 03 53 10 49 3b 32 75
0x00007fff8a7c30ed:   04 41 ff 62 08 49 83 3a 00 74 6a 4d 3b 53 10 74 

Register to memory mapping:

RAX=0x00007ffd0e819c90 is an unknown value
RBX=0x000000018e6a0450: Java_jogamp_nativewindow_macosx_OSXUtil_GetScreenRefreshRate0+0x1cf0 in /private/var/folders/hh/z31jgv_d7szdfpdjxj5nl_v00000gn/T/jogamp_0000/file_cache/jln16805807920639206/jln3984423057566985543/libnativewindow_macosx.jnilib at 0x000000018e699000
RCX=0x000000012f38a680 is an unknown value
RDX=0x000000012f38ab80 is an unknown value
RSP=0x00007fff50df4528 is pointing into the stack for thread: 0x00007ffd09961800
RBP=0x00007fff50df45e0 is pointing into the stack for thread: 0x00007ffd09961800
RSI=0x00007fff8d22240f is an unknown value
RDI=0x00007ffd0e814830 is an unknown value
R8 =0x0000000000000000 is an unknown value
R9 =0x0000000000000f50 is an unknown value
R10=0x00007fff8d22240f is an unknown value
R11=0x0000000000000000 is an unknown value
R12=0x0000000000000000 is an unknown value
R13={method} {0x00000001932e3380} 'UnsetJAWTRootSurfaceLayer0' '(JJ)V' in 'jogamp/nativewindow/jawt/macosx/MacOSXJAWTWindow'
R14=0x000000018e6a0440: Java_jogamp_nativewindow_macosx_OSXUtil_GetScreenRefreshRate0+0x1ce0 in /private/var/folders/hh/z31jgv_d7szdfpdjxj5nl_v00000gn/T/jogamp_0000/file_cache/jln16805807920639206/jln3984423057566985543/libnativewindow_macosx.jnilib at 0x000000018e699000
R15=0x00007ffd09961800 is a thread


Stack: [0x00007fff505f9000,0x00007fff50df9000],  sp=0x00007fff50df4528,  free space=8173k
Native frames: (J=compiled Java code, j=interpreted, Vv=VM code, C=native code)
C  [libobjc.A.dylib+0x10dd]  objc_msgSend+0x1d
j  jogamp.nativewindow.jawt.macosx.MacOSXJAWTWindow.UnsetJAWTRootSurfaceLayer0(JJ)V+0
j  jogamp.nativewindow.jawt.macosx.MacOSXJAWTWindow.access$200(JJ)V+2
j  jogamp.nativewindow.jawt.macosx.MacOSXJAWTWindow$1.run()V+38
j  com.jogamp.common.util.RunnableTask.run()V+24
v  ~StubRoutines::call_stub
V  [libjvm.dylib+0x2eab0e]  JavaCalls::call_helper(JavaValue*, methodHandle*, JavaCallArguments*, Thread*)+0x6ae
V  [libjvm.dylib+0x321bb7]  jni_invoke_nonstatic(JNIEnv_*, JavaValue*, _jobject*, JNICallType, _jmethodID*, JNI_ArgumentPusher*, Thread*)+0x2ec
V  [libjvm.dylib+0x31438b]  jni_CallVoidMethod+0x16b
C  [libnativewindow_macosx.jnilib+0x5326]  Java_jogamp_nativewindow_jawt_macosx_MacOSXJAWTWindow_UnsetJAWTRootSurfaceLayer0+0x2b6
C  [Foundation+0x92dd0]  __NSThreadPerformPerform+0x125
C  [CoreFoundation+0x80a01]  __CFRUNLOOP_IS_CALLING_OUT_TO_A_SOURCE0_PERFORM_FUNCTION__+0x11
C  [CoreFoundation+0x72c5c]  __CFRunLoopDoSources0+0x1dc
C  [CoreFoundation+0x721bf]  __CFRunLoopRun+0x39f
C  [CoreFoundation+0x71bd8]  CFRunLoopRunSpecific+0x128
C  [HIToolbox+0x3256f]  RunCurrentEventLoopInMode+0xeb
C  [HIToolbox+0x321ee]  ReceiveNextEventCommon+0xb3
C  [HIToolbox+0x3212b]  _BlockUntilNextEventMatchingListInModeWithFilter+0x47
C  [AppKit+0x918ab]  _DPSNextEvent+0x3d2
C  [AppKit+0x90e58]  -[NSApplication nextEventMatchingMask:untilDate:inMode:dequeue:]+0x15a
C  [libosxapp.dylib+0x23aa]  -[NSApplicationAWT nextEventMatchingMask:untilDate:inMode:dequeue:]+0x7c
C  [AppKit+0x86af3]  -[NSApplication run]+0x252
C  [libosxapp.dylib+0x214d]  +[NSApplicationAWT runAWTLoopWithApp:]+0x9c
C  [libawt_lwawt.dylib+0x44517]  -[AWTStarter starter:]+0x389
C  [Foundation+0x92dd0]  __NSThreadPerformPerform+0x125
C  [CoreFoundation+0x80a01]  __CFRUNLOOP_IS_CALLING_OUT_TO_A_SOURCE0_PERFORM_FUNCTION__+0x11
C  [CoreFoundation+0x72b8d]  __CFRunLoopDoSources0+0x10d
C  [CoreFoundation+0x721bf]  __CFRunLoopRun+0x39f
C  [CoreFoundation+0x71bd8]  CFRunLoopRunSpecific+0x128
C  [java+0x6463]  CreateExecutionEnvironment+0x367
C  [java+0x21ac]  JLI_Launch+0x7a0
C  [java+0x84c0]  main+0x65
C  [java+0x1a04]  start+0x34
C  0x0000000000000007

Java frames: (J=compiled Java code, j=interpreted, Vv=VM code)
j  jogamp.nativewindow.jawt.macosx.MacOSXJAWTWindow.UnsetJAWTRootSurfaceLayer0(JJ)V+0
j  jogamp.nativewindow.jawt.macosx.MacOSXJAWTWindow.access$200(JJ)V+2
j  jogamp.nativewindow.jawt.macosx.MacOSXJAWTWindow$1.run()V+38
j  com.jogamp.common.util.RunnableTask.run()V+24
v  ~StubRoutines::call_stub

---------------  P R O C E S S  ---------------

Java Threads: ( => current thread )
  0x00007ffd09f52800 JavaThread "Thread-7" [_thread_blocked, id=36715, stack(0x0000000196171000,0x0000000196271000)]
  0x00007ffd0b2bf800 JavaThread "AWT-EventQueue-1" [_thread_in_native, id=61735, stack(0x000000018ee3f000,0x000000018ef3f000)]
  0x00007ffd0a008800 JavaThread "DestroyJavaVM" [_thread_blocked, id=4867, stack(0x000000010fea7000,0x000000010ffa7000)]
  0x00007ffd0a079000 JavaThread "AWT-EventQueue-0" [_thread_blocked, id=53767, stack(0x000000012f1fa000,0x000000012f2fa000)]
  0x00007ffd0b0eb800 JavaThread "Java2D Disposer" daemon [_thread_blocked, id=51211, stack(0x000000012ded1000,0x000000012dfd1000)]
  0x00007ffd0b0cb800 JavaThread "Java2D Queue Flusher" daemon [_thread_blocked, id=48651, stack(0x000000012ce4b000,0x000000012cf4b000)]
  0x00007ffd09964000 JavaThread "AWT-Shutdown" [_thread_blocked, id=28179, stack(0x000000012a061000,0x000000012a161000)]
=>0x00007ffd09961800 JavaThread "AWT-AppKit" daemon [_thread_in_native, id=1811, stack(0x00007fff505f9000,0x00007fff50df9000)]
  0x00007ffd0b001000 JavaThread "Service Thread" daemon [_thread_blocked, id=18179, stack(0x00000001285a1000,0x00000001286a1000)]
  0x00007ffd0b006000 JavaThread "C1 CompilerThread2" daemon [_thread_blocked, id=17667, stack(0x000000012849e000,0x000000012859e000)]
  0x00007ffd0b005800 JavaThread "C2 CompilerThread1" daemon [_thread_blocked, id=17155, stack(0x000000012839b000,0x000000012849b000)]
  0x00007ffd0b004000 JavaThread "C2 CompilerThread0" daemon [_thread_blocked, id=16643, stack(0x0000000128298000,0x0000000128398000)]
  0x00007ffd0b000000 JavaThread "Signal Dispatcher" daemon [_thread_blocked, id=13335, stack(0x0000000128195000,0x0000000128295000)]
  0x00007ffd09864800 JavaThread "Finalizer" daemon [_thread_blocked, id=11523, stack(0x0000000126775000,0x0000000126875000)]
  0x00007ffd09863800 JavaThread "Reference Handler" daemon [_thread_blocked, id=11011, stack(0x0000000126672000,0x0000000126772000)]

Other Threads:
  0x00007ffd09861000 VMThread [stack: 0x000000012656f000,0x000000012666f000] [id=10499]
  0x00007ffd0a809000 WatcherThread [stack: 0x00000001286a4000,0x00000001287a4000] [id=18691]

VM state:not at safepoint (normal execution)

VM Mutex/Monitor currently owned by a thread: None

Heap:
 PSYoungGen      total 76800K, used 46404K [0x0000000795580000, 0x000000079ae00000, 0x00000007c0000000)
  eden space 71168K, 64% used [0x0000000795580000,0x00000007982a1010,0x0000000799b00000)
  from space 5632K, 3% used [0x000000079a880000,0x000000079a8b0000,0x000000079ae00000)
  to   space 9728K, 0% used [0x0000000799b00000,0x0000000799b00000,0x000000079a480000)
 ParOldGen       total 57344K, used 16819K [0x0000000740000000, 0x0000000743800000, 0x0000000795580000)
  object space 57344K, 29% used [0x0000000740000000,0x000000074106cd98,0x0000000743800000)
 Metaspace       used 24104K, capacity 24369K, committed 24832K, reserved 1071104K
  class space    used 2361K, capacity 2451K, committed 2560K, reserved 1048576K

Card table byte_map: [0x000000011fbc0000,0x000000011ffc1000] byte_map_base: 0x000000011c1c0000

Marking Bits: (ParMarkBitMap*) 0x000000010f7e4e20
 Begin Bits: [0x0000000120678000, 0x0000000122678000)
 End Bits:   [0x0000000122678000, 0x0000000124678000)

Polling page: 0x000000010ffec000

CodeCache: size=245760Kb used=10453Kb max_used=12216Kb free=235306Kb
 bounds [0x0000000110800000, 0x0000000111400000, 0x000000011f800000]
 total_blobs=3837 nmethods=2919 adapters=831
 compilation: enabled

Compilation events (10 events):
Event: 233.747 Thread 0x00007ffd0b004000 3411       4       sun.java2d.SurfaceData::pixelFor (13 bytes)
Event: 233.748 Thread 0x00007ffd0b004000 nmethod 3411 0x0000000110ab6f50 code [0x0000000110ab70a0, 0x0000000110ab7198]
Event: 233.751 Thread 0x00007ffd0b005800 3412       4       sun.java2d.SunGraphics2D::translate (68 bytes)
Event: 233.756 Thread 0x00007ffd0b005800 nmethod 3412 0x0000000110e4fa90 code [0x0000000110e4fc20, 0x0000000110e4fec8]
Event: 233.779 Thread 0x00007ffd0b006000 3413       1       sun.java2d.SurfaceData::isValid (5 bytes)
Event: 233.779 Thread 0x00007ffd0b006000 nmethod 3413 0x0000000110e2c2d0 code [0x0000000110e2c420, 0x0000000110e2c530]
Event: 233.780 Thread 0x00007ffd0b006000 3414       3       java.util.HashMap::put (13 bytes)
Event: 233.781 Thread 0x00007ffd0b006000 nmethod 3414 0x0000000110964410 code [0x00000001109645a0, 0x0000000110964958]
Event: 233.790 Thread 0x00007ffd0b006000 3415       3       sun.java2d.pipe.RenderBuffer::putFloat (26 bytes)
Event: 233.790 Thread 0x00007ffd0b006000 nmethod 3415 0x0000000110bba990 code [0x0000000110bbab00, 0x0000000110bbac90]

GC Heap History (10 events):
Event: 184.677 GC heap before
{Heap before GC invocations=19 (full 1):
 PSYoungGen      total 87040K, used 87021K [0x0000000795580000, 0x000000079c000000, 0x00000007c0000000)
  eden space 81920K, 100% used [0x0000000795580000,0x000000079a580000,0x000000079a580000)
  from space 5120K, 99% used [0x000000079b400000,0x000000079b8fb490,0x000000079b900000)
  to   space 7168K, 0% used [0x000000079b900000,0x000000079b900000,0x000000079c000000)
 ParOldGen       total 57344K, used 11716K [0x0000000740000000, 0x0000000743800000, 0x0000000795580000)
  object space 57344K, 20% used [0x0000000740000000,0x0000000740b712f8,0x0000000743800000)
 Metaspace       used 24068K, capacity 24369K, committed 24832K, reserved 1071104K
  class space    used 2353K, capacity 2451K, committed 2560K, reserved 1048576K
Event: 184.680 GC heap after
Heap after GC invocations=19 (full 1):
 PSYoungGen      total 84480K, used 5117K [0x0000000795580000, 0x000000079be00000, 0x00000007c0000000)
  eden space 79360K, 0% used [0x0000000795580000,0x0000000795580000,0x000000079a300000)
  from space 5120K, 99% used [0x000000079b900000,0x000000079bdff4c0,0x000000079be00000)
  to   space 8192K, 0% used [0x000000079ae00000,0x000000079ae00000,0x000000079b600000)
 ParOldGen       total 57344K, used 11716K [0x0000000740000000, 0x0000000743800000, 0x0000000795580000)
  object space 57344K, 20% used [0x0000000740000000,0x0000000740b712f8,0x0000000743800000)
 Metaspace       used 24068K, capacity 24369K, committed 24832K, reserved 1071104K
  class space    used 2353K, capacity 2451K, committed 2560K, reserved 1048576K
}
Event: 195.378 GC heap before
{Heap before GC invocations=20 (full 1):
 PSYoungGen      total 84480K, used 84477K [0x0000000795580000, 0x000000079be00000, 0x00000007c0000000)
  eden space 79360K, 100% used [0x0000000795580000,0x000000079a300000,0x000000079a300000)
  from space 5120K, 99% used [0x000000079b900000,0x000000079bdff4c0,0x000000079be00000)
  to   space 8192K, 0% used [0x000000079ae00000,0x000000079ae00000,0x000000079b600000)
 ParOldGen       total 57344K, used 11716K [0x0000000740000000, 0x0000000743800000, 0x0000000795580000)
  object space 57344K, 20% used [0x0000000740000000,0x0000000740b712f8,0x0000000743800000)
 Metaspace       used 24069K, capacity 24369K, committed 24832K, reserved 1071104K
  class space    used 2353K, capacity 2451K, committed 2560K, reserved 1048576K
Event: 195.385 GC heap after
Heap after GC invocations=20 (full 1):
 PSYoungGen      total 77824K, used 320K [0x0000000795580000, 0x000000079b980000, 0x00000007c0000000)
  eden space 77312K, 0% used [0x0000000795580000,0x0000000795580000,0x000000079a100000)
  from space 512K, 62% used [0x000000079ae00000,0x000000079ae50000,0x000000079ae80000)
  to   space 8704K, 0% used [0x000000079b100000,0x000000079b100000,0x000000079b980000)
 ParOldGen       total 57344K, used 16585K [0x0000000740000000, 0x0000000743800000, 0x0000000795580000)
  object space 57344K, 28% used [0x0000000740000000,0x00000007410324f8,0x0000000743800000)
 Metaspace       used 24069K, capacity 24369K, committed 24832K, reserved 1071104K
  class space    used 2353K, capacity 2451K, committed 2560K, reserved 1048576K
}
Event: 205.367 GC heap before
{Heap before GC invocations=21 (full 1):
 PSYoungGen      total 77824K, used 77632K [0x0000000795580000, 0x000000079b980000, 0x00000007c0000000)
  eden space 77312K, 100% used [0x0000000795580000,0x000000079a100000,0x000000079a100000)
  from space 512K, 62% used [0x000000079ae00000,0x000000079ae50000,0x000000079ae80000)
  to   space 8704K, 0% used [0x000000079b100000,0x000000079b100000,0x000000079b980000)
 ParOldGen       total 57344K, used 16585K [0x0000000740000000, 0x0000000743800000, 0x0000000795580000)
  object space 57344K, 28% used [0x0000000740000000,0x00000007410324f8,0x0000000743800000)
 Metaspace       used 24069K, capacity 24369K, committed 24832K, reserved 1071104K
  class space    used 2353K, capacity 2451K, committed 2560K, reserved 1048576K
Event: 205.371 GC heap after
Heap after GC invocations=21 (full 1):
 PSYoungGen      total 75776K, used 224K [0x0000000795580000, 0x000000079b180000, 0x00000007c0000000)
  eden space 75264K, 0% used [0x0000000795580000,0x0000000795580000,0x0000000799f00000)
  from space 512K, 43% used [0x000000079b100000,0x000000079b138000,0x000000079b180000)
  to   space 9216K, 0% used [0x0000000799f80000,0x0000000799f80000,0x000000079a880000)
 ParOldGen       total 57344K, used 16715K [0x0000000740000000, 0x0000000743800000, 0x0000000795580000)
  object space 57344K, 29% used [0x0000000740000000,0x0000000741052d98,0x0000000743800000)
 Metaspace       used 24069K, capacity 24369K, committed 24832K, reserved 1071104K
  class space    used 2353K, capacity 2451K, committed 2560K, reserved 1048576K
}
Event: 216.437 GC heap before
{Heap before GC invocations=22 (full 1):
 PSYoungGen      total 75776K, used 75488K [0x0000000795580000, 0x000000079b180000, 0x00000007c0000000)
  eden space 75264K, 100% used [0x0000000795580000,0x0000000799f00000,0x0000000799f00000)
  from space 512K, 43% used [0x000000079b100000,0x000000079b138000,0x000000079b180000)
  to   space 9216K, 0% used [0x0000000799f80000,0x0000000799f80000,0x000000079a880000)
 ParOldGen       total 57344K, used 16715K [0x0000000740000000, 0x0000000743800000, 0x0000000795580000)
  object space 57344K, 29% used [0x0000000740000000,0x0000000741052d98,0x0000000743800000)
 Metaspace       used 24069K, capacity 24369K, committed 24832K, reserved 1071104K
  class space    used 2353K, capacity 2451K, committed 2560K, reserved 1048576K
Event: 216.440 GC heap after
Heap after GC invocations=22 (full 1):
 PSYoungGen      total 82432K, used 192K [0x0000000795580000, 0x000000079b180000, 0x00000007c0000000)
  eden space 73216K, 0% used [0x0000000795580000,0x0000000795580000,0x0000000799d00000)
  from space 9216K, 2% used [0x0000000799f80000,0x0000000799fb0000,0x000000079a880000)
  to   space 9216K, 0% used [0x000000079a880000,0x000000079a880000,0x000000079b180000)
 ParOldGen       total 57344K, used 16763K [0x0000000740000000, 0x0000000743800000, 0x0000000795580000)
  object space 57344K, 29% used [0x0000000740000000,0x000000074105ed98,0x0000000743800000)
 Metaspace       used 24069K, capacity 24369K, committed 24832K, reserved 1071104K
  class space    used 2353K, capacity 2451K, committed 2560K, reserved 1048576K
}
Event: 227.344 GC heap before
{Heap before GC invocations=23 (full 1):
 PSYoungGen      total 82432K, used 73408K [0x0000000795580000, 0x000000079b180000, 0x00000007c0000000)
  eden space 73216K, 100% used [0x0000000795580000,0x0000000799d00000,0x0000000799d00000)
  from space 9216K, 2% used [0x0000000799f80000,0x0000000799fb0000,0x000000079a880000)
  to   space 9216K, 0% used [0x000000079a880000,0x000000079a880000,0x000000079b180000)
 ParOldGen       total 57344K, used 16763K [0x0000000740000000, 0x0000000743800000, 0x0000000795580000)
  object space 57344K, 29% used [0x0000000740000000,0x000000074105ed98,0x0000000743800000)
 Metaspace       used 24069K, capacity 24369K, committed 24832K, reserved 1071104K
  class space    used 2353K, capacity 2451K, committed 2560K, reserved 1048576K
Event: 227.345 GC heap after
Heap after GC invocations=23 (full 1):
 PSYoungGen      total 76800K, used 192K [0x0000000795580000, 0x000000079ae00000, 0x00000007c0000000)
  eden space 71168K, 0% used [0x0000000795580000,0x0000000795580000,0x0000000799b00000)
  from space 5632K, 3% used [0x000000079a880000,0x000000079a8b0000,0x000000079ae00000)
  to   space 9728K, 0% used [0x0000000799b00000,0x0000000799b00000,0x000000079a480000)
 ParOldGen       total 57344K, used 16819K [0x0000000740000000, 0x0000000743800000, 0x0000000795580000)
  object space 57344K, 29% used [0x0000000740000000,0x000000074106cd98,0x0000000743800000)
 Metaspace       used 24069K, capacity 24369K, committed 24832K, reserved 1071104K
  class space    used 2353K, capacity 2451K, committed 2560K, reserved 1048576K
}

Deoptimization events (10 events):
Event: 233.777 Thread 0x00007ffd09a1a800 Uncommon trap: reason=unstable_if action=reinterpret pc=0x0000000110c84114 method=java.util.HashMap.putVal(ILjava/lang/Object;Ljava/lang/Object;ZZ)Ljava/lang/Object; @ 81
Event: 233.778 Thread 0x00007ffd09a1a800 Uncommon trap: reason=unstable_if action=reinterpret pc=0x0000000110c7ba18 method=java.util.HashMap.putVal(ILjava/lang/Object;Ljava/lang/Object;ZZ)Ljava/lang/Object; @ 81
Event: 233.778 Thread 0x00007ffd0a079000 Uncommon trap: reason=class_check action=maybe_recompile pc=0x0000000110bac80c method=java.awt.Component.getGraphics()Ljava/awt/Graphics; @ 114
Event: 233.781 Thread 0x00007ffd09961800 Uncommon trap: reason=class_check action=maybe_recompile pc=0x000000011091b0c0 method=com.jogamp.common.util.RunnableTask.run()V @ 24
Event: 233.782 Thread 0x00007ffd09961800 Uncommon trap: reason=unstable_if action=reinterpret pc=0x0000000110c4a5fc method=jogamp.nativewindow.macosx.OSXUtil.RunOnMainThread(ZZLjava/lang/Runnable;)V @ 3
Event: 233.787 Thread 0x00007ffd0b2bf800 Uncommon trap: reason=unstable_if action=reinterpret pc=0x0000000110c2e13c method=jogamp.opengl.GLContextImpl.release(Z)V @ 161
Event: 233.789 Thread 0x00007ffd0b2bf800 Uncommon trap: reason=unstable_if action=reinterpret pc=0x00000001108ff9d8 method=java.util.LinkedList$ListItr.<init>(Ljava/util/LinkedList;I)V @ 26
Event: 233.789 Thread 0x00007ffd0b2bf800 Uncommon trap: reason=unstable_if action=reinterpret pc=0x00000001112366f0 method=java.security.AccessControlContext.optimize()Ljava/security/AccessControlContext; @ 233
Event: 233.791 Thread 0x00007ffd09f52800 Uncommon trap: reason=predicate action=maybe_recompile pc=0x000000011123bf64 method=java.util.Vector.indexOf(Ljava/lang/Object;I)I @ 44
Event: 233.797 Thread 0x00007ffd09961800 Uncommon trap: reason=class_check action=maybe_recompile pc=0x000000011091b0c0 method=com.jogamp.common.util.RunnableTask.run()V @ 24

Internal exceptions (10 events):
Event: 0.138 Thread 0x00007ffd0a008800 Exception <a 'java/lang/NoSuchFieldError': method resolution failed> (0x000000079582a520) thrown at [/Users/java_re/workspace/8-2-build-macosx-x86_64/jdk8u60/4407/hotspot/src/share/vm/prims/methodHandles.cpp, line 1146]
Event: 0.141 Thread 0x00007ffd0a008800 Exception <a 'java/lang/NoSuchFieldError': method resolution failed> (0x0000000795837cf0) thrown at [/Users/java_re/workspace/8-2-build-macosx-x86_64/jdk8u60/4407/hotspot/src/share/vm/prims/methodHandles.cpp, line 1146]
Event: 0.297 Thread 0x00007ffd0a008800 Exception <a 'java/io/FileNotFoundException'> (0x00000007958b3e80) thrown at [/Users/java_re/workspace/8-2-build-macosx-x86_64/jdk8u60/4407/hotspot/src/share/vm/prims/jni.cpp, line 709]
Event: 0.297 Thread 0x00007ffd0a008800 Exception <a 'java/io/FileNotFoundException'> (0x00000007958b49e8) thrown at [/Users/java_re/workspace/8-2-build-macosx-x86_64/jdk8u60/4407/hotspot/src/share/vm/prims/jni.cpp, line 709]
Event: 0.380 Thread 0x00007ffd0a008800 Exception <a 'java/io/FileNotFoundException'> (0x00000007959ef9d0) thrown at [/Users/java_re/workspace/8-2-build-macosx-x86_64/jdk8u60/4407/hotspot/src/share/vm/prims/jni.cpp, line 709]
Event: 1.819 Thread 0x00007ffd09b4e800 Exception <a 'java/lang/UnsatisfiedLinkError': com.jogamp.common.util.JarUtil.fixNativeLibAttribs(Ljava/lang/String;)Z> (0x0000000796c8a5b8) thrown at [/Users/java_re/workspace/8-2-build-macosx-x86_64/jdk8u60/4407/hotspot/src/share/vm/prims/nativeLookup.c
Event: 2.055 Thread 0x00007ffd09864800 Exception <a 'java/lang/NullPointerException'> (0x00000007956a2d88) thrown at [/Users/java_re/workspace/8-2-build-macosx-x86_64/jdk8u60/4407/hotspot/src/share/vm/interpreter/linkResolver.cpp, line 1178]
Event: 2.551 Thread 0x00007ffd0b2bf800 Exception <a 'java/io/FileNotFoundException'> (0x0000000795f494f0) thrown at [/Users/java_re/workspace/8-2-build-macosx-x86_64/jdk8u60/4407/hotspot/src/share/vm/prims/jni.cpp, line 709]
Event: 2.551 Thread 0x00007ffd0b2bf800 Exception <a 'java/io/FileNotFoundException'> (0x0000000795f4f558) thrown at [/Users/java_re/workspace/8-2-build-macosx-x86_64/jdk8u60/4407/hotspot/src/share/vm/prims/jni.cpp, line 709]
Event: 2.552 Thread 0x00007ffd0b2bf800 Implicit null exception at 0x000000011099c735 to 0x000000011099ca99

Events (10 events):
Event: 233.791 Thread 0x00007ffd09a1a800 Thread exited: 0x00007ffd09a1a800
Event: 233.791 Thread 0x00007ffd0b006000 flushing nmethod 0x0000000110c219d0
Event: 233.791 Thread 0x00007ffd09f52800 Uncommon trap: trap_request=0xffffff86 fr.pc=0x000000011123bf64
Event: 233.791 Thread 0x00007ffd09f52800 DEOPT PACKING pc=0x000000011123bf64 sp=0x00000001962707f0
Event: 233.791 Thread 0x00007ffd09f52800 DEOPT UNPACKING pc=0x0000000110805229 sp=0x00000001962707a0 mode 2
Event: 233.791 loading class java/awt/Window$1DisposeAction
Event: 233.791 loading class java/awt/Window$1DisposeAction done
Event: 233.797 Thread 0x00007ffd09961800 Uncommon trap: trap_request=0xffffffde fr.pc=0x000000011091b0c0
Event: 233.797 Thread 0x00007ffd09961800 DEOPT PACKING pc=0x000000011091b0c0 sp=0x00007fff50df47a0
Event: 233.797 Thread 0x00007ffd09961800 DEOPT UNPACKING pc=0x0000000110805229 sp=0x00007fff50df4748 mode 2


Dynamic libraries:
0x0000000001464000 	/System/Library/Frameworks/Cocoa.framework/Versions/A/Cocoa
0x0000000001464000 	/System/Library/Frameworks/Security.framework/Versions/A/Security
0x0000000001464000 	/System/Library/Frameworks/ApplicationServices.framework/Versions/A/ApplicationServices
0x0000000001464000 	/usr/lib/libz.1.dylib
0x0000000001464000 	/usr/lib/libSystem.B.dylib
0x0000000001464000 	/usr/lib/libobjc.A.dylib
0x0000000001464000 	/System/Library/Frameworks/CoreFoundation.framework/Versions/A/CoreFoundation
0x0000000001464000 	/System/Library/Frameworks/Foundation.framework/Versions/C/Foundation
0x0000000001464000 	/System/Library/Frameworks/AppKit.framework/Versions/C/AppKit
0x0000000001464000 	/System/Library/Frameworks/CoreData.framework/Versions/A/CoreData
0x0000000001464000 	/System/Library/PrivateFrameworks/RemoteViewServices.framework/Versions/A/RemoteViewServices
0x0000000001464000 	/System/Library/PrivateFrameworks/UIFoundation.framework/Versions/A/UIFoundation
0x0000000001464000 	/System/Library/Frameworks/IOSurface.framework/Versions/A/IOSurface
0x0000000001464000 	/System/Library/Frameworks/AudioToolbox.framework/Versions/A/AudioToolbox
0x0000000001464000 	/System/Library/Frameworks/AudioUnit.framework/Versions/A/AudioUnit
0x0000000001464000 	/System/Library/PrivateFrameworks/DataDetectorsCore.framework/Versions/A/DataDetectorsCore
0x0000000001464000 	/System/Library/PrivateFrameworks/DesktopServicesPriv.framework/Versions/A/DesktopServicesPriv
0x0000000001464000 	/System/Library/Frameworks/Carbon.framework/Versions/A/Frameworks/HIToolbox.framework/Versions/A/HIToolbox
0x0000000001464000 	/System/Library/Frameworks/QuartzCore.framework/Versions/A/QuartzCore
0x0000000001464000 	/System/Library/Frameworks/Carbon.framework/Versions/A/Frameworks/SpeechRecognition.framework/Versions/A/SpeechRecognition
0x0000000001464000 	/usr/lib/libauto.dylib
0x0000000001464000 	/usr/lib/libicucore.A.dylib
0x0000000001464000 	/usr/lib/libxml2.2.dylib
0x0000000001464000 	/System/Library/PrivateFrameworks/CoreUI.framework/Versions/A/CoreUI
0x0000000001464000 	/System/Library/Frameworks/CoreAudio.framework/Versions/A/CoreAudio
0x0000000001464000 	/System/Library/Frameworks/DiskArbitration.framework/Versions/A/DiskArbitration
0x0000000001464000 	/usr/lib/liblangid.dylib
0x0000000001464000 	/System/Library/PrivateFrameworks/MultitouchSupport.framework/Versions/A/MultitouchSupport
0x0000000001464000 	/System/Library/Frameworks/IOKit.framework/Versions/A/IOKit
0x0000000001464000 	/usr/lib/libDiagnosticMessagesClient.dylib
0x0000000001464000 	/System/Library/Frameworks/CoreServices.framework/Versions/A/CoreServices
0x0000000001464000 	/System/Library/PrivateFrameworks/PerformanceAnalysis.framework/Versions/A/PerformanceAnalysis
0x0000000001464000 	/System/Library/PrivateFrameworks/GenerationalStorage.framework/Versions/A/GenerationalStorage
0x0000000001464000 	/System/Library/Frameworks/OpenGL.framework/Versions/A/OpenGL
0x0000000001464000 	/System/Library/PrivateFrameworks/Sharing.framework/Versions/A/Sharing
0x0000000001464000 	/System/Library/Frameworks/CoreGraphics.framework/Versions/A/CoreGraphics
0x0000000001464000 	/System/Library/Frameworks/CoreText.framework/Versions/A/CoreText
0x0000000001464000 	/System/Library/Frameworks/ImageIO.framework/Versions/A/ImageIO
0x0000000001464000 	/usr/lib/libextension.dylib
0x0000000001464000 	/System/Library/PrivateFrameworks/Backup.framework/Versions/A/Backup
0x0000000001464000 	/usr/lib/libarchive.2.dylib
0x0000000001464000 	/System/Library/Frameworks/CFNetwork.framework/Versions/A/CFNetwork
0x0000000001464000 	/System/Library/Frameworks/SystemConfiguration.framework/Versions/A/SystemConfiguration
0x0000000001464000 	/usr/lib/libCRFSuite.dylib
0x0000000001464000 	/usr/lib/libc++.1.dylib
0x0000000001464000 	/usr/lib/libc++abi.dylib
0x0000000001464000 	/usr/lib/system/libcache.dylib
0x0000000001464000 	/usr/lib/system/libcommonCrypto.dylib
0x0000000001464000 	/usr/lib/system/libcompiler_rt.dylib
0x0000000001464000 	/usr/lib/system/libcopyfile.dylib
0x0000000001464000 	/usr/lib/system/libcorecrypto.dylib
0x0000000001464000 	/usr/lib/system/libdispatch.dylib
0x0000000001464000 	/usr/lib/system/libdyld.dylib
0x0000000001464000 	/usr/lib/system/libkeymgr.dylib
0x0000000001464000 	/usr/lib/system/liblaunch.dylib
0x0000000001464000 	/usr/lib/system/libmacho.dylib
0x0000000001464000 	/usr/lib/system/libquarantine.dylib
0x0000000001464000 	/usr/lib/system/libremovefile.dylib
0x0000000001464000 	/usr/lib/system/libsystem_asl.dylib
0x0000000001464000 	/usr/lib/system/libsystem_blocks.dylib
0x0000000001464000 	/usr/lib/system/libsystem_c.dylib
0x0000000001464000 	/usr/lib/system/libsystem_configuration.dylib
0x0000000001464000 	/usr/lib/system/libsystem_coreservices.dylib
0x0000000001464000 	/usr/lib/system/libsystem_coretls.dylib
0x0000000001464000 	/usr/lib/system/libsystem_dnssd.dylib
0x0000000001464000 	/usr/lib/system/libsystem_info.dylib
0x0000000001464000 	/usr/lib/system/libsystem_kernel.dylib
0x0000000001464000 	/usr/lib/system/libsystem_m.dylib
0x0000000001464000 	/usr/lib/system/libsystem_malloc.dylib
0x0000000001464000 	/usr/lib/system/libsystem_network.dylib
0x0000000001464000 	/usr/lib/system/libsystem_networkextension.dylib
0x0000000001464000 	/usr/lib/system/libsystem_notify.dylib
0x0000000001464000 	/usr/lib/system/libsystem_platform.dylib
0x0000000001464000 	/usr/lib/system/libsystem_pthread.dylib
0x0000000001464000 	/usr/lib/system/libsystem_sandbox.dylib
0x0000000001464000 	/usr/lib/system/libsystem_secinit.dylib
0x0000000001464000 	/usr/lib/system/libsystem_stats.dylib
0x0000000001464000 	/usr/lib/system/libsystem_trace.dylib
0x0000000001464000 	/usr/lib/system/libunc.dylib
0x0000000001464000 	/usr/lib/system/libunwind.dylib
0x0000000001464000 	/usr/lib/system/libxpc.dylib
0x0000000001464000 	/usr/lib/libbz2.1.0.dylib
0x0000000001464000 	/usr/lib/liblzma.5.dylib
0x0000000001464000 	/usr/lib/libbsm.0.dylib
0x0000000001464000 	/usr/lib/libsqlite3.dylib
0x0000000001464000 	/usr/lib/system/libkxld.dylib
0x0000000001464000 	/usr/lib/libxar.1.dylib
0x0000000001464000 	/usr/lib/libpam.2.dylib
0x0000000001464000 	/usr/lib/libOpenScriptingUtil.dylib
0x0000000001464000 	/System/Library/Frameworks/CoreServices.framework/Versions/A/Frameworks/FSEvents.framework/Versions/A/FSEvents
0x0000000001464000 	/System/Library/Frameworks/CoreServices.framework/Versions/A/Frameworks/CarbonCore.framework/Versions/A/CarbonCore
0x0000000001464000 	/System/Library/Frameworks/CoreServices.framework/Versions/A/Frameworks/Metadata.framework/Versions/A/Metadata
0x0000000001464000 	/System/Library/Frameworks/CoreServices.framework/Versions/A/Frameworks/OSServices.framework/Versions/A/OSServices
0x0000000001464000 	/System/Library/Frameworks/CoreServices.framework/Versions/A/Frameworks/SearchKit.framework/Versions/A/SearchKit
0x0000000001464000 	/System/Library/Frameworks/CoreServices.framework/Versions/A/Frameworks/AE.framework/Versions/A/AE
0x0000000001464000 	/System/Library/Frameworks/CoreServices.framework/Versions/A/Frameworks/LaunchServices.framework/Versions/A/LaunchServices
0x0000000001464000 	/System/Library/Frameworks/CoreServices.framework/Versions/A/Frameworks/DictionaryServices.framework/Versions/A/DictionaryServices
0x0000000001464000 	/System/Library/Frameworks/NetFS.framework/Versions/A/NetFS
0x0000000001464000 	/System/Library/PrivateFrameworks/NetAuth.framework/Versions/A/NetAuth
0x0000000001464000 	/System/Library/PrivateFrameworks/login.framework/Versions/A/Frameworks/loginsupport.framework/Versions/A/loginsupport
0x0000000001464000 	/System/Library/PrivateFrameworks/TCC.framework/Versions/A/TCC
0x0000000001464000 	/usr/lib/libmecabra.dylib
0x0000000001464000 	/System/Library/Frameworks/ApplicationServices.framework/Versions/A/Frameworks/ATS.framework/Versions/A/ATS
0x0000000001464000 	/System/Library/Frameworks/ApplicationServices.framework/Versions/A/Frameworks/ColorSync.framework/Versions/A/ColorSync
0x0000000001464000 	/System/Library/Frameworks/ApplicationServices.framework/Versions/A/Frameworks/HIServices.framework/Versions/A/HIServices
0x0000000001464000 	/System/Library/Frameworks/ApplicationServices.framework/Versions/A/Frameworks/LangAnalysis.framework/Versions/A/LangAnalysis
0x0000000001464000 	/System/Library/Frameworks/ApplicationServices.framework/Versions/A/Frameworks/PrintCore.framework/Versions/A/PrintCore
0x0000000001464000 	/System/Library/Frameworks/ApplicationServices.framework/Versions/A/Frameworks/QD.framework/Versions/A/QD
0x0000000001464000 	/System/Library/Frameworks/ApplicationServices.framework/Versions/A/Frameworks/SpeechSynthesis.framework/Versions/A/SpeechSynthesis
0x0000000001464000 	/System/Library/Frameworks/Accelerate.framework/Versions/A/Accelerate
0x0000000001464000 	/System/Library/Frameworks/Accelerate.framework/Versions/A/Frameworks/vImage.framework/Versions/A/vImage
0x0000000001464000 	/System/Library/Frameworks/Accelerate.framework/Versions/A/Frameworks/vecLib.framework/Versions/A/vecLib
0x0000000001464000 	/System/Library/Frameworks/Accelerate.framework/Versions/A/Frameworks/vecLib.framework/Versions/A/libvDSP.dylib
0x0000000001464000 	/System/Library/Frameworks/Accelerate.framework/Versions/A/Frameworks/vecLib.framework/Versions/A/libvMisc.dylib
0x0000000001464000 	/System/Library/Frameworks/Accelerate.framework/Versions/A/Frameworks/vecLib.framework/Versions/A/libLAPACK.dylib
0x0000000001464000 	/System/Library/Frameworks/Accelerate.framework/Versions/A/Frameworks/vecLib.framework/Versions/A/libBLAS.dylib
0x0000000001464000 	/System/Library/Frameworks/Accelerate.framework/Versions/A/Frameworks/vecLib.framework/Versions/A/libLinearAlgebra.dylib
0x0000000001464000 	/System/Library/Frameworks/ApplicationServices.framework/Versions/A/Frameworks/ATS.framework/Versions/A/Resources/libFontParser.dylib
0x0000000001464000 	/System/Library/Frameworks/ApplicationServices.framework/Versions/A/Frameworks/ATS.framework/Versions/A/Resources/libFontRegistry.dylib
0x0000000001464000 	/System/Library/PrivateFrameworks/AppleVPA.framework/Versions/A/AppleVPA
0x0000000001464000 	/System/Library/PrivateFrameworks/AppleJPEG.framework/Versions/A/AppleJPEG
0x0000000001464000 	/System/Library/Frameworks/ImageIO.framework/Versions/A/Resources/libJPEG.dylib
0x0000000001464000 	/System/Library/Frameworks/ImageIO.framework/Versions/A/Resources/libTIFF.dylib
0x0000000001464000 	/System/Library/Frameworks/ImageIO.framework/Versions/A/Resources/libPng.dylib
0x0000000001464000 	/System/Library/Frameworks/ImageIO.framework/Versions/A/Resources/libGIF.dylib
0x0000000001464000 	/System/Library/Frameworks/ImageIO.framework/Versions/A/Resources/libJP2.dylib
0x0000000001464000 	/System/Library/Frameworks/ImageIO.framework/Versions/A/Resources/libRadiance.dylib
0x0000000001464000 	/System/Library/Frameworks/CoreVideo.framework/Versions/A/CoreVideo
0x0000000001464000 	/System/Library/Frameworks/OpenGL.framework/Versions/A/Libraries/libGLU.dylib
0x0000000001464000 	/System/Library/Frameworks/OpenGL.framework/Versions/A/Libraries/libGFXShared.dylib
0x0000000001464000 	/System/Library/Frameworks/OpenGL.framework/Versions/A/Libraries/libGL.dylib
0x0000000001464000 	/System/Library/Frameworks/OpenGL.framework/Versions/A/Libraries/libGLImage.dylib
0x0000000001464000 	/System/Library/Frameworks/OpenGL.framework/Versions/A/Libraries/libCVMSPluginSupport.dylib
0x0000000001464000 	/System/Library/Frameworks/OpenGL.framework/Versions/A/Libraries/libCoreVMClient.dylib
0x0000000001464000 	/usr/lib/libcups.2.dylib
0x0000000001464000 	/System/Library/Frameworks/Kerberos.framework/Versions/A/Kerberos
0x0000000001464000 	/System/Library/Frameworks/GSS.framework/Versions/A/GSS
0x0000000001464000 	/usr/lib/libresolv.9.dylib
0x0000000001464000 	/usr/lib/libiconv.2.dylib
0x0000000001464000 	/System/Library/PrivateFrameworks/Heimdal.framework/Versions/A/Heimdal
0x0000000001464000 	/usr/lib/libheimdal-asn1.dylib
0x0000000001464000 	/System/Library/Frameworks/OpenDirectory.framework/Versions/A/OpenDirectory
0x0000000001464000 	/System/Library/PrivateFrameworks/CommonAuth.framework/Versions/A/CommonAuth
0x0000000001464000 	/System/Library/Frameworks/OpenDirectory.framework/Versions/A/Frameworks/CFOpenDirectory.framework/Versions/A/CFOpenDirectory
0x0000000001464000 	/System/Library/Frameworks/SecurityFoundation.framework/Versions/A/SecurityFoundation
0x0000000001464000 	/System/Library/PrivateFrameworks/LanguageModeling.framework/Versions/A/LanguageModeling
0x0000000001464000 	/usr/lib/libcmph.dylib
0x0000000001464000 	/System/Library/Frameworks/ServiceManagement.framework/Versions/A/ServiceManagement
0x0000000001464000 	/usr/lib/libxslt.1.dylib
0x0000000001464000 	/System/Library/Frameworks/Carbon.framework/Versions/A/Frameworks/Ink.framework/Versions/A/Ink
0x0000000001464000 	/System/Library/Frameworks/QuartzCore.framework/Versions/A/Frameworks/CoreImage.framework/Versions/A/CoreImage
0x0000000001464000 	/System/Library/PrivateFrameworks/CrashReporterSupport.framework/Versions/A/CrashReporterSupport
0x0000000001464000 	/System/Library/Frameworks/OpenCL.framework/Versions/A/OpenCL
0x0000000001464000 	/System/Library/PrivateFrameworks/FaceCore.framework/Versions/A/FaceCore
0x0000000001464000 	/System/Library/PrivateFrameworks/Ubiquity.framework/Versions/A/Ubiquity
0x0000000001464000 	/System/Library/PrivateFrameworks/IconServices.framework/Versions/A/IconServices
0x0000000001464000 	/System/Library/PrivateFrameworks/ChunkingLibrary.framework/Versions/A/ChunkingLibrary
0x0000000001464000 	/System/Library/PrivateFrameworks/Apple80211.framework/Versions/A/Apple80211
0x0000000001464000 	/System/Library/Frameworks/CoreWLAN.framework/Versions/A/CoreWLAN
0x0000000001464000 	/System/Library/Frameworks/IOBluetooth.framework/Versions/A/IOBluetooth
0x0000000001464000 	/System/Library/PrivateFrameworks/CoreWiFi.framework/Versions/A/CoreWiFi
0x0000000001464000 	/System/Library/Frameworks/CoreBluetooth.framework/Versions/A/CoreBluetooth
0x0000000001464000 	/System/Library/PrivateFrameworks/DebugSymbols.framework/Versions/A/DebugSymbols
0x0000000001464000 	/System/Library/PrivateFrameworks/CoreSymbolication.framework/Versions/A/CoreSymbolication
0x0000000001464000 	/System/Library/PrivateFrameworks/Symbolication.framework/Versions/A/Symbolication
0x0000000001464000 	/System/Library/PrivateFrameworks/SpeechRecognitionCore.framework/Versions/A/SpeechRecognitionCore
0x000000010ef06000 	/Library/Java/JavaVirtualMachines/jdk1.8.0_60.jdk/Contents/Home/jre/lib/server/libjvm.dylib
0x0000000001464000 	/usr/lib/libstdc++.6.dylib
0x000000010ffa9000 	/Library/Java/JavaVirtualMachines/jdk1.8.0_60.jdk/Contents/Home/jre/lib/libverify.dylib
0x000000010ffb7000 	/Library/Java/JavaVirtualMachines/jdk1.8.0_60.jdk/Contents/Home/jre/lib/libjava.dylib
0x000000010fff6000 	/Library/Java/JavaVirtualMachines/jdk1.8.0_60.jdk/Contents/Home/jre/lib/libzip.dylib
0x0000000126877000 	/System/Library/Frameworks/JavaVM.framework/Frameworks/JavaRuntimeSupport.framework/JavaRuntimeSupport
0x000000012688d000 	/System/Library/Frameworks/JavaVM.framework/Versions/A/Frameworks/JavaNativeFoundation.framework/Versions/A/JavaNativeFoundation
0x00000001268a1000 	/System/Library/Frameworks/JavaVM.framework/Versions/A/JavaVM
0x0000000001464000 	/System/Library/Frameworks/Carbon.framework/Versions/A/Carbon
0x00000001268ad000 	/System/Library/PrivateFrameworks/JavaLaunching.framework/Versions/A/JavaLaunching
0x0000000001464000 	/System/Library/Frameworks/Carbon.framework/Versions/A/Frameworks/CommonPanels.framework/Versions/A/CommonPanels
0x0000000001464000 	/System/Library/Frameworks/Carbon.framework/Versions/A/Frameworks/Help.framework/Versions/A/Help
0x0000000001464000 	/System/Library/Frameworks/Carbon.framework/Versions/A/Frameworks/ImageCapture.framework/Versions/A/ImageCapture
0x0000000001464000 	/System/Library/Frameworks/Carbon.framework/Versions/A/Frameworks/OpenScripting.framework/Versions/A/OpenScripting
0x0000000001464000 	/System/Library/Frameworks/Carbon.framework/Versions/A/Frameworks/Print.framework/Versions/A/Print
0x0000000001464000 	/System/Library/Frameworks/Carbon.framework/Versions/A/Frameworks/SecurityHI.framework/Versions/A/SecurityHI
0x00000001287a8000 	/Library/Java/JavaVirtualMachines/jdk1.8.0_60.jdk/Contents/Home/jre/lib/libawt.dylib
0x0000000128850000 	/Library/Java/JavaVirtualMachines/jdk1.8.0_60.jdk/Contents/Home/jre/lib/./libmlib_image.dylib
0x000000012891c000 	/Library/Java/JavaVirtualMachines/jdk1.8.0_60.jdk/Contents/Home/jre/lib/libawt_lwawt.dylib
0x00000001289d1000 	/Library/Java/JavaVirtualMachines/jdk1.8.0_60.jdk/Contents/Home/jre/lib/./libosxapp.dylib
0x0000000001464000 	/System/Library/Frameworks/ExceptionHandling.framework/Versions/A/ExceptionHandling
0x0000000001464000 	/System/Library/PrivateFrameworks/CoreServicesInternal.framework/Versions/A/CoreServicesInternal
0x0000000001464000 	/System/Library/PrivateFrameworks/CloudDocs.framework/Versions/A/CloudDocs
0x0000000001464000 	/System/Library/PrivateFrameworks/CoreDuet.framework/Versions/A/CoreDuet
0x0000000001464000 	/System/Library/Frameworks/CloudKit.framework/Versions/A/CloudKit
0x0000000001464000 	/System/Library/PrivateFrameworks/ProtocolBuffer.framework/Versions/A/ProtocolBuffer
0x0000000001464000 	/System/Library/PrivateFrameworks/CoreDuetDaemonProtocol.framework/Versions/A/CoreDuetDaemonProtocol
0x0000000001464000 	/System/Library/PrivateFrameworks/CoreDuetDebugLogging.framework/Versions/A/CoreDuetDebugLogging
0x0000000001464000 	/System/Library/PrivateFrameworks/MMCS.framework/Versions/A/MMCS
0x0000000001464000 	/System/Library/Frameworks/CoreLocation.framework/Versions/A/CoreLocation
0x0000000001464000 	/System/Library/PrivateFrameworks/ProtectedCloudStorage.framework/Versions/A/ProtectedCloudStorage
0x0000000001464000 	/System/Library/PrivateFrameworks/GeoServices.framework/Versions/A/GeoServices
0x0000000001464000 	/System/Library/Frameworks/CoreGraphics.framework/Versions/A/Resources/libCGCMS.A.dylib
0x0000000001464000 	/System/Library/Frameworks/CoreGraphics.framework/Versions/A/Resources/libRIP.A.dylib
0x0000000001464000 	/System/Library/Frameworks/CoreGraphics.framework/Versions/A/Resources/libCGXType.A.dylib
0x0000000001464000 	/System/Library/Frameworks/OpenCL.framework/Versions/A/Libraries/libcldcpuengine.dylib
0x0000000001464000 	/System/Library/PrivateFrameworks/DiskImages.framework/Versions/A/DiskImages
0x0000000001464000 	/System/Library/Frameworks/DiscRecording.framework/Versions/A/DiscRecording
0x0000000001464000 	/usr/lib/libcsfde.dylib
0x0000000001464000 	/usr/lib/libcurl.4.dylib
0x0000000001464000 	/System/Library/PrivateFrameworks/MediaKit.framework/Versions/A/MediaKit
0x0000000001464000 	/usr/lib/libCoreStorage.dylib
0x0000000001464000 	/System/Library/PrivateFrameworks/EFILogin.framework/Versions/A/EFILogin
0x0000000001464000 	/usr/lib/libutil.dylib
0x0000000001464000 	/System/Library/PrivateFrameworks/FindMyDevice.framework/Versions/A/FindMyDevice
0x0000000001464000 	/System/Library/Frameworks/LDAP.framework/Versions/A/LDAP
0x0000000001464000 	/usr/lib/libsasl2.2.dylib
0x0000000001464000 	/System/Library/PrivateFrameworks/CoreDaemon.framework/Versions/B/CoreDaemon
0x0000000001464000 	/usr/lib/libcrypto.0.9.8.dylib
0x0000000001464000 	/System/Library/PrivateFrameworks/AppleSRP.framework/Versions/A/AppleSRP
0x0000000001464000 	/System/Library/PrivateFrameworks/TrustEvaluationAgent.framework/Versions/A/TrustEvaluationAgent
0x000000012bba1000 	cl_kernels
0x000000012bba3000 	/System/Library/Frameworks/OpenCL.framework/Versions/A/Libraries/ImageFormats/unorm8_bgra.dylib
0x000000012bb93000 	cl_kernels
0x0000000001464000 	/System/Library/PrivateFrameworks/FamilyControls.framework/Versions/A/FamilyControls
0x0000000001464000 	/System/Library/PrivateFrameworks/CommerceKit.framework/Versions/A/Frameworks/CommerceCore.framework/Versions/A/CommerceCore
0x0000000001464000 	/System/Library/PrivateFrameworks/SystemAdministration.framework/Versions/A/SystemAdministration
0x0000000001464000 	/System/Library/PrivateFrameworks/AppContainer.framework/Versions/A/AppContainer
0x0000000001464000 	/System/Library/PrivateFrameworks/SecCodeWrapper.framework/Versions/A/SecCodeWrapper
0x0000000001464000 	/System/Library/Frameworks/DirectoryService.framework/Versions/A/DirectoryService
0x0000000001464000 	/System/Library/PrivateFrameworks/LoginUIKit.framework/Versions/A/Frameworks/LoginUICore.framework/Versions/A/LoginUICore
0x0000000001464000 	/usr/lib/libodfde.dylib
0x0000000001464000 	/System/Library/Frameworks/OpenGL.framework/Versions/A/Resources/GLEngine.bundle/GLEngine
0x0000000001464000 	/System/Library/Frameworks/OpenGL.framework/Versions/A/Libraries/libGLProgrammability.dylib
0x000000012cf4d000 	/System/Library/Extensions/AppleIntelHD5000GraphicsGLDriver.bundle/Contents/MacOS/AppleIntelHD5000GraphicsGLDriver
0x0000000001464000 	/System/Library/PrivateFrameworks/IOAccelerator.framework/Versions/A/IOAccelerator
0x0000000001464000 	/System/Library/PrivateFrameworks/GPUSupport.framework/Versions/A/Libraries/libGPUSupportMercury.dylib
0x0000000001464000 	/System/Library/Frameworks/OpenGL.framework/Versions/A/Resources/GLRendererFloat.bundle/GLRendererFloat
0x000000012dfd3000 	/Library/Java/JavaVirtualMachines/jdk1.8.0_60.jdk/Contents/Home/jre/lib/libfontmanager.dylib
0x000000012f30c000 	/Library/Java/JavaVirtualMachines/jdk1.8.0_60.jdk/Contents/Home/jre/lib/libosxui.dylib
0x000000012f3e1000 	/Library/Java/JavaVirtualMachines/jdk1.8.0_60.jdk/Contents/Home/jre/lib/libnet.dylib
0x000000012f3f8000 	/Library/Java/JavaVirtualMachines/jdk1.8.0_60.jdk/Contents/Home/jre/lib/libnio.dylib
0x0000000001464000 	/System/Library/Frameworks/ApplicationServices.framework/Versions/A/Frameworks/ATS.framework/Versions/A/Resources/libTrueTypeScaler.dylib
0x000000018e68f000 	/private/var/folders/hh/z31jgv_d7szdfpdjxj5nl_v00000gn/T/jogamp_0000/file_cache/jln16805807920639206/jln3984423057566985543/libgluegen-rt.jnilib
0x000000018e693000 	/private/var/folders/hh/z31jgv_d7szdfpdjxj5nl_v00000gn/T/jogamp_0000/file_cache/jln16805807920639206/jln3984423057566985543/libnativewindow_awt.jnilib
0x000000018e696000 	/Library/Java/JavaVirtualMachines/jdk1.8.0_60.jdk/Contents/Home/jre/lib/libjawt.dylib
0x000000018e699000 	/private/var/folders/hh/z31jgv_d7szdfpdjxj5nl_v00000gn/T/jogamp_0000/file_cache/jln16805807920639206/jln3984423057566985543/libnativewindow_macosx.jnilib
0x0000000193428000 	/private/var/folders/hh/z31jgv_d7szdfpdjxj5nl_v00000gn/T/jogamp_0000/file_cache/jln16805807920639206/jln3984423057566985543/libjogl_desktop.jnilib
0x000000019634e000 	/Library/Java/JavaVirtualMachines/jdk1.8.0_60.jdk/Contents/Home/jre/lib/libsunec.dylib
0x000000019562f000 	/Library/Java/JavaVirtualMachines/jdk1.8.0_60.jdk/Contents/Home/jre/lib/libt2k.dylib

VM Arguments:
jvm_args: -Djava.security.policy=java.policy.applet -Dfile.encoding=UTF-8 
java_command: sun.applet.AppletViewer module5.EarthquakeCityMap1488947901336.html
java_class_path (initial): /Users/chuan1900/coursera-java/UCSDUnfoldingMaps/build:/Users/chuan1900/coursera-java/UCSDUnfoldingMaps/lib/core.jar:/Users/chuan1900/coursera-java/UCSDUnfoldingMaps/lib/gluegen-rt.jar:/Users/chuan1900/coursera-java/UCSDUnfoldingMaps/lib/jogl-all.jar:/Users/chuan1900/coursera-java/UCSDUnfoldingMaps/lib/log4j-1.2.15.jar:/Users/chuan1900/coursera-java/UCSDUnfoldingMaps/lib/sqlite-jdbc-3.7.2.jar:/Users/chuan1900/coursera-java/UCSDUnfoldingMaps/lib/json4processing.jar:/Users/chuan1900/coursera-java/UCSDUnfoldingMaps/lib/libTUIO.jar:/Users/chuan1900/coursera-java/UCSDUnfoldingMaps/lib/unfolding.0.9.7-uscd.jar
Launcher Type: SUN_STANDARD

Environment Variables:
PATH=/usr/bin:/bin:/usr/sbin:/sbin
SHELL=/bin/bash
DISPLAY=/private/tmp/com.apple.launchd.yILEgeE45r/org.macosforge.xquartz:0

Signal Handlers:
SIGSEGV: [libjvm.dylib+0x5a6d31], sa_mask[0]=11111111011111110111111111111111, sa_flags=SA_ONSTACK|SA_RESTART|SA_SIGINFO
SIGBUS: [libjvm.dylib+0x5a6d31], sa_mask[0]=11111111011111110111111111111111, sa_flags=SA_RESTART|SA_SIGINFO
SIGFPE: [libjvm.dylib+0x480a4c], sa_mask[0]=11111111011111110111111111111111, sa_flags=SA_RESTART|SA_SIGINFO
SIGPIPE: [libjvm.dylib+0x480a4c], sa_mask[0]=11111111011111110111111111111111, sa_flags=SA_RESTART|SA_SIGINFO
SIGXFSZ: [libjvm.dylib+0x480a4c], sa_mask[0]=11111111011111110111111111111111, sa_flags=SA_RESTART|SA_SIGINFO
SIGILL: [libjvm.dylib+0x480a4c], sa_mask[0]=11111111011111110111111111111111, sa_flags=SA_RESTART|SA_SIGINFO
SIGUSR1: SIG_DFL, sa_mask[0]=00000000000000000000000000000000, sa_flags=none
SIGUSR2: [libjvm.dylib+0x48056a], sa_mask[0]=00100000000000000000000000000000, sa_flags=SA_RESTART|SA_SIGINFO
SIGHUP: [libjvm.dylib+0x47eb41], sa_mask[0]=11111111011111110111111111111111, sa_flags=SA_RESTART|SA_SIGINFO
SIGINT: [libjvm.dylib+0x47eb41], sa_mask[0]=11111111011111110111111111111111, sa_flags=SA_RESTART|SA_SIGINFO
SIGTERM: [libjvm.dylib+0x47eb41], sa_mask[0]=11111111011111110111111111111111, sa_flags=SA_RESTART|SA_SIGINFO
SIGQUIT: [libjvm.dylib+0x47eb41], sa_mask[0]=11111111011111110111111111111111, sa_flags=SA_RESTART|SA_SIGINFO


---------------  S Y S T E M  ---------------

OS:Bsduname:Darwin 14.5.0 Darwin Kernel Version 14.5.0: Sun Sep 25 22:07:15 PDT 2016; root:xnu-2782.50.9~1/RELEASE_X86_64 x86_64
rlimit: STACK 8192k, CORE 0k, NPROC 709, NOFILE 10240, AS infinity
load average:2.11 2.10 2.23

CPU:total 4 (2 cores per cpu, 2 threads per core) family 6 model 69 stepping 1, cmov, cx8, fxsr, mmx, sse, sse2, sse3, ssse3, sse4.1, sse4.2, popcnt, avx, avx2, aes, clmul, erms, lzcnt, ht, tsc, tscinvbit, bmi1, bmi2

Memory: 4k page, physical 8388608k(286932k free)

/proc/meminfo:


vm_info: Java HotSpot(TM) 64-Bit Server VM (25.60-b23) for bsd-amd64 JRE (1.8.0_60-b27), built on Aug  4 2015 10:47:24 by "java_re" with gcc 4.2.1 (Based on Apple Inc. build 5658) (LLVM build 2336.11.00)

time: Tue Mar  7 23:42:15 2017
elapsed time: 233 seconds (0d 0h 3m 53s)

