#
# A fatal error has been detected by the Java Runtime Environment:
#
#  SIGSEGV (0xb) at pc=0x00007fff8a7c30dd, pid=26915, tid=1811
#
# JRE version: Java(TM) SE Runtime Environment (8.0_60-b27) (build 1.8.0_60-b27)
# Java VM: Java HotSpot(TM) 64-Bit Server VM (25.60-b23 mixed mode bsd-amd64 compressed oops)
# Problematic frame:
# C  [libobjc.A.dylib+0x10dd]  objc_msgSend+0x1d
#
# Failed to write core dump. Core dumps have been disabled. To enable core dumping, try "ulimit -c unlimited" before starting Java again
#
# If you would like to submit a bug report, please visit:
#   http://bugreport.java.com/bugreport/crash.jsp
# The crash happened outside the Java Virtual Machine in native code.
# See problematic frame for where to report the bug.
#

---------------  T H R E A D  ---------------

Current thread (0x00007f8ea291b800):  JavaThread "AWT-AppKit" daemon [_thread_in_native, id=1811, stack(0x00007fff596f2000,0x00007fff59ef2000)]

siginfo: si_signo: 11 (SIGSEGV), si_code: 1 (SEGV_MAPERR), si_addr: 0x0000000000000018

Registers:
RAX=0x00007f8ea5cc9e50, RBX=0x000000018547a450, RCX=0x00000001250c9820, RDX=0x00000001250c9300
RSP=0x00007fff59eed558, RBP=0x00007fff59eed610, RSI=0x00007fff8d22240f, RDI=0x00007f8ea5cc5cf0
R8 =0x0000000000000000, R9 =0x0000000000000f50, R10=0x00007fff8d22240f, R11=0x0000000000000000
R12=0x0000000000000000, R13=0x000000018a2fe4f0, R14=0x000000018547a440, R15=0x00007f8ea291b800
RIP=0x00007fff8a7c30dd, EFLAGS=0x0000000000010246, ERR=0x0000000000000004
  TRAPNO=0x000000000000000e

Top of Stack: (sp=0x00007fff59eed558)
0x00007fff59eed558:   0000000185478157 00007fff59eed5b0
0x00007fff59eed568:   0000000000000003 00007fff59eed590
0x00007fff59eed578:   00000001069f1992 000000018a2fe4f0
0x00007fff59eed588:   000000018a2fe4f0 00007f8ea5cc9e50
0x00007fff59eed598:   000000018547a6a0 000000018547a710
0x00007fff59eed5a8:   00007fff72ea7550 00007fff7183fc80
0x00007fff59eed5b8:   000000018547a450 000000018547a690
0x00007fff59eed5c8:   00007f8ea5cc9e50 00007f8ea5cc5cf0
0x00007fff59eed5d8:   00007f8ea15aa4c0 00007f8ea5cc9e50
0x00007fff59eed5e8:   00007f8ea5cc5cf0 00007fff59eed698
0x00007fff59eed5f8:   00007f8ea291b9f8 000000018a2fe4f0
0x00007fff59eed608:   00007fff59eed6c0 00007fff59eed688
0x00007fff59eed618:   000000010779e954 000000018a2fe4f0
0x00007fff59eed628:   00007fff59eed6c0 00007fff59eed688
0x00007fff59eed638:   000000010779e6e7 000000010779e6a2
0x00007fff59eed648:   00007fff59eed648 000000018a2fe4f0
0x00007fff59eed658:   00007fff59eed6c0 000000018a301128
0x00007fff59eed668:   0000000000000000 000000018a2fe4f0
0x00007fff59eed678:   0000000000000000 00007fff59eed6a8
0x00007fff59eed688:   00007fff59eed708 0000000107790c4d
0x00007fff59eed698:   0000000741362d00 0000000107798578
0x00007fff59eed6a8:   00007f8ea5cc9e50 00007fff59eed708
0x00007fff59eed6b8:   00007f8ea5cc5cf0 0000000107799d82
0x00007fff59eed6c8:   00007fff59eed6c8 000000018a2fe6ba
0x00007fff59eed6d8:   00007fff59eed730 000000018a301128
0x00007fff59eed6e8:   0000000000000000 000000018a2fe6c8
0x00007fff59eed6f8:   00007fff59eed6a8 00007fff59eed718
0x00007fff59eed708:   00007fff59eed778 0000000107790c4d
0x00007fff59eed718:   00007f8ea5cc9e50 0000000741359388
0x00007fff59eed728:   00007f8ea5cc5cf0 0000000741359388
0x00007fff59eed738:   00007fff59eed738 0000000191e6160e
0x00007fff59eed748:   00007fff59eed788 0000000191e616c8 

Instructions: (pc=0x00007fff8a7c30dd)
0x00007fff8a7c30bd:   00 00 00 48 85 ff 2e 74 7a 40 f6 c7 01 2e 75 7e
0x00007fff8a7c30cd:   49 bb f8 ff ff ff ff 7f 00 00 4c 23 1f 49 89 f2
0x00007fff8a7c30dd:   45 23 53 18 49 c1 e2 04 4d 03 53 10 49 3b 32 75
0x00007fff8a7c30ed:   04 41 ff 62 08 49 83 3a 00 74 6a 4d 3b 53 10 74 

Register to memory mapping:

RAX=0x00007f8ea5cc9e50 is an unknown value
RBX=0x000000018547a450: Java_jogamp_nativewindow_macosx_OSXUtil_GetScreenRefreshRate0+0x1cf0 in /private/var/folders/hh/z31jgv_d7szdfpdjxj5nl_v00000gn/T/jogamp_0000/file_cache/jln6730306502867424127/jln6236828360946398127/libnativewindow_macosx.jnilib at 0x0000000185473000
RCX=0x00000001250c9820 is an unknown value
RDX=0x00000001250c9300 is an unknown value
RSP=0x00007fff59eed558 is pointing into the stack for thread: 0x00007f8ea291b800
RBP=0x00007fff59eed610 is pointing into the stack for thread: 0x00007f8ea291b800
RSI=0x00007fff8d22240f is an unknown value
RDI=0x00007f8ea5cc5cf0 is an unknown value
R8 =0x0000000000000000 is an unknown value
R9 =0x0000000000000f50 is an unknown value
R10=0x00007fff8d22240f is an unknown value
R11=0x0000000000000000 is an unknown value
R12=0x0000000000000000 is an unknown value
R13={method} {0x000000018a2fe4f0} 'UnsetJAWTRootSurfaceLayer0' '(JJ)V' in 'jogamp/nativewindow/jawt/macosx/MacOSXJAWTWindow'
R14=0x000000018547a440: Java_jogamp_nativewindow_macosx_OSXUtil_GetScreenRefreshRate0+0x1ce0 in /private/var/folders/hh/z31jgv_d7szdfpdjxj5nl_v00000gn/T/jogamp_0000/file_cache/jln6730306502867424127/jln6236828360946398127/libnativewindow_macosx.jnilib at 0x0000000185473000
R15=0x00007f8ea291b800 is a thread


Stack: [0x00007fff596f2000,0x00007fff59ef2000],  sp=0x00007fff59eed558,  free space=8173k
Native frames: (J=compiled Java code, j=interpreted, Vv=VM code, C=native code)
C  [libobjc.A.dylib+0x10dd]  objc_msgSend+0x1d
j  jogamp.nativewindow.jawt.macosx.MacOSXJAWTWindow.UnsetJAWTRootSurfaceLayer0(JJ)V+0
j  jogamp.nativewindow.jawt.macosx.MacOSXJAWTWindow.access$200(JJ)V+2
j  jogamp.nativewindow.jawt.macosx.MacOSXJAWTWindow$1.run()V+38
j  com.jogamp.common.util.RunnableTask.run()V+24
v  ~StubRoutines::call_stub
V  [libjvm.dylib+0x2eab0e]  JavaCalls::call_helper(JavaValue*, methodHandle*, JavaCallArguments*, Thread*)+0x6ae
V  [libjvm.dylib+0x321bb7]  jni_invoke_nonstatic(JNIEnv_*, JavaValue*, _jobject*, JNICallType, _jmethodID*, JNI_ArgumentPusher*, Thread*)+0x2ec
V  [libjvm.dylib+0x31438b]  jni_CallVoidMethod+0x16b
C  [libnativewindow_macosx.jnilib+0x5326]  Java_jogamp_nativewindow_jawt_macosx_MacOSXJAWTWindow_UnsetJAWTRootSurfaceLayer0+0x2b6
C  [Foundation+0x92dd0]  __NSThreadPerformPerform+0x125
C  [CoreFoundation+0x80a01]  __CFRUNLOOP_IS_CALLING_OUT_TO_A_SOURCE0_PERFORM_FUNCTION__+0x11
C  [CoreFoundation+0x72c5c]  __CFRunLoopDoSources0+0x1dc
C  [CoreFoundation+0x721bf]  __CFRunLoopRun+0x39f
C  [CoreFoundation+0x71bd8]  CFRunLoopRunSpecific+0x128
C  [HIToolbox+0x3256f]  RunCurrentEventLoopInMode+0xeb
C  [HIToolbox+0x321ee]  ReceiveNextEventCommon+0xb3
C  [HIToolbox+0x3212b]  _BlockUntilNextEventMatchingListInModeWithFilter+0x47
C  [AppKit+0x918ab]  _DPSNextEvent+0x3d2
C  [AppKit+0x90e58]  -[NSApplication nextEventMatchingMask:untilDate:inMode:dequeue:]+0x15a
C  [libosxapp.dylib+0x23aa]  -[NSApplicationAWT nextEventMatchingMask:untilDate:inMode:dequeue:]+0x7c
C  [AppKit+0x86af3]  -[NSApplication run]+0x252
C  [libosxapp.dylib+0x214d]  +[NSApplicationAWT runAWTLoopWithApp:]+0x9c
C  [libawt_lwawt.dylib+0x44517]  -[AWTStarter starter:]+0x389
C  [Foundation+0x92dd0]  __NSThreadPerformPerform+0x125
C  [CoreFoundation+0x80a01]  __CFRUNLOOP_IS_CALLING_OUT_TO_A_SOURCE0_PERFORM_FUNCTION__+0x11
C  [CoreFoundation+0x72b8d]  __CFRunLoopDoSources0+0x10d
C  [CoreFoundation+0x721bf]  __CFRunLoopRun+0x39f
C  [CoreFoundation+0x71bd8]  CFRunLoopRunSpecific+0x128
C  [java+0x6463]  CreateExecutionEnvironment+0x367
C  [java+0x21ac]  JLI_Launch+0x7a0
C  [java+0x84c0]  main+0x65
C  [java+0x1a04]  start+0x34
C  0x0000000000000007

Java frames: (J=compiled Java code, j=interpreted, Vv=VM code)
j  jogamp.nativewindow.jawt.macosx.MacOSXJAWTWindow.UnsetJAWTRootSurfaceLayer0(JJ)V+0
j  jogamp.nativewindow.jawt.macosx.MacOSXJAWTWindow.access$200(JJ)V+2
j  jogamp.nativewindow.jawt.macosx.MacOSXJAWTWindow$1.run()V+38
j  com.jogamp.common.util.RunnableTask.run()V+24
v  ~StubRoutines::call_stub

---------------  P R O C E S S  ---------------

Java Threads: ( => current thread )
  0x00007f8ea2d20800 JavaThread "Thread-292" [_thread_blocked, id=69375, stack(0x0000000196c48000,0x0000000196d48000)]
  0x00007f8ea2d72800 JavaThread "Image Fetcher 2" daemon [_thread_blocked, id=68663, stack(0x00000001978e2000,0x00000001979e2000)]
  0x00007f8ea1d1e000 JavaThread "Image Fetcher 1" daemon [_thread_blocked, id=35859, stack(0x00000001975d9000,0x00000001976d9000)]
  0x00007f8ea2cc9800 JavaThread "Image Fetcher 0" daemon [_thread_blocked, id=68259, stack(0x00000001964c0000,0x00000001965c0000)]
  0x00007f8ea2cc8800 JavaThread "Keep-Alive-Timer" daemon [_thread_blocked, id=21375, stack(0x00000001963bd000,0x00000001964bd000)]
  0x00007f8ea2347800 JavaThread "AWT-EventQueue-1" [_thread_in_native, id=61991, stack(0x0000000185dc9000,0x0000000185ec9000)]
  0x00007f8ea31d1000 JavaThread "DestroyJavaVM" [_thread_blocked, id=4867, stack(0x0000000105e25000,0x0000000105f25000)]
  0x00007f8ea2a5c800 JavaThread "AWT-EventQueue-0" [_thread_blocked, id=55047, stack(0x0000000126184000,0x0000000126284000)]
  0x00007f8ea29c8000 JavaThread "Java2D Disposer" daemon [_thread_blocked, id=50971, stack(0x0000000124e5a000,0x0000000124f5a000)]
  0x00007f8ea29ca000 JavaThread "Java2D Queue Flusher" daemon [_thread_blocked, id=49671, stack(0x0000000123dc9000,0x0000000123ec9000)]
  0x00007f8ea20a4000 JavaThread "AWT-Shutdown" [_thread_blocked, id=28435, stack(0x0000000121024000,0x0000000121124000)]
=>0x00007f8ea291b800 JavaThread "AWT-AppKit" daemon [_thread_in_native, id=1811, stack(0x00007fff596f2000,0x00007fff59ef2000)]
  0x00007f8ea283b800 JavaThread "Service Thread" daemon [_thread_blocked, id=17923, stack(0x000000011f427000,0x000000011f527000)]
  0x00007f8ea2843000 JavaThread "C1 CompilerThread2" daemon [_thread_blocked, id=17411, stack(0x000000011f324000,0x000000011f424000)]
  0x00007f8ea2842000 JavaThread "C2 CompilerThread1" daemon [_thread_blocked, id=16899, stack(0x000000011f221000,0x000000011f321000)]
  0x00007f8ea282b000 JavaThread "C2 CompilerThread0" daemon [_thread_blocked, id=16387, stack(0x000000011f11e000,0x000000011f21e000)]
  0x00007f8ea2801000 JavaThread "Signal Dispatcher" daemon [_thread_blocked, id=12303, stack(0x000000011f01b000,0x000000011f11b000)]
  0x00007f8ea203c800 JavaThread "Finalizer" daemon [_thread_blocked, id=11523, stack(0x000000011d68e000,0x000000011d78e000)]
  0x00007f8ea2036000 JavaThread "Reference Handler" daemon [_thread_blocked, id=11011, stack(0x000000011d58b000,0x000000011d68b000)]

Other Threads:
  0x00007f8ea2035800 VMThread [stack: 0x000000011d488000,0x000000011d588000] [id=10499]
  0x00007f8ea2019000 WatcherThread [stack: 0x000000011f52a000,0x000000011f62a000] [id=18435]

VM state:not at safepoint (normal execution)

VM Mutex/Monitor currently owned by a thread: None

Heap:
 PSYoungGen      total 31232K, used 14316K [0x0000000795580000, 0x0000000798880000, 0x00000007c0000000)
  eden space 17920K, 9% used [0x0000000795580000,0x0000000795722fd0,0x0000000796700000)
  from space 13312K, 94% used [0x0000000797680000,0x00000007982d8320,0x0000000798380000)
  to   space 15872K, 0% used [0x0000000796700000,0x0000000796700000,0x0000000797680000)
 ParOldGen       total 100864K, used 73342K [0x0000000740000000, 0x0000000746280000, 0x0000000795580000)
  object space 100864K, 72% used [0x0000000740000000,0x000000074479fb60,0x0000000746280000)
 Metaspace       used 21427K, capacity 21647K, committed 21808K, reserved 1069056K
  class space    used 2045K, capacity 2112K, committed 2176K, reserved 1048576K

Card table byte_map: [0x0000000116b49000,0x0000000116f4a000] byte_map_base: 0x0000000113149000

Marking Bits: (ParMarkBitMap*) 0x00000001070dee20
 Begin Bits: [0x0000000117601000, 0x0000000119601000)
 End Bits:   [0x0000000119601000, 0x000000011b601000)

Polling page: 0x0000000105f6a000

CodeCache: size=245760Kb used=10802Kb max_used=10819Kb free=234957Kb
 bounds [0x0000000107789000, 0x0000000108239000, 0x0000000116789000]
 total_blobs=3790 nmethods=2897 adapters=806
 compilation: enabled

Compilation events (10 events):
Event: 186.513 Thread 0x00007f8ea2843000 3421       3       java.awt.EventQueue::postEvent (172 bytes)
Event: 186.516 Thread 0x00007f8ea2843000 nmethod 3421 0x0000000108223f90 code [0x0000000108224260, 0x00000001082254f8]
Event: 186.517 Thread 0x00007f8ea2843000 3422       1       sun.java2d.SurfaceData::isValid (5 bytes)
Event: 186.517 Thread 0x00007f8ea2843000 nmethod 3422 0x0000000107df3b10 code [0x0000000107df3c60, 0x0000000107df3d70]
Event: 186.524 Thread 0x00007f8ea2843000 3423       3       sun.net.www.protocol.jar.Handler::parseContextSpec (154 bytes)
Event: 186.526 Thread 0x00007f8ea2843000 nmethod 3423 0x0000000108225e90 code [0x0000000108226280, 0x0000000108228968]
Event: 186.526 Thread 0x00007f8ea2843000 3424       3       sun.net.www.ParseUtil::canonizeString (195 bytes)
Event: 186.527 Thread 0x00007f8ea2843000 nmethod 3424 0x0000000108229b50 code [0x0000000108229f20, 0x000000010822c368]
Event: 186.531 Thread 0x00007f8ea2843000 3425       3       sun.java2d.pipe.RenderBuffer::putFloat (26 bytes)
Event: 186.532 Thread 0x00007f8ea2843000 nmethod 3425 0x0000000107ac3010 code [0x0000000107ac3180, 0x0000000107ac3310]

GC Heap History (10 events):
Event: 181.997 GC heap before
{Heap before GC invocations=40 (full 2):
 PSYoungGen      total 25600K, used 25424K [0x0000000795580000, 0x0000000797980000, 0x00000007c0000000)
  eden space 23552K, 100% used [0x0000000795580000,0x0000000796c80000,0x0000000796c80000)
  from space 2048K, 91% used [0x0000000796c80000,0x0000000796e54090,0x0000000796e80000)
  to   space 6656K, 0% used [0x0000000797300000,0x0000000797300000,0x0000000797980000)
 ParOldGen       total 100864K, used 64062K [0x0000000740000000, 0x0000000746280000, 0x0000000795580000)
  object space 100864K, 63% used [0x0000000740000000,0x0000000743e8f920,0x0000000746280000)
 Metaspace       used 21283K, capacity 21519K, committed 21808K, reserved 1069056K
  class space    used 2037K, capacity 2112K, committed 2176K, reserved 1048576K
Event: 181.999 GC heap after
Heap after GC invocations=40 (full 2):
 PSYoungGen      total 29184K, used 4896K [0x0000000795580000, 0x0000000797b80000, 0x00000007c0000000)
  eden space 22528K, 0% used [0x0000000795580000,0x0000000795580000,0x0000000796b80000)
  from space 6656K, 73% used [0x0000000797300000,0x00000007977c8140,0x0000000797980000)
  to   space 7680K, 0% used [0x0000000796b80000,0x0000000796b80000,0x0000000797300000)
 ParOldGen       total 100864K, used 64094K [0x0000000740000000, 0x0000000746280000, 0x0000000795580000)
  object space 100864K, 63% used [0x0000000740000000,0x0000000743e97920,0x0000000746280000)
 Metaspace       used 21283K, capacity 21519K, committed 21808K, reserved 1069056K
  class space    used 2037K, capacity 2112K, committed 2176K, reserved 1048576K
}
Event: 182.299 GC heap before
{Heap before GC invocations=41 (full 2):
 PSYoungGen      total 29184K, used 27408K [0x0000000795580000, 0x0000000797b80000, 0x00000007c0000000)
  eden space 22528K, 99% used [0x0000000795580000,0x0000000796b7bf68,0x0000000796b80000)
  from space 6656K, 73% used [0x0000000797300000,0x00000007977c8140,0x0000000797980000)
  to   space 7680K, 0% used [0x0000000796b80000,0x0000000796b80000,0x0000000797300000)
 ParOldGen       total 100864K, used 64094K [0x0000000740000000, 0x0000000746280000, 0x0000000795580000)
  object space 100864K, 63% used [0x0000000740000000,0x0000000743e97920,0x0000000746280000)
 Metaspace       used 21309K, capacity 21519K, committed 21808K, reserved 1069056K
  class space    used 2037K, capacity 2112K, committed 2176K, reserved 1048576K
Event: 182.302 GC heap after
Heap after GC invocations=41 (full 2):
 PSYoungGen      total 30208K, used 7504K [0x0000000795580000, 0x0000000797d80000, 0x00000007c0000000)
  eden space 22528K, 0% used [0x0000000795580000,0x0000000795580000,0x0000000796b80000)
  from space 7680K, 97% used [0x0000000796b80000,0x00000007972d41f0,0x0000000797300000)
  to   space 9216K, 0% used [0x0000000797480000,0x0000000797480000,0x0000000797d80000)
 ParOldGen       total 100864K, used 66670K [0x0000000740000000, 0x0000000746280000, 0x0000000795580000)
  object space 100864K, 66% used [0x0000000740000000,0x000000074411b9c0,0x0000000746280000)
 Metaspace       used 21309K, capacity 21519K, committed 21808K, reserved 1069056K
  class space    used 2037K, capacity 2112K, committed 2176K, reserved 1048576K
}
Event: 182.598 GC heap before
{Heap before GC invocations=42 (full 2):
 PSYoungGen      total 30208K, used 29924K [0x0000000795580000, 0x0000000797d80000, 0x00000007c0000000)
  eden space 22528K, 99% used [0x0000000795580000,0x0000000796b65080,0x0000000796b80000)
  from space 7680K, 97% used [0x0000000796b80000,0x00000007972d41f0,0x0000000797300000)
  to   space 9216K, 0% used [0x0000000797480000,0x0000000797480000,0x0000000797d80000)
 ParOldGen       total 100864K, used 66670K [0x0000000740000000, 0x0000000746280000, 0x0000000795580000)
  object space 100864K, 66% used [0x0000000740000000,0x000000074411b9c0,0x0000000746280000)
 Metaspace       used 21381K, capacity 21583K, committed 21808K, reserved 1069056K
  class space    used 2037K, capacity 2112K, committed 2176K, reserved 1048576K
Event: 182.604 GC heap after
Heap after GC invocations=42 (full 2):
 PSYoungGen      total 29696K, used 9136K [0x0000000795580000, 0x0000000798180000, 0x00000007c0000000)
  eden space 20480K, 0% used [0x0000000795580000,0x0000000795580000,0x0000000796980000)
  from space 9216K, 99% used [0x0000000797480000,0x0000000797d6c260,0x0000000797d80000)
  to   space 11264K, 0% used [0x0000000796980000,0x0000000796980000,0x0000000797480000)
 ParOldGen       total 100864K, used 70518K [0x0000000740000000, 0x0000000746280000, 0x0000000795580000)
  object space 100864K, 69% used [0x0000000740000000,0x00000007444ddab0,0x0000000746280000)
 Metaspace       used 21381K, capacity 21583K, committed 21808K, reserved 1069056K
  class space    used 2037K, capacity 2112K, committed 2176K, reserved 1048576K
}
Event: 183.532 GC heap before
{Heap before GC invocations=43 (full 2):
 PSYoungGen      total 29696K, used 29616K [0x0000000795580000, 0x0000000798180000, 0x00000007c0000000)
  eden space 20480K, 100% used [0x0000000795580000,0x0000000796980000,0x0000000796980000)
  from space 9216K, 99% used [0x0000000797480000,0x0000000797d6c260,0x0000000797d80000)
  to   space 11264K, 0% used [0x0000000796980000,0x0000000796980000,0x0000000797480000)
 ParOldGen       total 100864K, used 70518K [0x0000000740000000, 0x0000000746280000, 0x0000000795580000)
  object space 100864K, 69% used [0x0000000740000000,0x00000007444ddab0,0x0000000746280000)
 Metaspace       used 21392K, capacity 21583K, committed 21808K, reserved 1069056K
  class space    used 2037K, capacity 2112K, committed 2176K, reserved 1048576K
Event: 183.536 GC heap after
Heap after GC invocations=43 (full 2):
 PSYoungGen      total 31744K, used 11152K [0x0000000795580000, 0x0000000798380000, 0x00000007c0000000)
  eden space 20480K, 0% used [0x0000000795580000,0x0000000795580000,0x0000000796980000)
  from space 11264K, 99% used [0x0000000796980000,0x00000007974642d0,0x0000000797480000)
  to   space 13312K, 0% used [0x0000000797680000,0x0000000797680000,0x0000000798380000)
 ParOldGen       total 100864K, used 73342K [0x0000000740000000, 0x0000000746280000, 0x0000000795580000)
  object space 100864K, 72% used [0x0000000740000000,0x000000074479fb60,0x0000000746280000)
 Metaspace       used 21392K, capacity 21583K, committed 21808K, reserved 1069056K
  class space    used 2037K, capacity 2112K, committed 2176K, reserved 1048576K
}
Event: 186.246 GC heap before
{Heap before GC invocations=44 (full 2):
 PSYoungGen      total 31744K, used 31632K [0x0000000795580000, 0x0000000798380000, 0x00000007c0000000)
  eden space 20480K, 100% used [0x0000000795580000,0x0000000796980000,0x0000000796980000)
  from space 11264K, 99% used [0x0000000796980000,0x00000007974642d0,0x0000000797480000)
  to   space 13312K, 0% used [0x0000000797680000,0x0000000797680000,0x0000000798380000)
 ParOldGen       total 100864K, used 73342K [0x0000000740000000, 0x0000000746280000, 0x0000000795580000)
  object space 100864K, 72% used [0x0000000740000000,0x000000074479fb60,0x0000000746280000)
 Metaspace       used 21393K, capacity 21583K, committed 21808K, reserved 1069056K
  class space    used 2037K, capacity 2112K, committed 2176K, reserved 1048576K
Event: 186.254 GC heap after
Heap after GC invocations=44 (full 2):
 PSYoungGen      total 31232K, used 12640K [0x0000000795580000, 0x0000000798880000, 0x00000007c0000000)
  eden space 17920K, 0% used [0x0000000795580000,0x0000000795580000,0x0000000796700000)
  from space 13312K, 94% used [0x0000000797680000,0x00000007982d8320,0x0000000798380000)
  to   space 15872K, 0% used [0x0000000796700000,0x0000000796700000,0x0000000797680000)
 ParOldGen       total 100864K, used 73342K [0x0000000740000000, 0x0000000746280000, 0x0000000795580000)
  object space 100864K, 72% used [0x0000000740000000,0x000000074479fb60,0x0000000746280000)
 Metaspace       used 21393K, capacity 21583K, committed 21808K, reserved 1069056K
  class space    used 2037K, capacity 2112K, committed 2176K, reserved 1048576K
}

Deoptimization events (10 events):
Event: 186.513 Thread 0x00007f8ea2a5c800 Uncommon trap: reason=class_check action=maybe_recompile pc=0x00000001079b3a70 method=java.awt.Component.getGraphics()Ljava/awt/Graphics; @ 114
Event: 186.513 Thread 0x00007f8ea2347800 Uncommon trap: reason=class_check action=maybe_recompile pc=0x0000000107dca828 method=java.awt.event.InvocationEvent.dispatch()V @ 11
Event: 186.517 Thread 0x00007f8ea291b800 Uncommon trap: reason=class_check action=maybe_recompile pc=0x00000001079d0f80 method=com.jogamp.common.util.RunnableTask.run()V @ 24
Event: 186.518 Thread 0x00007f8ea291b800 Uncommon trap: reason=unstable_if action=reinterpret pc=0x0000000107adecfc method=jogamp.nativewindow.macosx.OSXUtil.RunOnMainThread(ZZLjava/lang/Runnable;)V @ 3
Event: 186.524 Thread 0x00007f8ea2347800 Uncommon trap: reason=unstable_if action=reinterpret pc=0x0000000107f9b018 method=jogamp.opengl.GLContextImpl.release(Z)V @ 161
Event: 186.526 Thread 0x00007f8ea2347800 Uncommon trap: reason=unstable_if action=reinterpret pc=0x0000000107e02b18 method=java.util.LinkedList$ListItr.<init>(Ljava/util/LinkedList;I)V @ 26
Event: 186.527 Thread 0x00007f8ea2347800 Uncommon trap: reason=unstable_if action=reinterpret pc=0x0000000107eeb828 method=java.security.AccessControlContext.optimize()Ljava/security/AccessControlContext; @ 233
Event: 186.530 Thread 0x00007f8ea2a5c800 Uncommon trap: reason=class_check action=maybe_recompile pc=0x00000001079b3a70 method=java.awt.Component.getGraphics()Ljava/awt/Graphics; @ 114
Event: 186.531 Thread 0x00007f8ea2347800 Uncommon trap: reason=class_check action=maybe_recompile pc=0x0000000107dca828 method=java.awt.event.InvocationEvent.dispatch()V @ 11
Event: 186.558 Thread 0x00007f8ea291b800 Uncommon trap: reason=class_check action=maybe_recompile pc=0x00000001079d0f80 method=com.jogamp.common.util.RunnableTask.run()V @ 24

Internal exceptions (10 events):
Event: 0.292 Thread 0x00007f8ea2006000 Exception <a 'java/lang/NoSuchFieldError': method resolution failed> (0x000000079582a6b0) thrown at [/Users/java_re/workspace/8-2-build-macosx-x86_64/jdk8u60/4407/hotspot/src/share/vm/prims/methodHandles.cpp, line 1146]
Event: 0.294 Thread 0x00007f8ea2006000 Exception <a 'java/lang/NoSuchFieldError': method resolution failed> (0x0000000795837e80) thrown at [/Users/java_re/workspace/8-2-build-macosx-x86_64/jdk8u60/4407/hotspot/src/share/vm/prims/methodHandles.cpp, line 1146]
Event: 1.212 Thread 0x00007f8ea2006000 Exception <a 'java/io/FileNotFoundException'> (0x00000007958b3ec8) thrown at [/Users/java_re/workspace/8-2-build-macosx-x86_64/jdk8u60/4407/hotspot/src/share/vm/prims/jni.cpp, line 709]
Event: 1.212 Thread 0x00007f8ea2006000 Exception <a 'java/io/FileNotFoundException'> (0x00000007958b4a30) thrown at [/Users/java_re/workspace/8-2-build-macosx-x86_64/jdk8u60/4407/hotspot/src/share/vm/prims/jni.cpp, line 709]
Event: 1.386 Thread 0x00007f8ea2006000 Exception <a 'java/io/FileNotFoundException'> (0x00000007959ef988) thrown at [/Users/java_re/workspace/8-2-build-macosx-x86_64/jdk8u60/4407/hotspot/src/share/vm/prims/jni.cpp, line 709]
Event: 4.261 Thread 0x00007f8ea2b5b000 Exception <a 'java/lang/UnsatisfiedLinkError': com.jogamp.common.util.JarUtil.fixNativeLibAttribs(Ljava/lang/String;)Z> (0x0000000796c7dfa8) thrown at [/Users/java_re/workspace/8-2-build-macosx-x86_64/jdk8u60/4407/hotspot/src/share/vm/prims/nativeLookup.c
Event: 4.577 Thread 0x00007f8ea203c800 Exception <a 'java/lang/NullPointerException'> (0x00000007956a3558) thrown at [/Users/java_re/workspace/8-2-build-macosx-x86_64/jdk8u60/4407/hotspot/src/share/vm/interpreter/linkResolver.cpp, line 1178]
Event: 5.119 Thread 0x00007f8ea2347800 Exception <a 'java/io/FileNotFoundException'> (0x0000000795f4bd20) thrown at [/Users/java_re/workspace/8-2-build-macosx-x86_64/jdk8u60/4407/hotspot/src/share/vm/prims/jni.cpp, line 709]
Event: 5.119 Thread 0x00007f8ea2347800 Exception <a 'java/io/FileNotFoundException'> (0x0000000795f51d88) thrown at [/Users/java_re/workspace/8-2-build-macosx-x86_64/jdk8u60/4407/hotspot/src/share/vm/prims/jni.cpp, line 709]
Event: 5.119 Thread 0x00007f8ea2347800 Implicit null exception at 0x000000010792ceb5 to 0x000000010792d219

Events (10 events):
Event: 186.530 loading class java/awt/Window$1DisposeAction
Event: 186.530 Thread 0x00007f8ea2a5c800 DEOPT UNPACKING pc=0x000000010778e229 sp=0x0000000126281cb0 mode 2
Event: 186.530 loading class java/awt/Window$1DisposeAction done
Event: 186.531 Thread 0x00007f8ea2347800 Uncommon trap: trap_request=0xffffffde fr.pc=0x0000000107dca828
Event: 186.531 Thread 0x00007f8ea2347800 DEOPT PACKING pc=0x0000000107dca828 sp=0x0000000185ec6f20
Event: 186.531 Thread 0x00007f8ea2347800 DEOPT UNPACKING pc=0x000000010778e229 sp=0x0000000185ec6f20 mode 2
Event: 186.532 Thread 0x00007f8ea2843000 flushing nmethod 0x0000000107b4d350
Event: 186.558 Thread 0x00007f8ea291b800 Uncommon trap: trap_request=0xffffffde fr.pc=0x00000001079d0f80
Event: 186.558 Thread 0x00007f8ea291b800 DEOPT PACKING pc=0x00000001079d0f80 sp=0x00007fff59eed7d0
Event: 186.558 Thread 0x00007f8ea291b800 DEOPT UNPACKING pc=0x000000010778e229 sp=0x00007fff59eed778 mode 2


Dynamic libraries:
0x0000000001464000 	/System/Library/Frameworks/Cocoa.framework/Versions/A/Cocoa
0x0000000001464000 	/System/Library/Frameworks/Security.framework/Versions/A/Security
0x0000000001464000 	/System/Library/Frameworks/ApplicationServices.framework/Versions/A/ApplicationServices
0x0000000001464000 	/usr/lib/libz.1.dylib
0x0000000001464000 	/usr/lib/libSystem.B.dylib
0x0000000001464000 	/usr/lib/libobjc.A.dylib
0x0000000001464000 	/System/Library/Frameworks/CoreFoundation.framework/Versions/A/CoreFoundation
0x0000000001464000 	/System/Library/Frameworks/Foundation.framework/Versions/C/Foundation
0x0000000001464000 	/System/Library/Frameworks/AppKit.framework/Versions/C/AppKit
0x0000000001464000 	/System/Library/Frameworks/CoreData.framework/Versions/A/CoreData
0x0000000001464000 	/System/Library/PrivateFrameworks/RemoteViewServices.framework/Versions/A/RemoteViewServices
0x0000000001464000 	/System/Library/PrivateFrameworks/UIFoundation.framework/Versions/A/UIFoundation
0x0000000001464000 	/System/Library/Frameworks/IOSurface.framework/Versions/A/IOSurface
0x0000000001464000 	/System/Library/Frameworks/AudioToolbox.framework/Versions/A/AudioToolbox
0x0000000001464000 	/System/Library/Frameworks/AudioUnit.framework/Versions/A/AudioUnit
0x0000000001464000 	/System/Library/PrivateFrameworks/DataDetectorsCore.framework/Versions/A/DataDetectorsCore
0x0000000001464000 	/System/Library/PrivateFrameworks/DesktopServicesPriv.framework/Versions/A/DesktopServicesPriv
0x0000000001464000 	/System/Library/Frameworks/Carbon.framework/Versions/A/Frameworks/HIToolbox.framework/Versions/A/HIToolbox
0x0000000001464000 	/System/Library/Frameworks/QuartzCore.framework/Versions/A/QuartzCore
0x0000000001464000 	/System/Library/Frameworks/Carbon.framework/Versions/A/Frameworks/SpeechRecognition.framework/Versions/A/SpeechRecognition
0x0000000001464000 	/usr/lib/libauto.dylib
0x0000000001464000 	/usr/lib/libicucore.A.dylib
0x0000000001464000 	/usr/lib/libxml2.2.dylib
0x0000000001464000 	/System/Library/PrivateFrameworks/CoreUI.framework/Versions/A/CoreUI
0x0000000001464000 	/System/Library/Frameworks/CoreAudio.framework/Versions/A/CoreAudio
0x0000000001464000 	/System/Library/Frameworks/DiskArbitration.framework/Versions/A/DiskArbitration
0x0000000001464000 	/usr/lib/liblangid.dylib
0x0000000001464000 	/System/Library/PrivateFrameworks/MultitouchSupport.framework/Versions/A/MultitouchSupport
0x0000000001464000 	/System/Library/Frameworks/IOKit.framework/Versions/A/IOKit
0x0000000001464000 	/usr/lib/libDiagnosticMessagesClient.dylib
0x0000000001464000 	/System/Library/Frameworks/CoreServices.framework/Versions/A/CoreServices
0x0000000001464000 	/System/Library/PrivateFrameworks/PerformanceAnalysis.framework/Versions/A/PerformanceAnalysis
0x0000000001464000 	/System/Library/PrivateFrameworks/GenerationalStorage.framework/Versions/A/GenerationalStorage
0x0000000001464000 	/System/Library/Frameworks/OpenGL.framework/Versions/A/OpenGL
0x0000000001464000 	/System/Library/PrivateFrameworks/Sharing.framework/Versions/A/Sharing
0x0000000001464000 	/System/Library/Frameworks/CoreGraphics.framework/Versions/A/CoreGraphics
0x0000000001464000 	/System/Library/Frameworks/CoreText.framework/Versions/A/CoreText
0x0000000001464000 	/System/Library/Frameworks/ImageIO.framework/Versions/A/ImageIO
0x0000000001464000 	/usr/lib/libextension.dylib
0x0000000001464000 	/System/Library/PrivateFrameworks/Backup.framework/Versions/A/Backup
0x0000000001464000 	/usr/lib/libarchive.2.dylib
0x0000000001464000 	/System/Library/Frameworks/CFNetwork.framework/Versions/A/CFNetwork
0x0000000001464000 	/System/Library/Frameworks/SystemConfiguration.framework/Versions/A/SystemConfiguration
0x0000000001464000 	/usr/lib/libCRFSuite.dylib
0x0000000001464000 	/usr/lib/libc++.1.dylib
0x0000000001464000 	/usr/lib/libc++abi.dylib
0x0000000001464000 	/usr/lib/system/libcache.dylib
0x0000000001464000 	/usr/lib/system/libcommonCrypto.dylib
0x0000000001464000 	/usr/lib/system/libcompiler_rt.dylib
0x0000000001464000 	/usr/lib/system/libcopyfile.dylib
0x0000000001464000 	/usr/lib/system/libcorecrypto.dylib
0x0000000001464000 	/usr/lib/system/libdispatch.dylib
0x0000000001464000 	/usr/lib/system/libdyld.dylib
0x0000000001464000 	/usr/lib/system/libkeymgr.dylib
0x0000000001464000 	/usr/lib/system/liblaunch.dylib
0x0000000001464000 	/usr/lib/system/libmacho.dylib
0x0000000001464000 	/usr/lib/system/libquarantine.dylib
0x0000000001464000 	/usr/lib/system/libremovefile.dylib
0x0000000001464000 	/usr/lib/system/libsystem_asl.dylib
0x0000000001464000 	/usr/lib/system/libsystem_blocks.dylib
0x0000000001464000 	/usr/lib/system/libsystem_c.dylib
0x0000000001464000 	/usr/lib/system/libsystem_configuration.dylib
0x0000000001464000 	/usr/lib/system/libsystem_coreservices.dylib
0x0000000001464000 	/usr/lib/system/libsystem_coretls.dylib
0x0000000001464000 	/usr/lib/system/libsystem_dnssd.dylib
0x0000000001464000 	/usr/lib/system/libsystem_info.dylib
0x0000000001464000 	/usr/lib/system/libsystem_kernel.dylib
0x0000000001464000 	/usr/lib/system/libsystem_m.dylib
0x0000000001464000 	/usr/lib/system/libsystem_malloc.dylib
0x0000000001464000 	/usr/lib/system/libsystem_network.dylib
0x0000000001464000 	/usr/lib/system/libsystem_networkextension.dylib
0x0000000001464000 	/usr/lib/system/libsystem_notify.dylib
0x0000000001464000 	/usr/lib/system/libsystem_platform.dylib
0x0000000001464000 	/usr/lib/system/libsystem_pthread.dylib
0x0000000001464000 	/usr/lib/system/libsystem_sandbox.dylib
0x0000000001464000 	/usr/lib/system/libsystem_secinit.dylib
0x0000000001464000 	/usr/lib/system/libsystem_stats.dylib
0x0000000001464000 	/usr/lib/system/libsystem_trace.dylib
0x0000000001464000 	/usr/lib/system/libunc.dylib
0x0000000001464000 	/usr/lib/system/libunwind.dylib
0x0000000001464000 	/usr/lib/system/libxpc.dylib
0x0000000001464000 	/usr/lib/libbz2.1.0.dylib
0x0000000001464000 	/usr/lib/liblzma.5.dylib
0x0000000001464000 	/usr/lib/libbsm.0.dylib
0x0000000001464000 	/usr/lib/libsqlite3.dylib
0x0000000001464000 	/usr/lib/system/libkxld.dylib
0x0000000001464000 	/usr/lib/libxar.1.dylib
0x0000000001464000 	/usr/lib/libpam.2.dylib
0x0000000001464000 	/usr/lib/libOpenScriptingUtil.dylib
0x0000000001464000 	/System/Library/Frameworks/CoreServices.framework/Versions/A/Frameworks/FSEvents.framework/Versions/A/FSEvents
0x0000000001464000 	/System/Library/Frameworks/CoreServices.framework/Versions/A/Frameworks/CarbonCore.framework/Versions/A/CarbonCore
0x0000000001464000 	/System/Library/Frameworks/CoreServices.framework/Versions/A/Frameworks/Metadata.framework/Versions/A/Metadata
0x0000000001464000 	/System/Library/Frameworks/CoreServices.framework/Versions/A/Frameworks/OSServices.framework/Versions/A/OSServices
0x0000000001464000 	/System/Library/Frameworks/CoreServices.framework/Versions/A/Frameworks/SearchKit.framework/Versions/A/SearchKit
0x0000000001464000 	/System/Library/Frameworks/CoreServices.framework/Versions/A/Frameworks/AE.framework/Versions/A/AE
0x0000000001464000 	/System/Library/Frameworks/CoreServices.framework/Versions/A/Frameworks/LaunchServices.framework/Versions/A/LaunchServices
0x0000000001464000 	/System/Library/Frameworks/CoreServices.framework/Versions/A/Frameworks/DictionaryServices.framework/Versions/A/DictionaryServices
0x0000000001464000 	/System/Library/Frameworks/NetFS.framework/Versions/A/NetFS
0x0000000001464000 	/System/Library/PrivateFrameworks/NetAuth.framework/Versions/A/NetAuth
0x0000000001464000 	/System/Library/PrivateFrameworks/login.framework/Versions/A/Frameworks/loginsupport.framework/Versions/A/loginsupport
0x0000000001464000 	/System/Library/PrivateFrameworks/TCC.framework/Versions/A/TCC
0x0000000001464000 	/usr/lib/libmecabra.dylib
0x0000000001464000 	/System/Library/Frameworks/ApplicationServices.framework/Versions/A/Frameworks/ATS.framework/Versions/A/ATS
0x0000000001464000 	/System/Library/Frameworks/ApplicationServices.framework/Versions/A/Frameworks/ColorSync.framework/Versions/A/ColorSync
0x0000000001464000 	/System/Library/Frameworks/ApplicationServices.framework/Versions/A/Frameworks/HIServices.framework/Versions/A/HIServices
0x0000000001464000 	/System/Library/Frameworks/ApplicationServices.framework/Versions/A/Frameworks/LangAnalysis.framework/Versions/A/LangAnalysis
0x0000000001464000 	/System/Library/Frameworks/ApplicationServices.framework/Versions/A/Frameworks/PrintCore.framework/Versions/A/PrintCore
0x0000000001464000 	/System/Library/Frameworks/ApplicationServices.framework/Versions/A/Frameworks/QD.framework/Versions/A/QD
0x0000000001464000 	/System/Library/Frameworks/ApplicationServices.framework/Versions/A/Frameworks/SpeechSynthesis.framework/Versions/A/SpeechSynthesis
0x0000000001464000 	/System/Library/Frameworks/Accelerate.framework/Versions/A/Accelerate
0x0000000001464000 	/System/Library/Frameworks/Accelerate.framework/Versions/A/Frameworks/vImage.framework/Versions/A/vImage
0x0000000001464000 	/System/Library/Frameworks/Accelerate.framework/Versions/A/Frameworks/vecLib.framework/Versions/A/vecLib
0x0000000001464000 	/System/Library/Frameworks/Accelerate.framework/Versions/A/Frameworks/vecLib.framework/Versions/A/libvDSP.dylib
0x0000000001464000 	/System/Library/Frameworks/Accelerate.framework/Versions/A/Frameworks/vecLib.framework/Versions/A/libvMisc.dylib
0x0000000001464000 	/System/Library/Frameworks/Accelerate.framework/Versions/A/Frameworks/vecLib.framework/Versions/A/libLAPACK.dylib
0x0000000001464000 	/System/Library/Frameworks/Accelerate.framework/Versions/A/Frameworks/vecLib.framework/Versions/A/libBLAS.dylib
0x0000000001464000 	/System/Library/Frameworks/Accelerate.framework/Versions/A/Frameworks/vecLib.framework/Versions/A/libLinearAlgebra.dylib
0x0000000001464000 	/System/Library/Frameworks/ApplicationServices.framework/Versions/A/Frameworks/ATS.framework/Versions/A/Resources/libFontParser.dylib
0x0000000001464000 	/System/Library/Frameworks/ApplicationServices.framework/Versions/A/Frameworks/ATS.framework/Versions/A/Resources/libFontRegistry.dylib
0x0000000001464000 	/System/Library/PrivateFrameworks/AppleVPA.framework/Versions/A/AppleVPA
0x0000000001464000 	/System/Library/PrivateFrameworks/AppleJPEG.framework/Versions/A/AppleJPEG
0x0000000001464000 	/System/Library/Frameworks/ImageIO.framework/Versions/A/Resources/libJPEG.dylib
0x0000000001464000 	/System/Library/Frameworks/ImageIO.framework/Versions/A/Resources/libTIFF.dylib
0x0000000001464000 	/System/Library/Frameworks/ImageIO.framework/Versions/A/Resources/libPng.dylib
0x0000000001464000 	/System/Library/Frameworks/ImageIO.framework/Versions/A/Resources/libGIF.dylib
0x0000000001464000 	/System/Library/Frameworks/ImageIO.framework/Versions/A/Resources/libJP2.dylib
0x0000000001464000 	/System/Library/Frameworks/ImageIO.framework/Versions/A/Resources/libRadiance.dylib
0x0000000001464000 	/System/Library/Frameworks/CoreVideo.framework/Versions/A/CoreVideo
0x0000000001464000 	/System/Library/Frameworks/OpenGL.framework/Versions/A/Libraries/libGLU.dylib
0x0000000001464000 	/System/Library/Frameworks/OpenGL.framework/Versions/A/Libraries/libGFXShared.dylib
0x0000000001464000 	/System/Library/Frameworks/OpenGL.framework/Versions/A/Libraries/libGL.dylib
0x0000000001464000 	/System/Library/Frameworks/OpenGL.framework/Versions/A/Libraries/libGLImage.dylib
0x0000000001464000 	/System/Library/Frameworks/OpenGL.framework/Versions/A/Libraries/libCVMSPluginSupport.dylib
0x0000000001464000 	/System/Library/Frameworks/OpenGL.framework/Versions/A/Libraries/libCoreVMClient.dylib
0x0000000001464000 	/usr/lib/libcups.2.dylib
0x0000000001464000 	/System/Library/Frameworks/Kerberos.framework/Versions/A/Kerberos
0x0000000001464000 	/System/Library/Frameworks/GSS.framework/Versions/A/GSS
0x0000000001464000 	/usr/lib/libresolv.9.dylib
0x0000000001464000 	/usr/lib/libiconv.2.dylib
0x0000000001464000 	/System/Library/PrivateFrameworks/Heimdal.framework/Versions/A/Heimdal
0x0000000001464000 	/usr/lib/libheimdal-asn1.dylib
0x0000000001464000 	/System/Library/Frameworks/OpenDirectory.framework/Versions/A/OpenDirectory
0x0000000001464000 	/System/Library/PrivateFrameworks/CommonAuth.framework/Versions/A/CommonAuth
0x0000000001464000 	/System/Library/Frameworks/OpenDirectory.framework/Versions/A/Frameworks/CFOpenDirectory.framework/Versions/A/CFOpenDirectory
0x0000000001464000 	/System/Library/Frameworks/SecurityFoundation.framework/Versions/A/SecurityFoundation
0x0000000001464000 	/System/Library/PrivateFrameworks/LanguageModeling.framework/Versions/A/LanguageModeling
0x0000000001464000 	/usr/lib/libcmph.dylib
0x0000000001464000 	/System/Library/Frameworks/ServiceManagement.framework/Versions/A/ServiceManagement
0x0000000001464000 	/usr/lib/libxslt.1.dylib
0x0000000001464000 	/System/Library/Frameworks/Carbon.framework/Versions/A/Frameworks/Ink.framework/Versions/A/Ink
0x0000000001464000 	/System/Library/Frameworks/QuartzCore.framework/Versions/A/Frameworks/CoreImage.framework/Versions/A/CoreImage
0x0000000001464000 	/System/Library/PrivateFrameworks/CrashReporterSupport.framework/Versions/A/CrashReporterSupport
0x0000000001464000 	/System/Library/Frameworks/OpenCL.framework/Versions/A/OpenCL
0x0000000001464000 	/System/Library/PrivateFrameworks/FaceCore.framework/Versions/A/FaceCore
0x0000000001464000 	/System/Library/PrivateFrameworks/Ubiquity.framework/Versions/A/Ubiquity
0x0000000001464000 	/System/Library/PrivateFrameworks/IconServices.framework/Versions/A/IconServices
0x0000000001464000 	/System/Library/PrivateFrameworks/ChunkingLibrary.framework/Versions/A/ChunkingLibrary
0x0000000001464000 	/System/Library/PrivateFrameworks/Apple80211.framework/Versions/A/Apple80211
0x0000000001464000 	/System/Library/Frameworks/CoreWLAN.framework/Versions/A/CoreWLAN
0x0000000001464000 	/System/Library/Frameworks/IOBluetooth.framework/Versions/A/IOBluetooth
0x0000000001464000 	/System/Library/PrivateFrameworks/CoreWiFi.framework/Versions/A/CoreWiFi
0x0000000001464000 	/System/Library/Frameworks/CoreBluetooth.framework/Versions/A/CoreBluetooth
0x0000000001464000 	/System/Library/PrivateFrameworks/DebugSymbols.framework/Versions/A/DebugSymbols
0x0000000001464000 	/System/Library/PrivateFrameworks/CoreSymbolication.framework/Versions/A/CoreSymbolication
0x0000000001464000 	/System/Library/PrivateFrameworks/Symbolication.framework/Versions/A/Symbolication
0x0000000001464000 	/System/Library/PrivateFrameworks/SpeechRecognitionCore.framework/Versions/A/SpeechRecognitionCore
0x0000000106800000 	/Library/Java/JavaVirtualMachines/jdk1.8.0_60.jdk/Contents/Home/jre/lib/server/libjvm.dylib
0x0000000001464000 	/usr/lib/libstdc++.6.dylib
0x0000000105f27000 	/Library/Java/JavaVirtualMachines/jdk1.8.0_60.jdk/Contents/Home/jre/lib/libverify.dylib
0x0000000105f35000 	/Library/Java/JavaVirtualMachines/jdk1.8.0_60.jdk/Contents/Home/jre/lib/libjava.dylib
0x0000000105f74000 	/Library/Java/JavaVirtualMachines/jdk1.8.0_60.jdk/Contents/Home/jre/lib/libzip.dylib
0x000000011d790000 	/System/Library/Frameworks/JavaVM.framework/Frameworks/JavaRuntimeSupport.framework/JavaRuntimeSupport
0x000000011d7a6000 	/System/Library/Frameworks/JavaVM.framework/Versions/A/Frameworks/JavaNativeFoundation.framework/Versions/A/JavaNativeFoundation
0x0000000105fee000 	/System/Library/Frameworks/JavaVM.framework/Versions/A/JavaVM
0x0000000001464000 	/System/Library/Frameworks/Carbon.framework/Versions/A/Carbon
0x000000011d7ba000 	/System/Library/PrivateFrameworks/JavaLaunching.framework/Versions/A/JavaLaunching
0x0000000001464000 	/System/Library/Frameworks/Carbon.framework/Versions/A/Frameworks/CommonPanels.framework/Versions/A/CommonPanels
0x0000000001464000 	/System/Library/Frameworks/Carbon.framework/Versions/A/Frameworks/Help.framework/Versions/A/Help
0x0000000001464000 	/System/Library/Frameworks/Carbon.framework/Versions/A/Frameworks/ImageCapture.framework/Versions/A/ImageCapture
0x0000000001464000 	/System/Library/Frameworks/Carbon.framework/Versions/A/Frameworks/OpenScripting.framework/Versions/A/OpenScripting
0x0000000001464000 	/System/Library/Frameworks/Carbon.framework/Versions/A/Frameworks/Print.framework/Versions/A/Print
0x0000000001464000 	/System/Library/Frameworks/Carbon.framework/Versions/A/Frameworks/SecurityHI.framework/Versions/A/SecurityHI
0x000000011f62c000 	/Library/Java/JavaVirtualMachines/jdk1.8.0_60.jdk/Contents/Home/jre/lib/libawt.dylib
0x000000011f6d4000 	/Library/Java/JavaVirtualMachines/jdk1.8.0_60.jdk/Contents/Home/jre/lib/./libmlib_image.dylib
0x000000011f7a0000 	/Library/Java/JavaVirtualMachines/jdk1.8.0_60.jdk/Contents/Home/jre/lib/libawt_lwawt.dylib
0x000000011f855000 	/Library/Java/JavaVirtualMachines/jdk1.8.0_60.jdk/Contents/Home/jre/lib/./libosxapp.dylib
0x0000000001464000 	/System/Library/Frameworks/ExceptionHandling.framework/Versions/A/ExceptionHandling
0x0000000001464000 	/System/Library/PrivateFrameworks/CoreServicesInternal.framework/Versions/A/CoreServicesInternal
0x0000000001464000 	/System/Library/PrivateFrameworks/CloudDocs.framework/Versions/A/CloudDocs
0x0000000001464000 	/System/Library/PrivateFrameworks/CoreDuet.framework/Versions/A/CoreDuet
0x0000000001464000 	/System/Library/Frameworks/CloudKit.framework/Versions/A/CloudKit
0x0000000001464000 	/System/Library/PrivateFrameworks/ProtocolBuffer.framework/Versions/A/ProtocolBuffer
0x0000000001464000 	/System/Library/PrivateFrameworks/CoreDuetDaemonProtocol.framework/Versions/A/CoreDuetDaemonProtocol
0x0000000001464000 	/System/Library/PrivateFrameworks/CoreDuetDebugLogging.framework/Versions/A/CoreDuetDebugLogging
0x0000000001464000 	/System/Library/PrivateFrameworks/MMCS.framework/Versions/A/MMCS
0x0000000001464000 	/System/Library/Frameworks/CoreLocation.framework/Versions/A/CoreLocation
0x0000000001464000 	/System/Library/PrivateFrameworks/ProtectedCloudStorage.framework/Versions/A/ProtectedCloudStorage
0x0000000001464000 	/System/Library/PrivateFrameworks/GeoServices.framework/Versions/A/GeoServices
0x0000000001464000 	/System/Library/Frameworks/CoreGraphics.framework/Versions/A/Resources/libCGCMS.A.dylib
0x0000000001464000 	/System/Library/Frameworks/CoreGraphics.framework/Versions/A/Resources/libRIP.A.dylib
0x0000000001464000 	/System/Library/Frameworks/CoreGraphics.framework/Versions/A/Resources/libCGXType.A.dylib
0x0000000001464000 	/System/Library/Frameworks/OpenCL.framework/Versions/A/Libraries/libcldcpuengine.dylib
0x0000000001464000 	/System/Library/PrivateFrameworks/DiskImages.framework/Versions/A/DiskImages
0x0000000001464000 	/System/Library/Frameworks/DiscRecording.framework/Versions/A/DiscRecording
0x0000000001464000 	/usr/lib/libcsfde.dylib
0x0000000001464000 	/usr/lib/libcurl.4.dylib
0x0000000001464000 	/System/Library/PrivateFrameworks/MediaKit.framework/Versions/A/MediaKit
0x0000000001464000 	/usr/lib/libCoreStorage.dylib
0x0000000001464000 	/System/Library/PrivateFrameworks/EFILogin.framework/Versions/A/EFILogin
0x0000000001464000 	/usr/lib/libutil.dylib
0x0000000001464000 	/System/Library/PrivateFrameworks/FindMyDevice.framework/Versions/A/FindMyDevice
0x0000000001464000 	/System/Library/Frameworks/LDAP.framework/Versions/A/LDAP
0x0000000001464000 	/usr/lib/libsasl2.2.dylib
0x0000000001464000 	/System/Library/PrivateFrameworks/CoreDaemon.framework/Versions/B/CoreDaemon
0x0000000001464000 	/usr/lib/libcrypto.0.9.8.dylib
0x0000000001464000 	/System/Library/PrivateFrameworks/AppleSRP.framework/Versions/A/AppleSRP
0x0000000001464000 	/System/Library/PrivateFrameworks/TrustEvaluationAgent.framework/Versions/A/TrustEvaluationAgent
0x000000011fc74000 	cl_kernels
0x0000000122b39000 	/System/Library/Frameworks/OpenCL.framework/Versions/A/Libraries/ImageFormats/unorm8_bgra.dylib
0x000000011fc66000 	cl_kernels
0x0000000001464000 	/System/Library/PrivateFrameworks/FamilyControls.framework/Versions/A/FamilyControls
0x0000000001464000 	/System/Library/PrivateFrameworks/CommerceKit.framework/Versions/A/Frameworks/CommerceCore.framework/Versions/A/CommerceCore
0x0000000001464000 	/System/Library/PrivateFrameworks/SystemAdministration.framework/Versions/A/SystemAdministration
0x0000000001464000 	/System/Library/PrivateFrameworks/AppContainer.framework/Versions/A/AppContainer
0x0000000001464000 	/System/Library/PrivateFrameworks/SecCodeWrapper.framework/Versions/A/SecCodeWrapper
0x0000000001464000 	/System/Library/Frameworks/DirectoryService.framework/Versions/A/DirectoryService
0x0000000001464000 	/System/Library/PrivateFrameworks/LoginUIKit.framework/Versions/A/Frameworks/LoginUICore.framework/Versions/A/LoginUICore
0x0000000001464000 	/usr/lib/libodfde.dylib
0x0000000001464000 	/System/Library/Frameworks/OpenGL.framework/Versions/A/Resources/GLEngine.bundle/GLEngine
0x0000000001464000 	/System/Library/Frameworks/OpenGL.framework/Versions/A/Libraries/libGLProgrammability.dylib
0x0000000123ecb000 	/System/Library/Extensions/AppleIntelHD5000GraphicsGLDriver.bundle/Contents/MacOS/AppleIntelHD5000GraphicsGLDriver
0x0000000001464000 	/System/Library/PrivateFrameworks/IOAccelerator.framework/Versions/A/IOAccelerator
0x0000000001464000 	/System/Library/PrivateFrameworks/GPUSupport.framework/Versions/A/Libraries/libGPUSupportMercury.dylib
0x0000000001464000 	/System/Library/Frameworks/OpenGL.framework/Versions/A/Resources/GLRendererFloat.bundle/GLRendererFloat
0x0000000124f5c000 	/Library/Java/JavaVirtualMachines/jdk1.8.0_60.jdk/Contents/Home/jre/lib/libfontmanager.dylib
0x0000000126296000 	/Library/Java/JavaVirtualMachines/jdk1.8.0_60.jdk/Contents/Home/jre/lib/libosxui.dylib
0x000000012636b000 	/Library/Java/JavaVirtualMachines/jdk1.8.0_60.jdk/Contents/Home/jre/lib/libnet.dylib
0x0000000126382000 	/Library/Java/JavaVirtualMachines/jdk1.8.0_60.jdk/Contents/Home/jre/lib/libnio.dylib
0x0000000001464000 	/System/Library/Frameworks/ApplicationServices.framework/Versions/A/Frameworks/ATS.framework/Versions/A/Resources/libTrueTypeScaler.dylib
0x0000000185469000 	/private/var/folders/hh/z31jgv_d7szdfpdjxj5nl_v00000gn/T/jogamp_0000/file_cache/jln6730306502867424127/jln6236828360946398127/libgluegen-rt.jnilib
0x000000018546d000 	/private/var/folders/hh/z31jgv_d7szdfpdjxj5nl_v00000gn/T/jogamp_0000/file_cache/jln6730306502867424127/jln6236828360946398127/libnativewindow_awt.jnilib
0x0000000185470000 	/Library/Java/JavaVirtualMachines/jdk1.8.0_60.jdk/Contents/Home/jre/lib/libjawt.dylib
0x0000000185473000 	/private/var/folders/hh/z31jgv_d7szdfpdjxj5nl_v00000gn/T/jogamp_0000/file_cache/jln6730306502867424127/jln6236828360946398127/libnativewindow_macosx.jnilib
0x000000018556d000 	/private/var/folders/hh/z31jgv_d7szdfpdjxj5nl_v00000gn/T/jogamp_0000/file_cache/jln6730306502867424127/jln6236828360946398127/libjogl_desktop.jnilib
0x000000018c69f000 	/Library/Java/JavaVirtualMachines/jdk1.8.0_60.jdk/Contents/Home/jre/lib/libt2k.dylib

VM Arguments:
jvm_args: -Djava.security.policy=java.policy.applet -Dfile.encoding=UTF-8 
java_command: sun.applet.AppletViewer module4.EarthquakeCityMap1488865100002.html
java_class_path (initial): /Users/chuan1900/coursera-java/UCSDUnfoldingMaps/build:/Users/chuan1900/coursera-java/UCSDUnfoldingMaps/lib/core.jar:/Users/chuan1900/coursera-java/UCSDUnfoldingMaps/lib/gluegen-rt.jar:/Users/chuan1900/coursera-java/UCSDUnfoldingMaps/lib/jogl-all.jar:/Users/chuan1900/coursera-java/UCSDUnfoldingMaps/lib/log4j-1.2.15.jar:/Users/chuan1900/coursera-java/UCSDUnfoldingMaps/lib/sqlite-jdbc-3.7.2.jar:/Users/chuan1900/coursera-java/UCSDUnfoldingMaps/lib/json4processing.jar:/Users/chuan1900/coursera-java/UCSDUnfoldingMaps/lib/libTUIO.jar:/Users/chuan1900/coursera-java/UCSDUnfoldingMaps/lib/unfolding.0.9.7-uscd.jar
Launcher Type: SUN_STANDARD

Environment Variables:
PATH=/usr/bin:/bin:/usr/sbin:/sbin
SHELL=/bin/bash
DISPLAY=/private/tmp/com.apple.launchd.yILEgeE45r/org.macosforge.xquartz:0

Signal Handlers:
SIGSEGV: [libjvm.dylib+0x5a6d31], sa_mask[0]=11111111011111110111111111111111, sa_flags=SA_ONSTACK|SA_RESTART|SA_SIGINFO
SIGBUS: [libjvm.dylib+0x5a6d31], sa_mask[0]=11111111011111110111111111111111, sa_flags=SA_RESTART|SA_SIGINFO
SIGFPE: [libjvm.dylib+0x480a4c], sa_mask[0]=11111111011111110111111111111111, sa_flags=SA_RESTART|SA_SIGINFO
SIGPIPE: [libjvm.dylib+0x480a4c], sa_mask[0]=11111111011111110111111111111111, sa_flags=SA_RESTART|SA_SIGINFO
SIGXFSZ: [libjvm.dylib+0x480a4c], sa_mask[0]=11111111011111110111111111111111, sa_flags=SA_RESTART|SA_SIGINFO
SIGILL: [libjvm.dylib+0x480a4c], sa_mask[0]=11111111011111110111111111111111, sa_flags=SA_RESTART|SA_SIGINFO
SIGUSR1: SIG_DFL, sa_mask[0]=00000000000000000000000000000000, sa_flags=none
SIGUSR2: [libjvm.dylib+0x48056a], sa_mask[0]=00100000000000000000000000000000, sa_flags=SA_RESTART|SA_SIGINFO
SIGHUP: [libjvm.dylib+0x47eb41], sa_mask[0]=11111111011111110111111111111111, sa_flags=SA_RESTART|SA_SIGINFO
SIGINT: [libjvm.dylib+0x47eb41], sa_mask[0]=11111111011111110111111111111111, sa_flags=SA_RESTART|SA_SIGINFO
SIGTERM: [libjvm.dylib+0x47eb41], sa_mask[0]=11111111011111110111111111111111, sa_flags=SA_RESTART|SA_SIGINFO
SIGQUIT: [libjvm.dylib+0x47eb41], sa_mask[0]=11111111011111110111111111111111, sa_flags=SA_RESTART|SA_SIGINFO


---------------  S Y S T E M  ---------------

OS:Bsduname:Darwin 14.5.0 Darwin Kernel Version 14.5.0: Sun Sep 25 22:07:15 PDT 2016; root:xnu-2782.50.9~1/RELEASE_X86_64 x86_64
rlimit: STACK 8192k, CORE 0k, NPROC 709, NOFILE 10240, AS infinity
load average:1.07 1.73 1.93

CPU:total 4 (2 cores per cpu, 2 threads per core) family 6 model 69 stepping 1, cmov, cx8, fxsr, mmx, sse, sse2, sse3, ssse3, sse4.1, sse4.2, popcnt, avx, avx2, aes, clmul, erms, lzcnt, ht, tsc, tscinvbit, bmi1, bmi2

Memory: 4k page, physical 8388608k(335712k free)

/proc/meminfo:


vm_info: Java HotSpot(TM) 64-Bit Server VM (25.60-b23) for bsd-amd64 JRE (1.8.0_60-b27), built on Aug  4 2015 10:47:24 by "java_re" with gcc 4.2.1 (Based on Apple Inc. build 5658) (LLVM build 2336.11.00)

time: Tue Mar  7 00:41:26 2017
elapsed time: 186 seconds (0d 0h 3m 6s)

