#
# A fatal error has been detected by the Java Runtime Environment:
#
#  SIGSEGV (0xb) at pc=0x00007fff8a7cb44c, pid=27602, tid=1811
#
# JRE version: Java(TM) SE Runtime Environment (8.0_60-b27) (build 1.8.0_60-b27)
# Java VM: Java HotSpot(TM) 64-Bit Server VM (25.60-b23 mixed mode bsd-amd64 compressed oops)
# Problematic frame:
# C  [libobjc.A.dylib+0x944c]  objc_release+0xc
#
# Failed to write core dump. Core dumps have been disabled. To enable core dumping, try "ulimit -c unlimited" before starting Java again
#
# If you would like to submit a bug report, please visit:
#   http://bugreport.java.com/bugreport/crash.jsp
# The crash happened outside the Java Virtual Machine in native code.
# See problematic frame for where to report the bug.
#

---------------  T H R E A D  ---------------

Current thread (0x00007fc0a20c2800):  JavaThread "AWT-AppKit" daemon [_thread_in_native, id=1811, stack(0x00007fff5e718000,0x00007fff5ef18000)]

siginfo: si_signo: 11 (SIGSEGV), si_code: 0 (unknown), si_addr: 0x0000000000000000

Registers:
RAX=0x0000000000000008, RBX=0x0000000000000000, RCX=0x0000000000000003, RDX=0x00007fc0a5463df8
RSP=0x00007fff5ef13438, RBP=0x00007fff5ef13460, RSI=0x00000001daa77f00, RDI=0x300007fc0a546408
R8 =0x0000000000000001, R9 =0x00007fc0a5400000, R10=0x00007fc0a22af3d0, R11=0x0000000240804840
R12=0x0000000000000000, R13=0x0000000245426ef0, R14=0x00007fc0a545cf80, R15=0x00007fc0a20c2800
RIP=0x00007fff8a7cb44c, EFLAGS=0x0000000000010246, ERR=0x0000000000000000
  TRAPNO=0x000000000000000d

Top of Stack: (sp=0x00007fff5ef13438)
0x00007fff5ef13438:   00000001daa0152b 00007fff5ef13460
0x00007fff5ef13448:   0000000240804450 0000000240804440
0x00007fff5ef13458:   00007fc0a20c2800 00007fff5ef13520
0x00007fff5ef13468:   0000000240802215 0000000240804700
0x00007fff5ef13478:   00000002408046e0 00000002408044b0
0x00007fff5ef13488:   0000000000000000 0000000245426ef0
0x00007fff5ef13498:   0000000245426ef0 00007fc0a5463df0
0x00007fff5ef134a8:   00000002408046a0 0000000240804710
0x00007fff5ef134b8:   00007fff72ea7550 00007fff7183fc80
0x00007fff5ef134c8:   0000000240804450 0000000240804690
0x00007fff5ef134d8:   00007fc0a5463df0 00007fc0a545cf80
0x00007fff5ef134e8:   00007fc0a155cb00 00007fc0a5463df0
0x00007fff5ef134f8:   00007fc0a545cf80 00007fff5ef135a8
0x00007fff5ef13508:   00007fc0a20c29f8 0000000245426ef0
0x00007fff5ef13518:   00007fff5ef135d0 00007fff5ef13598
0x00007fff5ef13528:   00000001026f5954 0000000245426ef0
0x00007fff5ef13538:   00007fff5ef135d0 00007fff5ef13598
0x00007fff5ef13548:   00000001026f56e7 00000001026f56a2
0x00007fff5ef13558:   00007fff5ef13558 0000000245426ef0
0x00007fff5ef13568:   00007fff5ef135d0 0000000245429b28
0x00007fff5ef13578:   0000000000000000 0000000245426ef0
0x00007fff5ef13588:   0000000000000000 00007fff5ef135b8
0x00007fff5ef13598:   00007fff5ef13618 00000001026e7c4d
0x00007fff5ef135a8:   0000000112203db0 00000001026ef578
0x00007fff5ef135b8:   00007fc0a5463df0 00007fff5ef13618
0x00007fff5ef135c8:   00007fc0a545cf80 00000001026f0d82
0x00007fff5ef135d8:   00007fff5ef135d8 00000002454270ba
0x00007fff5ef135e8:   00007fff5ef13640 0000000245429b28
0x00007fff5ef135f8:   0000000000000000 00000002454270c8
0x00007fff5ef13608:   00007fff5ef135b8 00007fff5ef13628
0x00007fff5ef13618:   00007fff5ef13688 00000001026e7c4d
0x00007fff5ef13628:   00007fc0a5463df0 00000001122fbc38 

Instructions: (pc=0x00007fff8a7cb44c)
0x00007fff8a7cb42c:   5d c3 31 c0 48 85 ff 74 04 48 8b 47 08 c3 90 90
0x00007fff8a7cb43c:   90 90 90 90 48 85 ff 74 06 40 f6 c7 01 74 01 c3
0x00007fff8a7cb44c:   48 8b 07 f6 40 20 02 74 0a be 01 00 00 00 e9 51
0x00007fff8a7cb45c:   83 01 00 48 8d 05 7a a6 30 e8 48 8b 30 e9 52 7c 

Register to memory mapping:

RAX=0x0000000000000008 is an unknown value
RBX=0x0000000000000000 is an unknown value
RCX=0x0000000000000003 is an unknown value
RDX=0x00007fc0a5463df8 is an unknown value
RSP=0x00007fff5ef13438 is pointing into the stack for thread: 0x00007fc0a20c2800
RBP=0x00007fff5ef13460 is pointing into the stack for thread: 0x00007fc0a20c2800
RSI=0x00000001daa77f00: OBJC_IVAR_$_PrinterView.fCurPeekGraphics+0x1aa8 in /Library/Java/JavaVirtualMachines/jdk1.8.0_60.jdk/Contents/Home/jre/lib/libawt_lwawt.dylib at 0x00000001da9fd000
RDI=0x300007fc0a546408 is an unknown value
R8 =0x0000000000000001 is an unknown value
R9 =0x00007fc0a5400000 is an unknown value
R10=0x00007fc0a22af3d0 is an unknown value
R11=0x0000000240804840: OBJC_CLASS_$_MyCALayer+0 in /private/var/folders/hh/z31jgv_d7szdfpdjxj5nl_v00000gn/T/jogamp_0000/file_cache/jln2131327951490776580/jln38649623804683454/libnativewindow_macosx.jnilib at 0x00000002407fd000
R12=0x0000000000000000 is an unknown value
R13={method} {0x0000000245426ef0} 'UnsetJAWTRootSurfaceLayer0' '(JJ)V' in 'jogamp/nativewindow/jawt/macosx/MacOSXJAWTWindow'
R14=0x00007fc0a545cf80 is an unknown value
R15=0x00007fc0a20c2800 is a thread


Stack: [0x00007fff5e718000,0x00007fff5ef18000],  sp=0x00007fff5ef13438,  free space=8173k
Native frames: (J=compiled Java code, j=interpreted, Vv=VM code, C=native code)
C  [libobjc.A.dylib+0x944c]  objc_release+0xc
C  [libnativewindow_macosx.jnilib+0x5215]  Java_jogamp_nativewindow_jawt_macosx_MacOSXJAWTWindow_UnsetJAWTRootSurfaceLayer0+0x1a5
j  jogamp.nativewindow.jawt.macosx.MacOSXJAWTWindow.UnsetJAWTRootSurfaceLayer0(JJ)V+0
j  jogamp.nativewindow.jawt.macosx.MacOSXJAWTWindow.access$200(JJ)V+2
j  jogamp.nativewindow.jawt.macosx.MacOSXJAWTWindow$1.run()V+38
J 2578 C1 com.jogamp.common.util.RunnableTask.run()V (345 bytes) @ 0x0000000102fc9b94 [0x0000000102fc9a00+0x194]
v  ~StubRoutines::call_stub
V  [libjvm.dylib+0x2eab0e]
V  [libjvm.dylib+0x321bb7]
V  [libjvm.dylib+0x31438b]
C  [libnativewindow_macosx.jnilib+0x5326]  Java_jogamp_nativewindow_jawt_macosx_MacOSXJAWTWindow_UnsetJAWTRootSurfaceLayer0+0x2b6
C  [Foundation+0x92dd0]  __NSThreadPerformPerform+0x125
C  [CoreFoundation+0x80a01]  __CFRUNLOOP_IS_CALLING_OUT_TO_A_SOURCE0_PERFORM_FUNCTION__+0x11
C  [CoreFoundation+0x72c5c]  __CFRunLoopDoSources0+0x1dc
C  [CoreFoundation+0x721bf]  __CFRunLoopRun+0x39f
C  [CoreFoundation+0x71bd8]  CFRunLoopRunSpecific+0x128
C  [HIToolbox+0x3256f]  RunCurrentEventLoopInMode+0xeb
C  [HIToolbox+0x321ee]  ReceiveNextEventCommon+0xb3
C  [HIToolbox+0x3212b]  _BlockUntilNextEventMatchingListInModeWithFilter+0x47
C  [AppKit+0x918ab]  _DPSNextEvent+0x3d2
C  [AppKit+0x90e58]  -[NSApplication nextEventMatchingMask:untilDate:inMode:dequeue:]+0x15a
C  [libosxapp.dylib+0x23aa]  -[NSApplicationAWT nextEventMatchingMask:untilDate:inMode:dequeue:]+0x7c
C  [AppKit+0x86af3]  -[NSApplication run]+0x252
C  [libosxapp.dylib+0x214d]  +[NSApplicationAWT runAWTLoopWithApp:]+0x9c
C  [libawt_lwawt.dylib+0x44517]  -[AWTStarter starter:]+0x389
C  [Foundation+0x92dd0]  __NSThreadPerformPerform+0x125
C  [CoreFoundation+0x80a01]  __CFRUNLOOP_IS_CALLING_OUT_TO_A_SOURCE0_PERFORM_FUNCTION__+0x11
C  [CoreFoundation+0x72b8d]  __CFRunLoopDoSources0+0x10d
C  [CoreFoundation+0x721bf]  __CFRunLoopRun+0x39f
C  [CoreFoundation+0x71bd8]  CFRunLoopRunSpecific+0x128
C  [java+0x6463]  CreateExecutionEnvironment+0x367
C  [java+0x21ac]  JLI_Launch+0x7a0
C  [java+0x84c0]  main+0x65
C  [java+0x1a04]  start+0x34
C  0x0000000000000007

Java frames: (J=compiled Java code, j=interpreted, Vv=VM code)
j  jogamp.nativewindow.jawt.macosx.MacOSXJAWTWindow.UnsetJAWTRootSurfaceLayer0(JJ)V+0
j  jogamp.nativewindow.jawt.macosx.MacOSXJAWTWindow.access$200(JJ)V+2
j  jogamp.nativewindow.jawt.macosx.MacOSXJAWTWindow$1.run()V+38
J 2578 C1 com.jogamp.common.util.RunnableTask.run()V (345 bytes) @ 0x0000000102fc9b94 [0x0000000102fc9a00+0x194]
v  ~StubRoutines::call_stub

---------------  P R O C E S S  ---------------

Java Threads: ( => current thread )
  0x00007fc0a239e000 JavaThread "Thread-7" [_thread_blocked, id=68635, stack(0x0000000240960000,0x0000000240a60000)]
  0x00007fc0a359c800 JavaThread "Keep-Alive-Timer" daemon [_thread_blocked, id=67983, stack(0x0000000248747000,0x0000000248847000)]
  0x00007fc0a230b800 JavaThread "AWT-EventQueue-1" [_thread_in_native, id=61735, stack(0x0000000240fa3000,0x00000002410a3000)]
  0x00007fc0a1805800 JavaThread "DestroyJavaVM" [_thread_blocked, id=4867, stack(0x000000010258a000,0x000000010268a000)]
  0x00007fc0a216a000 JavaThread "AWT-EventQueue-0" [_thread_blocked, id=55047, stack(0x00000001e135e000,0x00000001e145e000)]
  0x00007fc0a2161800 JavaThread "Java2D Disposer" daemon [_thread_blocked, id=51223, stack(0x00000001e0034000,0x00000001e0134000)]
  0x00007fc0a2118000 JavaThread "Java2D Queue Flusher" daemon [_thread_blocked, id=45323, stack(0x00000001defa3000,0x00000001df0a3000)]
  0x00007fc0a20cc000 JavaThread "AWT-Shutdown" [_thread_blocked, id=28179, stack(0x00000001dc17b000,0x00000001dc27b000)]
=>0x00007fc0a20c2800 JavaThread "AWT-AppKit" daemon [_thread_in_native, id=1811, stack(0x00007fff5e718000,0x00007fff5ef18000)]
  0x00007fc0a2808800 JavaThread "Service Thread" daemon [_thread_blocked, id=18179, stack(0x00000001da682000,0x00000001da782000)]
  0x00007fc0a1824800 JavaThread "C1 CompilerThread2" daemon [_thread_blocked, id=17667, stack(0x00000001da57f000,0x00000001da67f000)]
  0x00007fc0a181e800 JavaThread "C2 CompilerThread1" daemon [_thread_blocked, id=17155, stack(0x00000001da47c000,0x00000001da57c000)]
  0x00007fc0a181d800 JavaThread "C2 CompilerThread0" daemon [_thread_blocked, id=16643, stack(0x00000001da379000,0x00000001da479000)]
  0x00007fc0a1809000 JavaThread "Signal Dispatcher" daemon [_thread_blocked, id=13579, stack(0x00000001da276000,0x00000001da376000)]
  0x00007fc0a3009800 JavaThread "Finalizer" daemon [_thread_blocked, id=11523, stack(0x00000001d8862000,0x00000001d8962000)]
  0x00007fc0a3009000 JavaThread "Reference Handler" daemon [_thread_blocked, id=11011, stack(0x00000001d875f000,0x00000001d885f000)]

Other Threads:
  0x00007fc0a204e800 VMThread [stack: 0x00000001d865c000,0x00000001d875c000] [id=10499]
  0x00007fc0a2800800 WatcherThread [stack: 0x00000001da785000,0x00000001da885000] [id=18691]

VM state:not at safepoint (normal execution)

VM Mutex/Monitor currently owned by a thread: None

Heap:
 PSYoungGen      total 60416K, used 20210K [0x0000000167380000, 0x000000016be80000, 0x0000000191e00000)
  eden space 55296K, 27% used [0x0000000167380000,0x00000001682413a8,0x000000016a980000)
  from space 5120K, 99% used [0x000000016b980000,0x000000016be7b4e0,0x000000016be80000)
  to   space 5120K, 0% used [0x000000016b480000,0x000000016b480000,0x000000016b980000)
 ParOldGen       total 55808K, used 11470K [0x0000000111e00000, 0x0000000115480000, 0x0000000167380000)
  object space 55808K, 20% used [0x0000000111e00000,0x00000001129339e8,0x0000000115480000)
 Metaspace       used 23802K, capacity 24095K, committed 24320K, reserved 1071104K
  class space    used 2362K, capacity 2450K, committed 2560K, reserved 1048576K

Card table byte_map: [0x0000000191e00000,0x0000000192201000] byte_map_base: 0x0000000191571000

Marking Bits: (ParMarkBitMap*) 0x0000000101edee20
 Begin Bits: [0x00000001927b5000, 0x00000001947b5000)
 End Bits:   [0x00000001947b5000, 0x00000001967b5000)

Polling page: 0x0000000100dfe000

CodeCache: size=245760Kb used=10021Kb max_used=10043Kb free=235738Kb
 bounds [0x00000001026e0000, 0x00000001030c0000, 0x00000001116e0000]
 total_blobs=3796 nmethods=2878 adapters=831
 compilation: enabled

Compilation events (10 events):
Event: 12.039 Thread 0x00007fc0a1824800 2891       3       java.awt.Rectangle::inside (88 bytes)
Event: 12.040 Thread 0x00007fc0a1824800 nmethod 2891 0x00000001030b6c10 code [0x00000001030b6d80, 0x00000001030b70b0]
Event: 13.055 Thread 0x00007fc0a1824800 2892       3       java.awt.geom.AffineTransform::calculateType (536 bytes)
Event: 13.057 Thread 0x00007fc0a1824800 nmethod 2892 0x00000001030b7150 code [0x00000001030b73e0, 0x00000001030b83f8]
Event: 13.062 Thread 0x00007fc0a1824800 2893   !   3       sun.lwawt.LWComponentPeer::isShowing (49 bytes)
Event: 13.063 Thread 0x00007fc0a1824800 nmethod 2893 0x00000001027fd8d0 code [0x00000001027fda80, 0x00000001027fe368]
Event: 13.073 Thread 0x00007fc0a1824800 2894       1       sun.java2d.SurfaceData::isValid (5 bytes)
Event: 13.073 Thread 0x00007fc0a1824800 nmethod 2894 0x00000001027f2510 code [0x00000001027f2660, 0x00000001027f2770]
Event: 13.074 Thread 0x00007fc0a1824800 2895       3       sun.java2d.pipe.RenderBuffer::putFloat (26 bytes)
Event: 13.074 Thread 0x00007fc0a1824800 nmethod 2895 0x000000010288ed50 code [0x000000010288eec0, 0x000000010288f050]

GC Heap History (10 events):
Event: 2.118 GC heap before
{Heap before GC invocations=1 (full 0):
 PSYoungGen      total 38400K, used 33280K [0x0000000167380000, 0x0000000169e00000, 0x0000000191e00000)
  eden space 33280K, 100% used [0x0000000167380000,0x0000000169400000,0x0000000169400000)
  from space 5120K, 0% used [0x0000000169900000,0x0000000169900000,0x0000000169e00000)
  to   space 5120K, 0% used [0x0000000169400000,0x0000000169400000,0x0000000169900000)
 ParOldGen       total 87552K, used 0K [0x0000000111e00000, 0x0000000117380000, 0x0000000167380000)
  object space 87552K, 0% used [0x0000000111e00000,0x0000000111e00000,0x0000000117380000)
 Metaspace       used 15939K, capacity 16147K, committed 16384K, reserved 1064960K
  class space    used 1622K, capacity 1692K, committed 1792K, reserved 1048576K
Event: 2.124 GC heap after
Heap after GC invocations=1 (full 0):
 PSYoungGen      total 38400K, used 5015K [0x0000000167380000, 0x0000000169e00000, 0x0000000191e00000)
  eden space 33280K, 0% used [0x0000000167380000,0x0000000167380000,0x0000000169400000)
  from space 5120K, 97% used [0x0000000169400000,0x00000001698e5d38,0x0000000169900000)
  to   space 5120K, 0% used [0x0000000169900000,0x0000000169900000,0x0000000169e00000)
 ParOldGen       total 87552K, used 8K [0x0000000111e00000, 0x0000000117380000, 0x0000000167380000)
  object space 87552K, 0% used [0x0000000111e00000,0x0000000111e02000,0x0000000117380000)
 Metaspace       used 15939K, capacity 16147K, committed 16384K, reserved 1064960K
  class space    used 1622K, capacity 1692K, committed 1792K, reserved 1048576K
}
Event: 3.345 GC heap before
{Heap before GC invocations=2 (full 0):
 PSYoungGen      total 38400K, used 38295K [0x0000000167380000, 0x0000000169e00000, 0x0000000191e00000)
  eden space 33280K, 100% used [0x0000000167380000,0x0000000169400000,0x0000000169400000)
  from space 5120K, 97% used [0x0000000169400000,0x00000001698e5d38,0x0000000169900000)
  to   space 5120K, 0% used [0x0000000169900000,0x0000000169900000,0x0000000169e00000)
 ParOldGen       total 87552K, used 8K [0x0000000111e00000, 0x0000000117380000, 0x0000000167380000)
  object space 87552K, 0% used [0x0000000111e00000,0x0000000111e02000,0x0000000117380000)
 Metaspace       used 20179K, capacity 20425K, committed 20736K, reserved 1067008K
  class space    used 2073K, capacity 2191K, committed 2304K, reserved 1048576K
Event: 3.356 GC heap after
Heap after GC invocations=2 (full 0):
 PSYoungGen      total 38400K, used 5104K [0x0000000167380000, 0x0000000169e00000, 0x0000000191e00000)
  eden space 33280K, 0% used [0x0000000167380000,0x0000000167380000,0x0000000169400000)
  from space 5120K, 99% used [0x0000000169900000,0x0000000169dfc070,0x0000000169e00000)
  to   space 5120K, 0% used [0x0000000169400000,0x0000000169400000,0x0000000169900000)
 ParOldGen       total 87552K, used 3853K [0x0000000111e00000, 0x0000000117380000, 0x0000000167380000)
  object space 87552K, 4% used [0x0000000111e00000,0x00000001121c3638,0x0000000117380000)
 Metaspace       used 20179K, capacity 20425K, committed 20736K, reserved 1067008K
  class space    used 2073K, capacity 2191K, committed 2304K, reserved 1048576K
}
Event: 3.450 GC heap before
{Heap before GC invocations=3 (full 0):
 PSYoungGen      total 38400K, used 7754K [0x0000000167380000, 0x0000000169e00000, 0x0000000191e00000)
  eden space 33280K, 7% used [0x0000000167380000,0x0000000167616a70,0x0000000169400000)
  from space 5120K, 99% used [0x0000000169900000,0x0000000169dfc070,0x0000000169e00000)
  to   space 5120K, 0% used [0x0000000169400000,0x0000000169400000,0x0000000169900000)
 ParOldGen       total 87552K, used 3853K [0x0000000111e00000, 0x0000000117380000, 0x0000000167380000)
  object space 87552K, 4% used [0x0000000111e00000,0x00000001121c3638,0x0000000117380000)
 Metaspace       used 20873K, capacity 21109K, committed 21248K, reserved 1069056K
  class space    used 2141K, capacity 2225K, committed 2304K, reserved 1048576K
Event: 3.456 GC heap after
Heap after GC invocations=3 (full 0):
 PSYoungGen      total 38400K, used 5106K [0x0000000167380000, 0x000000016be80000, 0x0000000191e00000)
  eden space 33280K, 0% used [0x0000000167380000,0x0000000167380000,0x0000000169400000)
  from space 5120K, 99% used [0x0000000169400000,0x00000001698fcb50,0x0000000169900000)
  to   space 5120K, 0% used [0x000000016b980000,0x000000016b980000,0x000000016be80000)
 ParOldGen       total 87552K, used 4362K [0x0000000111e00000, 0x0000000117380000, 0x0000000167380000)
  object space 87552K, 4% used [0x0000000111e00000,0x0000000112242830,0x0000000117380000)
 Metaspace       used 20873K, capacity 21109K, committed 21248K, reserved 1069056K
  class space    used 2141K, capacity 2225K, committed 2304K, reserved 1048576K
}
Event: 3.456 GC heap before
{Heap before GC invocations=4 (full 1):
 PSYoungGen      total 38400K, used 5106K [0x0000000167380000, 0x000000016be80000, 0x0000000191e00000)
  eden space 33280K, 0% used [0x0000000167380000,0x0000000167380000,0x0000000169400000)
  from space 5120K, 99% used [0x0000000169400000,0x00000001698fcb50,0x0000000169900000)
  to   space 5120K, 0% used [0x000000016b980000,0x000000016b980000,0x000000016be80000)
 ParOldGen       total 87552K, used 4362K [0x0000000111e00000, 0x0000000117380000, 0x0000000167380000)
  object space 87552K, 4% used [0x0000000111e00000,0x0000000112242830,0x0000000117380000)
 Metaspace       used 20873K, capacity 21109K, committed 21248K, reserved 1069056K
  class space    used 2141K, capacity 2225K, committed 2304K, reserved 1048576K
Event: 3.489 GC heap after
Heap after GC invocations=4 (full 1):
 PSYoungGen      total 38400K, used 0K [0x0000000167380000, 0x000000016be80000, 0x0000000191e00000)
  eden space 33280K, 0% used [0x0000000167380000,0x0000000167380000,0x0000000169400000)
  from space 5120K, 0% used [0x0000000169400000,0x0000000169400000,0x0000000169900000)
  to   space 5120K, 0% used [0x000000016b980000,0x000000016b980000,0x000000016be80000)
 ParOldGen       total 55808K, used 7567K [0x0000000111e00000, 0x0000000115480000, 0x0000000167380000)
  object space 55808K, 13% used [0x0000000111e00000,0x0000000112563eb0,0x0000000115480000)
 Metaspace       used 20873K, capacity 21109K, committed 21248K, reserved 1069056K
  class space    used 2141K, capacity 2225K, committed 2304K, reserved 1048576K
}
Event: 6.539 GC heap before
{Heap before GC invocations=5 (full 1):
 PSYoungGen      total 38400K, used 33280K [0x0000000167380000, 0x000000016be80000, 0x0000000191e00000)
  eden space 33280K, 100% used [0x0000000167380000,0x0000000169400000,0x0000000169400000)
  from space 5120K, 0% used [0x0000000169400000,0x0000000169400000,0x0000000169900000)
  to   space 5120K, 0% used [0x000000016b980000,0x000000016b980000,0x000000016be80000)
 ParOldGen       total 55808K, used 7567K [0x0000000111e00000, 0x0000000115480000, 0x0000000167380000)
  object space 55808K, 13% used [0x0000000111e00000,0x0000000112563eb0,0x0000000115480000)
 Metaspace       used 23544K, capacity 23807K, committed 23936K, reserved 1071104K
  class space    used 2348K, capacity 2418K, committed 2432K, reserved 1048576K
Event: 6.546 GC heap after
Heap after GC invocations=5 (full 1):
 PSYoungGen      total 60416K, used 5101K [0x0000000167380000, 0x000000016be80000, 0x0000000191e00000)
  eden space 55296K, 0% used [0x0000000167380000,0x0000000167380000,0x000000016a980000)
  from space 5120K, 99% used [0x000000016b980000,0x000000016be7b4e0,0x000000016be80000)
  to   space 5120K, 0% used [0x000000016b480000,0x000000016b480000,0x000000016b980000)
 ParOldGen       total 55808K, used 11470K [0x0000000111e00000, 0x0000000115480000, 0x0000000167380000)
  object space 55808K, 20% used [0x0000000111e00000,0x00000001129339e8,0x0000000115480000)
 Metaspace       used 23544K, capacity 23807K, committed 23936K, reserved 1071104K
  class space    used 2348K, capacity 2418K, committed 2432K, reserved 1048576K
}

Deoptimization events (10 events):
Event: 2.942 Thread 0x00007fc0a230b800 Uncommon trap: reason=unstable_if action=reinterpret pc=0x0000000102ab2504 method=java.lang.String.regionMatches(ZILjava/lang/String;II)Z @ 123
Event: 2.943 Thread 0x00007fc0a230b800 Uncommon trap: reason=unstable_if action=reinterpret pc=0x0000000102b40b2c method=java.io.ByteArrayInputStream.read()I @ 8
Event: 3.493 Thread 0x00007fc0a230b800 Uncommon trap: reason=unstable_if action=reinterpret pc=0x0000000102a6ceb8 method=java.util.HashMap$HashIterator.<init>(Ljava/util/HashMap;)V @ 45
Event: 3.557 Thread 0x00007fc0a230b800 Uncommon trap: reason=unstable_if action=reinterpret pc=0x0000000102b2b490 method=sun.nio.cs.UTF_8$Decoder.decodeArrayLoop(Ljava/nio/ByteBuffer;Ljava/nio/CharBuffer;)Ljava/nio/charset/CoderResult; @ 110
Event: 3.644 Thread 0x00007fc0a230b800 Uncommon trap: reason=unstable_if action=reinterpret pc=0x0000000102ac2d58 method=sun.misc.FloatingDecimal.readJavaFormatString(Ljava/lang/String;)Lsun/misc/FloatingDecimal$ASCIIToBinaryConverter; @ 445
Event: 3.823 Thread 0x00007fc0a230b800 Uncommon trap: reason=unstable_if action=reinterpret pc=0x0000000102d1f1bc method=com.jogamp.common.util.IntIntHashMap.get(I)I @ 28
Event: 13.058 Thread 0x00007fc0a216a000 Uncommon trap: reason=unstable_if action=reinterpret pc=0x0000000102f10638 method=java.awt.font.FontRenderContext.equals(Ljava/awt/font/FontRenderContext;)Z @ 2
Event: 13.059 Thread 0x00007fc0a216a000 Uncommon trap: reason=unstable_if action=reinterpret pc=0x0000000102f3ff54 method=java.awt.Font.equals(Ljava/lang/Object;)Z @ 2
Event: 13.070 Thread 0x00007fc0a1a02800 Uncommon trap: reason=unstable_if action=reinterpret pc=0x0000000102b7b0d4 method=java.util.HashMap.putVal(ILjava/lang/Object;Ljava/lang/Object;ZZ)Ljava/lang/Object; @ 81
Event: 13.070 Thread 0x00007fc0a1a02800 Uncommon trap: reason=unstable_if action=reinterpret pc=0x0000000102b7530c method=java.util.HashMap.putVal(ILjava/lang/Object;Ljava/lang/Object;ZZ)Ljava/lang/Object; @ 81

Internal exceptions (10 events):
Event: 0.146 Thread 0x00007fc0a1805800 Exception <a 'java/lang/NoSuchFieldError': method resolution failed> (0x0000000167637cf0) thrown at [/Users/java_re/workspace/8-2-build-macosx-x86_64/jdk8u60/4407/hotspot/src/share/vm/prims/methodHandles.cpp, line 1146]
Event: 0.308 Thread 0x00007fc0a1805800 Exception <a 'java/io/FileNotFoundException'> (0x00000001676b3d38) thrown at [/Users/java_re/workspace/8-2-build-macosx-x86_64/jdk8u60/4407/hotspot/src/share/vm/prims/jni.cpp, line 709]
Event: 0.308 Thread 0x00007fc0a1805800 Exception <a 'java/io/FileNotFoundException'> (0x00000001676b48a0) thrown at [/Users/java_re/workspace/8-2-build-macosx-x86_64/jdk8u60/4407/hotspot/src/share/vm/prims/jni.cpp, line 709]
Event: 0.406 Thread 0x00007fc0a1805800 Exception <a 'java/io/FileNotFoundException'> (0x00000001677ef7f8) thrown at [/Users/java_re/workspace/8-2-build-macosx-x86_64/jdk8u60/4407/hotspot/src/share/vm/prims/jni.cpp, line 709]
Event: 1.871 Thread 0x00007fc0a1b6f800 Exception <a 'java/lang/UnsatisfiedLinkError': com.jogamp.common.util.JarUtil.fixNativeLibAttribs(Ljava/lang/String;)Z> (0x0000000168a7e858) thrown at [/Users/java_re/workspace/8-2-build-macosx-x86_64/jdk8u60/4407/hotspot/src/share/vm/prims/nativeLookup.c
Event: 2.126 Thread 0x00007fc0a3009800 Exception <a 'java/lang/NullPointerException'> (0x00000001674a2f30) thrown at [/Users/java_re/workspace/8-2-build-macosx-x86_64/jdk8u60/4407/hotspot/src/share/vm/interpreter/linkResolver.cpp, line 1178]
Event: 2.633 Thread 0x00007fc0a230b800 Exception <a 'java/io/FileNotFoundException'> (0x0000000167d464f0) thrown at [/Users/java_re/workspace/8-2-build-macosx-x86_64/jdk8u60/4407/hotspot/src/share/vm/prims/jni.cpp, line 709]
Event: 2.633 Thread 0x00007fc0a230b800 Exception <a 'java/io/FileNotFoundException'> (0x0000000167d4c558) thrown at [/Users/java_re/workspace/8-2-build-macosx-x86_64/jdk8u60/4407/hotspot/src/share/vm/prims/jni.cpp, line 709]
Event: 2.634 Thread 0x00007fc0a230b800 Implicit null exception at 0x0000000102881335 to 0x0000000102881699
Event: 8.942 Thread 0x00007fc0a230b800 Exception <a 'java/lang/ClassCastException': module5.LandQuakeMarker cannot be cast to module6.CommonMarker> (0x0000000167fb9870) thrown at [/Users/java_re/workspace/8-2-build-macosx-x86_64/jdk8u60/4407/hotspot/src/share/vm/interpreter/interpreterRuntime.

Events (10 events):
Event: 13.092 loading class jogamp/nativewindow/jawt/macosx/MacOSXJAWTWindow$1 done
Event: 13.095 loading class java/awt/LightweightDispatcher$2
Event: 13.095 loading class java/awt/LightweightDispatcher$2 done
Event: 13.095 loading class java/awt/event/AWTEventListenerProxy
Event: 13.095 loading class java/awt/event/AWTEventListenerProxy done
Event: 13.095 loading class java/awt/Toolkit$ToolkitEventMulticaster
Event: 13.095 loading class java/awt/Toolkit$ToolkitEventMulticaster done
Event: 13.096 Thread 0x00007fc0a1a02800 Thread exited: 0x00007fc0a1a02800
Event: 13.096 loading class java/awt/Window$1DisposeAction
Event: 13.096 loading class java/awt/Window$1DisposeAction done


Dynamic libraries:
0x0000000001464000 	/System/Library/Frameworks/Cocoa.framework/Versions/A/Cocoa
0x0000000001464000 	/System/Library/Frameworks/Security.framework/Versions/A/Security
0x0000000001464000 	/System/Library/Frameworks/ApplicationServices.framework/Versions/A/ApplicationServices
0x0000000001464000 	/usr/lib/libz.1.dylib
0x0000000001464000 	/usr/lib/libSystem.B.dylib
0x0000000001464000 	/usr/lib/libobjc.A.dylib
0x0000000001464000 	/System/Library/Frameworks/CoreFoundation.framework/Versions/A/CoreFoundation
0x0000000001464000 	/System/Library/Frameworks/Foundation.framework/Versions/C/Foundation
0x0000000001464000 	/System/Library/Frameworks/AppKit.framework/Versions/C/AppKit
0x0000000001464000 	/System/Library/Frameworks/CoreData.framework/Versions/A/CoreData
0x0000000001464000 	/System/Library/PrivateFrameworks/RemoteViewServices.framework/Versions/A/RemoteViewServices
0x0000000001464000 	/System/Library/PrivateFrameworks/UIFoundation.framework/Versions/A/UIFoundation
0x0000000001464000 	/System/Library/Frameworks/IOSurface.framework/Versions/A/IOSurface
0x0000000001464000 	/System/Library/Frameworks/AudioToolbox.framework/Versions/A/AudioToolbox
0x0000000001464000 	/System/Library/Frameworks/AudioUnit.framework/Versions/A/AudioUnit
0x0000000001464000 	/System/Library/PrivateFrameworks/DataDetectorsCore.framework/Versions/A/DataDetectorsCore
0x0000000001464000 	/System/Library/PrivateFrameworks/DesktopServicesPriv.framework/Versions/A/DesktopServicesPriv
0x0000000001464000 	/System/Library/Frameworks/Carbon.framework/Versions/A/Frameworks/HIToolbox.framework/Versions/A/HIToolbox
0x0000000001464000 	/System/Library/Frameworks/QuartzCore.framework/Versions/A/QuartzCore
0x0000000001464000 	/System/Library/Frameworks/Carbon.framework/Versions/A/Frameworks/SpeechRecognition.framework/Versions/A/SpeechRecognition
0x0000000001464000 	/usr/lib/libauto.dylib
0x0000000001464000 	/usr/lib/libicucore.A.dylib
0x0000000001464000 	/usr/lib/libxml2.2.dylib
0x0000000001464000 	/System/Library/PrivateFrameworks/CoreUI.framework/Versions/A/CoreUI
0x0000000001464000 	/System/Library/Frameworks/CoreAudio.framework/Versions/A/CoreAudio
0x0000000001464000 	/System/Library/Frameworks/DiskArbitration.framework/Versions/A/DiskArbitration
0x0000000001464000 	/usr/lib/liblangid.dylib
0x0000000001464000 	/System/Library/PrivateFrameworks/MultitouchSupport.framework/Versions/A/MultitouchSupport
0x0000000001464000 	/System/Library/Frameworks/IOKit.framework/Versions/A/IOKit
0x0000000001464000 	/usr/lib/libDiagnosticMessagesClient.dylib
0x0000000001464000 	/System/Library/Frameworks/CoreServices.framework/Versions/A/CoreServices
0x0000000001464000 	/System/Library/PrivateFrameworks/PerformanceAnalysis.framework/Versions/A/PerformanceAnalysis
0x0000000001464000 	/System/Library/PrivateFrameworks/GenerationalStorage.framework/Versions/A/GenerationalStorage
0x0000000001464000 	/System/Library/Frameworks/OpenGL.framework/Versions/A/OpenGL
0x0000000001464000 	/System/Library/PrivateFrameworks/Sharing.framework/Versions/A/Sharing
0x0000000001464000 	/System/Library/Frameworks/CoreGraphics.framework/Versions/A/CoreGraphics
0x0000000001464000 	/System/Library/Frameworks/CoreText.framework/Versions/A/CoreText
0x0000000001464000 	/System/Library/Frameworks/ImageIO.framework/Versions/A/ImageIO
0x0000000001464000 	/usr/lib/libextension.dylib
0x0000000001464000 	/System/Library/PrivateFrameworks/Backup.framework/Versions/A/Backup
0x0000000001464000 	/usr/lib/libarchive.2.dylib
0x0000000001464000 	/System/Library/Frameworks/CFNetwork.framework/Versions/A/CFNetwork
0x0000000001464000 	/System/Library/Frameworks/SystemConfiguration.framework/Versions/A/SystemConfiguration
0x0000000001464000 	/usr/lib/libCRFSuite.dylib
0x0000000001464000 	/usr/lib/libc++.1.dylib
0x0000000001464000 	/usr/lib/libc++abi.dylib
0x0000000001464000 	/usr/lib/system/libcache.dylib
0x0000000001464000 	/usr/lib/system/libcommonCrypto.dylib
0x0000000001464000 	/usr/lib/system/libcompiler_rt.dylib
0x0000000001464000 	/usr/lib/system/libcopyfile.dylib
0x0000000001464000 	/usr/lib/system/libcorecrypto.dylib
0x0000000001464000 	/usr/lib/system/libdispatch.dylib
0x0000000001464000 	/usr/lib/system/libdyld.dylib
0x0000000001464000 	/usr/lib/system/libkeymgr.dylib
0x0000000001464000 	/usr/lib/system/liblaunch.dylib
0x0000000001464000 	/usr/lib/system/libmacho.dylib
0x0000000001464000 	/usr/lib/system/libquarantine.dylib
0x0000000001464000 	/usr/lib/system/libremovefile.dylib
0x0000000001464000 	/usr/lib/system/libsystem_asl.dylib
0x0000000001464000 	/usr/lib/system/libsystem_blocks.dylib
0x0000000001464000 	/usr/lib/system/libsystem_c.dylib
0x0000000001464000 	/usr/lib/system/libsystem_configuration.dylib
0x0000000001464000 	/usr/lib/system/libsystem_coreservices.dylib
0x0000000001464000 	/usr/lib/system/libsystem_coretls.dylib
0x0000000001464000 	/usr/lib/system/libsystem_dnssd.dylib
0x0000000001464000 	/usr/lib/system/libsystem_info.dylib
0x0000000001464000 	/usr/lib/system/libsystem_kernel.dylib
0x0000000001464000 	/usr/lib/system/libsystem_m.dylib
0x0000000001464000 	/usr/lib/system/libsystem_malloc.dylib
0x0000000001464000 	/usr/lib/system/libsystem_network.dylib
0x0000000001464000 	/usr/lib/system/libsystem_networkextension.dylib
0x0000000001464000 	/usr/lib/system/libsystem_notify.dylib
0x0000000001464000 	/usr/lib/system/libsystem_platform.dylib
0x0000000001464000 	/usr/lib/system/libsystem_pthread.dylib
0x0000000001464000 	/usr/lib/system/libsystem_sandbox.dylib
0x0000000001464000 	/usr/lib/system/libsystem_secinit.dylib
0x0000000001464000 	/usr/lib/system/libsystem_stats.dylib
0x0000000001464000 	/usr/lib/system/libsystem_trace.dylib
0x0000000001464000 	/usr/lib/system/libunc.dylib
0x0000000001464000 	/usr/lib/system/libunwind.dylib
0x0000000001464000 	/usr/lib/system/libxpc.dylib
0x0000000001464000 	/usr/lib/libbz2.1.0.dylib
0x0000000001464000 	/usr/lib/liblzma.5.dylib
0x0000000001464000 	/usr/lib/libbsm.0.dylib
0x0000000001464000 	/usr/lib/libsqlite3.dylib
0x0000000001464000 	/usr/lib/system/libkxld.dylib
0x0000000001464000 	/usr/lib/libxar.1.dylib
0x0000000001464000 	/usr/lib/libpam.2.dylib
0x0000000001464000 	/usr/lib/libOpenScriptingUtil.dylib
0x0000000001464000 	/System/Library/Frameworks/CoreServices.framework/Versions/A/Frameworks/FSEvents.framework/Versions/A/FSEvents
0x0000000001464000 	/System/Library/Frameworks/CoreServices.framework/Versions/A/Frameworks/CarbonCore.framework/Versions/A/CarbonCore
0x0000000001464000 	/System/Library/Frameworks/CoreServices.framework/Versions/A/Frameworks/Metadata.framework/Versions/A/Metadata
0x0000000001464000 	/System/Library/Frameworks/CoreServices.framework/Versions/A/Frameworks/OSServices.framework/Versions/A/OSServices
0x0000000001464000 	/System/Library/Frameworks/CoreServices.framework/Versions/A/Frameworks/SearchKit.framework/Versions/A/SearchKit
0x0000000001464000 	/System/Library/Frameworks/CoreServices.framework/Versions/A/Frameworks/AE.framework/Versions/A/AE
0x0000000001464000 	/System/Library/Frameworks/CoreServices.framework/Versions/A/Frameworks/LaunchServices.framework/Versions/A/LaunchServices
0x0000000001464000 	/System/Library/Frameworks/CoreServices.framework/Versions/A/Frameworks/DictionaryServices.framework/Versions/A/DictionaryServices
0x0000000001464000 	/System/Library/Frameworks/NetFS.framework/Versions/A/NetFS
0x0000000001464000 	/System/Library/PrivateFrameworks/NetAuth.framework/Versions/A/NetAuth
0x0000000001464000 	/System/Library/PrivateFrameworks/login.framework/Versions/A/Frameworks/loginsupport.framework/Versions/A/loginsupport
0x0000000001464000 	/System/Library/PrivateFrameworks/TCC.framework/Versions/A/TCC
0x0000000001464000 	/usr/lib/libmecabra.dylib
0x0000000001464000 	/System/Library/Frameworks/ApplicationServices.framework/Versions/A/Frameworks/ATS.framework/Versions/A/ATS
0x0000000001464000 	/System/Library/Frameworks/ApplicationServices.framework/Versions/A/Frameworks/ColorSync.framework/Versions/A/ColorSync
0x0000000001464000 	/System/Library/Frameworks/ApplicationServices.framework/Versions/A/Frameworks/HIServices.framework/Versions/A/HIServices
0x0000000001464000 	/System/Library/Frameworks/ApplicationServices.framework/Versions/A/Frameworks/LangAnalysis.framework/Versions/A/LangAnalysis
0x0000000001464000 	/System/Library/Frameworks/ApplicationServices.framework/Versions/A/Frameworks/PrintCore.framework/Versions/A/PrintCore
0x0000000001464000 	/System/Library/Frameworks/ApplicationServices.framework/Versions/A/Frameworks/QD.framework/Versions/A/QD
0x0000000001464000 	/System/Library/Frameworks/ApplicationServices.framework/Versions/A/Frameworks/SpeechSynthesis.framework/Versions/A/SpeechSynthesis
0x0000000001464000 	/System/Library/Frameworks/Accelerate.framework/Versions/A/Accelerate
0x0000000001464000 	/System/Library/Frameworks/Accelerate.framework/Versions/A/Frameworks/vImage.framework/Versions/A/vImage
0x0000000001464000 	/System/Library/Frameworks/Accelerate.framework/Versions/A/Frameworks/vecLib.framework/Versions/A/vecLib
0x0000000001464000 	/System/Library/Frameworks/Accelerate.framework/Versions/A/Frameworks/vecLib.framework/Versions/A/libvDSP.dylib
0x0000000001464000 	/System/Library/Frameworks/Accelerate.framework/Versions/A/Frameworks/vecLib.framework/Versions/A/libvMisc.dylib
0x0000000001464000 	/System/Library/Frameworks/Accelerate.framework/Versions/A/Frameworks/vecLib.framework/Versions/A/libLAPACK.dylib
0x0000000001464000 	/System/Library/Frameworks/Accelerate.framework/Versions/A/Frameworks/vecLib.framework/Versions/A/libBLAS.dylib
0x0000000001464000 	/System/Library/Frameworks/Accelerate.framework/Versions/A/Frameworks/vecLib.framework/Versions/A/libLinearAlgebra.dylib
0x0000000001464000 	/System/Library/Frameworks/ApplicationServices.framework/Versions/A/Frameworks/ATS.framework/Versions/A/Resources/libFontParser.dylib
0x0000000001464000 	/System/Library/Frameworks/ApplicationServices.framework/Versions/A/Frameworks/ATS.framework/Versions/A/Resources/libFontRegistry.dylib
0x0000000001464000 	/System/Library/PrivateFrameworks/AppleVPA.framework/Versions/A/AppleVPA
0x0000000001464000 	/System/Library/PrivateFrameworks/AppleJPEG.framework/Versions/A/AppleJPEG
0x0000000001464000 	/System/Library/Frameworks/ImageIO.framework/Versions/A/Resources/libJPEG.dylib
0x0000000001464000 	/System/Library/Frameworks/ImageIO.framework/Versions/A/Resources/libTIFF.dylib
0x0000000001464000 	/System/Library/Frameworks/ImageIO.framework/Versions/A/Resources/libPng.dylib
0x0000000001464000 	/System/Library/Frameworks/ImageIO.framework/Versions/A/Resources/libGIF.dylib
0x0000000001464000 	/System/Library/Frameworks/ImageIO.framework/Versions/A/Resources/libJP2.dylib
0x0000000001464000 	/System/Library/Frameworks/ImageIO.framework/Versions/A/Resources/libRadiance.dylib
0x0000000001464000 	/System/Library/Frameworks/CoreVideo.framework/Versions/A/CoreVideo
0x0000000001464000 	/System/Library/Frameworks/OpenGL.framework/Versions/A/Libraries/libGLU.dylib
0x0000000001464000 	/System/Library/Frameworks/OpenGL.framework/Versions/A/Libraries/libGFXShared.dylib
0x0000000001464000 	/System/Library/Frameworks/OpenGL.framework/Versions/A/Libraries/libGL.dylib
0x0000000001464000 	/System/Library/Frameworks/OpenGL.framework/Versions/A/Libraries/libGLImage.dylib
0x0000000001464000 	/System/Library/Frameworks/OpenGL.framework/Versions/A/Libraries/libCVMSPluginSupport.dylib
0x0000000001464000 	/System/Library/Frameworks/OpenGL.framework/Versions/A/Libraries/libCoreVMClient.dylib
0x0000000001464000 	/usr/lib/libcups.2.dylib
0x0000000001464000 	/System/Library/Frameworks/Kerberos.framework/Versions/A/Kerberos
0x0000000001464000 	/System/Library/Frameworks/GSS.framework/Versions/A/GSS
0x0000000001464000 	/usr/lib/libresolv.9.dylib
0x0000000001464000 	/usr/lib/libiconv.2.dylib
0x0000000001464000 	/System/Library/PrivateFrameworks/Heimdal.framework/Versions/A/Heimdal
0x0000000001464000 	/usr/lib/libheimdal-asn1.dylib
0x0000000001464000 	/System/Library/Frameworks/OpenDirectory.framework/Versions/A/OpenDirectory
0x0000000001464000 	/System/Library/PrivateFrameworks/CommonAuth.framework/Versions/A/CommonAuth
0x0000000001464000 	/System/Library/Frameworks/OpenDirectory.framework/Versions/A/Frameworks/CFOpenDirectory.framework/Versions/A/CFOpenDirectory
0x0000000001464000 	/System/Library/Frameworks/SecurityFoundation.framework/Versions/A/SecurityFoundation
0x0000000001464000 	/System/Library/PrivateFrameworks/LanguageModeling.framework/Versions/A/LanguageModeling
0x0000000001464000 	/usr/lib/libcmph.dylib
0x0000000001464000 	/System/Library/Frameworks/ServiceManagement.framework/Versions/A/ServiceManagement
0x0000000001464000 	/usr/lib/libxslt.1.dylib
0x0000000001464000 	/System/Library/Frameworks/Carbon.framework/Versions/A/Frameworks/Ink.framework/Versions/A/Ink
0x0000000001464000 	/System/Library/Frameworks/QuartzCore.framework/Versions/A/Frameworks/CoreImage.framework/Versions/A/CoreImage
0x0000000001464000 	/System/Library/PrivateFrameworks/CrashReporterSupport.framework/Versions/A/CrashReporterSupport
0x0000000001464000 	/System/Library/Frameworks/OpenCL.framework/Versions/A/OpenCL
0x0000000001464000 	/System/Library/PrivateFrameworks/FaceCore.framework/Versions/A/FaceCore
0x0000000001464000 	/System/Library/PrivateFrameworks/Ubiquity.framework/Versions/A/Ubiquity
0x0000000001464000 	/System/Library/PrivateFrameworks/IconServices.framework/Versions/A/IconServices
0x0000000001464000 	/System/Library/PrivateFrameworks/ChunkingLibrary.framework/Versions/A/ChunkingLibrary
0x0000000001464000 	/System/Library/PrivateFrameworks/Apple80211.framework/Versions/A/Apple80211
0x0000000001464000 	/System/Library/Frameworks/CoreWLAN.framework/Versions/A/CoreWLAN
0x0000000001464000 	/System/Library/Frameworks/IOBluetooth.framework/Versions/A/IOBluetooth
0x0000000001464000 	/System/Library/PrivateFrameworks/CoreWiFi.framework/Versions/A/CoreWiFi
0x0000000001464000 	/System/Library/Frameworks/CoreBluetooth.framework/Versions/A/CoreBluetooth
0x0000000001464000 	/System/Library/PrivateFrameworks/DebugSymbols.framework/Versions/A/DebugSymbols
0x0000000001464000 	/System/Library/PrivateFrameworks/CoreSymbolication.framework/Versions/A/CoreSymbolication
0x0000000001464000 	/System/Library/PrivateFrameworks/Symbolication.framework/Versions/A/Symbolication
0x0000000001464000 	/System/Library/PrivateFrameworks/SpeechRecognitionCore.framework/Versions/A/SpeechRecognitionCore
0x0000000101600000 	/Library/Java/JavaVirtualMachines/jdk1.8.0_60.jdk/Contents/Home/jre/lib/server/libjvm.dylib
0x0000000001464000 	/usr/lib/libstdc++.6.dylib
0x000000010268c000 	/Library/Java/JavaVirtualMachines/jdk1.8.0_60.jdk/Contents/Home/jre/lib/libverify.dylib
0x000000010269a000 	/Library/Java/JavaVirtualMachines/jdk1.8.0_60.jdk/Contents/Home/jre/lib/libjava.dylib
0x00000001026d7000 	/Library/Java/JavaVirtualMachines/jdk1.8.0_60.jdk/Contents/Home/jre/lib/libzip.dylib
0x00000001d8964000 	/System/Library/Frameworks/JavaVM.framework/Frameworks/JavaRuntimeSupport.framework/JavaRuntimeSupport
0x00000001d897a000 	/System/Library/Frameworks/JavaVM.framework/Versions/A/Frameworks/JavaNativeFoundation.framework/Versions/A/JavaNativeFoundation
0x0000000111bf4000 	/System/Library/Frameworks/JavaVM.framework/Versions/A/JavaVM
0x0000000001464000 	/System/Library/Frameworks/Carbon.framework/Versions/A/Carbon
0x00000001d898e000 	/System/Library/PrivateFrameworks/JavaLaunching.framework/Versions/A/JavaLaunching
0x0000000001464000 	/System/Library/Frameworks/Carbon.framework/Versions/A/Frameworks/CommonPanels.framework/Versions/A/CommonPanels
0x0000000001464000 	/System/Library/Frameworks/Carbon.framework/Versions/A/Frameworks/Help.framework/Versions/A/Help
0x0000000001464000 	/System/Library/Frameworks/Carbon.framework/Versions/A/Frameworks/ImageCapture.framework/Versions/A/ImageCapture
0x0000000001464000 	/System/Library/Frameworks/Carbon.framework/Versions/A/Frameworks/OpenScripting.framework/Versions/A/OpenScripting
0x0000000001464000 	/System/Library/Frameworks/Carbon.framework/Versions/A/Frameworks/Print.framework/Versions/A/Print
0x0000000001464000 	/System/Library/Frameworks/Carbon.framework/Versions/A/Frameworks/SecurityHI.framework/Versions/A/SecurityHI
0x00000001da889000 	/Library/Java/JavaVirtualMachines/jdk1.8.0_60.jdk/Contents/Home/jre/lib/libawt.dylib
0x00000001da931000 	/Library/Java/JavaVirtualMachines/jdk1.8.0_60.jdk/Contents/Home/jre/lib/./libmlib_image.dylib
0x00000001da9fd000 	/Library/Java/JavaVirtualMachines/jdk1.8.0_60.jdk/Contents/Home/jre/lib/libawt_lwawt.dylib
0x00000001daab2000 	/Library/Java/JavaVirtualMachines/jdk1.8.0_60.jdk/Contents/Home/jre/lib/./libosxapp.dylib
0x0000000001464000 	/System/Library/Frameworks/ExceptionHandling.framework/Versions/A/ExceptionHandling
0x0000000001464000 	/System/Library/PrivateFrameworks/CoreServicesInternal.framework/Versions/A/CoreServicesInternal
0x0000000001464000 	/System/Library/PrivateFrameworks/CloudDocs.framework/Versions/A/CloudDocs
0x0000000001464000 	/System/Library/PrivateFrameworks/CoreDuet.framework/Versions/A/CoreDuet
0x0000000001464000 	/System/Library/Frameworks/CloudKit.framework/Versions/A/CloudKit
0x0000000001464000 	/System/Library/PrivateFrameworks/ProtocolBuffer.framework/Versions/A/ProtocolBuffer
0x0000000001464000 	/System/Library/PrivateFrameworks/CoreDuetDaemonProtocol.framework/Versions/A/CoreDuetDaemonProtocol
0x0000000001464000 	/System/Library/PrivateFrameworks/CoreDuetDebugLogging.framework/Versions/A/CoreDuetDebugLogging
0x0000000001464000 	/System/Library/PrivateFrameworks/MMCS.framework/Versions/A/MMCS
0x0000000001464000 	/System/Library/Frameworks/CoreLocation.framework/Versions/A/CoreLocation
0x0000000001464000 	/System/Library/PrivateFrameworks/ProtectedCloudStorage.framework/Versions/A/ProtectedCloudStorage
0x0000000001464000 	/System/Library/PrivateFrameworks/GeoServices.framework/Versions/A/GeoServices
0x0000000001464000 	/System/Library/Frameworks/CoreGraphics.framework/Versions/A/Resources/libCGCMS.A.dylib
0x0000000001464000 	/System/Library/Frameworks/CoreGraphics.framework/Versions/A/Resources/libRIP.A.dylib
0x0000000001464000 	/System/Library/Frameworks/CoreGraphics.framework/Versions/A/Resources/libCGXType.A.dylib
0x0000000001464000 	/System/Library/Frameworks/OpenCL.framework/Versions/A/Libraries/libcldcpuengine.dylib
0x0000000001464000 	/System/Library/PrivateFrameworks/DiskImages.framework/Versions/A/DiskImages
0x0000000001464000 	/System/Library/Frameworks/DiscRecording.framework/Versions/A/DiscRecording
0x0000000001464000 	/usr/lib/libcsfde.dylib
0x0000000001464000 	/usr/lib/libcurl.4.dylib
0x0000000001464000 	/System/Library/PrivateFrameworks/MediaKit.framework/Versions/A/MediaKit
0x0000000001464000 	/usr/lib/libCoreStorage.dylib
0x0000000001464000 	/System/Library/PrivateFrameworks/EFILogin.framework/Versions/A/EFILogin
0x0000000001464000 	/usr/lib/libutil.dylib
0x0000000001464000 	/System/Library/PrivateFrameworks/FindMyDevice.framework/Versions/A/FindMyDevice
0x0000000001464000 	/System/Library/Frameworks/LDAP.framework/Versions/A/LDAP
0x0000000001464000 	/usr/lib/libsasl2.2.dylib
0x0000000001464000 	/System/Library/PrivateFrameworks/CoreDaemon.framework/Versions/B/CoreDaemon
0x0000000001464000 	/usr/lib/libcrypto.0.9.8.dylib
0x0000000001464000 	/System/Library/PrivateFrameworks/AppleSRP.framework/Versions/A/AppleSRP
0x0000000001464000 	/System/Library/PrivateFrameworks/TrustEvaluationAgent.framework/Versions/A/TrustEvaluationAgent
0x00000001dadcb000 	cl_kernels
0x00000001ddc90000 	/System/Library/Frameworks/OpenCL.framework/Versions/A/Libraries/ImageFormats/unorm8_bgra.dylib
0x00000001dadbd000 	cl_kernels
0x0000000001464000 	/System/Library/PrivateFrameworks/FamilyControls.framework/Versions/A/FamilyControls
0x0000000001464000 	/System/Library/PrivateFrameworks/CommerceKit.framework/Versions/A/Frameworks/CommerceCore.framework/Versions/A/CommerceCore
0x0000000001464000 	/System/Library/PrivateFrameworks/SystemAdministration.framework/Versions/A/SystemAdministration
0x0000000001464000 	/System/Library/PrivateFrameworks/AppContainer.framework/Versions/A/AppContainer
0x0000000001464000 	/System/Library/PrivateFrameworks/SecCodeWrapper.framework/Versions/A/SecCodeWrapper
0x0000000001464000 	/System/Library/Frameworks/DirectoryService.framework/Versions/A/DirectoryService
0x0000000001464000 	/System/Library/PrivateFrameworks/LoginUIKit.framework/Versions/A/Frameworks/LoginUICore.framework/Versions/A/LoginUICore
0x0000000001464000 	/usr/lib/libodfde.dylib
0x0000000001464000 	/System/Library/Frameworks/OpenGL.framework/Versions/A/Resources/GLEngine.bundle/GLEngine
0x0000000001464000 	/System/Library/Frameworks/OpenGL.framework/Versions/A/Libraries/libGLProgrammability.dylib
0x00000001df0a5000 	/System/Library/Extensions/AppleIntelHD5000GraphicsGLDriver.bundle/Contents/MacOS/AppleIntelHD5000GraphicsGLDriver
0x0000000001464000 	/System/Library/PrivateFrameworks/IOAccelerator.framework/Versions/A/IOAccelerator
0x0000000001464000 	/System/Library/PrivateFrameworks/GPUSupport.framework/Versions/A/Libraries/libGPUSupportMercury.dylib
0x0000000001464000 	/System/Library/Frameworks/OpenGL.framework/Versions/A/Resources/GLRendererFloat.bundle/GLRendererFloat
0x00000001e0136000 	/Library/Java/JavaVirtualMachines/jdk1.8.0_60.jdk/Contents/Home/jre/lib/libfontmanager.dylib
0x00000001e1470000 	/Library/Java/JavaVirtualMachines/jdk1.8.0_60.jdk/Contents/Home/jre/lib/libosxui.dylib
0x00000001e1545000 	/Library/Java/JavaVirtualMachines/jdk1.8.0_60.jdk/Contents/Home/jre/lib/libnet.dylib
0x00000001e155c000 	/Library/Java/JavaVirtualMachines/jdk1.8.0_60.jdk/Contents/Home/jre/lib/libnio.dylib
0x0000000001464000 	/System/Library/Frameworks/ApplicationServices.framework/Versions/A/Frameworks/ATS.framework/Versions/A/Resources/libTrueTypeScaler.dylib
0x00000002407f3000 	/private/var/folders/hh/z31jgv_d7szdfpdjxj5nl_v00000gn/T/jogamp_0000/file_cache/jln2131327951490776580/jln38649623804683454/libgluegen-rt.jnilib
0x00000002407f7000 	/private/var/folders/hh/z31jgv_d7szdfpdjxj5nl_v00000gn/T/jogamp_0000/file_cache/jln2131327951490776580/jln38649623804683454/libnativewindow_awt.jnilib
0x00000002407fa000 	/Library/Java/JavaVirtualMachines/jdk1.8.0_60.jdk/Contents/Home/jre/lib/libjawt.dylib
0x00000002407fd000 	/private/var/folders/hh/z31jgv_d7szdfpdjxj5nl_v00000gn/T/jogamp_0000/file_cache/jln2131327951490776580/jln38649623804683454/libnativewindow_macosx.jnilib
0x000000024558c000 	/private/var/folders/hh/z31jgv_d7szdfpdjxj5nl_v00000gn/T/jogamp_0000/file_cache/jln2131327951490776580/jln38649623804683454/libjogl_desktop.jnilib
0x00000002478a5000 	/Library/Java/JavaVirtualMachines/jdk1.8.0_60.jdk/Contents/Home/jre/lib/libsunec.dylib
0x0000000248037000 	/Library/Java/JavaVirtualMachines/jdk1.8.0_60.jdk/Contents/Home/jre/lib/libt2k.dylib

VM Arguments:
jvm_args: -Djava.security.policy=java.policy.applet -Dfile.encoding=UTF-8 
java_command: sun.applet.AppletViewer module5.EarthquakeCityMap1488946706293.html
java_class_path (initial): /Users/chuan1900/coursera-java/UCSDUnfoldingMaps/build:/Users/chuan1900/coursera-java/UCSDUnfoldingMaps/lib/core.jar:/Users/chuan1900/coursera-java/UCSDUnfoldingMaps/lib/gluegen-rt.jar:/Users/chuan1900/coursera-java/UCSDUnfoldingMaps/lib/jogl-all.jar:/Users/chuan1900/coursera-java/UCSDUnfoldingMaps/lib/log4j-1.2.15.jar:/Users/chuan1900/coursera-java/UCSDUnfoldingMaps/lib/sqlite-jdbc-3.7.2.jar:/Users/chuan1900/coursera-java/UCSDUnfoldingMaps/lib/json4processing.jar:/Users/chuan1900/coursera-java/UCSDUnfoldingMaps/lib/libTUIO.jar:/Users/chuan1900/coursera-java/UCSDUnfoldingMaps/lib/unfolding.0.9.7-uscd.jar
Launcher Type: SUN_STANDARD

Environment Variables:
PATH=/usr/bin:/bin:/usr/sbin:/sbin
SHELL=/bin/bash
DISPLAY=/private/tmp/com.apple.launchd.yILEgeE45r/org.macosforge.xquartz:0

Signal Handlers:
SIGSEGV: [libjvm.dylib+0x5a6d31], sa_mask[0]=11111111011111110111111111111111, sa_flags=SA_ONSTACK|SA_RESTART|SA_SIGINFO
SIGBUS: [libjvm.dylib+0x5a6d31], sa_mask[0]=11111111011111110111111111111111, sa_flags=SA_RESTART|SA_SIGINFO
SIGFPE: [libjvm.dylib+0x480a4c], sa_mask[0]=11111111011111110111111111111111, sa_flags=SA_RESTART|SA_SIGINFO
SIGPIPE: [libjvm.dylib+0x480a4c], sa_mask[0]=11111111011111110111111111111111, sa_flags=SA_RESTART|SA_SIGINFO
SIGXFSZ: [libjvm.dylib+0x480a4c], sa_mask[0]=11111111011111110111111111111111, sa_flags=SA_RESTART|SA_SIGINFO
SIGILL: [libjvm.dylib+0x480a4c], sa_mask[0]=11111111011111110111111111111111, sa_flags=SA_RESTART|SA_SIGINFO
SIGUSR1: SIG_DFL, sa_mask[0]=00000000000000000000000000000000, sa_flags=none
SIGUSR2: [libjvm.dylib+0x48056a], sa_mask[0]=00100000000000000000000000000000, sa_flags=SA_RESTART|SA_SIGINFO
SIGHUP: [libjvm.dylib+0x47eb41], sa_mask[0]=11111111011111110111111111111111, sa_flags=SA_RESTART|SA_SIGINFO
SIGINT: [libjvm.dylib+0x47eb41], sa_mask[0]=11111111011111110111111111111111, sa_flags=SA_RESTART|SA_SIGINFO
SIGTERM: [libjvm.dylib+0x47eb41], sa_mask[0]=11111111011111110111111111111111, sa_flags=SA_RESTART|SA_SIGINFO
SIGQUIT: [libjvm.dylib+0x47eb41], sa_mask[0]=11111111011111110111111111111111, sa_flags=SA_RESTART|SA_SIGINFO


---------------  S Y S T E M  ---------------

OS:Bsduname:Darwin 14.5.0 Darwin Kernel Version 14.5.0: Sun Sep 25 22:07:15 PDT 2016; root:xnu-2782.50.9~1/RELEASE_X86_64 x86_64
rlimit: STACK 8192k, CORE 0k, NPROC 709, NOFILE 10240, AS infinity
load average:2.61 3.34 2.80

CPU:total 4 (2 cores per cpu, 2 threads per core) family 6 model 69 stepping 1, cmov, cx8, fxsr, mmx, sse, sse2, sse3, ssse3, sse4.1, sse4.2, popcnt, avx, avx2, aes, clmul, erms, lzcnt, ht, tsc, tscinvbit, bmi1, bmi2

Memory: 4k page, physical 8388608k(109900k free)

/proc/meminfo:


vm_info: Java HotSpot(TM) 64-Bit Server VM (25.60-b23) for bsd-amd64 JRE (1.8.0_60-b27), built on Aug  4 2015 10:47:24 by "java_re" with gcc 4.2.1 (Based on Apple Inc. build 5658) (LLVM build 2336.11.00)

time: Tue Mar  7 23:18:39 2017
elapsed time: 13 seconds (0d 0h 0m 13s)

