#
# A fatal error has been detected by the Java Runtime Environment:
#
#  SIGSEGV (0xb) at pc=0x00007fff8a7c30dd, pid=20150, tid=1811
#
# JRE version: Java(TM) SE Runtime Environment (8.0_60-b27) (build 1.8.0_60-b27)
# Java VM: Java HotSpot(TM) 64-Bit Server VM (25.60-b23 mixed mode bsd-amd64 compressed oops)
# Problematic frame:
# C  [libobjc.A.dylib+0x10dd]  objc_msgSend+0x1d
#
# Failed to write core dump. Core dumps have been disabled. To enable core dumping, try "ulimit -c unlimited" before starting Java again
#
# If you would like to submit a bug report, please visit:
#   http://bugreport.java.com/bugreport/crash.jsp
# The crash happened outside the Java Virtual Machine in native code.
# See problematic frame for where to report the bug.
#

---------------  T H R E A D  ---------------

Current thread (0x00007ff7b91ba000):  JavaThread "AWT-AppKit" daemon [_thread_in_native, id=1811, stack(0x00007fff518b7000,0x00007fff520b7000)]

siginfo: si_signo: 11 (SIGSEGV), si_code: 1 (SEGV_MAPERR), si_addr: 0x0000000000000018

Registers:
RAX=0x00007ff7bd6f2190, RBX=0x000000018d497450, RCX=0x000000012de7ae80, RDX=0x000000012de7a460
RSP=0x00007fff520b2568, RBP=0x00007fff520b2620, RSI=0x00007fff8d22240f, RDI=0x00007ff7bd5df190
R8 =0x0000000000000000, R9 =0x0000000000000f50, R10=0x00007fff8d22240f, R11=0x0000000000000000
R12=0x0000000000000000, R13=0x00000001911af608, R14=0x000000018d497440, R15=0x00007ff7b91ba000
RIP=0x00007fff8a7c30dd, EFLAGS=0x0000000000010246, ERR=0x0000000000000004
  TRAPNO=0x000000000000000e

Top of Stack: (sp=0x00007fff520b2568)
0x00007fff520b2568:   000000018d495157 00007fff520b25c0
0x00007fff520b2578:   0000000000000003 00007fff520b25a0
0x00007fff520b2588:   000000010e7f1992 00000001911af608
0x00007fff520b2598:   00000001911af608 00007ff7bd6f2190
0x00007fff520b25a8:   000000018d4976a0 000000018d497710
0x00007fff520b25b8:   00007fff72ea7550 00007fff7183fc80
0x00007fff520b25c8:   000000018d497450 000000018d497690
0x00007fff520b25d8:   00007ff7bd6f2190 00007ff7bd5df190
0x00007fff520b25e8:   00007ff7b844e920 00007ff7bd6f2190
0x00007fff520b25f8:   00007ff7bd5df190 00007fff520b26a0
0x00007fff520b2608:   00007ff7b91ba1f8 00000001911af608
0x00007fff520b2618:   00007fff520b26c8 00007fff520b2690
0x00007fff520b2628:   000000010f59e954 00007fff520b2690
0x00007fff520b2638:   000000010f59e6d9 000000010f5aa823
0x00007fff520b2648:   000000010f59e6a2 00007fff520b2650
0x00007fff520b2658:   00000001911af608 00007fff520b26c8
0x00007fff520b2668:   00000001911b2240 0000000000000000
0x00007fff520b2678:   00000001911af608 0000000000000000
0x00007fff520b2688:   00007fff520b26b0 00007fff520b2710
0x00007fff520b2698:   000000010f590c4d 0000000795c9fc78
0x00007fff520b26a8:   000000010f598578 00007ff7bd6f2190
0x00007fff520b26b8:   000000010f599db9 00007ff7bd5df190
0x00007fff520b26c8:   000000010f599d82 00007fff520b26d0
0x00007fff520b26d8:   00000001911af7d2 00007fff520b2738
0x00007fff520b26e8:   00000001911b2240 0000000000000000
0x00007fff520b26f8:   00000001911af7e0 00007fff520b26b0
0x00007fff520b2708:   00007fff520b2720 00007fff520b2780
0x00007fff520b2718:   000000010f590c4d 00007ff7bd6f2190
0x00007fff520b2728:   0000000795cfa688 00007ff7bd5df190
0x00007fff520b2738:   0000000795cfa688 00007fff520b2740
0x00007fff520b2748:   0000000195698dee 00007fff520b2790
0x00007fff520b2758:   0000000195698ea8 0000000000000000 

Instructions: (pc=0x00007fff8a7c30dd)
0x00007fff8a7c30bd:   00 00 00 48 85 ff 2e 74 7a 40 f6 c7 01 2e 75 7e
0x00007fff8a7c30cd:   49 bb f8 ff ff ff ff 7f 00 00 4c 23 1f 49 89 f2
0x00007fff8a7c30dd:   45 23 53 18 49 c1 e2 04 4d 03 53 10 49 3b 32 75
0x00007fff8a7c30ed:   04 41 ff 62 08 49 83 3a 00 74 6a 4d 3b 53 10 74 

Register to memory mapping:

RAX=0x00007ff7bd6f2190 is an unknown value
RBX=0x000000018d497450: Java_jogamp_nativewindow_macosx_OSXUtil_GetScreenRefreshRate0+0x1cf0 in /private/var/folders/hh/z31jgv_d7szdfpdjxj5nl_v00000gn/T/jogamp_0000/file_cache/jln442628060538456137/jln3529057663106775596/libnativewindow_macosx.jnilib at 0x000000018d490000
RCX=0x000000012de7ae80 is an unknown value
RDX=0x000000012de7a460 is an unknown value
RSP=0x00007fff520b2568 is pointing into the stack for thread: 0x00007ff7b91ba000
RBP=0x00007fff520b2620 is pointing into the stack for thread: 0x00007ff7b91ba000
RSI=0x00007fff8d22240f is an unknown value
RDI=0x00007ff7bd5df190 is an unknown value
R8 =0x0000000000000000 is an unknown value
R9 =0x0000000000000f50 is an unknown value
R10=0x00007fff8d22240f is an unknown value
R11=0x0000000000000000 is an unknown value
R12=0x0000000000000000 is an unknown value
R13={method} {0x00000001911af608} 'UnsetJAWTRootSurfaceLayer0' '(JJ)V' in 'jogamp/nativewindow/jawt/macosx/MacOSXJAWTWindow'
R14=0x000000018d497440: Java_jogamp_nativewindow_macosx_OSXUtil_GetScreenRefreshRate0+0x1ce0 in /private/var/folders/hh/z31jgv_d7szdfpdjxj5nl_v00000gn/T/jogamp_0000/file_cache/jln442628060538456137/jln3529057663106775596/libnativewindow_macosx.jnilib at 0x000000018d490000
R15=0x00007ff7b91ba000 is a thread


Stack: [0x00007fff518b7000,0x00007fff520b7000],  sp=0x00007fff520b2568,  free space=8173k
Native frames: (J=compiled Java code, j=interpreted, Vv=VM code, C=native code)
C  [libobjc.A.dylib+0x10dd]  objc_msgSend+0x1d
j  jogamp.nativewindow.jawt.macosx.MacOSXJAWTWindow.UnsetJAWTRootSurfaceLayer0(JJ)V+0
j  jogamp.nativewindow.jawt.macosx.MacOSXJAWTWindow.access$200(JJ)V+2
j  jogamp.nativewindow.jawt.macosx.MacOSXJAWTWindow$1.run()V+38
j  com.jogamp.common.util.RunnableTask.run()V+24
v  ~StubRoutines::call_stub
V  [libjvm.dylib+0x2eab0e]
V  [libjvm.dylib+0x321bb7]
V  [libjvm.dylib+0x31438b]
C  [libnativewindow_macosx.jnilib+0x5326]  Java_jogamp_nativewindow_jawt_macosx_MacOSXJAWTWindow_UnsetJAWTRootSurfaceLayer0+0x2b6
C  [Foundation+0x92dd0]  __NSThreadPerformPerform+0x125
C  [CoreFoundation+0x80a01]  __CFRUNLOOP_IS_CALLING_OUT_TO_A_SOURCE0_PERFORM_FUNCTION__+0x11
C  [CoreFoundation+0x72c5c]  __CFRunLoopDoSources0+0x1dc
C  [CoreFoundation+0x721bf]  __CFRunLoopRun+0x39f
C  [CoreFoundation+0x71bd8]  CFRunLoopRunSpecific+0x128
C  [HIToolbox+0x3256f]  RunCurrentEventLoopInMode+0xeb
C  [HIToolbox+0x321ee]  ReceiveNextEventCommon+0xb3
C  [HIToolbox+0x3212b]  _BlockUntilNextEventMatchingListInModeWithFilter+0x47
C  [AppKit+0x918ab]  _DPSNextEvent+0x3d2
C  [AppKit+0x90e58]  -[NSApplication nextEventMatchingMask:untilDate:inMode:dequeue:]+0x15a
C  [libosxapp.dylib+0x23aa]  -[NSApplicationAWT nextEventMatchingMask:untilDate:inMode:dequeue:]+0x7c
C  [AppKit+0x86af3]  -[NSApplication run]+0x252
C  [libosxapp.dylib+0x214d]  +[NSApplicationAWT runAWTLoopWithApp:]+0x9c
C  [libawt_lwawt.dylib+0x44517]  -[AWTStarter starter:]+0x389
C  [Foundation+0x92dd0]  __NSThreadPerformPerform+0x125
C  [CoreFoundation+0x80a01]  __CFRUNLOOP_IS_CALLING_OUT_TO_A_SOURCE0_PERFORM_FUNCTION__+0x11
C  [CoreFoundation+0x72b8d]  __CFRunLoopDoSources0+0x10d
C  [CoreFoundation+0x721bf]  __CFRunLoopRun+0x39f
C  [CoreFoundation+0x71bd8]  CFRunLoopRunSpecific+0x128
C  [java+0x6463]  CreateExecutionEnvironment+0x367
C  [java+0x21ac]  JLI_Launch+0x7a0
C  [java+0x84c0]  main+0x65
C  [java+0x1a04]  start+0x34
C  0x0000000000000007

Java frames: (J=compiled Java code, j=interpreted, Vv=VM code)
j  jogamp.nativewindow.jawt.macosx.MacOSXJAWTWindow.UnsetJAWTRootSurfaceLayer0(JJ)V+0
j  jogamp.nativewindow.jawt.macosx.MacOSXJAWTWindow.access$200(JJ)V+2
j  jogamp.nativewindow.jawt.macosx.MacOSXJAWTWindow$1.run()V+38
j  com.jogamp.common.util.RunnableTask.run()V+24
v  ~StubRoutines::call_stub

---------------  P R O C E S S  ---------------

Java Threads: ( => current thread )
  0x00007ff7b8bec000 JavaThread "Thread-7" [_thread_blocked, id=64183, stack(0x00000001952a9000,0x00000001953a9000)]
  0x00007ff7b8f38800 JavaThread "Image Fetcher 3" daemon [_thread_blocked, id=70147, stack(0x0000000195bf0000,0x0000000195cf0000)]
  0x00007ff7b993e000 JavaThread "Image Fetcher 2" daemon [_thread_blocked, id=69635, stack(0x0000000195aed000,0x0000000195bed000)]
  0x00007ff7b9980800 JavaThread "Image Fetcher 1" daemon [_thread_blocked, id=69123, stack(0x00000001959ea000,0x0000000195aea000)]
  0x00007ff7b9112800 JavaThread "Image Fetcher 0" daemon [_thread_blocked, id=68611, stack(0x00000001958e7000,0x00000001959e7000)]
  0x00007ff7b8f38000 JavaThread "Keep-Alive-Timer" daemon [_thread_blocked, id=68131, stack(0x00000001957e4000,0x00000001958e4000)]
  0x00007ff7b9409000 JavaThread "AWT-EventQueue-1" [_thread_in_native, id=62227, stack(0x000000018dc9a000,0x000000018dd9a000)]
  0x00007ff7b8806800 JavaThread "DestroyJavaVM" [_thread_blocked, id=4867, stack(0x000000010dc60000,0x000000010dd60000)]
  0x00007ff7b89ee800 JavaThread "AWT-EventQueue-0" [_thread_blocked, id=54791, stack(0x000000012df3d000,0x000000012e03d000)]
  0x00007ff7ba123800 JavaThread "Java2D Disposer" daemon [_thread_blocked, id=50979, stack(0x000000012cc13000,0x000000012cd13000)]
  0x00007ff7b894d000 JavaThread "Java2D Queue Flusher" daemon [_thread_blocked, id=49415, stack(0x000000012bb8d000,0x000000012bc8d000)]
  0x00007ff7b91c2000 JavaThread "AWT-Shutdown" [_thread_blocked, id=28179, stack(0x0000000128da3000,0x0000000128ea3000)]
=>0x00007ff7b91ba000 JavaThread "AWT-AppKit" daemon [_thread_in_native, id=1811, stack(0x00007fff518b7000,0x00007fff520b7000)]
  0x00007ff7b9805800 JavaThread "Service Thread" daemon [_thread_blocked, id=18179, stack(0x00000001272e8000,0x00000001273e8000)]
  0x00007ff7b885c800 JavaThread "C1 CompilerThread2" daemon [_thread_blocked, id=17667, stack(0x00000001271e5000,0x00000001272e5000)]
  0x00007ff7b885c000 JavaThread "C2 CompilerThread1" daemon [_thread_blocked, id=17155, stack(0x00000001270e2000,0x00000001271e2000)]
  0x00007ff7b8809000 JavaThread "C2 CompilerThread0" daemon [_thread_blocked, id=16643, stack(0x0000000126fdf000,0x00000001270df000)]
  0x00007ff7b8838000 JavaThread "Signal Dispatcher" daemon [_thread_blocked, id=13335, stack(0x0000000126edc000,0x0000000126fdc000)]
  0x00007ff7b8834800 JavaThread "Finalizer" daemon [_thread_blocked, id=11523, stack(0x00000001254d6000,0x00000001255d6000)]
  0x00007ff7b9037800 JavaThread "Reference Handler" daemon [_thread_blocked, id=11011, stack(0x00000001253d3000,0x00000001254d3000)]

Other Threads:
  0x00007ff7b9035000 VMThread [stack: 0x00000001252d0000,0x00000001253d0000] [id=10499]
  0x00007ff7ba00d000 WatcherThread [stack: 0x00000001273eb000,0x00000001274eb000] [id=18691]

VM state:not at safepoint (normal execution)

VM Mutex/Monitor currently owned by a thread: None

Heap:
 PSYoungGen      total 38400K, used 33803K [0x0000000795580000, 0x0000000798000000, 0x00000007c0000000)
  eden space 33280K, 86% used [0x0000000795580000,0x000000079719e808,0x0000000797600000)
  from space 5120K, 97% used [0x0000000797600000,0x0000000797ae4618,0x0000000797b00000)
  to   space 5120K, 0% used [0x0000000797b00000,0x0000000797b00000,0x0000000798000000)
 ParOldGen       total 87552K, used 8K [0x0000000740000000, 0x0000000745580000, 0x0000000795580000)
  object space 87552K, 0% used [0x0000000740000000,0x0000000740002000,0x0000000745580000)
 Metaspace       used 18834K, capacity 19003K, committed 19072K, reserved 1067008K
  class space    used 1867K, capacity 1918K, committed 1920K, reserved 1048576K

Card table byte_map: [0x000000011e949000,0x000000011ed4a000] byte_map_base: 0x000000011af49000

Marking Bits: (ParMarkBitMap*) 0x000000010eedee20
 Begin Bits: [0x000000011f401000, 0x0000000121401000)
 End Bits:   [0x0000000121401000, 0x0000000123401000)

Polling page: 0x000000010dda5000

CodeCache: size=245760Kb used=6136Kb max_used=6136Kb free=239623Kb
 bounds [0x000000010f589000, 0x000000010fb99000, 0x000000011e589000]
 total_blobs=2580 nmethods=1706 adapters=788
 compilation: enabled

Compilation events (10 events):
Event: 8.867 Thread 0x00007ff7b885c800 1702       3       sun.awt.SunToolkit::wakeupEventQueue (11 bytes)
Event: 8.867 Thread 0x00007ff7b885c800 nmethod 1702 0x000000010fb87910 code [0x000000010fb87ac0, 0x000000010fb87eb8]
Event: 8.867 Thread 0x00007ff7b885c800 1703       3       java.awt.EventQueue$2::wakeup (6 bytes)
Event: 8.867 Thread 0x00007ff7b885c800 nmethod 1703 0x000000010fb880d0 code [0x000000010fb88240, 0x000000010fb88428]
Event: 8.867 Thread 0x00007ff7b885c800 1704       3       java.awt.EventQueue::access$100 (6 bytes)
Event: 8.867 Thread 0x00007ff7b885c800 nmethod 1704 0x000000010fb88550 code [0x000000010fb886c0, 0x000000010fb88828]
Event: 8.867 Thread 0x00007ff7b885c800 1705   !   3       java.awt.EventQueue::wakeup (79 bytes)
Event: 8.870 Thread 0x00007ff7b885c800 nmethod 1705 0x000000010fb88910 code [0x000000010fb88b40, 0x000000010fb89738]
Event: 8.874 Thread 0x00007ff7b885c800 1706       3       java.util.IdentityHashMap::maskNull (12 bytes)
Event: 8.875 Thread 0x00007ff7b885c800 nmethod 1706 0x000000010fb89d90 code [0x000000010fb89f00, 0x000000010fb8a090]

GC Heap History (2 events):
Event: 4.166 GC heap before
{Heap before GC invocations=1 (full 0):
 PSYoungGen      total 38400K, used 33280K [0x0000000795580000, 0x0000000798000000, 0x00000007c0000000)
  eden space 33280K, 100% used [0x0000000795580000,0x0000000797600000,0x0000000797600000)
  from space 5120K, 0% used [0x0000000797b00000,0x0000000797b00000,0x0000000798000000)
  to   space 5120K, 0% used [0x0000000797600000,0x0000000797600000,0x0000000797b00000)
 ParOldGen       total 87552K, used 0K [0x0000000740000000, 0x0000000745580000, 0x0000000795580000)
  object space 87552K, 0% used [0x0000000740000000,0x0000000740000000,0x0000000745580000)
 Metaspace       used 15827K, capacity 16043K, committed 16256K, reserved 1064960K
  class space    used 1597K, capacity 1660K, committed 1664K, reserved 1048576K
Event: 4.173 GC heap after
Heap after GC invocations=1 (full 0):
 PSYoungGen      total 38400K, used 5009K [0x0000000795580000, 0x0000000798000000, 0x00000007c0000000)
  eden space 33280K, 0% used [0x0000000795580000,0x0000000795580000,0x0000000797600000)
  from space 5120K, 97% used [0x0000000797600000,0x0000000797ae4618,0x0000000797b00000)
  to   space 5120K, 0% used [0x0000000797b00000,0x0000000797b00000,0x0000000798000000)
 ParOldGen       total 87552K, used 8K [0x0000000740000000, 0x0000000745580000, 0x0000000795580000)
  object space 87552K, 0% used [0x0000000740000000,0x0000000740002000,0x0000000745580000)
 Metaspace       used 15827K, capacity 16043K, committed 16256K, reserved 1064960K
  class space    used 1597K, capacity 1660K, committed 1664K, reserved 1048576K
}

Deoptimization events (5 events):
Event: 3.552 Thread 0x00007ff7ba1a5000 Uncommon trap: reason=unstable_if action=reinterpret pc=0x000000010f756380 method=java.lang.String.toLowerCase(Ljava/util/Locale;)Ljava/lang/String; @ 85
Event: 3.849 Thread 0x00007ff7b894f800 Uncommon trap: reason=unstable_if action=reinterpret pc=0x000000010f7ba560 method=java.lang.String.indexOf([CII[CIII)I @ 3
Event: 3.849 Thread 0x00007ff7b894f800 Uncommon trap: reason=unstable_if action=reinterpret pc=0x000000010f742a98 method=java.lang.String.indexOf([CII[CIII)I @ 3
Event: 4.699 Thread 0x00007ff7b9409000 Uncommon trap: reason=unstable_if action=reinterpret pc=0x000000010f72e6d0 method=java.lang.AbstractStringBuilder.append(Ljava/lang/String;)Ljava/lang/AbstractStringBuilder; @ 1
Event: 8.835 Thread 0x00007ff7b89ee800 Uncommon trap: reason=unstable_if action=reinterpret pc=0x000000010fa7ae7c method=java.lang.StrictMath.floorOrCeil(DDDD)D @ 14

Internal exceptions (10 events):
Event: 0.328 Thread 0x00007ff7b8806800 Exception <a 'java/lang/NoSuchFieldError': method resolution failed> (0x000000079582a6b0) thrown at [/Users/java_re/workspace/8-2-build-macosx-x86_64/jdk8u60/4407/hotspot/src/share/vm/prims/methodHandles.cpp, line 1146]
Event: 0.330 Thread 0x00007ff7b8806800 Exception <a 'java/lang/NoSuchFieldError': method resolution failed> (0x0000000795837e80) thrown at [/Users/java_re/workspace/8-2-build-macosx-x86_64/jdk8u60/4407/hotspot/src/share/vm/prims/methodHandles.cpp, line 1146]
Event: 1.241 Thread 0x00007ff7b8806800 Exception <a 'java/io/FileNotFoundException'> (0x00000007958b3ec8) thrown at [/Users/java_re/workspace/8-2-build-macosx-x86_64/jdk8u60/4407/hotspot/src/share/vm/prims/jni.cpp, line 709]
Event: 1.241 Thread 0x00007ff7b8806800 Exception <a 'java/io/FileNotFoundException'> (0x00000007958b4a30) thrown at [/Users/java_re/workspace/8-2-build-macosx-x86_64/jdk8u60/4407/hotspot/src/share/vm/prims/jni.cpp, line 709]
Event: 1.414 Thread 0x00007ff7b8806800 Exception <a 'java/io/FileNotFoundException'> (0x00000007959ef858) thrown at [/Users/java_re/workspace/8-2-build-macosx-x86_64/jdk8u60/4407/hotspot/src/share/vm/prims/jni.cpp, line 709]
Event: 3.877 Thread 0x00007ff7b894f800 Exception <a 'java/lang/UnsatisfiedLinkError': com.jogamp.common.util.JarUtil.fixNativeLibAttribs(Ljava/lang/String;)Z> (0x0000000796c6d9d0) thrown at [/Users/java_re/workspace/8-2-build-macosx-x86_64/jdk8u60/4407/hotspot/src/share/vm/prims/nativeLookup.c
Event: 4.174 Thread 0x00007ff7b8834800 Exception <a 'java/lang/NullPointerException'> (0x00000007956a3058) thrown at [/Users/java_re/workspace/8-2-build-macosx-x86_64/jdk8u60/4407/hotspot/src/share/vm/interpreter/linkResolver.cpp, line 1178]
Event: 4.699 Thread 0x00007ff7b9409000 Exception <a 'java/io/FileNotFoundException'> (0x0000000795f51290) thrown at [/Users/java_re/workspace/8-2-build-macosx-x86_64/jdk8u60/4407/hotspot/src/share/vm/prims/jni.cpp, line 709]
Event: 4.699 Thread 0x00007ff7b9409000 Exception <a 'java/io/FileNotFoundException'> (0x0000000795f572f8) thrown at [/Users/java_re/workspace/8-2-build-macosx-x86_64/jdk8u60/4407/hotspot/src/share/vm/prims/jni.cpp, line 709]
Event: 4.699 Thread 0x00007ff7b9409000 Implicit null exception at 0x000000010f72e333 to 0x000000010f72e6bd

Events (10 events):
Event: 8.876 Executing VM operation: RevokeBias done
Event: 8.877 loading class java/awt/LightweightDispatcher$2
Event: 8.877 loading class java/awt/LightweightDispatcher$2 done
Event: 8.877 loading class java/awt/event/AWTEventListenerProxy
Event: 8.877 loading class java/awt/event/AWTEventListenerProxy done
Event: 8.877 loading class java/awt/Toolkit$ToolkitEventMulticaster
Event: 8.877 loading class java/awt/Toolkit$ToolkitEventMulticaster done
Event: 8.878 Thread 0x00007ff7b925f800 Thread exited: 0x00007ff7b925f800
Event: 8.878 loading class java/awt/Window$1DisposeAction
Event: 8.878 loading class java/awt/Window$1DisposeAction done


Dynamic libraries:
0x0000000001464000 	/System/Library/Frameworks/Cocoa.framework/Versions/A/Cocoa
0x0000000001464000 	/System/Library/Frameworks/Security.framework/Versions/A/Security
0x0000000001464000 	/System/Library/Frameworks/ApplicationServices.framework/Versions/A/ApplicationServices
0x0000000001464000 	/usr/lib/libz.1.dylib
0x0000000001464000 	/usr/lib/libSystem.B.dylib
0x0000000001464000 	/usr/lib/libobjc.A.dylib
0x0000000001464000 	/System/Library/Frameworks/CoreFoundation.framework/Versions/A/CoreFoundation
0x0000000001464000 	/System/Library/Frameworks/Foundation.framework/Versions/C/Foundation
0x0000000001464000 	/System/Library/Frameworks/AppKit.framework/Versions/C/AppKit
0x0000000001464000 	/System/Library/Frameworks/CoreData.framework/Versions/A/CoreData
0x0000000001464000 	/System/Library/PrivateFrameworks/RemoteViewServices.framework/Versions/A/RemoteViewServices
0x0000000001464000 	/System/Library/PrivateFrameworks/UIFoundation.framework/Versions/A/UIFoundation
0x0000000001464000 	/System/Library/Frameworks/IOSurface.framework/Versions/A/IOSurface
0x0000000001464000 	/System/Library/Frameworks/AudioToolbox.framework/Versions/A/AudioToolbox
0x0000000001464000 	/System/Library/Frameworks/AudioUnit.framework/Versions/A/AudioUnit
0x0000000001464000 	/System/Library/PrivateFrameworks/DataDetectorsCore.framework/Versions/A/DataDetectorsCore
0x0000000001464000 	/System/Library/PrivateFrameworks/DesktopServicesPriv.framework/Versions/A/DesktopServicesPriv
0x0000000001464000 	/System/Library/Frameworks/Carbon.framework/Versions/A/Frameworks/HIToolbox.framework/Versions/A/HIToolbox
0x0000000001464000 	/System/Library/Frameworks/QuartzCore.framework/Versions/A/QuartzCore
0x0000000001464000 	/System/Library/Frameworks/Carbon.framework/Versions/A/Frameworks/SpeechRecognition.framework/Versions/A/SpeechRecognition
0x0000000001464000 	/usr/lib/libauto.dylib
0x0000000001464000 	/usr/lib/libicucore.A.dylib
0x0000000001464000 	/usr/lib/libxml2.2.dylib
0x0000000001464000 	/System/Library/PrivateFrameworks/CoreUI.framework/Versions/A/CoreUI
0x0000000001464000 	/System/Library/Frameworks/CoreAudio.framework/Versions/A/CoreAudio
0x0000000001464000 	/System/Library/Frameworks/DiskArbitration.framework/Versions/A/DiskArbitration
0x0000000001464000 	/usr/lib/liblangid.dylib
0x0000000001464000 	/System/Library/PrivateFrameworks/MultitouchSupport.framework/Versions/A/MultitouchSupport
0x0000000001464000 	/System/Library/Frameworks/IOKit.framework/Versions/A/IOKit
0x0000000001464000 	/usr/lib/libDiagnosticMessagesClient.dylib
0x0000000001464000 	/System/Library/Frameworks/CoreServices.framework/Versions/A/CoreServices
0x0000000001464000 	/System/Library/PrivateFrameworks/PerformanceAnalysis.framework/Versions/A/PerformanceAnalysis
0x0000000001464000 	/System/Library/PrivateFrameworks/GenerationalStorage.framework/Versions/A/GenerationalStorage
0x0000000001464000 	/System/Library/Frameworks/OpenGL.framework/Versions/A/OpenGL
0x0000000001464000 	/System/Library/PrivateFrameworks/Sharing.framework/Versions/A/Sharing
0x0000000001464000 	/System/Library/Frameworks/CoreGraphics.framework/Versions/A/CoreGraphics
0x0000000001464000 	/System/Library/Frameworks/CoreText.framework/Versions/A/CoreText
0x0000000001464000 	/System/Library/Frameworks/ImageIO.framework/Versions/A/ImageIO
0x0000000001464000 	/usr/lib/libextension.dylib
0x0000000001464000 	/System/Library/PrivateFrameworks/Backup.framework/Versions/A/Backup
0x0000000001464000 	/usr/lib/libarchive.2.dylib
0x0000000001464000 	/System/Library/Frameworks/CFNetwork.framework/Versions/A/CFNetwork
0x0000000001464000 	/System/Library/Frameworks/SystemConfiguration.framework/Versions/A/SystemConfiguration
0x0000000001464000 	/usr/lib/libCRFSuite.dylib
0x0000000001464000 	/usr/lib/libc++.1.dylib
0x0000000001464000 	/usr/lib/libc++abi.dylib
0x0000000001464000 	/usr/lib/system/libcache.dylib
0x0000000001464000 	/usr/lib/system/libcommonCrypto.dylib
0x0000000001464000 	/usr/lib/system/libcompiler_rt.dylib
0x0000000001464000 	/usr/lib/system/libcopyfile.dylib
0x0000000001464000 	/usr/lib/system/libcorecrypto.dylib
0x0000000001464000 	/usr/lib/system/libdispatch.dylib
0x0000000001464000 	/usr/lib/system/libdyld.dylib
0x0000000001464000 	/usr/lib/system/libkeymgr.dylib
0x0000000001464000 	/usr/lib/system/liblaunch.dylib
0x0000000001464000 	/usr/lib/system/libmacho.dylib
0x0000000001464000 	/usr/lib/system/libquarantine.dylib
0x0000000001464000 	/usr/lib/system/libremovefile.dylib
0x0000000001464000 	/usr/lib/system/libsystem_asl.dylib
0x0000000001464000 	/usr/lib/system/libsystem_blocks.dylib
0x0000000001464000 	/usr/lib/system/libsystem_c.dylib
0x0000000001464000 	/usr/lib/system/libsystem_configuration.dylib
0x0000000001464000 	/usr/lib/system/libsystem_coreservices.dylib
0x0000000001464000 	/usr/lib/system/libsystem_coretls.dylib
0x0000000001464000 	/usr/lib/system/libsystem_dnssd.dylib
0x0000000001464000 	/usr/lib/system/libsystem_info.dylib
0x0000000001464000 	/usr/lib/system/libsystem_kernel.dylib
0x0000000001464000 	/usr/lib/system/libsystem_m.dylib
0x0000000001464000 	/usr/lib/system/libsystem_malloc.dylib
0x0000000001464000 	/usr/lib/system/libsystem_network.dylib
0x0000000001464000 	/usr/lib/system/libsystem_networkextension.dylib
0x0000000001464000 	/usr/lib/system/libsystem_notify.dylib
0x0000000001464000 	/usr/lib/system/libsystem_platform.dylib
0x0000000001464000 	/usr/lib/system/libsystem_pthread.dylib
0x0000000001464000 	/usr/lib/system/libsystem_sandbox.dylib
0x0000000001464000 	/usr/lib/system/libsystem_secinit.dylib
0x0000000001464000 	/usr/lib/system/libsystem_stats.dylib
0x0000000001464000 	/usr/lib/system/libsystem_trace.dylib
0x0000000001464000 	/usr/lib/system/libunc.dylib
0x0000000001464000 	/usr/lib/system/libunwind.dylib
0x0000000001464000 	/usr/lib/system/libxpc.dylib
0x0000000001464000 	/usr/lib/libbz2.1.0.dylib
0x0000000001464000 	/usr/lib/liblzma.5.dylib
0x0000000001464000 	/usr/lib/libbsm.0.dylib
0x0000000001464000 	/usr/lib/libsqlite3.dylib
0x0000000001464000 	/usr/lib/system/libkxld.dylib
0x0000000001464000 	/usr/lib/libxar.1.dylib
0x0000000001464000 	/usr/lib/libpam.2.dylib
0x0000000001464000 	/usr/lib/libOpenScriptingUtil.dylib
0x0000000001464000 	/System/Library/Frameworks/CoreServices.framework/Versions/A/Frameworks/FSEvents.framework/Versions/A/FSEvents
0x0000000001464000 	/System/Library/Frameworks/CoreServices.framework/Versions/A/Frameworks/CarbonCore.framework/Versions/A/CarbonCore
0x0000000001464000 	/System/Library/Frameworks/CoreServices.framework/Versions/A/Frameworks/Metadata.framework/Versions/A/Metadata
0x0000000001464000 	/System/Library/Frameworks/CoreServices.framework/Versions/A/Frameworks/OSServices.framework/Versions/A/OSServices
0x0000000001464000 	/System/Library/Frameworks/CoreServices.framework/Versions/A/Frameworks/SearchKit.framework/Versions/A/SearchKit
0x0000000001464000 	/System/Library/Frameworks/CoreServices.framework/Versions/A/Frameworks/AE.framework/Versions/A/AE
0x0000000001464000 	/System/Library/Frameworks/CoreServices.framework/Versions/A/Frameworks/LaunchServices.framework/Versions/A/LaunchServices
0x0000000001464000 	/System/Library/Frameworks/CoreServices.framework/Versions/A/Frameworks/DictionaryServices.framework/Versions/A/DictionaryServices
0x0000000001464000 	/System/Library/Frameworks/NetFS.framework/Versions/A/NetFS
0x0000000001464000 	/System/Library/PrivateFrameworks/NetAuth.framework/Versions/A/NetAuth
0x0000000001464000 	/System/Library/PrivateFrameworks/login.framework/Versions/A/Frameworks/loginsupport.framework/Versions/A/loginsupport
0x0000000001464000 	/System/Library/PrivateFrameworks/TCC.framework/Versions/A/TCC
0x0000000001464000 	/usr/lib/libmecabra.dylib
0x0000000001464000 	/System/Library/Frameworks/ApplicationServices.framework/Versions/A/Frameworks/ATS.framework/Versions/A/ATS
0x0000000001464000 	/System/Library/Frameworks/ApplicationServices.framework/Versions/A/Frameworks/ColorSync.framework/Versions/A/ColorSync
0x0000000001464000 	/System/Library/Frameworks/ApplicationServices.framework/Versions/A/Frameworks/HIServices.framework/Versions/A/HIServices
0x0000000001464000 	/System/Library/Frameworks/ApplicationServices.framework/Versions/A/Frameworks/LangAnalysis.framework/Versions/A/LangAnalysis
0x0000000001464000 	/System/Library/Frameworks/ApplicationServices.framework/Versions/A/Frameworks/PrintCore.framework/Versions/A/PrintCore
0x0000000001464000 	/System/Library/Frameworks/ApplicationServices.framework/Versions/A/Frameworks/QD.framework/Versions/A/QD
0x0000000001464000 	/System/Library/Frameworks/ApplicationServices.framework/Versions/A/Frameworks/SpeechSynthesis.framework/Versions/A/SpeechSynthesis
0x0000000001464000 	/System/Library/Frameworks/Accelerate.framework/Versions/A/Accelerate
0x0000000001464000 	/System/Library/Frameworks/Accelerate.framework/Versions/A/Frameworks/vImage.framework/Versions/A/vImage
0x0000000001464000 	/System/Library/Frameworks/Accelerate.framework/Versions/A/Frameworks/vecLib.framework/Versions/A/vecLib
0x0000000001464000 	/System/Library/Frameworks/Accelerate.framework/Versions/A/Frameworks/vecLib.framework/Versions/A/libvDSP.dylib
0x0000000001464000 	/System/Library/Frameworks/Accelerate.framework/Versions/A/Frameworks/vecLib.framework/Versions/A/libvMisc.dylib
0x0000000001464000 	/System/Library/Frameworks/Accelerate.framework/Versions/A/Frameworks/vecLib.framework/Versions/A/libLAPACK.dylib
0x0000000001464000 	/System/Library/Frameworks/Accelerate.framework/Versions/A/Frameworks/vecLib.framework/Versions/A/libBLAS.dylib
0x0000000001464000 	/System/Library/Frameworks/Accelerate.framework/Versions/A/Frameworks/vecLib.framework/Versions/A/libLinearAlgebra.dylib
0x0000000001464000 	/System/Library/Frameworks/ApplicationServices.framework/Versions/A/Frameworks/ATS.framework/Versions/A/Resources/libFontParser.dylib
0x0000000001464000 	/System/Library/Frameworks/ApplicationServices.framework/Versions/A/Frameworks/ATS.framework/Versions/A/Resources/libFontRegistry.dylib
0x0000000001464000 	/System/Library/PrivateFrameworks/AppleVPA.framework/Versions/A/AppleVPA
0x0000000001464000 	/System/Library/PrivateFrameworks/AppleJPEG.framework/Versions/A/AppleJPEG
0x0000000001464000 	/System/Library/Frameworks/ImageIO.framework/Versions/A/Resources/libJPEG.dylib
0x0000000001464000 	/System/Library/Frameworks/ImageIO.framework/Versions/A/Resources/libTIFF.dylib
0x0000000001464000 	/System/Library/Frameworks/ImageIO.framework/Versions/A/Resources/libPng.dylib
0x0000000001464000 	/System/Library/Frameworks/ImageIO.framework/Versions/A/Resources/libGIF.dylib
0x0000000001464000 	/System/Library/Frameworks/ImageIO.framework/Versions/A/Resources/libJP2.dylib
0x0000000001464000 	/System/Library/Frameworks/ImageIO.framework/Versions/A/Resources/libRadiance.dylib
0x0000000001464000 	/System/Library/Frameworks/CoreVideo.framework/Versions/A/CoreVideo
0x0000000001464000 	/System/Library/Frameworks/OpenGL.framework/Versions/A/Libraries/libGLU.dylib
0x0000000001464000 	/System/Library/Frameworks/OpenGL.framework/Versions/A/Libraries/libGFXShared.dylib
0x0000000001464000 	/System/Library/Frameworks/OpenGL.framework/Versions/A/Libraries/libGL.dylib
0x0000000001464000 	/System/Library/Frameworks/OpenGL.framework/Versions/A/Libraries/libGLImage.dylib
0x0000000001464000 	/System/Library/Frameworks/OpenGL.framework/Versions/A/Libraries/libCVMSPluginSupport.dylib
0x0000000001464000 	/System/Library/Frameworks/OpenGL.framework/Versions/A/Libraries/libCoreVMClient.dylib
0x0000000001464000 	/usr/lib/libcups.2.dylib
0x0000000001464000 	/System/Library/Frameworks/Kerberos.framework/Versions/A/Kerberos
0x0000000001464000 	/System/Library/Frameworks/GSS.framework/Versions/A/GSS
0x0000000001464000 	/usr/lib/libresolv.9.dylib
0x0000000001464000 	/usr/lib/libiconv.2.dylib
0x0000000001464000 	/System/Library/PrivateFrameworks/Heimdal.framework/Versions/A/Heimdal
0x0000000001464000 	/usr/lib/libheimdal-asn1.dylib
0x0000000001464000 	/System/Library/Frameworks/OpenDirectory.framework/Versions/A/OpenDirectory
0x0000000001464000 	/System/Library/PrivateFrameworks/CommonAuth.framework/Versions/A/CommonAuth
0x0000000001464000 	/System/Library/Frameworks/OpenDirectory.framework/Versions/A/Frameworks/CFOpenDirectory.framework/Versions/A/CFOpenDirectory
0x0000000001464000 	/System/Library/Frameworks/SecurityFoundation.framework/Versions/A/SecurityFoundation
0x0000000001464000 	/System/Library/PrivateFrameworks/LanguageModeling.framework/Versions/A/LanguageModeling
0x0000000001464000 	/usr/lib/libcmph.dylib
0x0000000001464000 	/System/Library/Frameworks/ServiceManagement.framework/Versions/A/ServiceManagement
0x0000000001464000 	/usr/lib/libxslt.1.dylib
0x0000000001464000 	/System/Library/Frameworks/Carbon.framework/Versions/A/Frameworks/Ink.framework/Versions/A/Ink
0x0000000001464000 	/System/Library/Frameworks/QuartzCore.framework/Versions/A/Frameworks/CoreImage.framework/Versions/A/CoreImage
0x0000000001464000 	/System/Library/PrivateFrameworks/CrashReporterSupport.framework/Versions/A/CrashReporterSupport
0x0000000001464000 	/System/Library/Frameworks/OpenCL.framework/Versions/A/OpenCL
0x0000000001464000 	/System/Library/PrivateFrameworks/FaceCore.framework/Versions/A/FaceCore
0x0000000001464000 	/System/Library/PrivateFrameworks/Ubiquity.framework/Versions/A/Ubiquity
0x0000000001464000 	/System/Library/PrivateFrameworks/IconServices.framework/Versions/A/IconServices
0x0000000001464000 	/System/Library/PrivateFrameworks/ChunkingLibrary.framework/Versions/A/ChunkingLibrary
0x0000000001464000 	/System/Library/PrivateFrameworks/Apple80211.framework/Versions/A/Apple80211
0x0000000001464000 	/System/Library/Frameworks/CoreWLAN.framework/Versions/A/CoreWLAN
0x0000000001464000 	/System/Library/Frameworks/IOBluetooth.framework/Versions/A/IOBluetooth
0x0000000001464000 	/System/Library/PrivateFrameworks/CoreWiFi.framework/Versions/A/CoreWiFi
0x0000000001464000 	/System/Library/Frameworks/CoreBluetooth.framework/Versions/A/CoreBluetooth
0x0000000001464000 	/System/Library/PrivateFrameworks/DebugSymbols.framework/Versions/A/DebugSymbols
0x0000000001464000 	/System/Library/PrivateFrameworks/CoreSymbolication.framework/Versions/A/CoreSymbolication
0x0000000001464000 	/System/Library/PrivateFrameworks/Symbolication.framework/Versions/A/Symbolication
0x0000000001464000 	/System/Library/PrivateFrameworks/SpeechRecognitionCore.framework/Versions/A/SpeechRecognitionCore
0x000000010e600000 	/Library/Java/JavaVirtualMachines/jdk1.8.0_60.jdk/Contents/Home/jre/lib/server/libjvm.dylib
0x0000000001464000 	/usr/lib/libstdc++.6.dylib
0x000000010dd62000 	/Library/Java/JavaVirtualMachines/jdk1.8.0_60.jdk/Contents/Home/jre/lib/libverify.dylib
0x000000010dd70000 	/Library/Java/JavaVirtualMachines/jdk1.8.0_60.jdk/Contents/Home/jre/lib/libjava.dylib
0x000000010ddaf000 	/Library/Java/JavaVirtualMachines/jdk1.8.0_60.jdk/Contents/Home/jre/lib/libzip.dylib
0x000000010dde1000 	/System/Library/Frameworks/JavaVM.framework/Frameworks/JavaRuntimeSupport.framework/JavaRuntimeSupport
0x00000001255d8000 	/System/Library/Frameworks/JavaVM.framework/Versions/A/Frameworks/JavaNativeFoundation.framework/Versions/A/JavaNativeFoundation
0x00000001255ec000 	/System/Library/Frameworks/JavaVM.framework/Versions/A/JavaVM
0x0000000001464000 	/System/Library/Frameworks/Carbon.framework/Versions/A/Carbon
0x00000001255f8000 	/System/Library/PrivateFrameworks/JavaLaunching.framework/Versions/A/JavaLaunching
0x0000000001464000 	/System/Library/Frameworks/Carbon.framework/Versions/A/Frameworks/CommonPanels.framework/Versions/A/CommonPanels
0x0000000001464000 	/System/Library/Frameworks/Carbon.framework/Versions/A/Frameworks/Help.framework/Versions/A/Help
0x0000000001464000 	/System/Library/Frameworks/Carbon.framework/Versions/A/Frameworks/ImageCapture.framework/Versions/A/ImageCapture
0x0000000001464000 	/System/Library/Frameworks/Carbon.framework/Versions/A/Frameworks/OpenScripting.framework/Versions/A/OpenScripting
0x0000000001464000 	/System/Library/Frameworks/Carbon.framework/Versions/A/Frameworks/Print.framework/Versions/A/Print
0x0000000001464000 	/System/Library/Frameworks/Carbon.framework/Versions/A/Frameworks/SecurityHI.framework/Versions/A/SecurityHI
0x00000001274ed000 	/Library/Java/JavaVirtualMachines/jdk1.8.0_60.jdk/Contents/Home/jre/lib/libawt.dylib
0x0000000127595000 	/Library/Java/JavaVirtualMachines/jdk1.8.0_60.jdk/Contents/Home/jre/lib/./libmlib_image.dylib
0x0000000127661000 	/Library/Java/JavaVirtualMachines/jdk1.8.0_60.jdk/Contents/Home/jre/lib/libawt_lwawt.dylib
0x0000000127716000 	/Library/Java/JavaVirtualMachines/jdk1.8.0_60.jdk/Contents/Home/jre/lib/./libosxapp.dylib
0x0000000001464000 	/System/Library/Frameworks/ExceptionHandling.framework/Versions/A/ExceptionHandling
0x0000000001464000 	/System/Library/PrivateFrameworks/CoreServicesInternal.framework/Versions/A/CoreServicesInternal
0x0000000001464000 	/System/Library/PrivateFrameworks/CloudDocs.framework/Versions/A/CloudDocs
0x0000000001464000 	/System/Library/PrivateFrameworks/CoreDuet.framework/Versions/A/CoreDuet
0x0000000001464000 	/System/Library/Frameworks/CloudKit.framework/Versions/A/CloudKit
0x0000000001464000 	/System/Library/PrivateFrameworks/ProtocolBuffer.framework/Versions/A/ProtocolBuffer
0x0000000001464000 	/System/Library/PrivateFrameworks/CoreDuetDaemonProtocol.framework/Versions/A/CoreDuetDaemonProtocol
0x0000000001464000 	/System/Library/PrivateFrameworks/CoreDuetDebugLogging.framework/Versions/A/CoreDuetDebugLogging
0x0000000001464000 	/System/Library/PrivateFrameworks/MMCS.framework/Versions/A/MMCS
0x0000000001464000 	/System/Library/Frameworks/CoreLocation.framework/Versions/A/CoreLocation
0x0000000001464000 	/System/Library/PrivateFrameworks/ProtectedCloudStorage.framework/Versions/A/ProtectedCloudStorage
0x0000000001464000 	/System/Library/PrivateFrameworks/GeoServices.framework/Versions/A/GeoServices
0x0000000001464000 	/System/Library/Frameworks/CoreGraphics.framework/Versions/A/Resources/libCGCMS.A.dylib
0x0000000001464000 	/System/Library/Frameworks/CoreGraphics.framework/Versions/A/Resources/libRIP.A.dylib
0x0000000001464000 	/System/Library/Frameworks/CoreGraphics.framework/Versions/A/Resources/libCGXType.A.dylib
0x0000000001464000 	/System/Library/Frameworks/OpenCL.framework/Versions/A/Libraries/libcldcpuengine.dylib
0x0000000001464000 	/System/Library/PrivateFrameworks/DiskImages.framework/Versions/A/DiskImages
0x0000000001464000 	/System/Library/Frameworks/DiscRecording.framework/Versions/A/DiscRecording
0x0000000001464000 	/usr/lib/libcsfde.dylib
0x0000000001464000 	/usr/lib/libcurl.4.dylib
0x0000000001464000 	/System/Library/PrivateFrameworks/MediaKit.framework/Versions/A/MediaKit
0x0000000001464000 	/usr/lib/libCoreStorage.dylib
0x0000000001464000 	/System/Library/PrivateFrameworks/EFILogin.framework/Versions/A/EFILogin
0x0000000001464000 	/usr/lib/libutil.dylib
0x0000000001464000 	/System/Library/PrivateFrameworks/FindMyDevice.framework/Versions/A/FindMyDevice
0x0000000001464000 	/System/Library/Frameworks/LDAP.framework/Versions/A/LDAP
0x0000000001464000 	/usr/lib/libsasl2.2.dylib
0x0000000001464000 	/System/Library/PrivateFrameworks/CoreDaemon.framework/Versions/B/CoreDaemon
0x0000000001464000 	/usr/lib/libcrypto.0.9.8.dylib
0x0000000001464000 	/System/Library/PrivateFrameworks/AppleSRP.framework/Versions/A/AppleSRP
0x0000000001464000 	/System/Library/PrivateFrameworks/TrustEvaluationAgent.framework/Versions/A/TrustEvaluationAgent
0x000000012a8e3000 	cl_kernels
0x000000012a8e5000 	/System/Library/Frameworks/OpenCL.framework/Versions/A/Libraries/ImageFormats/unorm8_bgra.dylib
0x000000012a8d5000 	cl_kernels
0x0000000001464000 	/System/Library/PrivateFrameworks/FamilyControls.framework/Versions/A/FamilyControls
0x0000000001464000 	/System/Library/PrivateFrameworks/CommerceKit.framework/Versions/A/Frameworks/CommerceCore.framework/Versions/A/CommerceCore
0x0000000001464000 	/System/Library/PrivateFrameworks/SystemAdministration.framework/Versions/A/SystemAdministration
0x0000000001464000 	/System/Library/PrivateFrameworks/AppContainer.framework/Versions/A/AppContainer
0x0000000001464000 	/System/Library/PrivateFrameworks/SecCodeWrapper.framework/Versions/A/SecCodeWrapper
0x0000000001464000 	/System/Library/Frameworks/DirectoryService.framework/Versions/A/DirectoryService
0x0000000001464000 	/System/Library/PrivateFrameworks/LoginUIKit.framework/Versions/A/Frameworks/LoginUICore.framework/Versions/A/LoginUICore
0x0000000001464000 	/usr/lib/libodfde.dylib
0x0000000001464000 	/System/Library/Frameworks/OpenGL.framework/Versions/A/Resources/GLEngine.bundle/GLEngine
0x0000000001464000 	/System/Library/Frameworks/OpenGL.framework/Versions/A/Libraries/libGLProgrammability.dylib
0x000000012bc8f000 	/System/Library/Extensions/AppleIntelHD5000GraphicsGLDriver.bundle/Contents/MacOS/AppleIntelHD5000GraphicsGLDriver
0x0000000001464000 	/System/Library/PrivateFrameworks/IOAccelerator.framework/Versions/A/IOAccelerator
0x0000000001464000 	/System/Library/PrivateFrameworks/GPUSupport.framework/Versions/A/Libraries/libGPUSupportMercury.dylib
0x0000000001464000 	/System/Library/Frameworks/OpenGL.framework/Versions/A/Resources/GLRendererFloat.bundle/GLRendererFloat
0x000000012cd15000 	/Library/Java/JavaVirtualMachines/jdk1.8.0_60.jdk/Contents/Home/jre/lib/libfontmanager.dylib
0x000000012e04f000 	/Library/Java/JavaVirtualMachines/jdk1.8.0_60.jdk/Contents/Home/jre/lib/libosxui.dylib
0x000000012e122000 	/Library/Java/JavaVirtualMachines/jdk1.8.0_60.jdk/Contents/Home/jre/lib/libnet.dylib
0x000000012e139000 	/Library/Java/JavaVirtualMachines/jdk1.8.0_60.jdk/Contents/Home/jre/lib/libnio.dylib
0x0000000001464000 	/System/Library/Frameworks/ApplicationServices.framework/Versions/A/Frameworks/ATS.framework/Versions/A/Resources/libTrueTypeScaler.dylib
0x000000012deb0000 	/private/var/folders/hh/z31jgv_d7szdfpdjxj5nl_v00000gn/T/jogamp_0000/file_cache/jln442628060538456137/jln3529057663106775596/libgluegen-rt.jnilib
0x000000012e0cd000 	/private/var/folders/hh/z31jgv_d7szdfpdjxj5nl_v00000gn/T/jogamp_0000/file_cache/jln442628060538456137/jln3529057663106775596/libnativewindow_awt.jnilib
0x000000018d48d000 	/Library/Java/JavaVirtualMachines/jdk1.8.0_60.jdk/Contents/Home/jre/lib/libjawt.dylib
0x000000018d490000 	/private/var/folders/hh/z31jgv_d7szdfpdjxj5nl_v00000gn/T/jogamp_0000/file_cache/jln442628060538456137/jln3529057663106775596/libnativewindow_macosx.jnilib
0x000000019105f000 	/private/var/folders/hh/z31jgv_d7szdfpdjxj5nl_v00000gn/T/jogamp_0000/file_cache/jln442628060538456137/jln3529057663106775596/libjogl_desktop.jnilib

VM Arguments:
jvm_args: -Djava.security.policy=java.policy.applet -Dfile.encoding=UTF-8 
java_command: sun.applet.AppletViewer module1.HelloWorld1488251033911.html
java_class_path (initial): /Users/chuan1900/coursera-java/UCSDUnfoldingMaps/build:/Users/chuan1900/coursera-java/UCSDUnfoldingMaps/lib/core.jar:/Users/chuan1900/coursera-java/UCSDUnfoldingMaps/lib/gluegen-rt.jar:/Users/chuan1900/coursera-java/UCSDUnfoldingMaps/lib/jogl-all.jar:/Users/chuan1900/coursera-java/UCSDUnfoldingMaps/lib/log4j-1.2.15.jar:/Users/chuan1900/coursera-java/UCSDUnfoldingMaps/lib/sqlite-jdbc-3.7.2.jar:/Users/chuan1900/coursera-java/UCSDUnfoldingMaps/lib/json4processing.jar:/Users/chuan1900/coursera-java/UCSDUnfoldingMaps/lib/libTUIO.jar:/Users/chuan1900/coursera-java/UCSDUnfoldingMaps/lib/unfolding.0.9.7-uscd.jar
Launcher Type: SUN_STANDARD

Environment Variables:
PATH=/usr/bin:/bin:/usr/sbin:/sbin
SHELL=/bin/bash
DISPLAY=/private/tmp/com.apple.launchd.yILEgeE45r/org.macosforge.xquartz:0

Signal Handlers:
SIGSEGV: [libjvm.dylib+0x5a6d31], sa_mask[0]=11111111011111110111111111111111, sa_flags=SA_ONSTACK|SA_RESTART|SA_SIGINFO
SIGBUS: [libjvm.dylib+0x5a6d31], sa_mask[0]=11111111011111110111111111111111, sa_flags=SA_RESTART|SA_SIGINFO
SIGFPE: [libjvm.dylib+0x480a4c], sa_mask[0]=11111111011111110111111111111111, sa_flags=SA_RESTART|SA_SIGINFO
SIGPIPE: [libjvm.dylib+0x480a4c], sa_mask[0]=11111111011111110111111111111111, sa_flags=SA_RESTART|SA_SIGINFO
SIGXFSZ: [libjvm.dylib+0x480a4c], sa_mask[0]=11111111011111110111111111111111, sa_flags=SA_RESTART|SA_SIGINFO
SIGILL: [libjvm.dylib+0x480a4c], sa_mask[0]=11111111011111110111111111111111, sa_flags=SA_RESTART|SA_SIGINFO
SIGUSR1: SIG_DFL, sa_mask[0]=00000000000000000000000000000000, sa_flags=none
SIGUSR2: [libjvm.dylib+0x48056a], sa_mask[0]=00100000000000000000000000000000, sa_flags=SA_RESTART|SA_SIGINFO
SIGHUP: [libjvm.dylib+0x47eb41], sa_mask[0]=11111111011111110111111111111111, sa_flags=SA_RESTART|SA_SIGINFO
SIGINT: [libjvm.dylib+0x47eb41], sa_mask[0]=11111111011111110111111111111111, sa_flags=SA_RESTART|SA_SIGINFO
SIGTERM: [libjvm.dylib+0x47eb41], sa_mask[0]=11111111011111110111111111111111, sa_flags=SA_RESTART|SA_SIGINFO
SIGQUIT: [libjvm.dylib+0x47eb41], sa_mask[0]=11111111011111110111111111111111, sa_flags=SA_RESTART|SA_SIGINFO


---------------  S Y S T E M  ---------------

OS:Bsduname:Darwin 14.5.0 Darwin Kernel Version 14.5.0: Sun Sep 25 22:07:15 PDT 2016; root:xnu-2782.50.9~1/RELEASE_X86_64 x86_64
rlimit: STACK 8192k, CORE 0k, NPROC 709, NOFILE 10240, AS infinity
load average:2.16 2.15 2.02

CPU:total 4 (2 cores per cpu, 2 threads per core) family 6 model 69 stepping 1, cmov, cx8, fxsr, mmx, sse, sse2, sse3, ssse3, sse4.1, sse4.2, popcnt, avx, avx2, aes, clmul, erms, lzcnt, ht, tsc, tscinvbit, bmi1, bmi2

Memory: 4k page, physical 8388608k(95628k free)

/proc/meminfo:


vm_info: Java HotSpot(TM) 64-Bit Server VM (25.60-b23) for bsd-amd64 JRE (1.8.0_60-b27), built on Aug  4 2015 10:47:24 by "java_re" with gcc 4.2.1 (Based on Apple Inc. build 5658) (LLVM build 2336.11.00)

time: Mon Feb 27 22:04:02 2017
elapsed time: 8 seconds (0d 0h 0m 8s)

