#
# A fatal error has been detected by the Java Runtime Environment:
#
#  SIGSEGV (0xb) at pc=0x00007fff8a7c30dd, pid=25230, tid=1811
#
# JRE version: Java(TM) SE Runtime Environment (8.0_60-b27) (build 1.8.0_60-b27)
# Java VM: Java HotSpot(TM) 64-Bit Server VM (25.60-b23 mixed mode bsd-amd64 compressed oops)
# Problematic frame:
# C  [libobjc.A.dylib+0x10dd]  objc_msgSend+0x1d
#
# Failed to write core dump. Core dumps have been disabled. To enable core dumping, try "ulimit -c unlimited" before starting Java again
#
# If you would like to submit a bug report, please visit:
#   http://bugreport.java.com/bugreport/crash.jsp
# The crash happened outside the Java Virtual Machine in native code.
# See problematic frame for where to report the bug.
#

---------------  T H R E A D  ---------------

Current thread (0x00007fd362070000):  JavaThread "AWT-AppKit" daemon [_thread_in_native, id=1811, stack(0x00007fff559e2000,0x00007fff561e2000)]

siginfo: si_signo: 11 (SIGSEGV), si_code: 1 (SEGV_MAPERR), si_addr: 0x0000000000000018

Registers:
RAX=0x00007fd365474330, RBX=0x00000001892b7450, RCX=0x0000000129f4d960, RDX=0x0000000128d56520
RSP=0x00007fff561dd468, RBP=0x00007fff561dd520, RSI=0x00007fff8d22240f, RDI=0x00007fd365641cb0
R8 =0x0000000000000000, R9 =0x0000000000000f50, R10=0x00007fff8d22240f, R11=0x0000000000000000
R12=0x0000000000000000, R13=0x000000018d8aabd8, R14=0x00000001892b7440, R15=0x00007fd362070000
RIP=0x00007fff8a7c30dd, EFLAGS=0x0000000000010246, ERR=0x0000000000000004
  TRAPNO=0x000000000000000e

Top of Stack: (sp=0x00007fff561dd468)
0x00007fff561dd468:   00000001892b5157 00007fff561dd4c0
0x00007fff561dd478:   0000000000000003 00007fff561dd4a0
0x00007fff561dd488:   0000000109d0e992 000000018d8aabd8
0x00007fff561dd498:   000000018d8aabd8 00007fd365474330
0x00007fff561dd4a8:   00000001892b76a0 00000001892b7710
0x00007fff561dd4b8:   00007fff72ea7550 00007fff7183fc80
0x00007fff561dd4c8:   00000001892b7450 00000001892b7690
0x00007fff561dd4d8:   00007fd365474330 00007fd365641cb0
0x00007fff561dd4e8:   00007fd360c86ca0 00007fd365474330
0x00007fff561dd4f8:   00007fd365641cb0 00007fff561dd5a8
0x00007fff561dd508:   00007fd3620701f8 000000018d8aabd8
0x00007fff561dd518:   00007fff561dd5d0 00007fff561dd598
0x00007fff561dd528:   000000010b44a954 000000018d8aabd8
0x00007fff561dd538:   00007fff561dd5d0 00007fff561dd598
0x00007fff561dd548:   000000010b44a6e7 000000010b44a6a2
0x00007fff561dd558:   00007fff561dd558 000000018d8aabd8
0x00007fff561dd568:   00007fff561dd5d0 000000018d8ce028
0x00007fff561dd578:   0000000000000000 000000018d8aabd8
0x00007fff561dd588:   0000000000000000 00007fff561dd5b8
0x00007fff561dd598:   00007fff561dd618 000000010b43cc4d
0x00007fff561dd5a8:   0000000740560208 000000010b444578
0x00007fff561dd5b8:   00007fd365474330 00007fff561dd618
0x00007fff561dd5c8:   00007fd365641cb0 000000010b445d82
0x00007fff561dd5d8:   00007fff561dd5d8 000000018d8aada2
0x00007fff561dd5e8:   00007fff561dd640 000000018d8ce028
0x00007fff561dd5f8:   0000000000000000 000000018d8aadb0
0x00007fff561dd608:   00007fff561dd5b8 00007fff561dd628
0x00007fff561dd618:   00007fff561dd688 000000010b43cc4d
0x00007fff561dd628:   00007fd365474330 000000074038f0e8
0x00007fff561dd638:   00007fd365641cb0 000000074038f0e8
0x00007fff561dd648:   00007fff561dd648 0000000192c4c0b6
0x00007fff561dd658:   00007fff561dd698 0000000192c4c170 

Instructions: (pc=0x00007fff8a7c30dd)
0x00007fff8a7c30bd:   00 00 00 48 85 ff 2e 74 7a 40 f6 c7 01 2e 75 7e
0x00007fff8a7c30cd:   49 bb f8 ff ff ff ff 7f 00 00 4c 23 1f 49 89 f2
0x00007fff8a7c30dd:   45 23 53 18 49 c1 e2 04 4d 03 53 10 49 3b 32 75
0x00007fff8a7c30ed:   04 41 ff 62 08 49 83 3a 00 74 6a 4d 3b 53 10 74 

Register to memory mapping:

RAX=0x00007fd365474330 is an unknown value
RBX=0x00000001892b7450: Java_jogamp_nativewindow_macosx_OSXUtil_GetScreenRefreshRate0+0x1cf0 in /private/var/folders/hh/z31jgv_d7szdfpdjxj5nl_v00000gn/T/jogamp_0000/file_cache/jln7274164818462951598/jln3915702462160520617/libnativewindow_macosx.jnilib at 0x00000001892b0000
RCX=0x0000000129f4d960 is an unknown value
RDX=0x0000000128d56520 is an unknown value
RSP=0x00007fff561dd468 is pointing into the stack for thread: 0x00007fd362070000
RBP=0x00007fff561dd520 is pointing into the stack for thread: 0x00007fd362070000
RSI=0x00007fff8d22240f is an unknown value
RDI=0x00007fd365641cb0 is an unknown value
R8 =0x0000000000000000 is an unknown value
R9 =0x0000000000000f50 is an unknown value
R10=0x00007fff8d22240f is an unknown value
R11=0x0000000000000000 is an unknown value
R12=0x0000000000000000 is an unknown value
R13={method} {0x000000018d8aabd8} 'UnsetJAWTRootSurfaceLayer0' '(JJ)V' in 'jogamp/nativewindow/jawt/macosx/MacOSXJAWTWindow'
R14=0x00000001892b7440: Java_jogamp_nativewindow_macosx_OSXUtil_GetScreenRefreshRate0+0x1ce0 in /private/var/folders/hh/z31jgv_d7szdfpdjxj5nl_v00000gn/T/jogamp_0000/file_cache/jln7274164818462951598/jln3915702462160520617/libnativewindow_macosx.jnilib at 0x00000001892b0000
R15=0x00007fd362070000 is a thread


Stack: [0x00007fff559e2000,0x00007fff561e2000],  sp=0x00007fff561dd468,  free space=8173k
Native frames: (J=compiled Java code, j=interpreted, Vv=VM code, C=native code)
C  [libobjc.A.dylib+0x10dd]  objc_msgSend+0x1d
j  jogamp.nativewindow.jawt.macosx.MacOSXJAWTWindow.UnsetJAWTRootSurfaceLayer0(JJ)V+0
j  jogamp.nativewindow.jawt.macosx.MacOSXJAWTWindow.access$200(JJ)V+2
j  jogamp.nativewindow.jawt.macosx.MacOSXJAWTWindow$1.run()V+38
J 2283 C1 com.jogamp.common.util.RunnableTask.run()V (345 bytes) @ 0x000000010b767ed4 [0x000000010b767d40+0x194]
v  ~StubRoutines::call_stub
V  [libjvm.dylib+0x2eab0e]
V  [libjvm.dylib+0x321bb7]
V  [libjvm.dylib+0x31438b]
C  [libnativewindow_macosx.jnilib+0x5326]  Java_jogamp_nativewindow_jawt_macosx_MacOSXJAWTWindow_UnsetJAWTRootSurfaceLayer0+0x2b6
C  [Foundation+0x92dd0]  __NSThreadPerformPerform+0x125
C  [CoreFoundation+0x80a01]  __CFRUNLOOP_IS_CALLING_OUT_TO_A_SOURCE0_PERFORM_FUNCTION__+0x11
C  [CoreFoundation+0x72c5c]  __CFRunLoopDoSources0+0x1dc
C  [CoreFoundation+0x721bf]  __CFRunLoopRun+0x39f
C  [CoreFoundation+0x71bd8]  CFRunLoopRunSpecific+0x128
C  [HIToolbox+0x3256f]  RunCurrentEventLoopInMode+0xeb
C  [HIToolbox+0x321ee]  ReceiveNextEventCommon+0xb3
C  [HIToolbox+0x3212b]  _BlockUntilNextEventMatchingListInModeWithFilter+0x47
C  [AppKit+0x918ab]  _DPSNextEvent+0x3d2
C  [AppKit+0x90e58]  -[NSApplication nextEventMatchingMask:untilDate:inMode:dequeue:]+0x15a
C  [libosxapp.dylib+0x23aa]  -[NSApplicationAWT nextEventMatchingMask:untilDate:inMode:dequeue:]+0x7c
C  [AppKit+0x86af3]  -[NSApplication run]+0x252
C  [libosxapp.dylib+0x214d]  +[NSApplicationAWT runAWTLoopWithApp:]+0x9c
C  [libawt_lwawt.dylib+0x44517]  -[AWTStarter starter:]+0x389
C  [Foundation+0x92dd0]  __NSThreadPerformPerform+0x125
C  [CoreFoundation+0x80a01]  __CFRUNLOOP_IS_CALLING_OUT_TO_A_SOURCE0_PERFORM_FUNCTION__+0x11
C  [CoreFoundation+0x72b8d]  __CFRunLoopDoSources0+0x10d
C  [CoreFoundation+0x721bf]  __CFRunLoopRun+0x39f
C  [CoreFoundation+0x71bd8]  CFRunLoopRunSpecific+0x128
C  [java+0x6463]  CreateExecutionEnvironment+0x367
C  [java+0x21ac]  JLI_Launch+0x7a0
C  [java+0x84c0]  main+0x65
C  [java+0x1a04]  start+0x34
C  0x0000000000000007

Java frames: (J=compiled Java code, j=interpreted, Vv=VM code)
j  jogamp.nativewindow.jawt.macosx.MacOSXJAWTWindow.UnsetJAWTRootSurfaceLayer0(JJ)V+0
j  jogamp.nativewindow.jawt.macosx.MacOSXJAWTWindow.access$200(JJ)V+2
j  jogamp.nativewindow.jawt.macosx.MacOSXJAWTWindow$1.run()V+38
J 2283 C1 com.jogamp.common.util.RunnableTask.run()V (345 bytes) @ 0x000000010b767ed4 [0x000000010b767d40+0x194]
v  ~StubRoutines::call_stub

---------------  P R O C E S S  ---------------

Java Threads: ( => current thread )
  0x00007fd361a13000 JavaThread "Thread-72" [_thread_blocked, id=65227, stack(0x0000000194793000,0x0000000194893000)]
  0x00007fd362572800 JavaThread "Keep-Alive-Timer" daemon [_thread_blocked, id=63515, stack(0x0000000193a64000,0x0000000193b64000)]
  0x00007fd362af5800 JavaThread "Image Fetcher 3" daemon [_thread_blocked, id=14299, stack(0x00000001958ee000,0x00000001959ee000)]
  0x00007fd3629aa000 JavaThread "Image Fetcher 2" daemon [_thread_blocked, id=21867, stack(0x00000001951b9000,0x00000001952b9000)]
  0x00007fd362af6800 JavaThread "Image Fetcher 1" daemon [_thread_blocked, id=36111, stack(0x0000000193c7a000,0x0000000193d7a000)]
  0x00007fd361b34800 JavaThread "Image Fetcher 0" daemon [_thread_blocked, id=64559, stack(0x0000000193b77000,0x0000000193c77000)]
  0x00007fd361334000 JavaThread "Animation Thread" [_thread_blocked, id=56847, stack(0x000000018953d000,0x000000018963d000)]
  0x00007fd361332000 JavaThread "AWT-EventQueue-1" [_thread_in_native, id=57363, stack(0x0000000189a3e000,0x0000000189b3e000)]
  0x00007fd361a2f000 JavaThread "DestroyJavaVM" [_thread_blocked, id=4867, stack(0x000000010aabe000,0x000000010abbe000)]
  0x00007fd36124e800 JavaThread "AWT-EventQueue-0" [_thread_blocked, id=54275, stack(0x0000000129e11000,0x0000000129f11000)]
  0x00007fd36212b000 JavaThread "Java2D Disposer" daemon [_thread_blocked, id=51223, stack(0x0000000128ae7000,0x0000000128be7000)]
  0x00007fd3611b8000 JavaThread "Java2D Queue Flusher" daemon [_thread_blocked, id=49671, stack(0x0000000127a56000,0x0000000127b56000)]
  0x00007fd361008800 JavaThread "AWT-Shutdown" [_thread_blocked, id=28435, stack(0x0000000124cb1000,0x0000000124db1000)]
=>0x00007fd362070000 JavaThread "AWT-AppKit" daemon [_thread_in_native, id=1811, stack(0x00007fff559e2000,0x00007fff561e2000)]
  0x00007fd36204f000 JavaThread "Service Thread" daemon [_thread_blocked, id=17923, stack(0x0000000123139000,0x0000000123239000)]
  0x00007fd362057000 JavaThread "C1 CompilerThread2" daemon [_thread_blocked, id=17411, stack(0x0000000123036000,0x0000000123136000)]
  0x00007fd361026000 JavaThread "C2 CompilerThread1" daemon [_thread_blocked, id=16899, stack(0x0000000122f33000,0x0000000123033000)]
  0x00007fd362800000 JavaThread "C2 CompilerThread0" daemon [_thread_blocked, id=16387, stack(0x0000000122e30000,0x0000000122f30000)]
  0x00007fd362829000 JavaThread "Signal Dispatcher" daemon [_thread_blocked, id=12307, stack(0x0000000122d2d000,0x0000000122e2d000)]
  0x00007fd361024000 JavaThread "Finalizer" daemon [_thread_blocked, id=11523, stack(0x00000001213aa000,0x00000001214aa000)]
  0x00007fd361023800 JavaThread "Reference Handler" daemon [_thread_blocked, id=11011, stack(0x00000001212a7000,0x00000001213a7000)]

Other Threads:
  0x00007fd361020800 VMThread [stack: 0x00000001211a4000,0x00000001212a4000] [id=10499]
  0x00007fd36203e000 WatcherThread [stack: 0x000000012323c000,0x000000012333c000] [id=18435]

VM state:not at safepoint (normal execution)

VM Mutex/Monitor currently owned by a thread: None

Heap:
 PSYoungGen      total 92672K, used 31796K [0x0000000795580000, 0x000000079c380000, 0x00000007c0000000)
  eden space 79360K, 23% used [0x0000000795580000,0x0000000796794390,0x000000079a300000)
  from space 13312K, 99% used [0x000000079b280000,0x000000079bf78d10,0x000000079bf80000)
  to   space 15872K, 0% used [0x000000079a300000,0x000000079a300000,0x000000079b280000)
 ParOldGen       total 70144K, used 21983K [0x0000000740000000, 0x0000000744480000, 0x0000000795580000)
  object space 70144K, 31% used [0x0000000740000000,0x0000000741577e00,0x0000000744480000)
 Metaspace       used 23794K, capacity 24097K, committed 24320K, reserved 1071104K
  class space    used 2334K, capacity 2449K, committed 2560K, reserved 1048576K

Card table byte_map: [0x000000011a7f5000,0x000000011abf6000] byte_map_base: 0x0000000116df5000

Marking Bits: (ParMarkBitMap*) 0x000000010a3fbe20
 Begin Bits: [0x000000011b2ad000, 0x000000011d2ad000)
 End Bits:   [0x000000011d2ad000, 0x000000011f2ad000)

Polling page: 0x000000010abce000

CodeCache: size=245760Kb used=9119Kb max_used=9164Kb free=236640Kb
 bounds [0x000000010b435000, 0x000000010bd45000, 0x000000011a435000]
 total_blobs=3586 nmethods=2672 adapters=827
 compilation: enabled

Compilation events (10 events):
Event: 22.637 Thread 0x00007fd362057000 3092       1       sun.java2d.SurfaceData::isValid (5 bytes)
Event: 22.637 Thread 0x00007fd362057000 nmethod 3092 0x000000010b9a7a90 code [0x000000010b9a7be0, 0x000000010b9a7cf0]
Event: 22.648 Thread 0x00007fd362057000 3095       3       sun.misc.URLClassPath$JarLoader$2::getCodeSigners (8 bytes)
Event: 22.648 Thread 0x00007fd362057000 nmethod 3095 0x000000010b9a7650 code [0x000000010b9a77c0, 0x000000010b9a79e8]
Event: 22.648 Thread 0x00007fd362057000 3096   !   3       java.util.jar.JarFile$JarFileEntry::getCodeSigners (78 bytes)
Event: 22.649 Thread 0x00007fd362057000 nmethod 3096 0x000000010b9bdf50 code [0x000000010b9be120, 0x000000010b9be738]
Event: 22.652 Thread 0x00007fd362800000 3097  s!   4       sun.misc.URLClassPath::getLoader (197 bytes)
Event: 22.660 Thread 0x00007fd362057000 3098       3       sun.lwawt.LWComponentPeer::localToWindow (14 bytes)
Event: 22.660 Thread 0x00007fd362057000 nmethod 3098 0x000000010b9bd890 code [0x000000010b9bda20, 0x000000010b9bdda8]
Event: 22.662 Thread 0x00007fd362800000 nmethod 3097 0x000000010bc4a050 code [0x000000010bc4a1c0, 0x000000010bc4a998]

GC Heap History (10 events):
Event: 10.145 GC heap before
{Heap before GC invocations=5 (full 1):
 PSYoungGen      total 38400K, used 38389K [0x0000000795580000, 0x0000000798d80000, 0x00000007c0000000)
  eden space 33280K, 100% used [0x0000000795580000,0x0000000797600000,0x0000000797600000)
  from space 5120K, 99% used [0x0000000797600000,0x0000000797afd4d0,0x0000000797b00000)
  to   space 5120K, 0% used [0x0000000798880000,0x0000000798880000,0x0000000798d80000)
 ParOldGen       total 70144K, used 14532K [0x0000000740000000, 0x0000000744480000, 0x0000000795580000)
  object space 70144K, 20% used [0x0000000740000000,0x0000000740e31250,0x0000000744480000)
 Metaspace       used 23371K, capacity 23613K, committed 23936K, reserved 1071104K
  class space    used 2324K, capacity 2417K, committed 2432K, reserved 1048576K
Event: 10.152 GC heap after
Heap after GC invocations=5 (full 1):
 PSYoungGen      total 50688K, used 4946K [0x0000000795580000, 0x0000000798d80000, 0x00000007c0000000)
  eden space 45568K, 0% used [0x0000000795580000,0x0000000795580000,0x0000000798200000)
  from space 5120K, 96% used [0x0000000798880000,0x0000000798d54b00,0x0000000798d80000)
  to   space 5120K, 0% used [0x0000000798380000,0x0000000798380000,0x0000000798880000)
 ParOldGen       total 70144K, used 16767K [0x0000000740000000, 0x0000000744480000, 0x0000000795580000)
  object space 70144K, 23% used [0x0000000740000000,0x000000074105fca0,0x0000000744480000)
 Metaspace       used 23371K, capacity 23613K, committed 23936K, reserved 1071104K
  class space    used 2324K, capacity 2417K, committed 2432K, reserved 1048576K
}
Event: 12.839 GC heap before
{Heap before GC invocations=6 (full 1):
 PSYoungGen      total 50688K, used 50514K [0x0000000795580000, 0x0000000798d80000, 0x00000007c0000000)
  eden space 45568K, 100% used [0x0000000795580000,0x0000000798200000,0x0000000798200000)
  from space 5120K, 96% used [0x0000000798880000,0x0000000798d54b00,0x0000000798d80000)
  to   space 5120K, 0% used [0x0000000798380000,0x0000000798380000,0x0000000798880000)
 ParOldGen       total 70144K, used 16767K [0x0000000740000000, 0x0000000744480000, 0x0000000795580000)
  object space 70144K, 23% used [0x0000000740000000,0x000000074105fca0,0x0000000744480000)
 Metaspace       used 23481K, capacity 23745K, committed 23936K, reserved 1071104K
  class space    used 2325K, capacity 2417K, committed 2432K, reserved 1048576K
Event: 12.851 GC heap after
Heap after GC invocations=6 (full 1):
 PSYoungGen      total 52224K, used 5106K [0x0000000795580000, 0x000000079a980000, 0x00000007c0000000)
  eden space 47104K, 0% used [0x0000000795580000,0x0000000795580000,0x0000000798380000)
  from space 5120K, 99% used [0x0000000798380000,0x000000079887cb20,0x0000000798880000)
  to   space 12288K, 0% used [0x0000000799d80000,0x0000000799d80000,0x000000079a980000)
 ParOldGen       total 70144K, used 19607K [0x0000000740000000, 0x0000000744480000, 0x0000000795580000)
  object space 70144K, 27% used [0x0000000740000000,0x0000000741325d50,0x0000000744480000)
 Metaspace       used 23481K, capacity 23745K, committed 23936K, reserved 1071104K
  class space    used 2325K, capacity 2417K, committed 2432K, reserved 1048576K
}
Event: 14.682 GC heap before
{Heap before GC invocations=7 (full 1):
 PSYoungGen      total 52224K, used 52210K [0x0000000795580000, 0x000000079a980000, 0x00000007c0000000)
  eden space 47104K, 100% used [0x0000000795580000,0x0000000798380000,0x0000000798380000)
  from space 5120K, 99% used [0x0000000798380000,0x000000079887cb20,0x0000000798880000)
  to   space 12288K, 0% used [0x0000000799d80000,0x0000000799d80000,0x000000079a980000)
 ParOldGen       total 70144K, used 19607K [0x0000000740000000, 0x0000000744480000, 0x0000000795580000)
  object space 70144K, 27% used [0x0000000740000000,0x0000000741325d50,0x0000000744480000)
 Metaspace       used 23619K, capacity 23873K, committed 24192K, reserved 1071104K
  class space    used 2325K, capacity 2417K, committed 2432K, reserved 1048576K
Event: 14.691 GC heap after
Heap after GC invocations=7 (full 1):
 PSYoungGen      total 74240K, used 7954K [0x0000000795580000, 0x000000079aa00000, 0x00000007c0000000)
  eden space 61952K, 0% used [0x0000000795580000,0x0000000795580000,0x0000000799200000)
  from space 12288K, 64% used [0x0000000799d80000,0x000000079a544bd0,0x000000079a980000)
  to   space 11776K, 0% used [0x0000000799200000,0x0000000799200000,0x0000000799d80000)
 ParOldGen       total 70144K, used 19615K [0x0000000740000000, 0x0000000744480000, 0x0000000795580000)
  object space 70144K, 27% used [0x0000000740000000,0x0000000741327d50,0x0000000744480000)
 Metaspace       used 23619K, capacity 23873K, committed 24192K, reserved 1071104K
  class space    used 2325K, capacity 2417K, committed 2432K, reserved 1048576K
}
Event: 17.883 GC heap before
{Heap before GC invocations=8 (full 1):
 PSYoungGen      total 74240K, used 69906K [0x0000000795580000, 0x000000079aa00000, 0x00000007c0000000)
  eden space 61952K, 100% used [0x0000000795580000,0x0000000799200000,0x0000000799200000)
  from space 12288K, 64% used [0x0000000799d80000,0x000000079a544bd0,0x000000079a980000)
  to   space 11776K, 0% used [0x0000000799200000,0x0000000799200000,0x0000000799d80000)
 ParOldGen       total 70144K, used 19615K [0x0000000740000000, 0x0000000744480000, 0x0000000795580000)
  object space 70144K, 27% used [0x0000000740000000,0x0000000741327d50,0x0000000744480000)
 Metaspace       used 23692K, capacity 23937K, committed 24192K, reserved 1071104K
  class space    used 2325K, capacity 2417K, committed 2432K, reserved 1048576K
Event: 17.894 GC heap after
Heap after GC invocations=8 (full 1):
 PSYoungGen      total 73728K, used 11555K [0x0000000795580000, 0x000000079bf80000, 0x00000007c0000000)
  eden space 61952K, 0% used [0x0000000795580000,0x0000000795580000,0x0000000799200000)
  from space 11776K, 98% used [0x0000000799200000,0x0000000799d48ca0,0x0000000799d80000)
  to   space 13312K, 0% used [0x000000079b280000,0x000000079b280000,0x000000079bf80000)
 ParOldGen       total 70144K, used 19879K [0x0000000740000000, 0x0000000744480000, 0x0000000795580000)
  object space 70144K, 28% used [0x0000000740000000,0x0000000741369d60,0x0000000744480000)
 Metaspace       used 23692K, capacity 23937K, committed 24192K, reserved 1071104K
  class space    used 2325K, capacity 2417K, committed 2432K, reserved 1048576K
}
Event: 21.642 GC heap before
{Heap before GC invocations=9 (full 1):
 PSYoungGen      total 73728K, used 73375K [0x0000000795580000, 0x000000079bf80000, 0x00000007c0000000)
  eden space 61952K, 99% used [0x0000000795580000,0x00000007991df1c8,0x0000000799200000)
  from space 11776K, 98% used [0x0000000799200000,0x0000000799d48ca0,0x0000000799d80000)
  to   space 13312K, 0% used [0x000000079b280000,0x000000079b280000,0x000000079bf80000)
 ParOldGen       total 70144K, used 19879K [0x0000000740000000, 0x0000000744480000, 0x0000000795580000)
  object space 70144K, 28% used [0x0000000740000000,0x0000000741369d60,0x0000000744480000)
 Metaspace       used 23748K, capacity 24001K, committed 24192K, reserved 1071104K
  class space    used 2325K, capacity 2417K, committed 2432K, reserved 1048576K
Event: 21.655 GC heap after
Heap after GC invocations=9 (full 1):
 PSYoungGen      total 92672K, used 13283K [0x0000000795580000, 0x000000079c380000, 0x00000007c0000000)
  eden space 79360K, 0% used [0x0000000795580000,0x0000000795580000,0x000000079a300000)
  from space 13312K, 99% used [0x000000079b280000,0x000000079bf78d10,0x000000079bf80000)
  to   space 15872K, 0% used [0x000000079a300000,0x000000079a300000,0x000000079b280000)
 ParOldGen       total 70144K, used 21983K [0x0000000740000000, 0x0000000744480000, 0x0000000795580000)
  object space 70144K, 31% used [0x0000000740000000,0x0000000741577e00,0x0000000744480000)
 Metaspace       used 23748K, capacity 24001K, committed 24192K, reserved 1071104K
  class space    used 2325K, capacity 2417K, committed 2432K, reserved 1048576K
}

Deoptimization events (10 events):
Event: 11.097 Thread 0x00007fd361332000 Uncommon trap: reason=unstable_if action=reinterpret pc=0x000000010bab0cf4 method=sun.misc.FloatingDecimal$BinaryToASCIIBuffer.getChars([C)I @ 94
Event: 11.097 Thread 0x00007fd361332000 Uncommon trap: reason=unstable_if action=reinterpret pc=0x000000010baac6f8 method=java.text.DigitList.getDataChars(I)[C @ 13
Event: 11.097 Thread 0x00007fd361332000 Uncommon trap: reason=unstable_if action=reinterpret pc=0x000000010bad0148 method=java.text.DecimalFormat.subformat(Ljava/lang/StringBuffer;Ljava/text/Format$FieldDelegate;ZZIIII)Ljava/lang/StringBuffer; @ 753
Event: 11.097 Thread 0x00007fd361332000 Uncommon trap: reason=unstable_if action=reinterpret pc=0x000000010bacbb00 method=sun.misc.FloatingDecimal$BinaryToASCIIBuffer.developLongDigits(IJI)V @ 104
Event: 11.100 Thread 0x00007fd361332000 Uncommon trap: reason=unstable_if action=reinterpret pc=0x000000010bc246a8 method=de.fhpotsdam.unfolding.mapdisplay.AbstractMapDisplay$ZoomComparator.compare(Lde/fhpotsdam/unfolding/core/Coordinate;Lde/fhpotsdam/unfolding/core/Coordinate;)I @ 9
Event: 11.127 Thread 0x00007fd361332000 Uncommon trap: reason=unstable_if action=reinterpret pc=0x000000010babd6f4 method=java.lang.Long.numberOfTrailingZeros(J)I @ 44
Event: 11.299 Thread 0x00007fd361332000 Uncommon trap: reason=null_check action=make_not_entrant pc=0x000000010bc30efc method=processing.opengl.PGraphicsOpenGL.initCache(Lprocessing/core/PImage;)Ljava/lang/Object; @ 14
Event: 22.618 Thread 0x00007fd361332000 Uncommon trap: reason=unstable_if action=reinterpret pc=0x000000010bccf168 method=com.jogamp.common.util.VersionNumber.compareTo(Lcom/jogamp/common/util/VersionNumber;)I @ 21
Event: 22.632 Thread 0x00007fd3628c5000 Uncommon trap: reason=unstable_if action=reinterpret pc=0x000000010b858f10 method=java.util.HashMap.putVal(ILjava/lang/Object;Ljava/lang/Object;ZZ)Ljava/lang/Object; @ 81
Event: 22.632 Thread 0x00007fd3628c5000 Uncommon trap: reason=unstable_if action=reinterpret pc=0x000000010b84c7cc method=java.util.HashMap.putVal(ILjava/lang/Object;Ljava/lang/Object;ZZ)Ljava/lang/Object; @ 81

Internal exceptions (10 events):
Event: 0.191 Thread 0x00007fd36100d000 Exception <a 'java/lang/NoSuchFieldError': method resolution failed> (0x000000079582a520) thrown at [/Users/java_re/workspace/8-2-build-macosx-x86_64/jdk8u60/4407/hotspot/src/share/vm/prims/methodHandles.cpp, line 1146]
Event: 0.196 Thread 0x00007fd36100d000 Exception <a 'java/lang/NoSuchFieldError': method resolution failed> (0x0000000795837cf0) thrown at [/Users/java_re/workspace/8-2-build-macosx-x86_64/jdk8u60/4407/hotspot/src/share/vm/prims/methodHandles.cpp, line 1146]
Event: 0.444 Thread 0x00007fd36100d000 Exception <a 'java/io/FileNotFoundException'> (0x00000007958b3d38) thrown at [/Users/java_re/workspace/8-2-build-macosx-x86_64/jdk8u60/4407/hotspot/src/share/vm/prims/jni.cpp, line 709]
Event: 0.445 Thread 0x00007fd36100d000 Exception <a 'java/io/FileNotFoundException'> (0x00000007958b48a0) thrown at [/Users/java_re/workspace/8-2-build-macosx-x86_64/jdk8u60/4407/hotspot/src/share/vm/prims/jni.cpp, line 709]
Event: 0.569 Thread 0x00007fd36100d000 Exception <a 'java/io/FileNotFoundException'> (0x00000007959ef7f8) thrown at [/Users/java_re/workspace/8-2-build-macosx-x86_64/jdk8u60/4407/hotspot/src/share/vm/prims/jni.cpp, line 709]
Event: 2.516 Thread 0x00007fd361334000 Exception <a 'java/lang/UnsatisfiedLinkError': com.jogamp.common.util.JarUtil.fixNativeLibAttribs(Ljava/lang/String;)Z> (0x0000000796c81cf8) thrown at [/Users/java_re/workspace/8-2-build-macosx-x86_64/jdk8u60/4407/hotspot/src/share/vm/prims/nativeLookup.c
Event: 2.821 Thread 0x00007fd361024000 Exception <a 'java/lang/NullPointerException'> (0x00000007956a4140) thrown at [/Users/java_re/workspace/8-2-build-macosx-x86_64/jdk8u60/4407/hotspot/src/share/vm/interpreter/linkResolver.cpp, line 1178]
Event: 3.375 Thread 0x00007fd361332000 Exception <a 'java/io/FileNotFoundException'> (0x0000000795f50a70) thrown at [/Users/java_re/workspace/8-2-build-macosx-x86_64/jdk8u60/4407/hotspot/src/share/vm/prims/jni.cpp, line 709]
Event: 3.375 Thread 0x00007fd361332000 Exception <a 'java/io/FileNotFoundException'> (0x0000000795f56ad8) thrown at [/Users/java_re/workspace/8-2-build-macosx-x86_64/jdk8u60/4407/hotspot/src/share/vm/prims/jni.cpp, line 709]
Event: 3.375 Thread 0x00007fd361332000 Implicit null exception at 0x000000010b5d15b5 to 0x000000010b5d1941

Events (10 events):
Event: 22.656 loading class java/awt/event/AWTEventListenerProxy
Event: 22.657 loading class java/awt/event/AWTEventListenerProxy done
Event: 22.657 Executing VM operation: Deoptimize
Event: 22.657 Executing VM operation: Deoptimize done
Event: 22.658 loading class java/awt/Toolkit$ToolkitEventMulticaster
Event: 22.658 loading class java/awt/Toolkit$ToolkitEventMulticaster done
Event: 22.660 Thread 0x00007fd3628c5000 Thread exited: 0x00007fd3628c5000
Event: 22.660 loading class java/awt/Window$1DisposeAction
Event: 22.660 loading class java/awt/Window$1DisposeAction done
Event: 22.661 Thread 0x00007fd362057000 flushing nmethod 0x000000010bb78c10


Dynamic libraries:
0x0000000001464000 	/System/Library/Frameworks/Cocoa.framework/Versions/A/Cocoa
0x0000000001464000 	/System/Library/Frameworks/Security.framework/Versions/A/Security
0x0000000001464000 	/System/Library/Frameworks/ApplicationServices.framework/Versions/A/ApplicationServices
0x0000000001464000 	/usr/lib/libz.1.dylib
0x0000000001464000 	/usr/lib/libSystem.B.dylib
0x0000000001464000 	/usr/lib/libobjc.A.dylib
0x0000000001464000 	/System/Library/Frameworks/CoreFoundation.framework/Versions/A/CoreFoundation
0x0000000001464000 	/System/Library/Frameworks/Foundation.framework/Versions/C/Foundation
0x0000000001464000 	/System/Library/Frameworks/AppKit.framework/Versions/C/AppKit
0x0000000001464000 	/System/Library/Frameworks/CoreData.framework/Versions/A/CoreData
0x0000000001464000 	/System/Library/PrivateFrameworks/RemoteViewServices.framework/Versions/A/RemoteViewServices
0x0000000001464000 	/System/Library/PrivateFrameworks/UIFoundation.framework/Versions/A/UIFoundation
0x0000000001464000 	/System/Library/Frameworks/IOSurface.framework/Versions/A/IOSurface
0x0000000001464000 	/System/Library/Frameworks/AudioToolbox.framework/Versions/A/AudioToolbox
0x0000000001464000 	/System/Library/Frameworks/AudioUnit.framework/Versions/A/AudioUnit
0x0000000001464000 	/System/Library/PrivateFrameworks/DataDetectorsCore.framework/Versions/A/DataDetectorsCore
0x0000000001464000 	/System/Library/PrivateFrameworks/DesktopServicesPriv.framework/Versions/A/DesktopServicesPriv
0x0000000001464000 	/System/Library/Frameworks/Carbon.framework/Versions/A/Frameworks/HIToolbox.framework/Versions/A/HIToolbox
0x0000000001464000 	/System/Library/Frameworks/QuartzCore.framework/Versions/A/QuartzCore
0x0000000001464000 	/System/Library/Frameworks/Carbon.framework/Versions/A/Frameworks/SpeechRecognition.framework/Versions/A/SpeechRecognition
0x0000000001464000 	/usr/lib/libauto.dylib
0x0000000001464000 	/usr/lib/libicucore.A.dylib
0x0000000001464000 	/usr/lib/libxml2.2.dylib
0x0000000001464000 	/System/Library/PrivateFrameworks/CoreUI.framework/Versions/A/CoreUI
0x0000000001464000 	/System/Library/Frameworks/CoreAudio.framework/Versions/A/CoreAudio
0x0000000001464000 	/System/Library/Frameworks/DiskArbitration.framework/Versions/A/DiskArbitration
0x0000000001464000 	/usr/lib/liblangid.dylib
0x0000000001464000 	/System/Library/PrivateFrameworks/MultitouchSupport.framework/Versions/A/MultitouchSupport
0x0000000001464000 	/System/Library/Frameworks/IOKit.framework/Versions/A/IOKit
0x0000000001464000 	/usr/lib/libDiagnosticMessagesClient.dylib
0x0000000001464000 	/System/Library/Frameworks/CoreServices.framework/Versions/A/CoreServices
0x0000000001464000 	/System/Library/PrivateFrameworks/PerformanceAnalysis.framework/Versions/A/PerformanceAnalysis
0x0000000001464000 	/System/Library/PrivateFrameworks/GenerationalStorage.framework/Versions/A/GenerationalStorage
0x0000000001464000 	/System/Library/Frameworks/OpenGL.framework/Versions/A/OpenGL
0x0000000001464000 	/System/Library/PrivateFrameworks/Sharing.framework/Versions/A/Sharing
0x0000000001464000 	/System/Library/Frameworks/CoreGraphics.framework/Versions/A/CoreGraphics
0x0000000001464000 	/System/Library/Frameworks/CoreText.framework/Versions/A/CoreText
0x0000000001464000 	/System/Library/Frameworks/ImageIO.framework/Versions/A/ImageIO
0x0000000001464000 	/usr/lib/libextension.dylib
0x0000000001464000 	/System/Library/PrivateFrameworks/Backup.framework/Versions/A/Backup
0x0000000001464000 	/usr/lib/libarchive.2.dylib
0x0000000001464000 	/System/Library/Frameworks/CFNetwork.framework/Versions/A/CFNetwork
0x0000000001464000 	/System/Library/Frameworks/SystemConfiguration.framework/Versions/A/SystemConfiguration
0x0000000001464000 	/usr/lib/libCRFSuite.dylib
0x0000000001464000 	/usr/lib/libc++.1.dylib
0x0000000001464000 	/usr/lib/libc++abi.dylib
0x0000000001464000 	/usr/lib/system/libcache.dylib
0x0000000001464000 	/usr/lib/system/libcommonCrypto.dylib
0x0000000001464000 	/usr/lib/system/libcompiler_rt.dylib
0x0000000001464000 	/usr/lib/system/libcopyfile.dylib
0x0000000001464000 	/usr/lib/system/libcorecrypto.dylib
0x0000000001464000 	/usr/lib/system/libdispatch.dylib
0x0000000001464000 	/usr/lib/system/libdyld.dylib
0x0000000001464000 	/usr/lib/system/libkeymgr.dylib
0x0000000001464000 	/usr/lib/system/liblaunch.dylib
0x0000000001464000 	/usr/lib/system/libmacho.dylib
0x0000000001464000 	/usr/lib/system/libquarantine.dylib
0x0000000001464000 	/usr/lib/system/libremovefile.dylib
0x0000000001464000 	/usr/lib/system/libsystem_asl.dylib
0x0000000001464000 	/usr/lib/system/libsystem_blocks.dylib
0x0000000001464000 	/usr/lib/system/libsystem_c.dylib
0x0000000001464000 	/usr/lib/system/libsystem_configuration.dylib
0x0000000001464000 	/usr/lib/system/libsystem_coreservices.dylib
0x0000000001464000 	/usr/lib/system/libsystem_coretls.dylib
0x0000000001464000 	/usr/lib/system/libsystem_dnssd.dylib
0x0000000001464000 	/usr/lib/system/libsystem_info.dylib
0x0000000001464000 	/usr/lib/system/libsystem_kernel.dylib
0x0000000001464000 	/usr/lib/system/libsystem_m.dylib
0x0000000001464000 	/usr/lib/system/libsystem_malloc.dylib
0x0000000001464000 	/usr/lib/system/libsystem_network.dylib
0x0000000001464000 	/usr/lib/system/libsystem_networkextension.dylib
0x0000000001464000 	/usr/lib/system/libsystem_notify.dylib
0x0000000001464000 	/usr/lib/system/libsystem_platform.dylib
0x0000000001464000 	/usr/lib/system/libsystem_pthread.dylib
0x0000000001464000 	/usr/lib/system/libsystem_sandbox.dylib
0x0000000001464000 	/usr/lib/system/libsystem_secinit.dylib
0x0000000001464000 	/usr/lib/system/libsystem_stats.dylib
0x0000000001464000 	/usr/lib/system/libsystem_trace.dylib
0x0000000001464000 	/usr/lib/system/libunc.dylib
0x0000000001464000 	/usr/lib/system/libunwind.dylib
0x0000000001464000 	/usr/lib/system/libxpc.dylib
0x0000000001464000 	/usr/lib/libbz2.1.0.dylib
0x0000000001464000 	/usr/lib/liblzma.5.dylib
0x0000000001464000 	/usr/lib/libbsm.0.dylib
0x0000000001464000 	/usr/lib/libsqlite3.dylib
0x0000000001464000 	/usr/lib/system/libkxld.dylib
0x0000000001464000 	/usr/lib/libxar.1.dylib
0x0000000001464000 	/usr/lib/libpam.2.dylib
0x0000000001464000 	/usr/lib/libOpenScriptingUtil.dylib
0x0000000001464000 	/System/Library/Frameworks/CoreServices.framework/Versions/A/Frameworks/FSEvents.framework/Versions/A/FSEvents
0x0000000001464000 	/System/Library/Frameworks/CoreServices.framework/Versions/A/Frameworks/CarbonCore.framework/Versions/A/CarbonCore
0x0000000001464000 	/System/Library/Frameworks/CoreServices.framework/Versions/A/Frameworks/Metadata.framework/Versions/A/Metadata
0x0000000001464000 	/System/Library/Frameworks/CoreServices.framework/Versions/A/Frameworks/OSServices.framework/Versions/A/OSServices
0x0000000001464000 	/System/Library/Frameworks/CoreServices.framework/Versions/A/Frameworks/SearchKit.framework/Versions/A/SearchKit
0x0000000001464000 	/System/Library/Frameworks/CoreServices.framework/Versions/A/Frameworks/AE.framework/Versions/A/AE
0x0000000001464000 	/System/Library/Frameworks/CoreServices.framework/Versions/A/Frameworks/LaunchServices.framework/Versions/A/LaunchServices
0x0000000001464000 	/System/Library/Frameworks/CoreServices.framework/Versions/A/Frameworks/DictionaryServices.framework/Versions/A/DictionaryServices
0x0000000001464000 	/System/Library/Frameworks/NetFS.framework/Versions/A/NetFS
0x0000000001464000 	/System/Library/PrivateFrameworks/NetAuth.framework/Versions/A/NetAuth
0x0000000001464000 	/System/Library/PrivateFrameworks/login.framework/Versions/A/Frameworks/loginsupport.framework/Versions/A/loginsupport
0x0000000001464000 	/System/Library/PrivateFrameworks/TCC.framework/Versions/A/TCC
0x0000000001464000 	/usr/lib/libmecabra.dylib
0x0000000001464000 	/System/Library/Frameworks/ApplicationServices.framework/Versions/A/Frameworks/ATS.framework/Versions/A/ATS
0x0000000001464000 	/System/Library/Frameworks/ApplicationServices.framework/Versions/A/Frameworks/ColorSync.framework/Versions/A/ColorSync
0x0000000001464000 	/System/Library/Frameworks/ApplicationServices.framework/Versions/A/Frameworks/HIServices.framework/Versions/A/HIServices
0x0000000001464000 	/System/Library/Frameworks/ApplicationServices.framework/Versions/A/Frameworks/LangAnalysis.framework/Versions/A/LangAnalysis
0x0000000001464000 	/System/Library/Frameworks/ApplicationServices.framework/Versions/A/Frameworks/PrintCore.framework/Versions/A/PrintCore
0x0000000001464000 	/System/Library/Frameworks/ApplicationServices.framework/Versions/A/Frameworks/QD.framework/Versions/A/QD
0x0000000001464000 	/System/Library/Frameworks/ApplicationServices.framework/Versions/A/Frameworks/SpeechSynthesis.framework/Versions/A/SpeechSynthesis
0x0000000001464000 	/System/Library/Frameworks/Accelerate.framework/Versions/A/Accelerate
0x0000000001464000 	/System/Library/Frameworks/Accelerate.framework/Versions/A/Frameworks/vImage.framework/Versions/A/vImage
0x0000000001464000 	/System/Library/Frameworks/Accelerate.framework/Versions/A/Frameworks/vecLib.framework/Versions/A/vecLib
0x0000000001464000 	/System/Library/Frameworks/Accelerate.framework/Versions/A/Frameworks/vecLib.framework/Versions/A/libvDSP.dylib
0x0000000001464000 	/System/Library/Frameworks/Accelerate.framework/Versions/A/Frameworks/vecLib.framework/Versions/A/libvMisc.dylib
0x0000000001464000 	/System/Library/Frameworks/Accelerate.framework/Versions/A/Frameworks/vecLib.framework/Versions/A/libLAPACK.dylib
0x0000000001464000 	/System/Library/Frameworks/Accelerate.framework/Versions/A/Frameworks/vecLib.framework/Versions/A/libBLAS.dylib
0x0000000001464000 	/System/Library/Frameworks/Accelerate.framework/Versions/A/Frameworks/vecLib.framework/Versions/A/libLinearAlgebra.dylib
0x0000000001464000 	/System/Library/Frameworks/ApplicationServices.framework/Versions/A/Frameworks/ATS.framework/Versions/A/Resources/libFontParser.dylib
0x0000000001464000 	/System/Library/Frameworks/ApplicationServices.framework/Versions/A/Frameworks/ATS.framework/Versions/A/Resources/libFontRegistry.dylib
0x0000000001464000 	/System/Library/PrivateFrameworks/AppleVPA.framework/Versions/A/AppleVPA
0x0000000001464000 	/System/Library/PrivateFrameworks/AppleJPEG.framework/Versions/A/AppleJPEG
0x0000000001464000 	/System/Library/Frameworks/ImageIO.framework/Versions/A/Resources/libJPEG.dylib
0x0000000001464000 	/System/Library/Frameworks/ImageIO.framework/Versions/A/Resources/libTIFF.dylib
0x0000000001464000 	/System/Library/Frameworks/ImageIO.framework/Versions/A/Resources/libPng.dylib
0x0000000001464000 	/System/Library/Frameworks/ImageIO.framework/Versions/A/Resources/libGIF.dylib
0x0000000001464000 	/System/Library/Frameworks/ImageIO.framework/Versions/A/Resources/libJP2.dylib
0x0000000001464000 	/System/Library/Frameworks/ImageIO.framework/Versions/A/Resources/libRadiance.dylib
0x0000000001464000 	/System/Library/Frameworks/CoreVideo.framework/Versions/A/CoreVideo
0x0000000001464000 	/System/Library/Frameworks/OpenGL.framework/Versions/A/Libraries/libGLU.dylib
0x0000000001464000 	/System/Library/Frameworks/OpenGL.framework/Versions/A/Libraries/libGFXShared.dylib
0x0000000001464000 	/System/Library/Frameworks/OpenGL.framework/Versions/A/Libraries/libGL.dylib
0x0000000001464000 	/System/Library/Frameworks/OpenGL.framework/Versions/A/Libraries/libGLImage.dylib
0x0000000001464000 	/System/Library/Frameworks/OpenGL.framework/Versions/A/Libraries/libCVMSPluginSupport.dylib
0x0000000001464000 	/System/Library/Frameworks/OpenGL.framework/Versions/A/Libraries/libCoreVMClient.dylib
0x0000000001464000 	/usr/lib/libcups.2.dylib
0x0000000001464000 	/System/Library/Frameworks/Kerberos.framework/Versions/A/Kerberos
0x0000000001464000 	/System/Library/Frameworks/GSS.framework/Versions/A/GSS
0x0000000001464000 	/usr/lib/libresolv.9.dylib
0x0000000001464000 	/usr/lib/libiconv.2.dylib
0x0000000001464000 	/System/Library/PrivateFrameworks/Heimdal.framework/Versions/A/Heimdal
0x0000000001464000 	/usr/lib/libheimdal-asn1.dylib
0x0000000001464000 	/System/Library/Frameworks/OpenDirectory.framework/Versions/A/OpenDirectory
0x0000000001464000 	/System/Library/PrivateFrameworks/CommonAuth.framework/Versions/A/CommonAuth
0x0000000001464000 	/System/Library/Frameworks/OpenDirectory.framework/Versions/A/Frameworks/CFOpenDirectory.framework/Versions/A/CFOpenDirectory
0x0000000001464000 	/System/Library/Frameworks/SecurityFoundation.framework/Versions/A/SecurityFoundation
0x0000000001464000 	/System/Library/PrivateFrameworks/LanguageModeling.framework/Versions/A/LanguageModeling
0x0000000001464000 	/usr/lib/libcmph.dylib
0x0000000001464000 	/System/Library/Frameworks/ServiceManagement.framework/Versions/A/ServiceManagement
0x0000000001464000 	/usr/lib/libxslt.1.dylib
0x0000000001464000 	/System/Library/Frameworks/Carbon.framework/Versions/A/Frameworks/Ink.framework/Versions/A/Ink
0x0000000001464000 	/System/Library/Frameworks/QuartzCore.framework/Versions/A/Frameworks/CoreImage.framework/Versions/A/CoreImage
0x0000000001464000 	/System/Library/PrivateFrameworks/CrashReporterSupport.framework/Versions/A/CrashReporterSupport
0x0000000001464000 	/System/Library/Frameworks/OpenCL.framework/Versions/A/OpenCL
0x0000000001464000 	/System/Library/PrivateFrameworks/FaceCore.framework/Versions/A/FaceCore
0x0000000001464000 	/System/Library/PrivateFrameworks/Ubiquity.framework/Versions/A/Ubiquity
0x0000000001464000 	/System/Library/PrivateFrameworks/IconServices.framework/Versions/A/IconServices
0x0000000001464000 	/System/Library/PrivateFrameworks/ChunkingLibrary.framework/Versions/A/ChunkingLibrary
0x0000000001464000 	/System/Library/PrivateFrameworks/Apple80211.framework/Versions/A/Apple80211
0x0000000001464000 	/System/Library/Frameworks/CoreWLAN.framework/Versions/A/CoreWLAN
0x0000000001464000 	/System/Library/Frameworks/IOBluetooth.framework/Versions/A/IOBluetooth
0x0000000001464000 	/System/Library/PrivateFrameworks/CoreWiFi.framework/Versions/A/CoreWiFi
0x0000000001464000 	/System/Library/Frameworks/CoreBluetooth.framework/Versions/A/CoreBluetooth
0x0000000001464000 	/System/Library/PrivateFrameworks/DebugSymbols.framework/Versions/A/DebugSymbols
0x0000000001464000 	/System/Library/PrivateFrameworks/CoreSymbolication.framework/Versions/A/CoreSymbolication
0x0000000001464000 	/System/Library/PrivateFrameworks/Symbolication.framework/Versions/A/Symbolication
0x0000000001464000 	/System/Library/PrivateFrameworks/SpeechRecognitionCore.framework/Versions/A/SpeechRecognitionCore
0x0000000109b1d000 	/Library/Java/JavaVirtualMachines/jdk1.8.0_60.jdk/Contents/Home/jre/lib/server/libjvm.dylib
0x0000000001464000 	/usr/lib/libstdc++.6.dylib
0x000000010abc0000 	/Library/Java/JavaVirtualMachines/jdk1.8.0_60.jdk/Contents/Home/jre/lib/libverify.dylib
0x000000010b400000 	/Library/Java/JavaVirtualMachines/jdk1.8.0_60.jdk/Contents/Home/jre/lib/libjava.dylib
0x000000010abd8000 	/Library/Java/JavaVirtualMachines/jdk1.8.0_60.jdk/Contents/Home/jre/lib/libzip.dylib
0x000000010abe2000 	/System/Library/Frameworks/JavaVM.framework/Frameworks/JavaRuntimeSupport.framework/JavaRuntimeSupport
0x00000001214ac000 	/System/Library/Frameworks/JavaVM.framework/Versions/A/Frameworks/JavaNativeFoundation.framework/Versions/A/JavaNativeFoundation
0x00000001214c0000 	/System/Library/Frameworks/JavaVM.framework/Versions/A/JavaVM
0x0000000001464000 	/System/Library/Frameworks/Carbon.framework/Versions/A/Carbon
0x00000001214cc000 	/System/Library/PrivateFrameworks/JavaLaunching.framework/Versions/A/JavaLaunching
0x0000000001464000 	/System/Library/Frameworks/Carbon.framework/Versions/A/Frameworks/CommonPanels.framework/Versions/A/CommonPanels
0x0000000001464000 	/System/Library/Frameworks/Carbon.framework/Versions/A/Frameworks/Help.framework/Versions/A/Help
0x0000000001464000 	/System/Library/Frameworks/Carbon.framework/Versions/A/Frameworks/ImageCapture.framework/Versions/A/ImageCapture
0x0000000001464000 	/System/Library/Frameworks/Carbon.framework/Versions/A/Frameworks/OpenScripting.framework/Versions/A/OpenScripting
0x0000000001464000 	/System/Library/Frameworks/Carbon.framework/Versions/A/Frameworks/Print.framework/Versions/A/Print
0x0000000001464000 	/System/Library/Frameworks/Carbon.framework/Versions/A/Frameworks/SecurityHI.framework/Versions/A/SecurityHI
0x000000012333e000 	/Library/Java/JavaVirtualMachines/jdk1.8.0_60.jdk/Contents/Home/jre/lib/libawt.dylib
0x00000001233e6000 	/Library/Java/JavaVirtualMachines/jdk1.8.0_60.jdk/Contents/Home/jre/lib/./libmlib_image.dylib
0x00000001234b2000 	/Library/Java/JavaVirtualMachines/jdk1.8.0_60.jdk/Contents/Home/jre/lib/libawt_lwawt.dylib
0x0000000123567000 	/Library/Java/JavaVirtualMachines/jdk1.8.0_60.jdk/Contents/Home/jre/lib/./libosxapp.dylib
0x0000000001464000 	/System/Library/Frameworks/ExceptionHandling.framework/Versions/A/ExceptionHandling
0x0000000001464000 	/System/Library/PrivateFrameworks/CoreServicesInternal.framework/Versions/A/CoreServicesInternal
0x0000000001464000 	/System/Library/PrivateFrameworks/CloudDocs.framework/Versions/A/CloudDocs
0x0000000001464000 	/System/Library/PrivateFrameworks/CoreDuet.framework/Versions/A/CoreDuet
0x0000000001464000 	/System/Library/Frameworks/CloudKit.framework/Versions/A/CloudKit
0x0000000001464000 	/System/Library/PrivateFrameworks/ProtocolBuffer.framework/Versions/A/ProtocolBuffer
0x0000000001464000 	/System/Library/PrivateFrameworks/CoreDuetDaemonProtocol.framework/Versions/A/CoreDuetDaemonProtocol
0x0000000001464000 	/System/Library/PrivateFrameworks/CoreDuetDebugLogging.framework/Versions/A/CoreDuetDebugLogging
0x0000000001464000 	/System/Library/PrivateFrameworks/MMCS.framework/Versions/A/MMCS
0x0000000001464000 	/System/Library/Frameworks/CoreLocation.framework/Versions/A/CoreLocation
0x0000000001464000 	/System/Library/PrivateFrameworks/ProtectedCloudStorage.framework/Versions/A/ProtectedCloudStorage
0x0000000001464000 	/System/Library/PrivateFrameworks/GeoServices.framework/Versions/A/GeoServices
0x0000000001464000 	/System/Library/Frameworks/CoreGraphics.framework/Versions/A/Resources/libCGCMS.A.dylib
0x0000000001464000 	/System/Library/Frameworks/CoreGraphics.framework/Versions/A/Resources/libRIP.A.dylib
0x0000000001464000 	/System/Library/Frameworks/CoreGraphics.framework/Versions/A/Resources/libCGXType.A.dylib
0x0000000001464000 	/System/Library/Frameworks/OpenCL.framework/Versions/A/Libraries/libcldcpuengine.dylib
0x0000000001464000 	/System/Library/PrivateFrameworks/DiskImages.framework/Versions/A/DiskImages
0x0000000001464000 	/System/Library/Frameworks/DiscRecording.framework/Versions/A/DiscRecording
0x0000000001464000 	/usr/lib/libcsfde.dylib
0x0000000001464000 	/usr/lib/libcurl.4.dylib
0x0000000001464000 	/System/Library/PrivateFrameworks/MediaKit.framework/Versions/A/MediaKit
0x0000000001464000 	/usr/lib/libCoreStorage.dylib
0x0000000001464000 	/System/Library/PrivateFrameworks/EFILogin.framework/Versions/A/EFILogin
0x0000000001464000 	/usr/lib/libutil.dylib
0x0000000001464000 	/System/Library/PrivateFrameworks/FindMyDevice.framework/Versions/A/FindMyDevice
0x0000000001464000 	/System/Library/Frameworks/LDAP.framework/Versions/A/LDAP
0x0000000001464000 	/usr/lib/libsasl2.2.dylib
0x0000000001464000 	/System/Library/PrivateFrameworks/CoreDaemon.framework/Versions/B/CoreDaemon
0x0000000001464000 	/usr/lib/libcrypto.0.9.8.dylib
0x0000000001464000 	/System/Library/PrivateFrameworks/AppleSRP.framework/Versions/A/AppleSRP
0x0000000001464000 	/System/Library/PrivateFrameworks/TrustEvaluationAgent.framework/Versions/A/TrustEvaluationAgent
0x0000000123901000 	cl_kernels
0x00000001267c6000 	/System/Library/Frameworks/OpenCL.framework/Versions/A/Libraries/ImageFormats/unorm8_bgra.dylib
0x00000001238f3000 	cl_kernels
0x0000000001464000 	/System/Library/PrivateFrameworks/FamilyControls.framework/Versions/A/FamilyControls
0x0000000001464000 	/System/Library/PrivateFrameworks/CommerceKit.framework/Versions/A/Frameworks/CommerceCore.framework/Versions/A/CommerceCore
0x0000000001464000 	/System/Library/PrivateFrameworks/SystemAdministration.framework/Versions/A/SystemAdministration
0x0000000001464000 	/System/Library/PrivateFrameworks/AppContainer.framework/Versions/A/AppContainer
0x0000000001464000 	/System/Library/PrivateFrameworks/SecCodeWrapper.framework/Versions/A/SecCodeWrapper
0x0000000001464000 	/System/Library/Frameworks/DirectoryService.framework/Versions/A/DirectoryService
0x0000000001464000 	/System/Library/PrivateFrameworks/LoginUIKit.framework/Versions/A/Frameworks/LoginUICore.framework/Versions/A/LoginUICore
0x0000000001464000 	/usr/lib/libodfde.dylib
0x0000000001464000 	/System/Library/Frameworks/OpenGL.framework/Versions/A/Resources/GLEngine.bundle/GLEngine
0x0000000001464000 	/System/Library/Frameworks/OpenGL.framework/Versions/A/Libraries/libGLProgrammability.dylib
0x0000000127b58000 	/System/Library/Extensions/AppleIntelHD5000GraphicsGLDriver.bundle/Contents/MacOS/AppleIntelHD5000GraphicsGLDriver
0x0000000001464000 	/System/Library/PrivateFrameworks/IOAccelerator.framework/Versions/A/IOAccelerator
0x0000000001464000 	/System/Library/PrivateFrameworks/GPUSupport.framework/Versions/A/Libraries/libGPUSupportMercury.dylib
0x0000000001464000 	/System/Library/Frameworks/OpenGL.framework/Versions/A/Resources/GLRendererFloat.bundle/GLRendererFloat
0x0000000128be9000 	/Library/Java/JavaVirtualMachines/jdk1.8.0_60.jdk/Contents/Home/jre/lib/libfontmanager.dylib
0x0000000129f23000 	/Library/Java/JavaVirtualMachines/jdk1.8.0_60.jdk/Contents/Home/jre/lib/libosxui.dylib
0x0000000129ff8000 	/Library/Java/JavaVirtualMachines/jdk1.8.0_60.jdk/Contents/Home/jre/lib/libnet.dylib
0x000000012a00f000 	/Library/Java/JavaVirtualMachines/jdk1.8.0_60.jdk/Contents/Home/jre/lib/libnio.dylib
0x0000000001464000 	/System/Library/Frameworks/ApplicationServices.framework/Versions/A/Frameworks/ATS.framework/Versions/A/Resources/libTrueTypeScaler.dylib
0x00000001892a6000 	/private/var/folders/hh/z31jgv_d7szdfpdjxj5nl_v00000gn/T/jogamp_0000/file_cache/jln7274164818462951598/jln3915702462160520617/libgluegen-rt.jnilib
0x00000001892aa000 	/private/var/folders/hh/z31jgv_d7szdfpdjxj5nl_v00000gn/T/jogamp_0000/file_cache/jln7274164818462951598/jln3915702462160520617/libnativewindow_awt.jnilib
0x00000001892ad000 	/Library/Java/JavaVirtualMachines/jdk1.8.0_60.jdk/Contents/Home/jre/lib/libjawt.dylib
0x00000001892b0000 	/private/var/folders/hh/z31jgv_d7szdfpdjxj5nl_v00000gn/T/jogamp_0000/file_cache/jln7274164818462951598/jln3915702462160520617/libnativewindow_macosx.jnilib
0x000000018d9fe000 	/private/var/folders/hh/z31jgv_d7szdfpdjxj5nl_v00000gn/T/jogamp_0000/file_cache/jln7274164818462951598/jln3915702462160520617/libjogl_desktop.jnilib
0x0000000189399000 	/Library/Java/JavaVirtualMachines/jdk1.8.0_60.jdk/Contents/Home/jre/lib/libsunec.dylib

VM Arguments:
jvm_args: -Djava.security.policy=java.policy.applet -Dfile.encoding=UTF-8 
java_command: sun.applet.AppletViewer module3.EarthquakeCityMap1488751404964.html
java_class_path (initial): /Users/chuan1900/coursera-java/UCSDUnfoldingMaps/build:/Users/chuan1900/coursera-java/UCSDUnfoldingMaps/lib/core.jar:/Users/chuan1900/coursera-java/UCSDUnfoldingMaps/lib/gluegen-rt.jar:/Users/chuan1900/coursera-java/UCSDUnfoldingMaps/lib/jogl-all.jar:/Users/chuan1900/coursera-java/UCSDUnfoldingMaps/lib/log4j-1.2.15.jar:/Users/chuan1900/coursera-java/UCSDUnfoldingMaps/lib/sqlite-jdbc-3.7.2.jar:/Users/chuan1900/coursera-java/UCSDUnfoldingMaps/lib/json4processing.jar:/Users/chuan1900/coursera-java/UCSDUnfoldingMaps/lib/libTUIO.jar:/Users/chuan1900/coursera-java/UCSDUnfoldingMaps/lib/unfolding.0.9.7-uscd.jar
Launcher Type: SUN_STANDARD

Environment Variables:
PATH=/usr/bin:/bin:/usr/sbin:/sbin
SHELL=/bin/bash
DISPLAY=/private/tmp/com.apple.launchd.yILEgeE45r/org.macosforge.xquartz:0

Signal Handlers:
SIGSEGV: [libjvm.dylib+0x5a6d31], sa_mask[0]=11111111011111110111111111111111, sa_flags=SA_ONSTACK|SA_RESTART|SA_SIGINFO
SIGBUS: [libjvm.dylib+0x5a6d31], sa_mask[0]=11111111011111110111111111111111, sa_flags=SA_RESTART|SA_SIGINFO
SIGFPE: [libjvm.dylib+0x480a4c], sa_mask[0]=11111111011111110111111111111111, sa_flags=SA_RESTART|SA_SIGINFO
SIGPIPE: [libjvm.dylib+0x480a4c], sa_mask[0]=11111111011111110111111111111111, sa_flags=SA_RESTART|SA_SIGINFO
SIGXFSZ: [libjvm.dylib+0x480a4c], sa_mask[0]=11111111011111110111111111111111, sa_flags=SA_RESTART|SA_SIGINFO
SIGILL: [libjvm.dylib+0x480a4c], sa_mask[0]=11111111011111110111111111111111, sa_flags=SA_RESTART|SA_SIGINFO
SIGUSR1: SIG_DFL, sa_mask[0]=00000000000000000000000000000000, sa_flags=none
SIGUSR2: [libjvm.dylib+0x48056a], sa_mask[0]=00100000000000000000000000000000, sa_flags=SA_RESTART|SA_SIGINFO
SIGHUP: [libjvm.dylib+0x47eb41], sa_mask[0]=11111111011111110111111111111111, sa_flags=SA_RESTART|SA_SIGINFO
SIGINT: [libjvm.dylib+0x47eb41], sa_mask[0]=11111111011111110111111111111111, sa_flags=SA_RESTART|SA_SIGINFO
SIGTERM: [libjvm.dylib+0x47eb41], sa_mask[0]=11111111011111110111111111111111, sa_flags=SA_RESTART|SA_SIGINFO
SIGQUIT: [libjvm.dylib+0x47eb41], sa_mask[0]=11111111011111110111111111111111, sa_flags=SA_RESTART|SA_SIGINFO


---------------  S Y S T E M  ---------------

OS:Bsduname:Darwin 14.5.0 Darwin Kernel Version 14.5.0: Sun Sep 25 22:07:15 PDT 2016; root:xnu-2782.50.9~1/RELEASE_X86_64 x86_64
rlimit: STACK 8192k, CORE 0k, NPROC 709, NOFILE 10240, AS infinity
load average:2.14 1.90 1.84

CPU:total 4 (2 cores per cpu, 2 threads per core) family 6 model 69 stepping 1, cmov, cx8, fxsr, mmx, sse, sse2, sse3, ssse3, sse4.1, sse4.2, popcnt, avx, avx2, aes, clmul, erms, lzcnt, ht, tsc, tscinvbit, bmi1, bmi2

Memory: 4k page, physical 8388608k(151004k free)

/proc/meminfo:


vm_info: Java HotSpot(TM) 64-Bit Server VM (25.60-b23) for bsd-amd64 JRE (1.8.0_60-b27), built on Aug  4 2015 10:47:24 by "java_re" with gcc 4.2.1 (Based on Apple Inc. build 5658) (LLVM build 2336.11.00)

time: Sun Mar  5 17:03:47 2017
elapsed time: 22 seconds (0d 0h 0m 22s)

