#
# A fatal error has been detected by the Java Runtime Environment:
#
#  SIGSEGV (0xb) at pc=0x00007fff89fa90dd, pid=15735, tid=1811
#
# JRE version: Java(TM) SE Runtime Environment (8.0_60-b27) (build 1.8.0_60-b27)
# Java VM: Java HotSpot(TM) 64-Bit Server VM (25.60-b23 mixed mode bsd-amd64 compressed oops)
# Problematic frame:
# C  [libobjc.A.dylib+0x10dd]  objc_msgSend+0x1d
#
# Failed to write core dump. Core dumps have been disabled. To enable core dumping, try "ulimit -c unlimited" before starting Java again
#
# If you would like to submit a bug report, please visit:
#   http://bugreport.java.com/bugreport/crash.jsp
# The crash happened outside the Java Virtual Machine in native code.
# See problematic frame for where to report the bug.
#

---------------  T H R E A D  ---------------

Current thread (0x00007f9a4c0d9000):  JavaThread "AWT-AppKit" daemon [_thread_in_native, id=1811, stack(0x00007fff57759000,0x00007fff57f59000)]

siginfo: si_signo: 11 (SIGSEGV), si_code: 1 (SEGV_MAPERR), si_addr: 0x0000000000000018

Registers:
RAX=0x00007f9a4ff403f0, RBX=0x00000002477d1450, RCX=0x00000001e8433ce0, RDX=0x00000001e8433980
RSP=0x00007fff57f54458, RBP=0x00007fff57f54510, RSI=0x00007fff8ca0840f, RDI=0x00007f9a4ff3ce50
R8 =0x0000000000000000, R9 =0x0000000000000f50, R10=0x00007fff8ca0840f, R11=0x0000000000000000
R12=0x0000000000000000, R13=0x000000024b4585a8, R14=0x00000002477d1440, R15=0x00007f9a4c0d9000
RIP=0x00007fff89fa90dd, EFLAGS=0x0000000000010246, ERR=0x0000000000000004
  TRAPNO=0x000000000000000e

Top of Stack: (sp=0x00007fff57f54458)
0x00007fff57f54458:   00000002477cf157 00007fff57f544b0
0x00007fff57f54468:   0000000000000003 00007fff57f54490
0x00007fff57f54478:   00000001087f1992 000000024b4585a8
0x00007fff57f54488:   000000024b4585a8 00007f9a4ff403f0
0x00007fff57f54498:   00000002477d16a0 00000002477d1710
0x00007fff57f544a8:   00007fff7268d550 00007fff71025c80
0x00007fff57f544b8:   00000002477d1450 00000002477d1690
0x00007fff57f544c8:   00007f9a4ff403f0 00007f9a4ff3ce50
0x00007fff57f544d8:   00007f9a4bf18490 00007f9a4ff403f0
0x00007fff57f544e8:   00007f9a4ff3ce50 00007fff57f54590
0x00007fff57f544f8:   00007f9a4c0d91f8 000000024b4585a8
0x00007fff57f54508:   00007fff57f545b8 00007fff57f54580
0x00007fff57f54518:   00000001096b4954 00007fff57f54580
0x00007fff57f54528:   00000001096b46d9 00000001096c0823
0x00007fff57f54538:   00000001096b46a2 00007fff57f54540
0x00007fff57f54548:   000000024b4585a8 00007fff57f545b8
0x00007fff57f54558:   000000024b45b1e0 0000000000000000
0x00007fff57f54568:   000000024b4585a8 0000000000000000
0x00007fff57f54578:   00007fff57f545a0 00007fff57f54600
0x00007fff57f54588:   00000001096a6c4d 000000011b3bf270
0x00007fff57f54598:   00000001096ae578 00007f9a4ff403f0
0x00007fff57f545a8:   00000001096afdb9 00007f9a4ff3ce50
0x00007fff57f545b8:   00000001096afd82 00007fff57f545c0
0x00007fff57f545c8:   000000024b458772 00007fff57f54628
0x00007fff57f545d8:   000000024b45b1e0 0000000000000000
0x00007fff57f545e8:   000000024b458780 00007fff57f545a0
0x00007fff57f545f8:   00007fff57f54610 00007fff57f54670
0x00007fff57f54608:   00000001096a6c4d 00007f9a4ff403f0
0x00007fff57f54618:   0000000172513748 00007f9a4ff3ce50
0x00007fff57f54628:   0000000172513748 00007fff57f54630
0x00007fff57f54638:   00000002507cd276 00007fff57f54680
0x00007fff57f54648:   00000002507cd330 0000000000000000 

Instructions: (pc=0x00007fff89fa90dd)
0x00007fff89fa90bd:   00 00 00 48 85 ff 2e 74 7a 40 f6 c7 01 2e 75 7e
0x00007fff89fa90cd:   49 bb f8 ff ff ff ff 7f 00 00 4c 23 1f 49 89 f2
0x00007fff89fa90dd:   45 23 53 18 49 c1 e2 04 4d 03 53 10 49 3b 32 75
0x00007fff89fa90ed:   04 41 ff 62 08 49 83 3a 00 74 6a 4d 3b 53 10 74 

Register to memory mapping:

RAX=0x00007f9a4ff403f0 is an unknown value
RBX=0x00000002477d1450: Java_jogamp_nativewindow_macosx_OSXUtil_GetScreenRefreshRate0+0x1cf0 in /private/var/folders/hh/z31jgv_d7szdfpdjxj5nl_v00000gn/T/jogamp_0000/file_cache/jln2246235441523953391/jln7970767344893805503/libnativewindow_macosx.jnilib at 0x00000002477ca000
RCX=0x00000001e8433ce0 is an unknown value
RDX=0x00000001e8433980 is an unknown value
RSP=0x00007fff57f54458 is pointing into the stack for thread: 0x00007f9a4c0d9000
RBP=0x00007fff57f54510 is pointing into the stack for thread: 0x00007f9a4c0d9000
RSI=0x00007fff8ca0840f is an unknown value
RDI=0x00007f9a4ff3ce50 is an unknown value
R8 =0x0000000000000000 is an unknown value
R9 =0x0000000000000f50 is an unknown value
R10=0x00007fff8ca0840f is an unknown value
R11=0x0000000000000000 is an unknown value
R12=0x0000000000000000 is an unknown value
R13={method} {0x000000024b4585a8} 'UnsetJAWTRootSurfaceLayer0' '(JJ)V' in 'jogamp/nativewindow/jawt/macosx/MacOSXJAWTWindow'
R14=0x00000002477d1440: Java_jogamp_nativewindow_macosx_OSXUtil_GetScreenRefreshRate0+0x1ce0 in /private/var/folders/hh/z31jgv_d7szdfpdjxj5nl_v00000gn/T/jogamp_0000/file_cache/jln2246235441523953391/jln7970767344893805503/libnativewindow_macosx.jnilib at 0x00000002477ca000
R15=0x00007f9a4c0d9000 is a thread


Stack: [0x00007fff57759000,0x00007fff57f59000],  sp=0x00007fff57f54458,  free space=8173k
Native frames: (J=compiled Java code, j=interpreted, Vv=VM code, C=native code)
C  [libobjc.A.dylib+0x10dd]  objc_msgSend+0x1d
j  jogamp.nativewindow.jawt.macosx.MacOSXJAWTWindow.UnsetJAWTRootSurfaceLayer0(JJ)V+0
j  jogamp.nativewindow.jawt.macosx.MacOSXJAWTWindow.access$200(JJ)V+2
j  jogamp.nativewindow.jawt.macosx.MacOSXJAWTWindow$1.run()V+38
j  com.jogamp.common.util.RunnableTask.run()V+24
v  ~StubRoutines::call_stub
V  [libjvm.dylib+0x2eab0e]  JavaCalls::call_helper(JavaValue*, methodHandle*, JavaCallArguments*, Thread*)+0x6ae
V  [libjvm.dylib+0x321bb7]  jni_invoke_nonstatic(JNIEnv_*, JavaValue*, _jobject*, JNICallType, _jmethodID*, JNI_ArgumentPusher*, Thread*)+0x2ec
V  [libjvm.dylib+0x31438b]  jni_CallVoidMethod+0x16b
C  [libnativewindow_macosx.jnilib+0x5326]  Java_jogamp_nativewindow_jawt_macosx_MacOSXJAWTWindow_UnsetJAWTRootSurfaceLayer0+0x2b6
C  [Foundation+0x92dd0]  __NSThreadPerformPerform+0x125
C  [CoreFoundation+0x80a01]  __CFRUNLOOP_IS_CALLING_OUT_TO_A_SOURCE0_PERFORM_FUNCTION__+0x11
C  [CoreFoundation+0x72c5c]  __CFRunLoopDoSources0+0x1dc
C  [CoreFoundation+0x721bf]  __CFRunLoopRun+0x39f
C  [CoreFoundation+0x71bd8]  CFRunLoopRunSpecific+0x128
C  [HIToolbox+0x3256f]  RunCurrentEventLoopInMode+0xeb
C  [HIToolbox+0x321ee]  ReceiveNextEventCommon+0xb3
C  [HIToolbox+0x3212b]  _BlockUntilNextEventMatchingListInModeWithFilter+0x47
C  [AppKit+0x918ab]  _DPSNextEvent+0x3d2
C  [AppKit+0x90e58]  -[NSApplication nextEventMatchingMask:untilDate:inMode:dequeue:]+0x15a
C  [libosxapp.dylib+0x23aa]  -[NSApplicationAWT nextEventMatchingMask:untilDate:inMode:dequeue:]+0x7c
C  [AppKit+0x86af3]  -[NSApplication run]+0x252
C  [libosxapp.dylib+0x214d]  +[NSApplicationAWT runAWTLoopWithApp:]+0x9c
C  [libawt_lwawt.dylib+0x44517]  -[AWTStarter starter:]+0x389
C  [Foundation+0x92dd0]  __NSThreadPerformPerform+0x125
C  [CoreFoundation+0x80a01]  __CFRUNLOOP_IS_CALLING_OUT_TO_A_SOURCE0_PERFORM_FUNCTION__+0x11
C  [CoreFoundation+0x72b8d]  __CFRunLoopDoSources0+0x10d
C  [CoreFoundation+0x721bf]  __CFRunLoopRun+0x39f
C  [CoreFoundation+0x71bd8]  CFRunLoopRunSpecific+0x128
C  [java+0x6463]  CreateExecutionEnvironment+0x367
C  [java+0x21ac]  JLI_Launch+0x7a0
C  [java+0x84c0]  main+0x65
C  [java+0x1a04]  start+0x34
C  0x0000000000000007

Java frames: (J=compiled Java code, j=interpreted, Vv=VM code)
j  jogamp.nativewindow.jawt.macosx.MacOSXJAWTWindow.UnsetJAWTRootSurfaceLayer0(JJ)V+0
j  jogamp.nativewindow.jawt.macosx.MacOSXJAWTWindow.access$200(JJ)V+2
j  jogamp.nativewindow.jawt.macosx.MacOSXJAWTWindow$1.run()V+38
j  com.jogamp.common.util.RunnableTask.run()V+24
v  ~StubRoutines::call_stub

---------------  P R O C E S S  ---------------

Java Threads: ( => current thread )
  0x00007f9a4d220800 JavaThread "Thread-19" [_thread_blocked, id=64815, stack(0x00000002540df000,0x00000002541df000)]
  0x00007f9a4ddf5000 JavaThread "Image Fetcher 3" daemon [_thread_blocked, id=69635, stack(0x00000002517f9000,0x00000002518f9000)]
  0x00007f9a4dfac000 JavaThread "Image Fetcher 2" daemon [_thread_blocked, id=68871, stack(0x00000002516f6000,0x00000002517f6000)]
  0x00007f9a51808800 JavaThread "Image Fetcher 1" daemon [_thread_blocked, id=68611, stack(0x0000000251572000,0x0000000251672000)]
  0x00007f9a4c70a000 JavaThread "Image Fetcher 0" daemon [_thread_blocked, id=68107, stack(0x000000025146f000,0x000000025156f000)]
  0x00007f9a4ca97000 JavaThread "Keep-Alive-Timer" daemon [_thread_blocked, id=67959, stack(0x0000000251328000,0x0000000251428000)]
  0x00007f9a4dbd4000 JavaThread "AWT-EventQueue-1" [_thread_in_native, id=61743, stack(0x0000000248008000,0x0000000248108000)]
  0x00007f9a4c94c800 JavaThread "DestroyJavaVM" [_thread_blocked, id=4867, stack(0x000000010958a000,0x000000010968a000)]
  0x00007f9a4c1e0000 JavaThread "AWT-EventQueue-0" [_thread_blocked, id=54791, stack(0x00000001e82e7000,0x00000001e83e7000)]
  0x00007f9a4c1a8800 JavaThread "Java2D Disposer" daemon [_thread_blocked, id=50967, stack(0x00000001e6fbd000,0x00000001e70bd000)]
  0x00007f9a4c145800 JavaThread "Java2D Queue Flusher" daemon [_thread_blocked, id=49415, stack(0x00000001e5f6e000,0x00000001e606e000)]
  0x00007f9a4d9fb000 JavaThread "AWT-Shutdown" [_thread_blocked, id=27667, stack(0x00000001e3081000,0x00000001e3181000)]
=>0x00007f9a4c0d9000 JavaThread "AWT-AppKit" daemon [_thread_in_native, id=1811, stack(0x00007fff57759000,0x00007fff57f59000)]
  0x00007f9a4d852000 JavaThread "Service Thread" daemon [_thread_blocked, id=18179, stack(0x00000001e1642000,0x00000001e1742000)]
  0x00007f9a4c800800 JavaThread "C1 CompilerThread2" daemon [_thread_blocked, id=17667, stack(0x00000001e153f000,0x00000001e163f000)]
  0x00007f9a4d83c800 JavaThread "C2 CompilerThread1" daemon [_thread_blocked, id=17155, stack(0x00000001e143c000,0x00000001e153c000)]
  0x00007f9a4c048000 JavaThread "C2 CompilerThread0" daemon [_thread_blocked, id=16643, stack(0x00000001e1339000,0x00000001e1439000)]
  0x00007f9a4d83b800 JavaThread "Signal Dispatcher" daemon [_thread_blocked, id=13335, stack(0x00000001e1236000,0x00000001e1336000)]
  0x00007f9a4c044800 JavaThread "Finalizer" daemon [_thread_blocked, id=11523, stack(0x00000001df822000,0x00000001df922000)]
  0x00007f9a4c043800 JavaThread "Reference Handler" daemon [_thread_blocked, id=11011, stack(0x00000001df71f000,0x00000001df81f000)]

Other Threads:
  0x00007f9a4c043000 VMThread [stack: 0x00000001df61c000,0x00000001df71c000] [id=10499]
  0x00007f9a4d006000 WatcherThread [stack: 0x00000001e1745000,0x00000001e1845000] [id=18691]

VM state:not at safepoint (normal execution)

VM Mutex/Monitor currently owned by a thread: None

Heap:
 PSYoungGen      total 71680K, used 61129K [0x000000016e380000, 0x0000000179d80000, 0x0000000198e00000)
  eden space 66560K, 84% used [0x000000016e380000,0x0000000171a39a30,0x0000000172480000)
  from space 5120K, 99% used [0x0000000172480000,0x0000000172978cc0,0x0000000172980000)
  to   space 28672K, 0% used [0x0000000178180000,0x0000000178180000,0x0000000179d80000)
 ParOldGen       total 87552K, used 50898K [0x0000000118e00000, 0x000000011e380000, 0x000000016e380000)
  object space 87552K, 58% used [0x0000000118e00000,0x000000011bfb4ae0,0x000000011e380000)
 Metaspace       used 18916K, capacity 19137K, committed 19456K, reserved 1067008K
  class space    used 1880K, capacity 1981K, committed 2048K, reserved 1048576K

Card table byte_map: [0x0000000198e00000,0x0000000199201000] byte_map_base: 0x0000000198539000

Marking Bits: (ParMarkBitMap*) 0x0000000108edee20
 Begin Bits: [0x00000001997b5000, 0x000000019b7b5000)
 End Bits:   [0x000000019b7b5000, 0x000000019d7b5000)

Polling page: 0x000000010968c000

CodeCache: size=245760Kb used=6476Kb max_used=6489Kb free=239283Kb
 bounds [0x000000010969f000, 0x0000000109cff000, 0x000000011869f000]
 total_blobs=2563 nmethods=1687 adapters=789
 compilation: enabled

Compilation events (10 events):
Event: 13.511 Thread 0x00007f9a4c800800 1947       1       javax.media.nativewindow.DefaultGraphicsConfiguration::getScreen (5 bytes)
Event: 13.511 Thread 0x00007f9a4c800800 nmethod 1947 0x0000000109cf34d0 code [0x0000000109cf3620, 0x0000000109cf3730]
Event: 13.518 Thread 0x00007f9a4c048000 1949  s    4       sun.misc.URLClassPath::getNextLoader (88 bytes)
Event: 13.518 Thread 0x00007f9a4c800800 1950  s!   2       sun.misc.URLClassPath::getLoader (197 bytes)
Event: 13.520 Thread 0x00007f9a4c800800 nmethod 1950 0x0000000109cf3ad0 code [0x0000000109cf3dc0, 0x0000000109cf54c8]
Event: 13.520 Thread 0x00007f9a4c800800 1951       1       java.util.ArrayList::elementData (7 bytes)
Event: 13.521 Thread 0x00007f9a4c800800 nmethod 1951 0x0000000109cf6990 code [0x0000000109cf6ae0, 0x0000000109cf6c10]
Event: 13.521 Thread 0x00007f9a4c800800 1952       3       sun.java2d.SunGraphics2D::invalidatePipe (41 bytes)
Event: 13.521 Thread 0x00007f9a4c800800 nmethod 1952 0x0000000109cf6cd0 code [0x0000000109cf6e40, 0x0000000109cf7030]
Event: 13.524 Thread 0x00007f9a4c048000 nmethod 1949 0x0000000109cfa410 code [0x0000000109cfa580, 0x0000000109cfacf8]

GC Heap History (10 events):
Event: 5.361 GC heap before
{Heap before GC invocations=1 (full 0):
 PSYoungGen      total 38400K, used 33280K [0x000000016e380000, 0x0000000170e00000, 0x0000000198e00000)
  eden space 33280K, 100% used [0x000000016e380000,0x0000000170400000,0x0000000170400000)
  from space 5120K, 0% used [0x0000000170900000,0x0000000170900000,0x0000000170e00000)
  to   space 5120K, 0% used [0x0000000170400000,0x0000000170400000,0x0000000170900000)
 ParOldGen       total 87552K, used 0K [0x0000000118e00000, 0x000000011e380000, 0x000000016e380000)
  object space 87552K, 0% used [0x0000000118e00000,0x0000000118e00000,0x000000011e380000)
 Metaspace       used 15965K, capacity 16123K, committed 16256K, reserved 1064960K
  class space    used 1615K, capacity 1660K, committed 1664K, reserved 1048576K
Event: 5.368 GC heap after
Heap after GC invocations=1 (full 0):
 PSYoungGen      total 38400K, used 5054K [0x000000016e380000, 0x0000000170e00000, 0x0000000198e00000)
  eden space 33280K, 0% used [0x000000016e380000,0x000000016e380000,0x0000000170400000)
  from space 5120K, 98% used [0x0000000170400000,0x00000001708ef9e0,0x0000000170900000)
  to   space 5120K, 0% used [0x0000000170900000,0x0000000170900000,0x0000000170e00000)
 ParOldGen       total 87552K, used 16K [0x0000000118e00000, 0x000000011e380000, 0x000000016e380000)
  object space 87552K, 0% used [0x0000000118e00000,0x0000000118e04000,0x000000011e380000)
 Metaspace       used 15965K, capacity 16123K, committed 16256K, reserved 1064960K
  class space    used 1615K, capacity 1660K, committed 1664K, reserved 1048576K
}
Event: 6.426 GC heap before
{Heap before GC invocations=2 (full 0):
 PSYoungGen      total 38400K, used 38334K [0x000000016e380000, 0x0000000170e00000, 0x0000000198e00000)
  eden space 33280K, 100% used [0x000000016e380000,0x0000000170400000,0x0000000170400000)
  from space 5120K, 98% used [0x0000000170400000,0x00000001708ef9e0,0x0000000170900000)
  to   space 5120K, 0% used [0x0000000170900000,0x0000000170900000,0x0000000170e00000)
 ParOldGen       total 87552K, used 16K [0x0000000118e00000, 0x000000011e380000, 0x000000016e380000)
  object space 87552K, 0% used [0x0000000118e00000,0x0000000118e04000,0x000000011e380000)
 Metaspace       used 17533K, capacity 17723K, committed 18048K, reserved 1064960K
  class space    used 1774K, capacity 1852K, committed 1920K, reserved 1048576K
Event: 6.446 GC heap after
Heap after GC invocations=2 (full 0):
 PSYoungGen      total 38400K, used 5119K [0x000000016e380000, 0x0000000170e00000, 0x0000000198e00000)
  eden space 33280K, 0% used [0x000000016e380000,0x000000016e380000,0x0000000170400000)
  from space 5120K, 99% used [0x0000000170900000,0x0000000170dfff00,0x0000000170e00000)
  to   space 5120K, 0% used [0x0000000170400000,0x0000000170400000,0x0000000170900000)
 ParOldGen       total 87552K, used 6439K [0x0000000118e00000, 0x000000011e380000, 0x000000016e380000)
  object space 87552K, 7% used [0x0000000118e00000,0x0000000119449fd0,0x000000011e380000)
 Metaspace       used 17533K, capacity 17723K, committed 18048K, reserved 1064960K
  class space    used 1774K, capacity 1852K, committed 1920K, reserved 1048576K
}
Event: 6.591 GC heap before
{Heap before GC invocations=3 (full 0):
 PSYoungGen      total 38400K, used 38399K [0x000000016e380000, 0x0000000170e00000, 0x0000000198e00000)
  eden space 33280K, 100% used [0x000000016e380000,0x0000000170400000,0x0000000170400000)
  from space 5120K, 99% used [0x0000000170900000,0x0000000170dfff00,0x0000000170e00000)
  to   space 5120K, 0% used [0x0000000170400000,0x0000000170400000,0x0000000170900000)
 ParOldGen       total 87552K, used 6439K [0x0000000118e00000, 0x000000011e380000, 0x000000016e380000)
  object space 87552K, 7% used [0x0000000118e00000,0x0000000119449fd0,0x000000011e380000)
 Metaspace       used 17577K, capacity 17723K, committed 18048K, reserved 1064960K
  class space    used 1779K, capacity 1852K, committed 1920K, reserved 1048576K
Event: 6.611 GC heap after
Heap after GC invocations=3 (full 0):
 PSYoungGen      total 38400K, used 5100K [0x000000016e380000, 0x0000000172e80000, 0x0000000198e00000)
  eden space 33280K, 0% used [0x000000016e380000,0x000000016e380000,0x0000000170400000)
  from space 5120K, 99% used [0x0000000170400000,0x00000001708fb3f8,0x0000000170900000)
  to   space 5120K, 0% used [0x0000000172980000,0x0000000172980000,0x0000000172e80000)
 ParOldGen       total 87552K, used 20378K [0x0000000118e00000, 0x000000011e380000, 0x000000016e380000)
  object space 87552K, 23% used [0x0000000118e00000,0x000000011a1e6bf8,0x000000011e380000)
 Metaspace       used 17577K, capacity 17723K, committed 18048K, reserved 1064960K
  class space    used 1779K, capacity 1852K, committed 1920K, reserved 1048576K
}
Event: 6.676 GC heap before
{Heap before GC invocations=4 (full 0):
 PSYoungGen      total 38400K, used 38380K [0x000000016e380000, 0x0000000172e80000, 0x0000000198e00000)
  eden space 33280K, 100% used [0x000000016e380000,0x0000000170400000,0x0000000170400000)
  from space 5120K, 99% used [0x0000000170400000,0x00000001708fb3f8,0x0000000170900000)
  to   space 5120K, 0% used [0x0000000172980000,0x0000000172980000,0x0000000172e80000)
 ParOldGen       total 87552K, used 20378K [0x0000000118e00000, 0x000000011e380000, 0x000000016e380000)
  object space 87552K, 23% used [0x0000000118e00000,0x000000011a1e6bf8,0x000000011e380000)
 Metaspace       used 17577K, capacity 17723K, committed 18048K, reserved 1064960K
  class space    used 1779K, capacity 1852K, committed 1920K, reserved 1048576K
Event: 6.703 GC heap after
Heap after GC invocations=4 (full 0):
 PSYoungGen      total 71680K, used 5117K [0x000000016e380000, 0x0000000172e80000, 0x0000000198e00000)
  eden space 66560K, 0% used [0x000000016e380000,0x000000016e380000,0x0000000172480000)
  from space 5120K, 99% used [0x0000000172980000,0x0000000172e7f408,0x0000000172e80000)
  to   space 5120K, 0% used [0x0000000172480000,0x0000000172480000,0x0000000172980000)
 ParOldGen       total 87552K, used 33792K [0x0000000118e00000, 0x000000011e380000, 0x000000016e380000)
  object space 87552K, 38% used [0x0000000118e00000,0x000000011af00398,0x000000011e380000)
 Metaspace       used 17577K, capacity 17723K, committed 18048K, reserved 1064960K
  class space    used 1779K, capacity 1852K, committed 1920K, reserved 1048576K
}
Event: 9.036 GC heap before
{Heap before GC invocations=5 (full 0):
 PSYoungGen      total 71680K, used 71677K [0x000000016e380000, 0x0000000172e80000, 0x0000000198e00000)
  eden space 66560K, 100% used [0x000000016e380000,0x0000000172480000,0x0000000172480000)
  from space 5120K, 99% used [0x0000000172980000,0x0000000172e7f408,0x0000000172e80000)
  to   space 5120K, 0% used [0x0000000172480000,0x0000000172480000,0x0000000172980000)
 ParOldGen       total 87552K, used 33792K [0x0000000118e00000, 0x000000011e380000, 0x000000016e380000)
  object space 87552K, 38% used [0x0000000118e00000,0x000000011af00398,0x000000011e380000)
 Metaspace       used 18317K, capacity 18523K, committed 18816K, reserved 1067008K
  class space    used 1835K, capacity 1884K, committed 1920K, reserved 1048576K
Event: 9.099 GC heap after
Heap after GC invocations=5 (full 0):
 PSYoungGen      total 71680K, used 5091K [0x000000016e380000, 0x0000000179d80000, 0x0000000198e00000)
  eden space 66560K, 0% used [0x000000016e380000,0x000000016e380000,0x0000000172480000)
  from space 5120K, 99% used [0x0000000172480000,0x0000000172978cc0,0x0000000172980000)
  to   space 28672K, 0% used [0x0000000178180000,0x0000000178180000,0x0000000179d80000)
 ParOldGen       total 87552K, used 50898K [0x0000000118e00000, 0x000000011e380000, 0x000000016e380000)
  object space 87552K, 58% used [0x0000000118e00000,0x000000011bfb4ae0,0x000000011e380000)
 Metaspace       used 18317K, capacity 18523K, committed 18816K, reserved 1067008K
  class space    used 1835K, capacity 1884K, committed 1920K, reserved 1048576K
}

Deoptimization events (10 events):
Event: 9.349 Thread 0x00007f9a4dbd4000 Uncommon trap: reason=unstable_if action=reinterpret pc=0x0000000109c9425c method=processing.core.PGraphics.colorCalc(I)V @ 5
Event: 9.391 Thread 0x00007f9a4dbd4000 Uncommon trap: reason=unstable_if action=reinterpret pc=0x0000000109c96520 method=de.fhpotsdam.unfolding.mapdisplay.Java2DMapDisplay.getInnerTransformedPosition(FFZ)[F @ 1
Event: 9.397 Thread 0x00007f9a4dbd4000 Uncommon trap: reason=unstable_if action=reinterpret pc=0x0000000109ca0384 method=processing.opengl.PGraphicsOpenGL.tessellate(I)V @ 274
Event: 9.406 Thread 0x00007f9a4dbd4000 Uncommon trap: reason=unstable_if action=reinterpret pc=0x0000000109c913b4 method=processing.opengl.PGraphicsOpenGL$Tessellator.setLastTexIndex(II)V @ 15
Event: 9.676 Thread 0x00007f9a4dbd4000 Uncommon trap: reason=unstable_if action=reinterpret pc=0x0000000109cc4d68 method=processing.opengl.PGraphicsOpenGL$TessGeometry.polyIndexCheck(I)V @ 13
Event: 13.392 Thread 0x00007f9a4dbd4000 Uncommon trap: reason=class_check action=maybe_recompile pc=0x0000000109b4add0 method=java.util.Arrays.copyOf([Ljava/lang/Object;ILjava/lang/Class;)[Ljava/lang/Object; @ 24
Event: 13.392 Thread 0x00007f9a4dbd4000 Uncommon trap: reason=class_check action=maybe_recompile pc=0x0000000109b4add0 method=java.util.Arrays.copyOf([Ljava/lang/Object;ILjava/lang/Class;)[Ljava/lang/Object; @ 24
Event: 13.393 Thread 0x00007f9a4dbd4000 Uncommon trap: reason=unstable_if action=reinterpret pc=0x0000000109860ca8 method=com.jogamp.common.util.VersionNumber.compareTo(Lcom/jogamp/common/util/VersionNumber;)I @ 21
Event: 13.509 Thread 0x00007f9a4da3b000 Uncommon trap: reason=unstable_if action=reinterpret pc=0x0000000109b331b8 method=java.util.HashMap.putVal(ILjava/lang/Object;Ljava/lang/Object;ZZ)Ljava/lang/Object; @ 81
Event: 13.509 Thread 0x00007f9a4da3b000 Uncommon trap: reason=unstable_if action=reinterpret pc=0x0000000109b3f634 method=java.util.HashMap.putVal(ILjava/lang/Object;Ljava/lang/Object;ZZ)Ljava/lang/Object; @ 81

Internal exceptions (10 events):
Event: 0.396 Thread 0x00007f9a4d803800 Exception <a 'java/lang/NoSuchFieldError': method resolution failed> (0x000000016e62bfd0) thrown at [/Users/java_re/workspace/8-2-build-macosx-x86_64/jdk8u60/4407/hotspot/src/share/vm/prims/methodHandles.cpp, line 1146]
Event: 0.398 Thread 0x00007f9a4d803800 Exception <a 'java/lang/NoSuchFieldError': method resolution failed> (0x000000016e6397a0) thrown at [/Users/java_re/workspace/8-2-build-macosx-x86_64/jdk8u60/4407/hotspot/src/share/vm/prims/methodHandles.cpp, line 1146]
Event: 1.369 Thread 0x00007f9a4d803800 Exception <a 'java/io/FileNotFoundException'> (0x000000016e6b5930) thrown at [/Users/java_re/workspace/8-2-build-macosx-x86_64/jdk8u60/4407/hotspot/src/share/vm/prims/jni.cpp, line 709]
Event: 1.369 Thread 0x00007f9a4d803800 Exception <a 'java/io/FileNotFoundException'> (0x000000016e6b6498) thrown at [/Users/java_re/workspace/8-2-build-macosx-x86_64/jdk8u60/4407/hotspot/src/share/vm/prims/jni.cpp, line 709]
Event: 1.565 Thread 0x00007f9a4d803800 Exception <a 'java/io/FileNotFoundException'> (0x000000016e7f9f60) thrown at [/Users/java_re/workspace/8-2-build-macosx-x86_64/jdk8u60/4407/hotspot/src/share/vm/prims/jni.cpp, line 709]
Event: 5.004 Thread 0x00007f9a4c32b000 Exception <a 'java/lang/UnsatisfiedLinkError': com.jogamp.common.util.JarUtil.fixNativeLibAttribs(Ljava/lang/String;)Z> (0x000000016fa60c80) thrown at [/Users/java_re/workspace/8-2-build-macosx-x86_64/jdk8u60/4407/hotspot/src/share/vm/prims/nativeLookup.c
Event: 5.372 Thread 0x00007f9a4c044800 Exception <a 'java/lang/NullPointerException'> (0x000000016e4a4d78) thrown at [/Users/java_re/workspace/8-2-build-macosx-x86_64/jdk8u60/4407/hotspot/src/share/vm/interpreter/linkResolver.cpp, line 1178]
Event: 5.947 Thread 0x00007f9a4dbd4000 Exception <a 'java/io/FileNotFoundException'> (0x000000016ed058d0) thrown at [/Users/java_re/workspace/8-2-build-macosx-x86_64/jdk8u60/4407/hotspot/src/share/vm/prims/jni.cpp, line 709]
Event: 5.947 Thread 0x00007f9a4dbd4000 Exception <a 'java/io/FileNotFoundException'> (0x000000016ed0bc28) thrown at [/Users/java_re/workspace/8-2-build-macosx-x86_64/jdk8u60/4407/hotspot/src/share/vm/prims/jni.cpp, line 709]
Event: 5.947 Thread 0x00007f9a4dbd4000 Implicit null exception at 0x0000000109858275 to 0x00000001098585d9

Events (10 events):
Event: 13.519 loading class java/awt/LightweightDispatcher$2 done
Event: 13.519 loading class java/awt/event/AWTEventListenerProxy
Event: 13.519 loading class java/awt/event/AWTEventListenerProxy done
Event: 13.519 loading class java/awt/Toolkit$ToolkitEventMulticaster
Event: 13.520 loading class java/awt/Toolkit$ToolkitEventMulticaster done
Event: 13.520 Executing VM operation: RevokeBias
Event: 13.520 Executing VM operation: RevokeBias done
Event: 13.520 Thread 0x00007f9a4da3b000 Thread exited: 0x00007f9a4da3b000
Event: 13.521 loading class java/awt/Window$1DisposeAction
Event: 13.521 loading class java/awt/Window$1DisposeAction done


Dynamic libraries:
0x0000000000c4a000 	/System/Library/Frameworks/Cocoa.framework/Versions/A/Cocoa
0x0000000000c4a000 	/System/Library/Frameworks/Security.framework/Versions/A/Security
0x0000000000c4a000 	/System/Library/Frameworks/ApplicationServices.framework/Versions/A/ApplicationServices
0x0000000000c4a000 	/usr/lib/libz.1.dylib
0x0000000000c4a000 	/usr/lib/libSystem.B.dylib
0x0000000000c4a000 	/usr/lib/libobjc.A.dylib
0x0000000000c4a000 	/System/Library/Frameworks/CoreFoundation.framework/Versions/A/CoreFoundation
0x0000000000c4a000 	/System/Library/Frameworks/Foundation.framework/Versions/C/Foundation
0x0000000000c4a000 	/System/Library/Frameworks/AppKit.framework/Versions/C/AppKit
0x0000000000c4a000 	/System/Library/Frameworks/CoreData.framework/Versions/A/CoreData
0x0000000000c4a000 	/System/Library/PrivateFrameworks/RemoteViewServices.framework/Versions/A/RemoteViewServices
0x0000000000c4a000 	/System/Library/PrivateFrameworks/UIFoundation.framework/Versions/A/UIFoundation
0x0000000000c4a000 	/System/Library/Frameworks/IOSurface.framework/Versions/A/IOSurface
0x0000000000c4a000 	/System/Library/Frameworks/AudioToolbox.framework/Versions/A/AudioToolbox
0x0000000000c4a000 	/System/Library/Frameworks/AudioUnit.framework/Versions/A/AudioUnit
0x0000000000c4a000 	/System/Library/PrivateFrameworks/DataDetectorsCore.framework/Versions/A/DataDetectorsCore
0x0000000000c4a000 	/System/Library/PrivateFrameworks/DesktopServicesPriv.framework/Versions/A/DesktopServicesPriv
0x0000000000c4a000 	/System/Library/Frameworks/Carbon.framework/Versions/A/Frameworks/HIToolbox.framework/Versions/A/HIToolbox
0x0000000000c4a000 	/System/Library/Frameworks/QuartzCore.framework/Versions/A/QuartzCore
0x0000000000c4a000 	/System/Library/Frameworks/Carbon.framework/Versions/A/Frameworks/SpeechRecognition.framework/Versions/A/SpeechRecognition
0x0000000000c4a000 	/usr/lib/libauto.dylib
0x0000000000c4a000 	/usr/lib/libicucore.A.dylib
0x0000000000c4a000 	/usr/lib/libxml2.2.dylib
0x0000000000c4a000 	/System/Library/PrivateFrameworks/CoreUI.framework/Versions/A/CoreUI
0x0000000000c4a000 	/System/Library/Frameworks/CoreAudio.framework/Versions/A/CoreAudio
0x0000000000c4a000 	/System/Library/Frameworks/DiskArbitration.framework/Versions/A/DiskArbitration
0x0000000000c4a000 	/usr/lib/liblangid.dylib
0x0000000000c4a000 	/System/Library/PrivateFrameworks/MultitouchSupport.framework/Versions/A/MultitouchSupport
0x0000000000c4a000 	/System/Library/Frameworks/IOKit.framework/Versions/A/IOKit
0x0000000000c4a000 	/usr/lib/libDiagnosticMessagesClient.dylib
0x0000000000c4a000 	/System/Library/Frameworks/CoreServices.framework/Versions/A/CoreServices
0x0000000000c4a000 	/System/Library/PrivateFrameworks/PerformanceAnalysis.framework/Versions/A/PerformanceAnalysis
0x0000000000c4a000 	/System/Library/PrivateFrameworks/GenerationalStorage.framework/Versions/A/GenerationalStorage
0x0000000000c4a000 	/System/Library/Frameworks/OpenGL.framework/Versions/A/OpenGL
0x0000000000c4a000 	/System/Library/PrivateFrameworks/Sharing.framework/Versions/A/Sharing
0x0000000000c4a000 	/System/Library/Frameworks/CoreGraphics.framework/Versions/A/CoreGraphics
0x0000000000c4a000 	/System/Library/Frameworks/CoreText.framework/Versions/A/CoreText
0x0000000000c4a000 	/System/Library/Frameworks/ImageIO.framework/Versions/A/ImageIO
0x0000000000c4a000 	/usr/lib/libextension.dylib
0x0000000000c4a000 	/System/Library/PrivateFrameworks/Backup.framework/Versions/A/Backup
0x0000000000c4a000 	/usr/lib/libarchive.2.dylib
0x0000000000c4a000 	/System/Library/Frameworks/CFNetwork.framework/Versions/A/CFNetwork
0x0000000000c4a000 	/System/Library/Frameworks/SystemConfiguration.framework/Versions/A/SystemConfiguration
0x0000000000c4a000 	/usr/lib/libCRFSuite.dylib
0x0000000000c4a000 	/usr/lib/libc++.1.dylib
0x0000000000c4a000 	/usr/lib/libc++abi.dylib
0x0000000000c4a000 	/usr/lib/system/libcache.dylib
0x0000000000c4a000 	/usr/lib/system/libcommonCrypto.dylib
0x0000000000c4a000 	/usr/lib/system/libcompiler_rt.dylib
0x0000000000c4a000 	/usr/lib/system/libcopyfile.dylib
0x0000000000c4a000 	/usr/lib/system/libcorecrypto.dylib
0x0000000000c4a000 	/usr/lib/system/libdispatch.dylib
0x0000000000c4a000 	/usr/lib/system/libdyld.dylib
0x0000000000c4a000 	/usr/lib/system/libkeymgr.dylib
0x0000000000c4a000 	/usr/lib/system/liblaunch.dylib
0x0000000000c4a000 	/usr/lib/system/libmacho.dylib
0x0000000000c4a000 	/usr/lib/system/libquarantine.dylib
0x0000000000c4a000 	/usr/lib/system/libremovefile.dylib
0x0000000000c4a000 	/usr/lib/system/libsystem_asl.dylib
0x0000000000c4a000 	/usr/lib/system/libsystem_blocks.dylib
0x0000000000c4a000 	/usr/lib/system/libsystem_c.dylib
0x0000000000c4a000 	/usr/lib/system/libsystem_configuration.dylib
0x0000000000c4a000 	/usr/lib/system/libsystem_coreservices.dylib
0x0000000000c4a000 	/usr/lib/system/libsystem_coretls.dylib
0x0000000000c4a000 	/usr/lib/system/libsystem_dnssd.dylib
0x0000000000c4a000 	/usr/lib/system/libsystem_info.dylib
0x0000000000c4a000 	/usr/lib/system/libsystem_kernel.dylib
0x0000000000c4a000 	/usr/lib/system/libsystem_m.dylib
0x0000000000c4a000 	/usr/lib/system/libsystem_malloc.dylib
0x0000000000c4a000 	/usr/lib/system/libsystem_network.dylib
0x0000000000c4a000 	/usr/lib/system/libsystem_networkextension.dylib
0x0000000000c4a000 	/usr/lib/system/libsystem_notify.dylib
0x0000000000c4a000 	/usr/lib/system/libsystem_platform.dylib
0x0000000000c4a000 	/usr/lib/system/libsystem_pthread.dylib
0x0000000000c4a000 	/usr/lib/system/libsystem_sandbox.dylib
0x0000000000c4a000 	/usr/lib/system/libsystem_secinit.dylib
0x0000000000c4a000 	/usr/lib/system/libsystem_stats.dylib
0x0000000000c4a000 	/usr/lib/system/libsystem_trace.dylib
0x0000000000c4a000 	/usr/lib/system/libunc.dylib
0x0000000000c4a000 	/usr/lib/system/libunwind.dylib
0x0000000000c4a000 	/usr/lib/system/libxpc.dylib
0x0000000000c4a000 	/usr/lib/libbz2.1.0.dylib
0x0000000000c4a000 	/usr/lib/liblzma.5.dylib
0x0000000000c4a000 	/usr/lib/libbsm.0.dylib
0x0000000000c4a000 	/usr/lib/libsqlite3.dylib
0x0000000000c4a000 	/usr/lib/system/libkxld.dylib
0x0000000000c4a000 	/usr/lib/libxar.1.dylib
0x0000000000c4a000 	/usr/lib/libpam.2.dylib
0x0000000000c4a000 	/usr/lib/libOpenScriptingUtil.dylib
0x0000000000c4a000 	/System/Library/Frameworks/CoreServices.framework/Versions/A/Frameworks/FSEvents.framework/Versions/A/FSEvents
0x0000000000c4a000 	/System/Library/Frameworks/CoreServices.framework/Versions/A/Frameworks/CarbonCore.framework/Versions/A/CarbonCore
0x0000000000c4a000 	/System/Library/Frameworks/CoreServices.framework/Versions/A/Frameworks/Metadata.framework/Versions/A/Metadata
0x0000000000c4a000 	/System/Library/Frameworks/CoreServices.framework/Versions/A/Frameworks/OSServices.framework/Versions/A/OSServices
0x0000000000c4a000 	/System/Library/Frameworks/CoreServices.framework/Versions/A/Frameworks/SearchKit.framework/Versions/A/SearchKit
0x0000000000c4a000 	/System/Library/Frameworks/CoreServices.framework/Versions/A/Frameworks/AE.framework/Versions/A/AE
0x0000000000c4a000 	/System/Library/Frameworks/CoreServices.framework/Versions/A/Frameworks/LaunchServices.framework/Versions/A/LaunchServices
0x0000000000c4a000 	/System/Library/Frameworks/CoreServices.framework/Versions/A/Frameworks/DictionaryServices.framework/Versions/A/DictionaryServices
0x0000000000c4a000 	/System/Library/Frameworks/NetFS.framework/Versions/A/NetFS
0x0000000000c4a000 	/System/Library/PrivateFrameworks/NetAuth.framework/Versions/A/NetAuth
0x0000000000c4a000 	/System/Library/PrivateFrameworks/login.framework/Versions/A/Frameworks/loginsupport.framework/Versions/A/loginsupport
0x0000000000c4a000 	/System/Library/PrivateFrameworks/TCC.framework/Versions/A/TCC
0x0000000000c4a000 	/usr/lib/libmecabra.dylib
0x0000000000c4a000 	/System/Library/Frameworks/ApplicationServices.framework/Versions/A/Frameworks/ATS.framework/Versions/A/ATS
0x0000000000c4a000 	/System/Library/Frameworks/ApplicationServices.framework/Versions/A/Frameworks/ColorSync.framework/Versions/A/ColorSync
0x0000000000c4a000 	/System/Library/Frameworks/ApplicationServices.framework/Versions/A/Frameworks/HIServices.framework/Versions/A/HIServices
0x0000000000c4a000 	/System/Library/Frameworks/ApplicationServices.framework/Versions/A/Frameworks/LangAnalysis.framework/Versions/A/LangAnalysis
0x0000000000c4a000 	/System/Library/Frameworks/ApplicationServices.framework/Versions/A/Frameworks/PrintCore.framework/Versions/A/PrintCore
0x0000000000c4a000 	/System/Library/Frameworks/ApplicationServices.framework/Versions/A/Frameworks/QD.framework/Versions/A/QD
0x0000000000c4a000 	/System/Library/Frameworks/ApplicationServices.framework/Versions/A/Frameworks/SpeechSynthesis.framework/Versions/A/SpeechSynthesis
0x0000000000c4a000 	/System/Library/Frameworks/Accelerate.framework/Versions/A/Accelerate
0x0000000000c4a000 	/System/Library/Frameworks/Accelerate.framework/Versions/A/Frameworks/vImage.framework/Versions/A/vImage
0x0000000000c4a000 	/System/Library/Frameworks/Accelerate.framework/Versions/A/Frameworks/vecLib.framework/Versions/A/vecLib
0x0000000000c4a000 	/System/Library/Frameworks/Accelerate.framework/Versions/A/Frameworks/vecLib.framework/Versions/A/libvDSP.dylib
0x0000000000c4a000 	/System/Library/Frameworks/Accelerate.framework/Versions/A/Frameworks/vecLib.framework/Versions/A/libvMisc.dylib
0x0000000000c4a000 	/System/Library/Frameworks/Accelerate.framework/Versions/A/Frameworks/vecLib.framework/Versions/A/libLAPACK.dylib
0x0000000000c4a000 	/System/Library/Frameworks/Accelerate.framework/Versions/A/Frameworks/vecLib.framework/Versions/A/libBLAS.dylib
0x0000000000c4a000 	/System/Library/Frameworks/Accelerate.framework/Versions/A/Frameworks/vecLib.framework/Versions/A/libLinearAlgebra.dylib
0x0000000000c4a000 	/System/Library/Frameworks/ApplicationServices.framework/Versions/A/Frameworks/ATS.framework/Versions/A/Resources/libFontParser.dylib
0x0000000000c4a000 	/System/Library/Frameworks/ApplicationServices.framework/Versions/A/Frameworks/ATS.framework/Versions/A/Resources/libFontRegistry.dylib
0x0000000000c4a000 	/System/Library/PrivateFrameworks/AppleVPA.framework/Versions/A/AppleVPA
0x0000000000c4a000 	/System/Library/PrivateFrameworks/AppleJPEG.framework/Versions/A/AppleJPEG
0x0000000000c4a000 	/System/Library/Frameworks/ImageIO.framework/Versions/A/Resources/libJPEG.dylib
0x0000000000c4a000 	/System/Library/Frameworks/ImageIO.framework/Versions/A/Resources/libTIFF.dylib
0x0000000000c4a000 	/System/Library/Frameworks/ImageIO.framework/Versions/A/Resources/libPng.dylib
0x0000000000c4a000 	/System/Library/Frameworks/ImageIO.framework/Versions/A/Resources/libGIF.dylib
0x0000000000c4a000 	/System/Library/Frameworks/ImageIO.framework/Versions/A/Resources/libJP2.dylib
0x0000000000c4a000 	/System/Library/Frameworks/ImageIO.framework/Versions/A/Resources/libRadiance.dylib
0x0000000000c4a000 	/System/Library/Frameworks/CoreVideo.framework/Versions/A/CoreVideo
0x0000000000c4a000 	/System/Library/Frameworks/OpenGL.framework/Versions/A/Libraries/libGLU.dylib
0x0000000000c4a000 	/System/Library/Frameworks/OpenGL.framework/Versions/A/Libraries/libGFXShared.dylib
0x0000000000c4a000 	/System/Library/Frameworks/OpenGL.framework/Versions/A/Libraries/libGL.dylib
0x0000000000c4a000 	/System/Library/Frameworks/OpenGL.framework/Versions/A/Libraries/libGLImage.dylib
0x0000000000c4a000 	/System/Library/Frameworks/OpenGL.framework/Versions/A/Libraries/libCVMSPluginSupport.dylib
0x0000000000c4a000 	/System/Library/Frameworks/OpenGL.framework/Versions/A/Libraries/libCoreVMClient.dylib
0x0000000000c4a000 	/usr/lib/libcups.2.dylib
0x0000000000c4a000 	/System/Library/Frameworks/Kerberos.framework/Versions/A/Kerberos
0x0000000000c4a000 	/System/Library/Frameworks/GSS.framework/Versions/A/GSS
0x0000000000c4a000 	/usr/lib/libresolv.9.dylib
0x0000000000c4a000 	/usr/lib/libiconv.2.dylib
0x0000000000c4a000 	/System/Library/PrivateFrameworks/Heimdal.framework/Versions/A/Heimdal
0x0000000000c4a000 	/usr/lib/libheimdal-asn1.dylib
0x0000000000c4a000 	/System/Library/Frameworks/OpenDirectory.framework/Versions/A/OpenDirectory
0x0000000000c4a000 	/System/Library/PrivateFrameworks/CommonAuth.framework/Versions/A/CommonAuth
0x0000000000c4a000 	/System/Library/Frameworks/OpenDirectory.framework/Versions/A/Frameworks/CFOpenDirectory.framework/Versions/A/CFOpenDirectory
0x0000000000c4a000 	/System/Library/Frameworks/SecurityFoundation.framework/Versions/A/SecurityFoundation
0x0000000000c4a000 	/System/Library/PrivateFrameworks/LanguageModeling.framework/Versions/A/LanguageModeling
0x0000000000c4a000 	/usr/lib/libcmph.dylib
0x0000000000c4a000 	/System/Library/Frameworks/ServiceManagement.framework/Versions/A/ServiceManagement
0x0000000000c4a000 	/usr/lib/libxslt.1.dylib
0x0000000000c4a000 	/System/Library/Frameworks/Carbon.framework/Versions/A/Frameworks/Ink.framework/Versions/A/Ink
0x0000000000c4a000 	/System/Library/Frameworks/QuartzCore.framework/Versions/A/Frameworks/CoreImage.framework/Versions/A/CoreImage
0x0000000000c4a000 	/System/Library/PrivateFrameworks/CrashReporterSupport.framework/Versions/A/CrashReporterSupport
0x0000000000c4a000 	/System/Library/Frameworks/OpenCL.framework/Versions/A/OpenCL
0x0000000000c4a000 	/System/Library/PrivateFrameworks/FaceCore.framework/Versions/A/FaceCore
0x0000000000c4a000 	/System/Library/PrivateFrameworks/Ubiquity.framework/Versions/A/Ubiquity
0x0000000000c4a000 	/System/Library/PrivateFrameworks/IconServices.framework/Versions/A/IconServices
0x0000000000c4a000 	/System/Library/PrivateFrameworks/ChunkingLibrary.framework/Versions/A/ChunkingLibrary
0x0000000000c4a000 	/System/Library/PrivateFrameworks/Apple80211.framework/Versions/A/Apple80211
0x0000000000c4a000 	/System/Library/Frameworks/CoreWLAN.framework/Versions/A/CoreWLAN
0x0000000000c4a000 	/System/Library/Frameworks/IOBluetooth.framework/Versions/A/IOBluetooth
0x0000000000c4a000 	/System/Library/PrivateFrameworks/CoreWiFi.framework/Versions/A/CoreWiFi
0x0000000000c4a000 	/System/Library/Frameworks/CoreBluetooth.framework/Versions/A/CoreBluetooth
0x0000000000c4a000 	/System/Library/PrivateFrameworks/DebugSymbols.framework/Versions/A/DebugSymbols
0x0000000000c4a000 	/System/Library/PrivateFrameworks/CoreSymbolication.framework/Versions/A/CoreSymbolication
0x0000000000c4a000 	/System/Library/PrivateFrameworks/Symbolication.framework/Versions/A/Symbolication
0x0000000000c4a000 	/System/Library/PrivateFrameworks/SpeechRecognitionCore.framework/Versions/A/SpeechRecognitionCore
0x0000000108600000 	/Library/Java/JavaVirtualMachines/jdk1.8.0_60.jdk/Contents/Home/jre/lib/server/libjvm.dylib
0x0000000000c4a000 	/usr/lib/libstdc++.6.dylib
0x0000000107dbd000 	/Library/Java/JavaVirtualMachines/jdk1.8.0_60.jdk/Contents/Home/jre/lib/libverify.dylib
0x0000000107dcb000 	/Library/Java/JavaVirtualMachines/jdk1.8.0_60.jdk/Contents/Home/jre/lib/libjava.dylib
0x0000000109696000 	/Library/Java/JavaVirtualMachines/jdk1.8.0_60.jdk/Contents/Home/jre/lib/libzip.dylib
0x00000001df924000 	/System/Library/Frameworks/JavaVM.framework/Frameworks/JavaRuntimeSupport.framework/JavaRuntimeSupport
0x00000001df93a000 	/System/Library/Frameworks/JavaVM.framework/Versions/A/Frameworks/JavaNativeFoundation.framework/Versions/A/JavaNativeFoundation
0x0000000118bf3000 	/System/Library/Frameworks/JavaVM.framework/Versions/A/JavaVM
0x0000000000c4a000 	/System/Library/Frameworks/Carbon.framework/Versions/A/Carbon
0x00000001df94e000 	/System/Library/PrivateFrameworks/JavaLaunching.framework/Versions/A/JavaLaunching
0x0000000000c4a000 	/System/Library/Frameworks/Carbon.framework/Versions/A/Frameworks/CommonPanels.framework/Versions/A/CommonPanels
0x0000000000c4a000 	/System/Library/Frameworks/Carbon.framework/Versions/A/Frameworks/Help.framework/Versions/A/Help
0x0000000000c4a000 	/System/Library/Frameworks/Carbon.framework/Versions/A/Frameworks/ImageCapture.framework/Versions/A/ImageCapture
0x0000000000c4a000 	/System/Library/Frameworks/Carbon.framework/Versions/A/Frameworks/OpenScripting.framework/Versions/A/OpenScripting
0x0000000000c4a000 	/System/Library/Frameworks/Carbon.framework/Versions/A/Frameworks/Print.framework/Versions/A/Print
0x0000000000c4a000 	/System/Library/Frameworks/Carbon.framework/Versions/A/Frameworks/SecurityHI.framework/Versions/A/SecurityHI
0x00000001e1849000 	/Library/Java/JavaVirtualMachines/jdk1.8.0_60.jdk/Contents/Home/jre/lib/libawt.dylib
0x00000001e18f1000 	/Library/Java/JavaVirtualMachines/jdk1.8.0_60.jdk/Contents/Home/jre/lib/./libmlib_image.dylib
0x00000001e19bd000 	/Library/Java/JavaVirtualMachines/jdk1.8.0_60.jdk/Contents/Home/jre/lib/libawt_lwawt.dylib
0x00000001e1a72000 	/Library/Java/JavaVirtualMachines/jdk1.8.0_60.jdk/Contents/Home/jre/lib/./libosxapp.dylib
0x0000000000c4a000 	/System/Library/Frameworks/ExceptionHandling.framework/Versions/A/ExceptionHandling
0x0000000000c4a000 	/System/Library/PrivateFrameworks/CoreServicesInternal.framework/Versions/A/CoreServicesInternal
0x0000000000c4a000 	/System/Library/PrivateFrameworks/CloudDocs.framework/Versions/A/CloudDocs
0x0000000000c4a000 	/System/Library/PrivateFrameworks/CoreDuet.framework/Versions/A/CoreDuet
0x0000000000c4a000 	/System/Library/Frameworks/CloudKit.framework/Versions/A/CloudKit
0x0000000000c4a000 	/System/Library/PrivateFrameworks/ProtocolBuffer.framework/Versions/A/ProtocolBuffer
0x0000000000c4a000 	/System/Library/PrivateFrameworks/CoreDuetDaemonProtocol.framework/Versions/A/CoreDuetDaemonProtocol
0x0000000000c4a000 	/System/Library/PrivateFrameworks/CoreDuetDebugLogging.framework/Versions/A/CoreDuetDebugLogging
0x0000000000c4a000 	/System/Library/PrivateFrameworks/MMCS.framework/Versions/A/MMCS
0x0000000000c4a000 	/System/Library/Frameworks/CoreLocation.framework/Versions/A/CoreLocation
0x0000000000c4a000 	/System/Library/PrivateFrameworks/ProtectedCloudStorage.framework/Versions/A/ProtectedCloudStorage
0x0000000000c4a000 	/System/Library/PrivateFrameworks/GeoServices.framework/Versions/A/GeoServices
0x0000000000c4a000 	/System/Library/Frameworks/CoreGraphics.framework/Versions/A/Resources/libCGCMS.A.dylib
0x0000000000c4a000 	/System/Library/Frameworks/CoreGraphics.framework/Versions/A/Resources/libRIP.A.dylib
0x0000000000c4a000 	/System/Library/Frameworks/CoreGraphics.framework/Versions/A/Resources/libCGXType.A.dylib
0x0000000000c4a000 	/System/Library/Frameworks/OpenCL.framework/Versions/A/Libraries/libcldcpuengine.dylib
0x0000000000c4a000 	/System/Library/PrivateFrameworks/DiskImages.framework/Versions/A/DiskImages
0x0000000000c4a000 	/System/Library/Frameworks/DiscRecording.framework/Versions/A/DiscRecording
0x0000000000c4a000 	/usr/lib/libcsfde.dylib
0x0000000000c4a000 	/usr/lib/libcurl.4.dylib
0x0000000000c4a000 	/System/Library/PrivateFrameworks/MediaKit.framework/Versions/A/MediaKit
0x0000000000c4a000 	/usr/lib/libCoreStorage.dylib
0x0000000000c4a000 	/System/Library/PrivateFrameworks/EFILogin.framework/Versions/A/EFILogin
0x0000000000c4a000 	/usr/lib/libutil.dylib
0x0000000000c4a000 	/System/Library/PrivateFrameworks/FindMyDevice.framework/Versions/A/FindMyDevice
0x0000000000c4a000 	/System/Library/Frameworks/LDAP.framework/Versions/A/LDAP
0x0000000000c4a000 	/usr/lib/libsasl2.2.dylib
0x0000000000c4a000 	/System/Library/PrivateFrameworks/CoreDaemon.framework/Versions/B/CoreDaemon
0x0000000000c4a000 	/usr/lib/libcrypto.0.9.8.dylib
0x0000000000c4a000 	/System/Library/PrivateFrameworks/AppleSRP.framework/Versions/A/AppleSRP
0x0000000000c4a000 	/System/Library/PrivateFrameworks/TrustEvaluationAgent.framework/Versions/A/TrustEvaluationAgent
0x00000001e4c41000 	cl_kernels
0x00000001e4c43000 	/System/Library/Frameworks/OpenCL.framework/Versions/A/Libraries/ImageFormats/unorm8_bgra.dylib
0x00000001e4c33000 	cl_kernels
0x0000000000c4a000 	/System/Library/PrivateFrameworks/FamilyControls.framework/Versions/A/FamilyControls
0x0000000000c4a000 	/System/Library/PrivateFrameworks/CommerceKit.framework/Versions/A/Frameworks/CommerceCore.framework/Versions/A/CommerceCore
0x0000000000c4a000 	/System/Library/PrivateFrameworks/SystemAdministration.framework/Versions/A/SystemAdministration
0x0000000000c4a000 	/System/Library/PrivateFrameworks/AppContainer.framework/Versions/A/AppContainer
0x0000000000c4a000 	/System/Library/PrivateFrameworks/SecCodeWrapper.framework/Versions/A/SecCodeWrapper
0x0000000000c4a000 	/System/Library/Frameworks/DirectoryService.framework/Versions/A/DirectoryService
0x0000000000c4a000 	/System/Library/PrivateFrameworks/LoginUIKit.framework/Versions/A/Frameworks/LoginUICore.framework/Versions/A/LoginUICore
0x0000000000c4a000 	/usr/lib/libodfde.dylib
0x0000000000c4a000 	/System/Library/Frameworks/OpenGL.framework/Versions/A/Resources/GLEngine.bundle/GLEngine
0x0000000000c4a000 	/System/Library/Frameworks/OpenGL.framework/Versions/A/Libraries/libGLProgrammability.dylib
0x00000001e6070000 	/System/Library/Extensions/AppleIntelHD5000GraphicsGLDriver.bundle/Contents/MacOS/AppleIntelHD5000GraphicsGLDriver
0x0000000000c4a000 	/System/Library/PrivateFrameworks/IOAccelerator.framework/Versions/A/IOAccelerator
0x0000000000c4a000 	/System/Library/PrivateFrameworks/GPUSupport.framework/Versions/A/Libraries/libGPUSupportMercury.dylib
0x0000000000c4a000 	/System/Library/Frameworks/OpenGL.framework/Versions/A/Resources/GLRendererFloat.bundle/GLRendererFloat
0x00000001e70bf000 	/Library/Java/JavaVirtualMachines/jdk1.8.0_60.jdk/Contents/Home/jre/lib/libfontmanager.dylib
0x00000001e8439000 	/Library/Java/JavaVirtualMachines/jdk1.8.0_60.jdk/Contents/Home/jre/lib/libosxui.dylib
0x00000001e8518000 	/Library/Java/JavaVirtualMachines/jdk1.8.0_60.jdk/Contents/Home/jre/lib/libnet.dylib
0x00000001e852f000 	/Library/Java/JavaVirtualMachines/jdk1.8.0_60.jdk/Contents/Home/jre/lib/libnio.dylib
0x0000000000c4a000 	/System/Library/Frameworks/ApplicationServices.framework/Versions/A/Frameworks/ATS.framework/Versions/A/Resources/libTrueTypeScaler.dylib
0x00000002477c3000 	/private/var/folders/hh/z31jgv_d7szdfpdjxj5nl_v00000gn/T/jogamp_0000/file_cache/jln2246235441523953391/jln7970767344893805503/libgluegen-rt.jnilib
0x00000001e84c1000 	/private/var/folders/hh/z31jgv_d7szdfpdjxj5nl_v00000gn/T/jogamp_0000/file_cache/jln2246235441523953391/jln7970767344893805503/libnativewindow_awt.jnilib
0x00000002477c7000 	/Library/Java/JavaVirtualMachines/jdk1.8.0_60.jdk/Contents/Home/jre/lib/libjawt.dylib
0x00000002477ca000 	/private/var/folders/hh/z31jgv_d7szdfpdjxj5nl_v00000gn/T/jogamp_0000/file_cache/jln2246235441523953391/jln7970767344893805503/libnativewindow_macosx.jnilib
0x000000024b5b0000 	/private/var/folders/hh/z31jgv_d7szdfpdjxj5nl_v00000gn/T/jogamp_0000/file_cache/jln2246235441523953391/jln7970767344893805503/libjogl_desktop.jnilib

VM Arguments:
jvm_args: -Djava.security.policy=java.policy.applet -Dfile.encoding=UTF-8 
java_command: sun.applet.AppletViewer module6.AirportMap1491167872295.html
java_class_path (initial): /Users/chuan1900/coursera-java/UCSDUnfoldingMaps/build:/Users/chuan1900/coursera-java/UCSDUnfoldingMaps/lib/core.jar:/Users/chuan1900/coursera-java/UCSDUnfoldingMaps/lib/gluegen-rt.jar:/Users/chuan1900/coursera-java/UCSDUnfoldingMaps/lib/jogl-all.jar:/Users/chuan1900/coursera-java/UCSDUnfoldingMaps/lib/log4j-1.2.15.jar:/Users/chuan1900/coursera-java/UCSDUnfoldingMaps/lib/sqlite-jdbc-3.7.2.jar:/Users/chuan1900/coursera-java/UCSDUnfoldingMaps/lib/json4processing.jar:/Users/chuan1900/coursera-java/UCSDUnfoldingMaps/lib/libTUIO.jar:/Users/chuan1900/coursera-java/UCSDUnfoldingMaps/lib/unfolding.0.9.7-uscd.jar:/Users/chuan1900/Desktop/Eclipse 1.38.59 AM.app/Contents/Eclipse/plugins/org.junit_4.12.0.v201504281640/junit.jar:/Users/chuan1900/Desktop/Eclipse 1.38.59 AM.app/Contents/Eclipse/plugins/org.hamcrest.core_1.3.0.v201303031735.jar
Launcher Type: SUN_STANDARD

Environment Variables:
PATH=/usr/bin:/bin:/usr/sbin:/sbin
SHELL=/bin/bash
DISPLAY=/private/tmp/com.apple.launchd.tS2oX04J7T/org.macosforge.xquartz:0

Signal Handlers:
SIGSEGV: [libjvm.dylib+0x5a6d31], sa_mask[0]=11111111011111110111111111111111, sa_flags=SA_ONSTACK|SA_RESTART|SA_SIGINFO
SIGBUS: [libjvm.dylib+0x5a6d31], sa_mask[0]=11111111011111110111111111111111, sa_flags=SA_RESTART|SA_SIGINFO
SIGFPE: [libjvm.dylib+0x480a4c], sa_mask[0]=11111111011111110111111111111111, sa_flags=SA_RESTART|SA_SIGINFO
SIGPIPE: [libjvm.dylib+0x480a4c], sa_mask[0]=11111111011111110111111111111111, sa_flags=SA_RESTART|SA_SIGINFO
SIGXFSZ: [libjvm.dylib+0x480a4c], sa_mask[0]=11111111011111110111111111111111, sa_flags=SA_RESTART|SA_SIGINFO
SIGILL: [libjvm.dylib+0x480a4c], sa_mask[0]=11111111011111110111111111111111, sa_flags=SA_RESTART|SA_SIGINFO
SIGUSR1: SIG_DFL, sa_mask[0]=00000000000000000000000000000000, sa_flags=none
SIGUSR2: [libjvm.dylib+0x48056a], sa_mask[0]=00100000000000000000000000000000, sa_flags=SA_RESTART|SA_SIGINFO
SIGHUP: [libjvm.dylib+0x47eb41], sa_mask[0]=11111111011111110111111111111111, sa_flags=SA_RESTART|SA_SIGINFO
SIGINT: [libjvm.dylib+0x47eb41], sa_mask[0]=11111111011111110111111111111111, sa_flags=SA_RESTART|SA_SIGINFO
SIGTERM: [libjvm.dylib+0x47eb41], sa_mask[0]=11111111011111110111111111111111, sa_flags=SA_RESTART|SA_SIGINFO
SIGQUIT: [libjvm.dylib+0x47eb41], sa_mask[0]=11111111011111110111111111111111, sa_flags=SA_RESTART|SA_SIGINFO


---------------  S Y S T E M  ---------------

OS:Bsduname:Darwin 14.5.0 Darwin Kernel Version 14.5.0: Sun Sep 25 22:07:15 PDT 2016; root:xnu-2782.50.9~1/RELEASE_X86_64 x86_64
rlimit: STACK 8192k, CORE 0k, NPROC 709, NOFILE 10240, AS infinity
load average:2.91 2.32 2.16

CPU:total 4 (2 cores per cpu, 2 threads per core) family 6 model 69 stepping 1, cmov, cx8, fxsr, mmx, sse, sse2, sse3, ssse3, sse4.1, sse4.2, popcnt, avx, avx2, aes, clmul, erms, lzcnt, ht, tsc, tscinvbit, bmi1, bmi2

Memory: 4k page, physical 8388608k(190960k free)

/proc/meminfo:


vm_info: Java HotSpot(TM) 64-Bit Server VM (25.60-b23) for bsd-amd64 JRE (1.8.0_60-b27), built on Aug  4 2015 10:47:24 by "java_re" with gcc 4.2.1 (Based on Apple Inc. build 5658) (LLVM build 2336.11.00)

time: Sun Apr  2 17:18:05 2017
elapsed time: 13 seconds (0d 0h 0m 13s)

