#
# A fatal error has been detected by the Java Runtime Environment:
#
#  SIGSEGV (0xb) at pc=0x00007fff8a7c30dd, pid=26813, tid=1811
#
# JRE version: Java(TM) SE Runtime Environment (8.0_60-b27) (build 1.8.0_60-b27)
# Java VM: Java HotSpot(TM) 64-Bit Server VM (25.60-b23 mixed mode bsd-amd64 compressed oops)
# Problematic frame:
# C  [libobjc.A.dylib+0x10dd]  objc_msgSend+0x1d
#
# Failed to write core dump. Core dumps have been disabled. To enable core dumping, try "ulimit -c unlimited" before starting Java again
#
# If you would like to submit a bug report, please visit:
#   http://bugreport.java.com/bugreport/crash.jsp
# The crash happened outside the Java Virtual Machine in native code.
# See problematic frame for where to report the bug.
#

---------------  T H R E A D  ---------------

Current thread (0x00007f80328b0000):  JavaThread "AWT-AppKit" daemon [_thread_in_native, id=1811, stack(0x00007fff57f08000,0x00007fff58708000)]

siginfo: si_signo: 11 (SIGSEGV), si_code: 1 (SEGV_MAPERR), si_addr: 0x0000000000000018

Registers:
RAX=0x00007f8034dfb940, RBX=0x0000000186e64450, RCX=0x0000000127afe4e0, RDX=0x0000000127afebc0
RSP=0x00007fff58703558, RBP=0x00007fff58703610, RSI=0x00007fff8d22240f, RDI=0x00007f803614f150
R8 =0x0000000000000000, R9 =0x0000000000000f50, R10=0x00007fff8d22240f, R11=0x0000000000000000
R12=0x0000000000000000, R13=0x000000018b992818, R14=0x0000000186e64440, R15=0x00007f80328b0000
RIP=0x00007fff8a7c30dd, EFLAGS=0x0000000000010246, ERR=0x0000000000000004
  TRAPNO=0x000000000000000e

Top of Stack: (sp=0x00007fff58703558)
0x00007fff58703558:   0000000186e62157 00007fff587035b0
0x00007fff58703568:   0000000000000003 00007fff58703590
0x00007fff58703578:   0000000108004992 000000018b992818
0x00007fff58703588:   000000018b992818 00007f8034dfb940
0x00007fff58703598:   0000000186e646a0 0000000186e64710
0x00007fff587035a8:   00007fff72ea7550 00007fff7183fc80
0x00007fff587035b8:   0000000186e64450 0000000186e64690
0x00007fff587035c8:   00007f8034dfb940 00007f803614f150
0x00007fff587035d8:   00007f80324ac430 00007f8034dfb940
0x00007fff587035e8:   00007f803614f150 00007fff58703698
0x00007fff587035f8:   00007f80328b01f8 000000018b992818
0x00007fff58703608:   00007fff587036c0 00007fff58703688
0x00007fff58703618:   0000000108f08954 000000018b992818
0x00007fff58703628:   00007fff587036c0 00007fff58703688
0x00007fff58703638:   0000000108f086e7 0000000108f086a2
0x00007fff58703648:   00007fff58703648 000000018b992818
0x00007fff58703658:   00007fff587036c0 000000018b995450
0x00007fff58703668:   0000000000000000 000000018b992818
0x00007fff58703678:   0000000000000000 00007fff587036a8
0x00007fff58703688:   00007fff58703708 0000000108efac4d
0x00007fff58703698:   0000000740495660 0000000108f02578
0x00007fff587036a8:   00007f8034dfb940 00007fff58703708
0x00007fff587036b8:   00007f803614f150 0000000108f03d82
0x00007fff587036c8:   00007fff587036c8 000000018b9929e2
0x00007fff587036d8:   00007fff58703730 000000018b995450
0x00007fff587036e8:   0000000000000000 000000018b9929f0
0x00007fff587036f8:   00007fff587036a8 00007fff58703718
0x00007fff58703708:   00007fff58703778 0000000108efac4d
0x00007fff58703718:   00007f8034dfb940 000000074043cda0
0x00007fff58703728:   00007f803614f150 000000074043cda0
0x00007fff58703738:   00007fff58703738 0000000190d2aae6
0x00007fff58703748:   00007fff58703788 0000000190d2aba0 

Instructions: (pc=0x00007fff8a7c30dd)
0x00007fff8a7c30bd:   00 00 00 48 85 ff 2e 74 7a 40 f6 c7 01 2e 75 7e
0x00007fff8a7c30cd:   49 bb f8 ff ff ff ff 7f 00 00 4c 23 1f 49 89 f2
0x00007fff8a7c30dd:   45 23 53 18 49 c1 e2 04 4d 03 53 10 49 3b 32 75
0x00007fff8a7c30ed:   04 41 ff 62 08 49 83 3a 00 74 6a 4d 3b 53 10 74 

Register to memory mapping:

RAX=0x00007f8034dfb940 is an unknown value
RBX=0x0000000186e64450: Java_jogamp_nativewindow_macosx_OSXUtil_GetScreenRefreshRate0+0x1cf0 in /private/var/folders/hh/z31jgv_d7szdfpdjxj5nl_v00000gn/T/jogamp_0000/file_cache/jln5306476709197728715/jln1175869708703479560/libnativewindow_macosx.jnilib at 0x0000000186e5d000
RCX=0x0000000127afe4e0 is an unknown value
RDX=0x0000000127afebc0 is an unknown value
RSP=0x00007fff58703558 is pointing into the stack for thread: 0x00007f80328b0000
RBP=0x00007fff58703610 is pointing into the stack for thread: 0x00007f80328b0000
RSI=0x00007fff8d22240f is an unknown value
RDI=0x00007f803614f150 is an unknown value
R8 =0x0000000000000000 is an unknown value
R9 =0x0000000000000f50 is an unknown value
R10=0x00007fff8d22240f is an unknown value
R11=0x0000000000000000 is an unknown value
R12=0x0000000000000000 is an unknown value
R13={method} {0x000000018b992818} 'UnsetJAWTRootSurfaceLayer0' '(JJ)V' in 'jogamp/nativewindow/jawt/macosx/MacOSXJAWTWindow'
R14=0x0000000186e64440: Java_jogamp_nativewindow_macosx_OSXUtil_GetScreenRefreshRate0+0x1ce0 in /private/var/folders/hh/z31jgv_d7szdfpdjxj5nl_v00000gn/T/jogamp_0000/file_cache/jln5306476709197728715/jln1175869708703479560/libnativewindow_macosx.jnilib at 0x0000000186e5d000
R15=0x00007f80328b0000 is a thread


Stack: [0x00007fff57f08000,0x00007fff58708000],  sp=0x00007fff58703558,  free space=8173k
Native frames: (J=compiled Java code, j=interpreted, Vv=VM code, C=native code)
C  [libobjc.A.dylib+0x10dd]  objc_msgSend+0x1d
j  jogamp.nativewindow.jawt.macosx.MacOSXJAWTWindow.UnsetJAWTRootSurfaceLayer0(JJ)V+0
j  jogamp.nativewindow.jawt.macosx.MacOSXJAWTWindow.access$200(JJ)V+2
j  jogamp.nativewindow.jawt.macosx.MacOSXJAWTWindow$1.run()V+38
j  com.jogamp.common.util.RunnableTask.run()V+24
v  ~StubRoutines::call_stub
V  [libjvm.dylib+0x2eab0e]
V  [libjvm.dylib+0x321bb7]
V  [libjvm.dylib+0x31438b]
C  [libnativewindow_macosx.jnilib+0x5326]  Java_jogamp_nativewindow_jawt_macosx_MacOSXJAWTWindow_UnsetJAWTRootSurfaceLayer0+0x2b6
C  [Foundation+0x92dd0]  __NSThreadPerformPerform+0x125
C  [CoreFoundation+0x80a01]  __CFRUNLOOP_IS_CALLING_OUT_TO_A_SOURCE0_PERFORM_FUNCTION__+0x11
C  [CoreFoundation+0x72c5c]  __CFRunLoopDoSources0+0x1dc
C  [CoreFoundation+0x721bf]  __CFRunLoopRun+0x39f
C  [CoreFoundation+0x71bd8]  CFRunLoopRunSpecific+0x128
C  [HIToolbox+0x3256f]  RunCurrentEventLoopInMode+0xeb
C  [HIToolbox+0x321ee]  ReceiveNextEventCommon+0xb3
C  [HIToolbox+0x3212b]  _BlockUntilNextEventMatchingListInModeWithFilter+0x47
C  [AppKit+0x918ab]  _DPSNextEvent+0x3d2
C  [AppKit+0x90e58]  -[NSApplication nextEventMatchingMask:untilDate:inMode:dequeue:]+0x15a
C  [libosxapp.dylib+0x23aa]  -[NSApplicationAWT nextEventMatchingMask:untilDate:inMode:dequeue:]+0x7c
C  [AppKit+0x86af3]  -[NSApplication run]+0x252
C  [libosxapp.dylib+0x214d]  +[NSApplicationAWT runAWTLoopWithApp:]+0x9c
C  [libawt_lwawt.dylib+0x44517]  -[AWTStarter starter:]+0x389
C  [Foundation+0x92dd0]  __NSThreadPerformPerform+0x125
C  [CoreFoundation+0x80a01]  __CFRUNLOOP_IS_CALLING_OUT_TO_A_SOURCE0_PERFORM_FUNCTION__+0x11
C  [CoreFoundation+0x72b8d]  __CFRunLoopDoSources0+0x10d
C  [CoreFoundation+0x721bf]  __CFRunLoopRun+0x39f
C  [CoreFoundation+0x71bd8]  CFRunLoopRunSpecific+0x128
C  [java+0x6463]  CreateExecutionEnvironment+0x367
C  [java+0x21ac]  JLI_Launch+0x7a0
C  [java+0x84c0]  main+0x65
C  [java+0x1a04]  start+0x34
C  0x0000000000000007

Java frames: (J=compiled Java code, j=interpreted, Vv=VM code)
j  jogamp.nativewindow.jawt.macosx.MacOSXJAWTWindow.UnsetJAWTRootSurfaceLayer0(JJ)V+0
j  jogamp.nativewindow.jawt.macosx.MacOSXJAWTWindow.access$200(JJ)V+2
j  jogamp.nativewindow.jawt.macosx.MacOSXJAWTWindow$1.run()V+38
j  com.jogamp.common.util.RunnableTask.run()V+24
v  ~StubRoutines::call_stub

---------------  P R O C E S S  ---------------

Java Threads: ( => current thread )
  0x00007f80379cd000 JavaThread "Thread-19" [_thread_blocked, id=66883, stack(0x00000001923d5000,0x00000001924d5000)]
  0x00007f8033ac2000 JavaThread "Animation Thread" [_thread_blocked, id=60155, stack(0x0000000187019000,0x0000000187119000)]
  0x00007f8033b21800 JavaThread "AWT-EventQueue-1" [_thread_in_native, id=61735, stack(0x000000018765c000,0x000000018775c000)]
  0x00007f8033b02800 JavaThread "DestroyJavaVM" [_thread_blocked, id=4867, stack(0x0000000108d9d000,0x0000000108e9d000)]
  0x00007f8032b3c800 JavaThread "AWT-EventQueue-0" [_thread_blocked, id=54535, stack(0x000000012796e000,0x0000000127a6e000)]
  0x00007f8033988000 JavaThread "Java2D Disposer" daemon [_thread_blocked, id=50959, stack(0x0000000126644000,0x0000000126744000)]
  0x00007f8032a8f000 JavaThread "Java2D Queue Flusher" daemon [_thread_blocked, id=49671, stack(0x00000001255b3000,0x00000001256b3000)]
  0x00007f8032a31800 JavaThread "AWT-Shutdown" [_thread_blocked, id=28691, stack(0x000000012280e000,0x000000012290e000)]
=>0x00007f80328b0000 JavaThread "AWT-AppKit" daemon [_thread_in_native, id=1811, stack(0x00007fff57f08000,0x00007fff58708000)]
  0x00007f8034007000 JavaThread "Service Thread" daemon [_thread_blocked, id=18179, stack(0x0000000120c92000,0x0000000120d92000)]
  0x00007f803283a000 JavaThread "C1 CompilerThread2" daemon [_thread_blocked, id=17667, stack(0x0000000120b8f000,0x0000000120c8f000)]
  0x00007f8032839000 JavaThread "C2 CompilerThread1" daemon [_thread_blocked, id=17155, stack(0x0000000120a8c000,0x0000000120b8c000)]
  0x00007f8032833800 JavaThread "C2 CompilerThread0" daemon [_thread_blocked, id=16643, stack(0x0000000120989000,0x0000000120a89000)]
  0x00007f8032833000 JavaThread "Signal Dispatcher" daemon [_thread_blocked, id=13331, stack(0x0000000120886000,0x0000000120986000)]
  0x00007f803282c000 JavaThread "Finalizer" daemon [_thread_blocked, id=11523, stack(0x000000011ee68000,0x000000011ef68000)]
  0x00007f803383c800 JavaThread "Reference Handler" daemon [_thread_blocked, id=11011, stack(0x000000011ed65000,0x000000011ee65000)]

Other Threads:
  0x00007f803383b800 VMThread [stack: 0x000000011ec62000,0x000000011ed62000] [id=10499]
  0x00007f803300a800 WatcherThread [stack: 0x0000000120d95000,0x0000000120e95000] [id=18691]

VM state:not at safepoint (normal execution)

VM Mutex/Monitor currently owned by a thread: None

Heap:
 PSYoungGen      total 137728K, used 47209K [0x0000000795580000, 0x000000079ec80000, 0x00000007c0000000)
  eden space 132096K, 33% used [0x0000000795580000,0x00000007981326d0,0x000000079d680000)
  from space 5632K, 43% used [0x000000079e700000,0x000000079e968090,0x000000079ec80000)
  to   space 11264K, 0% used [0x000000079d680000,0x000000079d680000,0x000000079e180000)
 ParOldGen       total 53248K, used 16417K [0x0000000740000000, 0x0000000743400000, 0x0000000795580000)
  object space 53248K, 30% used [0x0000000740000000,0x0000000741008608,0x0000000743400000)
 Metaspace       used 23955K, capacity 24223K, committed 24576K, reserved 1071104K
  class space    used 2358K, capacity 2450K, committed 2560K, reserved 1048576K

Card table byte_map: [0x00000001182b3000,0x00000001186b4000] byte_map_base: 0x00000001148b3000

Marking Bits: (ParMarkBitMap*) 0x00000001086f1e20
 Begin Bits: [0x0000000118d6b000, 0x000000011ad6b000)
 End Bits:   [0x000000011ad6b000, 0x000000011cd6b000)

Polling page: 0x00000001075fb000

CodeCache: size=245760Kb used=9827Kb max_used=10661Kb free=235932Kb
 bounds [0x0000000108ef3000, 0x0000000109983000, 0x0000000117ef3000]
 total_blobs=3740 nmethods=2822 adapters=831
 compilation: enabled

Compilation events (10 events):
Event: 145.734 Thread 0x00007f8032839000 3310       4       sun.java2d.SurfaceData::pixelFor (13 bytes)
Event: 145.736 Thread 0x00007f8032839000 nmethod 3310 0x000000010956dc90 code [0x000000010956dde0, 0x000000010956deb8]
Event: 145.739 Thread 0x00007f803283a000 3311   !   3       sun.lwawt.LWComponentPeer::isShowing (49 bytes)
Event: 145.740 Thread 0x00007f803283a000 nmethod 3311 0x0000000109581c50 code [0x0000000109581e00, 0x00000001095826e8]
Event: 145.750 Thread 0x00007f803283a000 3312       3       java.awt.Component$1::getAppContext (5 bytes)
Event: 145.750 Thread 0x00007f803283a000 nmethod 3312 0x0000000109651f10 code [0x0000000109652080, 0x00000001096521d0]
Event: 145.759 Thread 0x00007f8032833800 3313  s    4       sun.misc.URLClassPath::getNextLoader (88 bytes)
Event: 145.763 Thread 0x00007f803283a000 3314       1       sun.java2d.SurfaceData::isValid (5 bytes)
Event: 145.763 Thread 0x00007f803283a000 nmethod 3314 0x000000010968a510 code [0x000000010968a660, 0x000000010968a770]
Event: 145.764 Thread 0x00007f8032833800 nmethod 3313 0x00000001091b5010 code [0x00000001091b5180, 0x00000001091b58f8]

GC Heap History (10 events):
Event: 31.730 GC heap before
{Heap before GC invocations=7 (full 1):
 PSYoungGen      total 71680K, used 71648K [0x0000000795580000, 0x000000079ca00000, 0x00000007c0000000)
  eden space 66560K, 100% used [0x0000000795580000,0x0000000799680000,0x0000000799680000)
  from space 5120K, 99% used [0x0000000799680000,0x0000000799b78120,0x0000000799b80000)
  to   space 11264K, 0% used [0x000000079bf00000,0x000000079bf00000,0x000000079ca00000)
 ParOldGen       total 53248K, used 13750K [0x0000000740000000, 0x0000000743400000, 0x0000000795580000)
  object space 53248K, 25% used [0x0000000740000000,0x0000000740d6d908,0x0000000743400000)
 Metaspace       used 23924K, capacity 24159K, committed 24576K, reserved 1071104K
  class space    used 2351K, capacity 2450K, committed 2560K, reserved 1048576K
Event: 31.735 GC heap after
Heap after GC invocations=7 (full 1):
 PSYoungGen      total 108032K, used 5088K [0x0000000795580000, 0x000000079d400000, 0x00000007c0000000)
  eden space 96768K, 0% used [0x0000000795580000,0x0000000795580000,0x000000079b400000)
  from space 11264K, 45% used [0x000000079bf00000,0x000000079c3f8100,0x000000079ca00000)
  to   space 11264K, 0% used [0x000000079b400000,0x000000079b400000,0x000000079bf00000)
 ParOldGen       total 53248K, used 13758K [0x0000000740000000, 0x0000000743400000, 0x0000000795580000)
  object space 53248K, 25% used [0x0000000740000000,0x0000000740d6f908,0x0000000743400000)
 Metaspace       used 23924K, capacity 24159K, committed 24576K, reserved 1071104K
  class space    used 2351K, capacity 2450K, committed 2560K, reserved 1048576K
}
Event: 53.235 GC heap before
{Heap before GC invocations=8 (full 1):
 PSYoungGen      total 108032K, used 101856K [0x0000000795580000, 0x000000079d400000, 0x00000007c0000000)
  eden space 96768K, 100% used [0x0000000795580000,0x000000079b400000,0x000000079b400000)
  from space 11264K, 45% used [0x000000079bf00000,0x000000079c3f8100,0x000000079ca00000)
  to   space 11264K, 0% used [0x000000079b400000,0x000000079b400000,0x000000079bf00000)
 ParOldGen       total 53248K, used 13758K [0x0000000740000000, 0x0000000743400000, 0x0000000795580000)
  object space 53248K, 25% used [0x0000000740000000,0x0000000740d6f908,0x0000000743400000)
 Metaspace       used 23924K, capacity 24159K, committed 24576K, reserved 1071104K
  class space    used 2351K, capacity 2450K, committed 2560K, reserved 1048576K
Event: 53.240 GC heap after
Heap after GC invocations=8 (full 1):
 PSYoungGen      total 108032K, used 5024K [0x0000000795580000, 0x000000079fc00000, 0x00000007c0000000)
  eden space 96768K, 0% used [0x0000000795580000,0x0000000795580000,0x000000079b400000)
  from space 11264K, 44% used [0x000000079b400000,0x000000079b8e8100,0x000000079bf00000)
  to   space 10752K, 0% used [0x000000079f180000,0x000000079f180000,0x000000079fc00000)
 ParOldGen       total 53248K, used 13766K [0x0000000740000000, 0x0000000743400000, 0x0000000795580000)
  object space 53248K, 25% used [0x0000000740000000,0x0000000740d71908,0x0000000743400000)
 Metaspace       used 23924K, capacity 24159K, committed 24576K, reserved 1071104K
  class space    used 2351K, capacity 2450K, committed 2560K, reserved 1048576K
}
Event: 74.834 GC heap before
{Heap before GC invocations=9 (full 1):
 PSYoungGen      total 108032K, used 101792K [0x0000000795580000, 0x000000079fc00000, 0x00000007c0000000)
  eden space 96768K, 100% used [0x0000000795580000,0x000000079b400000,0x000000079b400000)
  from space 11264K, 44% used [0x000000079b400000,0x000000079b8e8100,0x000000079bf00000)
  to   space 10752K, 0% used [0x000000079f180000,0x000000079f180000,0x000000079fc00000)
 ParOldGen       total 53248K, used 13766K [0x0000000740000000, 0x0000000743400000, 0x0000000795580000)
  object space 53248K, 25% used [0x0000000740000000,0x0000000740d71908,0x0000000743400000)
 Metaspace       used 23924K, capacity 24159K, committed 24576K, reserved 1071104K
  class space    used 2351K, capacity 2450K, committed 2560K, reserved 1048576K
Event: 74.839 GC heap after
Heap after GC invocations=9 (full 1):
 PSYoungGen      total 147456K, used 2432K [0x0000000795580000, 0x000000079f680000, 0x00000007c0000000)
  eden space 142336K, 0% used [0x0000000795580000,0x0000000795580000,0x000000079e080000)
  from space 5120K, 47% used [0x000000079f180000,0x000000079f3e0090,0x000000079f680000)
  to   space 11264K, 0% used [0x000000079e080000,0x000000079e080000,0x000000079eb80000)
 ParOldGen       total 53248K, used 16417K [0x0000000740000000, 0x0000000743400000, 0x0000000795580000)
  object space 53248K, 30% used [0x0000000740000000,0x0000000741008608,0x0000000743400000)
 Metaspace       used 23924K, capacity 24159K, committed 24576K, reserved 1071104K
  class space    used 2351K, capacity 2450K, committed 2560K, reserved 1048576K
}
Event: 106.298 GC heap before
{Heap before GC invocations=10 (full 1):
 PSYoungGen      total 147456K, used 144768K [0x0000000795580000, 0x000000079f680000, 0x00000007c0000000)
  eden space 142336K, 100% used [0x0000000795580000,0x000000079e080000,0x000000079e080000)
  from space 5120K, 47% used [0x000000079f180000,0x000000079f3e0090,0x000000079f680000)
  to   space 11264K, 0% used [0x000000079e080000,0x000000079e080000,0x000000079eb80000)
 ParOldGen       total 53248K, used 16417K [0x0000000740000000, 0x0000000743400000, 0x0000000795580000)
  object space 53248K, 30% used [0x0000000740000000,0x0000000741008608,0x0000000743400000)
 Metaspace       used 23924K, capacity 24159K, committed 24576K, reserved 1071104K
  class space    used 2351K, capacity 2450K, committed 2560K, reserved 1048576K
Event: 106.301 GC heap after
Heap after GC invocations=10 (full 1):
 PSYoungGen      total 139776K, used 2464K [0x0000000795580000, 0x000000079f200000, 0x00000007c0000000)
  eden space 137216K, 0% used [0x0000000795580000,0x0000000795580000,0x000000079db80000)
  from space 2560K, 96% used [0x000000079e080000,0x000000079e2e8090,0x000000079e300000)
  to   space 11264K, 0% used [0x000000079e700000,0x000000079e700000,0x000000079f200000)
 ParOldGen       total 53248K, used 16417K [0x0000000740000000, 0x0000000743400000, 0x0000000795580000)
  object space 53248K, 30% used [0x0000000740000000,0x0000000741008608,0x0000000743400000)
 Metaspace       used 23924K, capacity 24159K, committed 24576K, reserved 1071104K
  class space    used 2351K, capacity 2450K, committed 2560K, reserved 1048576K
}
Event: 137.029 GC heap before
{Heap before GC invocations=11 (full 1):
 PSYoungGen      total 139776K, used 139680K [0x0000000795580000, 0x000000079f200000, 0x00000007c0000000)
  eden space 137216K, 100% used [0x0000000795580000,0x000000079db80000,0x000000079db80000)
  from space 2560K, 96% used [0x000000079e080000,0x000000079e2e8090,0x000000079e300000)
  to   space 11264K, 0% used [0x000000079e700000,0x000000079e700000,0x000000079f200000)
 ParOldGen       total 53248K, used 16417K [0x0000000740000000, 0x0000000743400000, 0x0000000795580000)
  object space 53248K, 30% used [0x0000000740000000,0x0000000741008608,0x0000000743400000)
 Metaspace       used 23925K, capacity 24159K, committed 24576K, reserved 1071104K
  class space    used 2351K, capacity 2450K, committed 2560K, reserved 1048576K
Event: 137.031 GC heap after
Heap after GC invocations=11 (full 1):
 PSYoungGen      total 137728K, used 2464K [0x0000000795580000, 0x000000079ec80000, 0x00000007c0000000)
  eden space 132096K, 0% used [0x0000000795580000,0x0000000795580000,0x000000079d680000)
  from space 5632K, 43% used [0x000000079e700000,0x000000079e968090,0x000000079ec80000)
  to   space 11264K, 0% used [0x000000079d680000,0x000000079d680000,0x000000079e180000)
 ParOldGen       total 53248K, used 16417K [0x0000000740000000, 0x0000000743400000, 0x0000000795580000)
  object space 53248K, 30% used [0x0000000740000000,0x0000000741008608,0x0000000743400000)
 Metaspace       used 23925K, capacity 24159K, committed 24576K, reserved 1071104K
  class space    used 2351K, capacity 2450K, committed 2560K, reserved 1048576K
}

Deoptimization events (10 events):
Event: 145.750 Thread 0x00007f803398f000 Uncommon trap: reason=unstable_if action=reinterpret pc=0x00000001093740d8 method=java.util.HashMap.putVal(ILjava/lang/Object;Ljava/lang/Object;ZZ)Ljava/lang/Object; @ 81
Event: 145.750 Thread 0x00007f803398f000 Uncommon trap: reason=unstable_if action=reinterpret pc=0x0000000109011458 method=java.util.HashMap.putVal(ILjava/lang/Object;Ljava/lang/Object;ZZ)Ljava/lang/Object; @ 81
Event: 145.750 Thread 0x00007f8032b3c800 Uncommon trap: reason=class_check action=maybe_recompile pc=0x00000001099376b0 method=java.awt.Component.getGraphics()Ljava/awt/Graphics; @ 114
Event: 145.752 Thread 0x00007f80328b0000 Uncommon trap: reason=class_check action=maybe_recompile pc=0x000000010991cdc0 method=com.jogamp.common.util.RunnableTask.run()V @ 24
Event: 145.754 Thread 0x00007f80328b0000 Uncommon trap: reason=unstable_if action=reinterpret pc=0x000000010992a93c method=jogamp.nativewindow.macosx.OSXUtil.RunOnMainThread(ZZLjava/lang/Runnable;)V @ 3
Event: 145.758 Thread 0x00007f8033b21800 Uncommon trap: reason=unstable_if action=reinterpret pc=0x000000010994b150 method=jogamp.opengl.GLContextImpl.release(Z)V @ 161
Event: 145.761 Thread 0x00007f8033b21800 Uncommon trap: reason=unstable_if action=reinterpret pc=0x00000001098b39d8 method=java.util.LinkedList$ListItr.<init>(Ljava/util/LinkedList;I)V @ 26
Event: 145.762 Thread 0x00007f8033b21800 Uncommon trap: reason=unstable_if action=reinterpret pc=0x0000000109882c80 method=java.security.AccessControlContext.optimize()Ljava/security/AccessControlContext; @ 233
Event: 145.762 Thread 0x00007f8033b21800 Uncommon trap: reason=unstable_if action=reinterpret pc=0x00000001098b4c84 method=java.util.LinkedList$ListItr.<init>(Ljava/util/LinkedList;I)V @ 26
Event: 145.773 Thread 0x00007f80328b0000 Uncommon trap: reason=class_check action=maybe_recompile pc=0x000000010991cdc0 method=com.jogamp.common.util.RunnableTask.run()V @ 24

Internal exceptions (10 events):
Event: 0.288 Thread 0x00007f8033004800 Exception <a 'java/lang/NoSuchFieldError': method resolution failed> (0x000000079582a6b0) thrown at [/Users/java_re/workspace/8-2-build-macosx-x86_64/jdk8u60/4407/hotspot/src/share/vm/prims/methodHandles.cpp, line 1146]
Event: 0.289 Thread 0x00007f8033004800 Exception <a 'java/lang/NoSuchFieldError': method resolution failed> (0x0000000795837e80) thrown at [/Users/java_re/workspace/8-2-build-macosx-x86_64/jdk8u60/4407/hotspot/src/share/vm/prims/methodHandles.cpp, line 1146]
Event: 1.227 Thread 0x00007f8033004800 Exception <a 'java/io/FileNotFoundException'> (0x00000007958b3ec8) thrown at [/Users/java_re/workspace/8-2-build-macosx-x86_64/jdk8u60/4407/hotspot/src/share/vm/prims/jni.cpp, line 709]
Event: 1.228 Thread 0x00007f8033004800 Exception <a 'java/io/FileNotFoundException'> (0x00000007958b4a30) thrown at [/Users/java_re/workspace/8-2-build-macosx-x86_64/jdk8u60/4407/hotspot/src/share/vm/prims/jni.cpp, line 709]
Event: 1.397 Thread 0x00007f8033004800 Exception <a 'java/io/FileNotFoundException'> (0x00000007959ef988) thrown at [/Users/java_re/workspace/8-2-build-macosx-x86_64/jdk8u60/4407/hotspot/src/share/vm/prims/jni.cpp, line 709]
Event: 4.236 Thread 0x00007f8033ac2000 Exception <a 'java/lang/UnsatisfiedLinkError': com.jogamp.common.util.JarUtil.fixNativeLibAttribs(Ljava/lang/String;)Z> (0x0000000796c80e40) thrown at [/Users/java_re/workspace/8-2-build-macosx-x86_64/jdk8u60/4407/hotspot/src/share/vm/prims/nativeLookup.c
Event: 4.523 Thread 0x00007f803282c000 Exception <a 'java/lang/NullPointerException'> (0x00000007956a2ed0) thrown at [/Users/java_re/workspace/8-2-build-macosx-x86_64/jdk8u60/4407/hotspot/src/share/vm/interpreter/linkResolver.cpp, line 1178]
Event: 5.045 Thread 0x00007f8033b21800 Exception <a 'java/io/FileNotFoundException'> (0x0000000795f423e8) thrown at [/Users/java_re/workspace/8-2-build-macosx-x86_64/jdk8u60/4407/hotspot/src/share/vm/prims/jni.cpp, line 709]
Event: 5.045 Thread 0x00007f8033b21800 Exception <a 'java/io/FileNotFoundException'> (0x0000000795f48448) thrown at [/Users/java_re/workspace/8-2-build-macosx-x86_64/jdk8u60/4407/hotspot/src/share/vm/prims/jni.cpp, line 709]
Event: 5.045 Thread 0x00007f8033b21800 Implicit null exception at 0x0000000109098375 to 0x00000001090986d9

Events (10 events):
Event: 145.762 loading class java/awt/Toolkit$ToolkitEventMulticaster done
Event: 145.762 Thread 0x00007f8033b21800 Uncommon trap: trap_request=0xffffff65 fr.pc=0x00000001098b4c84
Event: 145.762 Thread 0x00007f8033b21800 DEOPT PACKING pc=0x00000001098b4c84 sp=0x00000001877597f0
Event: 145.762 Thread 0x00007f8033b21800 DEOPT UNPACKING pc=0x0000000108ef8229 sp=0x0000000187759748 mode 2
Event: 145.763 Thread 0x00007f803398f000 Thread exited: 0x00007f803398f000
Event: 145.764 loading class java/awt/Window$1DisposeAction
Event: 145.764 loading class java/awt/Window$1DisposeAction done
Event: 145.773 Thread 0x00007f80328b0000 Uncommon trap: trap_request=0xffffffde fr.pc=0x000000010991cdc0
Event: 145.773 Thread 0x00007f80328b0000 DEOPT PACKING pc=0x000000010991cdc0 sp=0x00007fff587037d0
Event: 145.773 Thread 0x00007f80328b0000 DEOPT UNPACKING pc=0x0000000108ef8229 sp=0x00007fff58703778 mode 2


Dynamic libraries:
0x0000000001464000 	/System/Library/Frameworks/Cocoa.framework/Versions/A/Cocoa
0x0000000001464000 	/System/Library/Frameworks/Security.framework/Versions/A/Security
0x0000000001464000 	/System/Library/Frameworks/ApplicationServices.framework/Versions/A/ApplicationServices
0x0000000001464000 	/usr/lib/libz.1.dylib
0x0000000001464000 	/usr/lib/libSystem.B.dylib
0x0000000001464000 	/usr/lib/libobjc.A.dylib
0x0000000001464000 	/System/Library/Frameworks/CoreFoundation.framework/Versions/A/CoreFoundation
0x0000000001464000 	/System/Library/Frameworks/Foundation.framework/Versions/C/Foundation
0x0000000001464000 	/System/Library/Frameworks/AppKit.framework/Versions/C/AppKit
0x0000000001464000 	/System/Library/Frameworks/CoreData.framework/Versions/A/CoreData
0x0000000001464000 	/System/Library/PrivateFrameworks/RemoteViewServices.framework/Versions/A/RemoteViewServices
0x0000000001464000 	/System/Library/PrivateFrameworks/UIFoundation.framework/Versions/A/UIFoundation
0x0000000001464000 	/System/Library/Frameworks/IOSurface.framework/Versions/A/IOSurface
0x0000000001464000 	/System/Library/Frameworks/AudioToolbox.framework/Versions/A/AudioToolbox
0x0000000001464000 	/System/Library/Frameworks/AudioUnit.framework/Versions/A/AudioUnit
0x0000000001464000 	/System/Library/PrivateFrameworks/DataDetectorsCore.framework/Versions/A/DataDetectorsCore
0x0000000001464000 	/System/Library/PrivateFrameworks/DesktopServicesPriv.framework/Versions/A/DesktopServicesPriv
0x0000000001464000 	/System/Library/Frameworks/Carbon.framework/Versions/A/Frameworks/HIToolbox.framework/Versions/A/HIToolbox
0x0000000001464000 	/System/Library/Frameworks/QuartzCore.framework/Versions/A/QuartzCore
0x0000000001464000 	/System/Library/Frameworks/Carbon.framework/Versions/A/Frameworks/SpeechRecognition.framework/Versions/A/SpeechRecognition
0x0000000001464000 	/usr/lib/libauto.dylib
0x0000000001464000 	/usr/lib/libicucore.A.dylib
0x0000000001464000 	/usr/lib/libxml2.2.dylib
0x0000000001464000 	/System/Library/PrivateFrameworks/CoreUI.framework/Versions/A/CoreUI
0x0000000001464000 	/System/Library/Frameworks/CoreAudio.framework/Versions/A/CoreAudio
0x0000000001464000 	/System/Library/Frameworks/DiskArbitration.framework/Versions/A/DiskArbitration
0x0000000001464000 	/usr/lib/liblangid.dylib
0x0000000001464000 	/System/Library/PrivateFrameworks/MultitouchSupport.framework/Versions/A/MultitouchSupport
0x0000000001464000 	/System/Library/Frameworks/IOKit.framework/Versions/A/IOKit
0x0000000001464000 	/usr/lib/libDiagnosticMessagesClient.dylib
0x0000000001464000 	/System/Library/Frameworks/CoreServices.framework/Versions/A/CoreServices
0x0000000001464000 	/System/Library/PrivateFrameworks/PerformanceAnalysis.framework/Versions/A/PerformanceAnalysis
0x0000000001464000 	/System/Library/PrivateFrameworks/GenerationalStorage.framework/Versions/A/GenerationalStorage
0x0000000001464000 	/System/Library/Frameworks/OpenGL.framework/Versions/A/OpenGL
0x0000000001464000 	/System/Library/PrivateFrameworks/Sharing.framework/Versions/A/Sharing
0x0000000001464000 	/System/Library/Frameworks/CoreGraphics.framework/Versions/A/CoreGraphics
0x0000000001464000 	/System/Library/Frameworks/CoreText.framework/Versions/A/CoreText
0x0000000001464000 	/System/Library/Frameworks/ImageIO.framework/Versions/A/ImageIO
0x0000000001464000 	/usr/lib/libextension.dylib
0x0000000001464000 	/System/Library/PrivateFrameworks/Backup.framework/Versions/A/Backup
0x0000000001464000 	/usr/lib/libarchive.2.dylib
0x0000000001464000 	/System/Library/Frameworks/CFNetwork.framework/Versions/A/CFNetwork
0x0000000001464000 	/System/Library/Frameworks/SystemConfiguration.framework/Versions/A/SystemConfiguration
0x0000000001464000 	/usr/lib/libCRFSuite.dylib
0x0000000001464000 	/usr/lib/libc++.1.dylib
0x0000000001464000 	/usr/lib/libc++abi.dylib
0x0000000001464000 	/usr/lib/system/libcache.dylib
0x0000000001464000 	/usr/lib/system/libcommonCrypto.dylib
0x0000000001464000 	/usr/lib/system/libcompiler_rt.dylib
0x0000000001464000 	/usr/lib/system/libcopyfile.dylib
0x0000000001464000 	/usr/lib/system/libcorecrypto.dylib
0x0000000001464000 	/usr/lib/system/libdispatch.dylib
0x0000000001464000 	/usr/lib/system/libdyld.dylib
0x0000000001464000 	/usr/lib/system/libkeymgr.dylib
0x0000000001464000 	/usr/lib/system/liblaunch.dylib
0x0000000001464000 	/usr/lib/system/libmacho.dylib
0x0000000001464000 	/usr/lib/system/libquarantine.dylib
0x0000000001464000 	/usr/lib/system/libremovefile.dylib
0x0000000001464000 	/usr/lib/system/libsystem_asl.dylib
0x0000000001464000 	/usr/lib/system/libsystem_blocks.dylib
0x0000000001464000 	/usr/lib/system/libsystem_c.dylib
0x0000000001464000 	/usr/lib/system/libsystem_configuration.dylib
0x0000000001464000 	/usr/lib/system/libsystem_coreservices.dylib
0x0000000001464000 	/usr/lib/system/libsystem_coretls.dylib
0x0000000001464000 	/usr/lib/system/libsystem_dnssd.dylib
0x0000000001464000 	/usr/lib/system/libsystem_info.dylib
0x0000000001464000 	/usr/lib/system/libsystem_kernel.dylib
0x0000000001464000 	/usr/lib/system/libsystem_m.dylib
0x0000000001464000 	/usr/lib/system/libsystem_malloc.dylib
0x0000000001464000 	/usr/lib/system/libsystem_network.dylib
0x0000000001464000 	/usr/lib/system/libsystem_networkextension.dylib
0x0000000001464000 	/usr/lib/system/libsystem_notify.dylib
0x0000000001464000 	/usr/lib/system/libsystem_platform.dylib
0x0000000001464000 	/usr/lib/system/libsystem_pthread.dylib
0x0000000001464000 	/usr/lib/system/libsystem_sandbox.dylib
0x0000000001464000 	/usr/lib/system/libsystem_secinit.dylib
0x0000000001464000 	/usr/lib/system/libsystem_stats.dylib
0x0000000001464000 	/usr/lib/system/libsystem_trace.dylib
0x0000000001464000 	/usr/lib/system/libunc.dylib
0x0000000001464000 	/usr/lib/system/libunwind.dylib
0x0000000001464000 	/usr/lib/system/libxpc.dylib
0x0000000001464000 	/usr/lib/libbz2.1.0.dylib
0x0000000001464000 	/usr/lib/liblzma.5.dylib
0x0000000001464000 	/usr/lib/libbsm.0.dylib
0x0000000001464000 	/usr/lib/libsqlite3.dylib
0x0000000001464000 	/usr/lib/system/libkxld.dylib
0x0000000001464000 	/usr/lib/libxar.1.dylib
0x0000000001464000 	/usr/lib/libpam.2.dylib
0x0000000001464000 	/usr/lib/libOpenScriptingUtil.dylib
0x0000000001464000 	/System/Library/Frameworks/CoreServices.framework/Versions/A/Frameworks/FSEvents.framework/Versions/A/FSEvents
0x0000000001464000 	/System/Library/Frameworks/CoreServices.framework/Versions/A/Frameworks/CarbonCore.framework/Versions/A/CarbonCore
0x0000000001464000 	/System/Library/Frameworks/CoreServices.framework/Versions/A/Frameworks/Metadata.framework/Versions/A/Metadata
0x0000000001464000 	/System/Library/Frameworks/CoreServices.framework/Versions/A/Frameworks/OSServices.framework/Versions/A/OSServices
0x0000000001464000 	/System/Library/Frameworks/CoreServices.framework/Versions/A/Frameworks/SearchKit.framework/Versions/A/SearchKit
0x0000000001464000 	/System/Library/Frameworks/CoreServices.framework/Versions/A/Frameworks/AE.framework/Versions/A/AE
0x0000000001464000 	/System/Library/Frameworks/CoreServices.framework/Versions/A/Frameworks/LaunchServices.framework/Versions/A/LaunchServices
0x0000000001464000 	/System/Library/Frameworks/CoreServices.framework/Versions/A/Frameworks/DictionaryServices.framework/Versions/A/DictionaryServices
0x0000000001464000 	/System/Library/Frameworks/NetFS.framework/Versions/A/NetFS
0x0000000001464000 	/System/Library/PrivateFrameworks/NetAuth.framework/Versions/A/NetAuth
0x0000000001464000 	/System/Library/PrivateFrameworks/login.framework/Versions/A/Frameworks/loginsupport.framework/Versions/A/loginsupport
0x0000000001464000 	/System/Library/PrivateFrameworks/TCC.framework/Versions/A/TCC
0x0000000001464000 	/usr/lib/libmecabra.dylib
0x0000000001464000 	/System/Library/Frameworks/ApplicationServices.framework/Versions/A/Frameworks/ATS.framework/Versions/A/ATS
0x0000000001464000 	/System/Library/Frameworks/ApplicationServices.framework/Versions/A/Frameworks/ColorSync.framework/Versions/A/ColorSync
0x0000000001464000 	/System/Library/Frameworks/ApplicationServices.framework/Versions/A/Frameworks/HIServices.framework/Versions/A/HIServices
0x0000000001464000 	/System/Library/Frameworks/ApplicationServices.framework/Versions/A/Frameworks/LangAnalysis.framework/Versions/A/LangAnalysis
0x0000000001464000 	/System/Library/Frameworks/ApplicationServices.framework/Versions/A/Frameworks/PrintCore.framework/Versions/A/PrintCore
0x0000000001464000 	/System/Library/Frameworks/ApplicationServices.framework/Versions/A/Frameworks/QD.framework/Versions/A/QD
0x0000000001464000 	/System/Library/Frameworks/ApplicationServices.framework/Versions/A/Frameworks/SpeechSynthesis.framework/Versions/A/SpeechSynthesis
0x0000000001464000 	/System/Library/Frameworks/Accelerate.framework/Versions/A/Accelerate
0x0000000001464000 	/System/Library/Frameworks/Accelerate.framework/Versions/A/Frameworks/vImage.framework/Versions/A/vImage
0x0000000001464000 	/System/Library/Frameworks/Accelerate.framework/Versions/A/Frameworks/vecLib.framework/Versions/A/vecLib
0x0000000001464000 	/System/Library/Frameworks/Accelerate.framework/Versions/A/Frameworks/vecLib.framework/Versions/A/libvDSP.dylib
0x0000000001464000 	/System/Library/Frameworks/Accelerate.framework/Versions/A/Frameworks/vecLib.framework/Versions/A/libvMisc.dylib
0x0000000001464000 	/System/Library/Frameworks/Accelerate.framework/Versions/A/Frameworks/vecLib.framework/Versions/A/libLAPACK.dylib
0x0000000001464000 	/System/Library/Frameworks/Accelerate.framework/Versions/A/Frameworks/vecLib.framework/Versions/A/libBLAS.dylib
0x0000000001464000 	/System/Library/Frameworks/Accelerate.framework/Versions/A/Frameworks/vecLib.framework/Versions/A/libLinearAlgebra.dylib
0x0000000001464000 	/System/Library/Frameworks/ApplicationServices.framework/Versions/A/Frameworks/ATS.framework/Versions/A/Resources/libFontParser.dylib
0x0000000001464000 	/System/Library/Frameworks/ApplicationServices.framework/Versions/A/Frameworks/ATS.framework/Versions/A/Resources/libFontRegistry.dylib
0x0000000001464000 	/System/Library/PrivateFrameworks/AppleVPA.framework/Versions/A/AppleVPA
0x0000000001464000 	/System/Library/PrivateFrameworks/AppleJPEG.framework/Versions/A/AppleJPEG
0x0000000001464000 	/System/Library/Frameworks/ImageIO.framework/Versions/A/Resources/libJPEG.dylib
0x0000000001464000 	/System/Library/Frameworks/ImageIO.framework/Versions/A/Resources/libTIFF.dylib
0x0000000001464000 	/System/Library/Frameworks/ImageIO.framework/Versions/A/Resources/libPng.dylib
0x0000000001464000 	/System/Library/Frameworks/ImageIO.framework/Versions/A/Resources/libGIF.dylib
0x0000000001464000 	/System/Library/Frameworks/ImageIO.framework/Versions/A/Resources/libJP2.dylib
0x0000000001464000 	/System/Library/Frameworks/ImageIO.framework/Versions/A/Resources/libRadiance.dylib
0x0000000001464000 	/System/Library/Frameworks/CoreVideo.framework/Versions/A/CoreVideo
0x0000000001464000 	/System/Library/Frameworks/OpenGL.framework/Versions/A/Libraries/libGLU.dylib
0x0000000001464000 	/System/Library/Frameworks/OpenGL.framework/Versions/A/Libraries/libGFXShared.dylib
0x0000000001464000 	/System/Library/Frameworks/OpenGL.framework/Versions/A/Libraries/libGL.dylib
0x0000000001464000 	/System/Library/Frameworks/OpenGL.framework/Versions/A/Libraries/libGLImage.dylib
0x0000000001464000 	/System/Library/Frameworks/OpenGL.framework/Versions/A/Libraries/libCVMSPluginSupport.dylib
0x0000000001464000 	/System/Library/Frameworks/OpenGL.framework/Versions/A/Libraries/libCoreVMClient.dylib
0x0000000001464000 	/usr/lib/libcups.2.dylib
0x0000000001464000 	/System/Library/Frameworks/Kerberos.framework/Versions/A/Kerberos
0x0000000001464000 	/System/Library/Frameworks/GSS.framework/Versions/A/GSS
0x0000000001464000 	/usr/lib/libresolv.9.dylib
0x0000000001464000 	/usr/lib/libiconv.2.dylib
0x0000000001464000 	/System/Library/PrivateFrameworks/Heimdal.framework/Versions/A/Heimdal
0x0000000001464000 	/usr/lib/libheimdal-asn1.dylib
0x0000000001464000 	/System/Library/Frameworks/OpenDirectory.framework/Versions/A/OpenDirectory
0x0000000001464000 	/System/Library/PrivateFrameworks/CommonAuth.framework/Versions/A/CommonAuth
0x0000000001464000 	/System/Library/Frameworks/OpenDirectory.framework/Versions/A/Frameworks/CFOpenDirectory.framework/Versions/A/CFOpenDirectory
0x0000000001464000 	/System/Library/Frameworks/SecurityFoundation.framework/Versions/A/SecurityFoundation
0x0000000001464000 	/System/Library/PrivateFrameworks/LanguageModeling.framework/Versions/A/LanguageModeling
0x0000000001464000 	/usr/lib/libcmph.dylib
0x0000000001464000 	/System/Library/Frameworks/ServiceManagement.framework/Versions/A/ServiceManagement
0x0000000001464000 	/usr/lib/libxslt.1.dylib
0x0000000001464000 	/System/Library/Frameworks/Carbon.framework/Versions/A/Frameworks/Ink.framework/Versions/A/Ink
0x0000000001464000 	/System/Library/Frameworks/QuartzCore.framework/Versions/A/Frameworks/CoreImage.framework/Versions/A/CoreImage
0x0000000001464000 	/System/Library/PrivateFrameworks/CrashReporterSupport.framework/Versions/A/CrashReporterSupport
0x0000000001464000 	/System/Library/Frameworks/OpenCL.framework/Versions/A/OpenCL
0x0000000001464000 	/System/Library/PrivateFrameworks/FaceCore.framework/Versions/A/FaceCore
0x0000000001464000 	/System/Library/PrivateFrameworks/Ubiquity.framework/Versions/A/Ubiquity
0x0000000001464000 	/System/Library/PrivateFrameworks/IconServices.framework/Versions/A/IconServices
0x0000000001464000 	/System/Library/PrivateFrameworks/ChunkingLibrary.framework/Versions/A/ChunkingLibrary
0x0000000001464000 	/System/Library/PrivateFrameworks/Apple80211.framework/Versions/A/Apple80211
0x0000000001464000 	/System/Library/Frameworks/CoreWLAN.framework/Versions/A/CoreWLAN
0x0000000001464000 	/System/Library/Frameworks/IOBluetooth.framework/Versions/A/IOBluetooth
0x0000000001464000 	/System/Library/PrivateFrameworks/CoreWiFi.framework/Versions/A/CoreWiFi
0x0000000001464000 	/System/Library/Frameworks/CoreBluetooth.framework/Versions/A/CoreBluetooth
0x0000000001464000 	/System/Library/PrivateFrameworks/DebugSymbols.framework/Versions/A/DebugSymbols
0x0000000001464000 	/System/Library/PrivateFrameworks/CoreSymbolication.framework/Versions/A/CoreSymbolication
0x0000000001464000 	/System/Library/PrivateFrameworks/Symbolication.framework/Versions/A/Symbolication
0x0000000001464000 	/System/Library/PrivateFrameworks/SpeechRecognitionCore.framework/Versions/A/SpeechRecognitionCore
0x0000000107e13000 	/Library/Java/JavaVirtualMachines/jdk1.8.0_60.jdk/Contents/Home/jre/lib/server/libjvm.dylib
0x0000000001464000 	/usr/lib/libstdc++.6.dylib
0x0000000108e9f000 	/Library/Java/JavaVirtualMachines/jdk1.8.0_60.jdk/Contents/Home/jre/lib/libverify.dylib
0x0000000108ead000 	/Library/Java/JavaVirtualMachines/jdk1.8.0_60.jdk/Contents/Home/jre/lib/libjava.dylib
0x0000000108eea000 	/Library/Java/JavaVirtualMachines/jdk1.8.0_60.jdk/Contents/Home/jre/lib/libzip.dylib
0x000000011ef6a000 	/System/Library/Frameworks/JavaVM.framework/Frameworks/JavaRuntimeSupport.framework/JavaRuntimeSupport
0x000000011ef80000 	/System/Library/Frameworks/JavaVM.framework/Versions/A/Frameworks/JavaNativeFoundation.framework/Versions/A/JavaNativeFoundation
0x000000011ef94000 	/System/Library/Frameworks/JavaVM.framework/Versions/A/JavaVM
0x0000000001464000 	/System/Library/Frameworks/Carbon.framework/Versions/A/Carbon
0x000000011efa0000 	/System/Library/PrivateFrameworks/JavaLaunching.framework/Versions/A/JavaLaunching
0x0000000001464000 	/System/Library/Frameworks/Carbon.framework/Versions/A/Frameworks/CommonPanels.framework/Versions/A/CommonPanels
0x0000000001464000 	/System/Library/Frameworks/Carbon.framework/Versions/A/Frameworks/Help.framework/Versions/A/Help
0x0000000001464000 	/System/Library/Frameworks/Carbon.framework/Versions/A/Frameworks/ImageCapture.framework/Versions/A/ImageCapture
0x0000000001464000 	/System/Library/Frameworks/Carbon.framework/Versions/A/Frameworks/OpenScripting.framework/Versions/A/OpenScripting
0x0000000001464000 	/System/Library/Frameworks/Carbon.framework/Versions/A/Frameworks/Print.framework/Versions/A/Print
0x0000000001464000 	/System/Library/Frameworks/Carbon.framework/Versions/A/Frameworks/SecurityHI.framework/Versions/A/SecurityHI
0x0000000120e99000 	/Library/Java/JavaVirtualMachines/jdk1.8.0_60.jdk/Contents/Home/jre/lib/libawt.dylib
0x0000000120f41000 	/Library/Java/JavaVirtualMachines/jdk1.8.0_60.jdk/Contents/Home/jre/lib/./libmlib_image.dylib
0x000000012100d000 	/Library/Java/JavaVirtualMachines/jdk1.8.0_60.jdk/Contents/Home/jre/lib/libawt_lwawt.dylib
0x00000001210c2000 	/Library/Java/JavaVirtualMachines/jdk1.8.0_60.jdk/Contents/Home/jre/lib/./libosxapp.dylib
0x0000000001464000 	/System/Library/Frameworks/ExceptionHandling.framework/Versions/A/ExceptionHandling
0x0000000001464000 	/System/Library/PrivateFrameworks/CoreServicesInternal.framework/Versions/A/CoreServicesInternal
0x0000000001464000 	/System/Library/PrivateFrameworks/CloudDocs.framework/Versions/A/CloudDocs
0x0000000001464000 	/System/Library/PrivateFrameworks/CoreDuet.framework/Versions/A/CoreDuet
0x0000000001464000 	/System/Library/Frameworks/CloudKit.framework/Versions/A/CloudKit
0x0000000001464000 	/System/Library/PrivateFrameworks/ProtocolBuffer.framework/Versions/A/ProtocolBuffer
0x0000000001464000 	/System/Library/PrivateFrameworks/CoreDuetDaemonProtocol.framework/Versions/A/CoreDuetDaemonProtocol
0x0000000001464000 	/System/Library/PrivateFrameworks/CoreDuetDebugLogging.framework/Versions/A/CoreDuetDebugLogging
0x0000000001464000 	/System/Library/PrivateFrameworks/MMCS.framework/Versions/A/MMCS
0x0000000001464000 	/System/Library/Frameworks/CoreLocation.framework/Versions/A/CoreLocation
0x0000000001464000 	/System/Library/PrivateFrameworks/ProtectedCloudStorage.framework/Versions/A/ProtectedCloudStorage
0x0000000001464000 	/System/Library/PrivateFrameworks/GeoServices.framework/Versions/A/GeoServices
0x0000000001464000 	/System/Library/Frameworks/CoreGraphics.framework/Versions/A/Resources/libCGCMS.A.dylib
0x0000000001464000 	/System/Library/Frameworks/CoreGraphics.framework/Versions/A/Resources/libRIP.A.dylib
0x0000000001464000 	/System/Library/Frameworks/CoreGraphics.framework/Versions/A/Resources/libCGXType.A.dylib
0x0000000001464000 	/System/Library/Frameworks/OpenCL.framework/Versions/A/Libraries/libcldcpuengine.dylib
0x0000000001464000 	/System/Library/PrivateFrameworks/DiskImages.framework/Versions/A/DiskImages
0x0000000001464000 	/System/Library/Frameworks/DiscRecording.framework/Versions/A/DiscRecording
0x0000000001464000 	/usr/lib/libcsfde.dylib
0x0000000001464000 	/usr/lib/libcurl.4.dylib
0x0000000001464000 	/System/Library/PrivateFrameworks/MediaKit.framework/Versions/A/MediaKit
0x0000000001464000 	/usr/lib/libCoreStorage.dylib
0x0000000001464000 	/System/Library/PrivateFrameworks/EFILogin.framework/Versions/A/EFILogin
0x0000000001464000 	/usr/lib/libutil.dylib
0x0000000001464000 	/System/Library/PrivateFrameworks/FindMyDevice.framework/Versions/A/FindMyDevice
0x0000000001464000 	/System/Library/Frameworks/LDAP.framework/Versions/A/LDAP
0x0000000001464000 	/usr/lib/libsasl2.2.dylib
0x0000000001464000 	/System/Library/PrivateFrameworks/CoreDaemon.framework/Versions/B/CoreDaemon
0x0000000001464000 	/usr/lib/libcrypto.0.9.8.dylib
0x0000000001464000 	/System/Library/PrivateFrameworks/AppleSRP.framework/Versions/A/AppleSRP
0x0000000001464000 	/System/Library/PrivateFrameworks/TrustEvaluationAgent.framework/Versions/A/TrustEvaluationAgent
0x000000012145e000 	cl_kernels
0x0000000124323000 	/System/Library/Frameworks/OpenCL.framework/Versions/A/Libraries/ImageFormats/unorm8_bgra.dylib
0x0000000121450000 	cl_kernels
0x0000000001464000 	/System/Library/PrivateFrameworks/FamilyControls.framework/Versions/A/FamilyControls
0x0000000001464000 	/System/Library/PrivateFrameworks/CommerceKit.framework/Versions/A/Frameworks/CommerceCore.framework/Versions/A/CommerceCore
0x0000000001464000 	/System/Library/PrivateFrameworks/SystemAdministration.framework/Versions/A/SystemAdministration
0x0000000001464000 	/System/Library/PrivateFrameworks/AppContainer.framework/Versions/A/AppContainer
0x0000000001464000 	/System/Library/PrivateFrameworks/SecCodeWrapper.framework/Versions/A/SecCodeWrapper
0x0000000001464000 	/System/Library/Frameworks/DirectoryService.framework/Versions/A/DirectoryService
0x0000000001464000 	/System/Library/PrivateFrameworks/LoginUIKit.framework/Versions/A/Frameworks/LoginUICore.framework/Versions/A/LoginUICore
0x0000000001464000 	/usr/lib/libodfde.dylib
0x0000000001464000 	/System/Library/Frameworks/OpenGL.framework/Versions/A/Resources/GLEngine.bundle/GLEngine
0x0000000001464000 	/System/Library/Frameworks/OpenGL.framework/Versions/A/Libraries/libGLProgrammability.dylib
0x00000001256b5000 	/System/Library/Extensions/AppleIntelHD5000GraphicsGLDriver.bundle/Contents/MacOS/AppleIntelHD5000GraphicsGLDriver
0x0000000001464000 	/System/Library/PrivateFrameworks/IOAccelerator.framework/Versions/A/IOAccelerator
0x0000000001464000 	/System/Library/PrivateFrameworks/GPUSupport.framework/Versions/A/Libraries/libGPUSupportMercury.dylib
0x0000000001464000 	/System/Library/Frameworks/OpenGL.framework/Versions/A/Resources/GLRendererFloat.bundle/GLRendererFloat
0x0000000126746000 	/Library/Java/JavaVirtualMachines/jdk1.8.0_60.jdk/Contents/Home/jre/lib/libfontmanager.dylib
0x0000000127a80000 	/Library/Java/JavaVirtualMachines/jdk1.8.0_60.jdk/Contents/Home/jre/lib/libosxui.dylib
0x0000000127b55000 	/Library/Java/JavaVirtualMachines/jdk1.8.0_60.jdk/Contents/Home/jre/lib/libnet.dylib
0x0000000127b6c000 	/Library/Java/JavaVirtualMachines/jdk1.8.0_60.jdk/Contents/Home/jre/lib/libnio.dylib
0x0000000001464000 	/System/Library/Frameworks/ApplicationServices.framework/Versions/A/Frameworks/ATS.framework/Versions/A/Resources/libTrueTypeScaler.dylib
0x0000000186e53000 	/private/var/folders/hh/z31jgv_d7szdfpdjxj5nl_v00000gn/T/jogamp_0000/file_cache/jln5306476709197728715/jln1175869708703479560/libgluegen-rt.jnilib
0x0000000186e57000 	/private/var/folders/hh/z31jgv_d7szdfpdjxj5nl_v00000gn/T/jogamp_0000/file_cache/jln5306476709197728715/jln1175869708703479560/libnativewindow_awt.jnilib
0x0000000186e5a000 	/Library/Java/JavaVirtualMachines/jdk1.8.0_60.jdk/Contents/Home/jre/lib/libjawt.dylib
0x0000000186e5d000 	/private/var/folders/hh/z31jgv_d7szdfpdjxj5nl_v00000gn/T/jogamp_0000/file_cache/jln5306476709197728715/jln1175869708703479560/libnativewindow_macosx.jnilib
0x000000018bae8000 	/private/var/folders/hh/z31jgv_d7szdfpdjxj5nl_v00000gn/T/jogamp_0000/file_cache/jln5306476709197728715/jln1175869708703479560/libjogl_desktop.jnilib
0x000000018dd81000 	/Library/Java/JavaVirtualMachines/jdk1.8.0_60.jdk/Contents/Home/jre/lib/libsunec.dylib
0x00000001874b0000 	/Library/Java/JavaVirtualMachines/jdk1.8.0_60.jdk/Contents/Home/jre/lib/libt2k.dylib

VM Arguments:
jvm_args: -Djava.security.policy=java.policy.applet -Dfile.encoding=UTF-8 
java_command: sun.applet.AppletViewer module4.EarthquakeCityMap1488862138741.html
java_class_path (initial): /Users/chuan1900/coursera-java/UCSDUnfoldingMaps/build:/Users/chuan1900/coursera-java/UCSDUnfoldingMaps/lib/core.jar:/Users/chuan1900/coursera-java/UCSDUnfoldingMaps/lib/gluegen-rt.jar:/Users/chuan1900/coursera-java/UCSDUnfoldingMaps/lib/jogl-all.jar:/Users/chuan1900/coursera-java/UCSDUnfoldingMaps/lib/log4j-1.2.15.jar:/Users/chuan1900/coursera-java/UCSDUnfoldingMaps/lib/sqlite-jdbc-3.7.2.jar:/Users/chuan1900/coursera-java/UCSDUnfoldingMaps/lib/json4processing.jar:/Users/chuan1900/coursera-java/UCSDUnfoldingMaps/lib/libTUIO.jar:/Users/chuan1900/coursera-java/UCSDUnfoldingMaps/lib/unfolding.0.9.7-uscd.jar
Launcher Type: SUN_STANDARD

Environment Variables:
PATH=/usr/bin:/bin:/usr/sbin:/sbin
SHELL=/bin/bash
DISPLAY=/private/tmp/com.apple.launchd.yILEgeE45r/org.macosforge.xquartz:0

Signal Handlers:
SIGSEGV: [libjvm.dylib+0x5a6d31], sa_mask[0]=11111111011111110111111111111111, sa_flags=SA_ONSTACK|SA_RESTART|SA_SIGINFO
SIGBUS: [libjvm.dylib+0x5a6d31], sa_mask[0]=11111111011111110111111111111111, sa_flags=SA_RESTART|SA_SIGINFO
SIGFPE: [libjvm.dylib+0x480a4c], sa_mask[0]=11111111011111110111111111111111, sa_flags=SA_RESTART|SA_SIGINFO
SIGPIPE: [libjvm.dylib+0x480a4c], sa_mask[0]=11111111011111110111111111111111, sa_flags=SA_RESTART|SA_SIGINFO
SIGXFSZ: [libjvm.dylib+0x480a4c], sa_mask[0]=11111111011111110111111111111111, sa_flags=SA_RESTART|SA_SIGINFO
SIGILL: [libjvm.dylib+0x480a4c], sa_mask[0]=11111111011111110111111111111111, sa_flags=SA_RESTART|SA_SIGINFO
SIGUSR1: SIG_DFL, sa_mask[0]=00000000000000000000000000000000, sa_flags=none
SIGUSR2: [libjvm.dylib+0x48056a], sa_mask[0]=00100000000000000000000000000000, sa_flags=SA_RESTART|SA_SIGINFO
SIGHUP: [libjvm.dylib+0x47eb41], sa_mask[0]=11111111011111110111111111111111, sa_flags=SA_RESTART|SA_SIGINFO
SIGINT: [libjvm.dylib+0x47eb41], sa_mask[0]=11111111011111110111111111111111, sa_flags=SA_RESTART|SA_SIGINFO
SIGTERM: [libjvm.dylib+0x47eb41], sa_mask[0]=11111111011111110111111111111111, sa_flags=SA_RESTART|SA_SIGINFO
SIGQUIT: [libjvm.dylib+0x47eb41], sa_mask[0]=11111111011111110111111111111111, sa_flags=SA_RESTART|SA_SIGINFO


---------------  S Y S T E M  ---------------

OS:Bsduname:Darwin 14.5.0 Darwin Kernel Version 14.5.0: Sun Sep 25 22:07:15 PDT 2016; root:xnu-2782.50.9~1/RELEASE_X86_64 x86_64
rlimit: STACK 8192k, CORE 0k, NPROC 709, NOFILE 10240, AS infinity
load average:2.36 1.93 1.86

CPU:total 4 (2 cores per cpu, 2 threads per core) family 6 model 69 stepping 1, cmov, cx8, fxsr, mmx, sse, sse2, sse3, ssse3, sse4.1, sse4.2, popcnt, avx, avx2, aes, clmul, erms, lzcnt, ht, tsc, tscinvbit, bmi1, bmi2

Memory: 4k page, physical 8388608k(346372k free)

/proc/meminfo:


vm_info: Java HotSpot(TM) 64-Bit Server VM (25.60-b23) for bsd-amd64 JRE (1.8.0_60-b27), built on Aug  4 2015 10:47:24 by "java_re" with gcc 4.2.1 (Based on Apple Inc. build 5658) (LLVM build 2336.11.00)

time: Mon Mar  6 23:51:24 2017
elapsed time: 145 seconds (0d 0h 2m 25s)

