#
# A fatal error has been detected by the Java Runtime Environment:
#
#  SIGSEGV (0xb) at pc=0x00007fff8a7c30dd, pid=25344, tid=1811
#
# JRE version: Java(TM) SE Runtime Environment (8.0_60-b27) (build 1.8.0_60-b27)
# Java VM: Java HotSpot(TM) 64-Bit Server VM (25.60-b23 mixed mode bsd-amd64 compressed oops)
# Problematic frame:
# C  [libobjc.A.dylib+0x10dd]  objc_msgSend+0x1d
#
# Failed to write core dump. Core dumps have been disabled. To enable core dumping, try "ulimit -c unlimited" before starting Java again
#
# If you would like to submit a bug report, please visit:
#   http://bugreport.java.com/bugreport/crash.jsp
# The crash happened outside the Java Virtual Machine in native code.
# See problematic frame for where to report the bug.
#

---------------  T H R E A D  ---------------

Current thread (0x00007fc2ab23b000):  JavaThread "AWT-AppKit" daemon [_thread_in_native, id=1811, stack(0x00007fff53b93000,0x00007fff54393000)]

siginfo: si_signo: 11 (SIGSEGV), si_code: 1 (SEGV_MAPERR), si_addr: 0x000007fc2aed2e90

Registers:
RAX=0x00007fc2aedb7ab0, RBX=0x000000018b148450, RCX=0x000000012bd9eb40, RDX=0x000000012bd9e0c0
RSP=0x00007fff5438e468, RBP=0x00007fff5438e520, RSI=0x00007fff8d22240f, RDI=0x00007fc2aebbf2d0
R8 =0x0000000000000000, R9 =0x0000000000000f50, R10=0x00007fff8d22240f, R11=0x000007fc2aed2e78
R12=0x0000000000000000, R13=0x000000018f796ee8, R14=0x000000018b148440, R15=0x00007fc2ab23b000
RIP=0x00007fff8a7c30dd, EFLAGS=0x0000000000010206, ERR=0x0000000000000004
  TRAPNO=0x000000000000000e

Top of Stack: (sp=0x00007fff5438e468)
0x00007fff5438e468:   000000018b146157 00007fff5438e4c0
0x00007fff5438e478:   0000000000000003 00007fff5438e4a0
0x00007fff5438e488:   000000010c3f1992 000000018f796ee8
0x00007fff5438e498:   000000018f796ee8 00007fc2aedb7ab0
0x00007fff5438e4a8:   000000018b1486a0 000000018b148710
0x00007fff5438e4b8:   00007fff72ea7550 00007fff7183fc80
0x00007fff5438e4c8:   000000018b148450 000000018b148690
0x00007fff5438e4d8:   00007fc2aedb7ab0 00007fc2aebbf2d0
0x00007fff5438e4e8:   00007fc2aa556ae0 00007fc2aedb7ab0
0x00007fff5438e4f8:   00007fc2aebbf2d0 00007fff5438e5a8
0x00007fff5438e508:   00007fc2ab23b1f8 000000018f796ee8
0x00007fff5438e518:   00007fff5438e5d0 00007fff5438e598
0x00007fff5438e528:   000000010d2a1954 000000018f796ee8
0x00007fff5438e538:   00007fff5438e5d0 00007fff5438e598
0x00007fff5438e548:   000000010d2a16e7 000000010d2a16a2
0x00007fff5438e558:   00007fff5438e558 000000018f796ee8
0x00007fff5438e568:   00007fff5438e5d0 000000018f799b20
0x00007fff5438e578:   0000000000000000 000000018f796ee8
0x00007fff5438e588:   0000000000000000 00007fff5438e5b8
0x00007fff5438e598:   00007fff5438e618 000000010d293c4d
0x00007fff5438e5a8:   00000007405bd7a8 000000010d29b578
0x00007fff5438e5b8:   00007fc2aedb7ab0 00007fff5438e618
0x00007fff5438e5c8:   00007fc2aebbf2d0 000000010d29cd82
0x00007fff5438e5d8:   00007fff5438e5d8 000000018f7970b2
0x00007fff5438e5e8:   00007fff5438e640 000000018f799b20
0x00007fff5438e5f8:   0000000000000000 000000018f7970c0
0x00007fff5438e608:   00007fff5438e5b8 00007fff5438e628
0x00007fff5438e618:   00007fff5438e688 000000010d293c4d
0x00007fff5438e628:   00007fc2aedb7ab0 00000007403aabf0
0x00007fff5438e638:   00007fc2aebbf2d0 00000007403aabf0
0x00007fff5438e648:   00007fff5438e648 0000000194b4a34e
0x00007fff5438e658:   00007fff5438e698 0000000194b4a408 

Instructions: (pc=0x00007fff8a7c30dd)
0x00007fff8a7c30bd:   00 00 00 48 85 ff 2e 74 7a 40 f6 c7 01 2e 75 7e
0x00007fff8a7c30cd:   49 bb f8 ff ff ff ff 7f 00 00 4c 23 1f 49 89 f2
0x00007fff8a7c30dd:   45 23 53 18 49 c1 e2 04 4d 03 53 10 49 3b 32 75
0x00007fff8a7c30ed:   04 41 ff 62 08 49 83 3a 00 74 6a 4d 3b 53 10 74 

Register to memory mapping:

RAX=0x00007fc2aedb7ab0 is an unknown value
RBX=0x000000018b148450: Java_jogamp_nativewindow_macosx_OSXUtil_GetScreenRefreshRate0+0x1cf0 in /private/var/folders/hh/z31jgv_d7szdfpdjxj5nl_v00000gn/T/jogamp_0000/file_cache/jln4834755101421656141/jln6023961179337112599/libnativewindow_macosx.jnilib at 0x000000018b141000
RCX=0x000000012bd9eb40 is an unknown value
RDX=0x000000012bd9e0c0 is an unknown value
RSP=0x00007fff5438e468 is pointing into the stack for thread: 0x00007fc2ab23b000
RBP=0x00007fff5438e520 is pointing into the stack for thread: 0x00007fc2ab23b000
RSI=0x00007fff8d22240f is an unknown value
RDI=0x00007fc2aebbf2d0 is an unknown value
R8 =0x0000000000000000 is an unknown value
R9 =0x0000000000000f50 is an unknown value
R10=0x00007fff8d22240f is an unknown value
R11=0x000007fc2aed2e78 is an unknown value
R12=0x0000000000000000 is an unknown value
R13={method} {0x000000018f796ee8} 'UnsetJAWTRootSurfaceLayer0' '(JJ)V' in 'jogamp/nativewindow/jawt/macosx/MacOSXJAWTWindow'
R14=0x000000018b148440: Java_jogamp_nativewindow_macosx_OSXUtil_GetScreenRefreshRate0+0x1ce0 in /private/var/folders/hh/z31jgv_d7szdfpdjxj5nl_v00000gn/T/jogamp_0000/file_cache/jln4834755101421656141/jln6023961179337112599/libnativewindow_macosx.jnilib at 0x000000018b141000
R15=0x00007fc2ab23b000 is a thread


Stack: [0x00007fff53b93000,0x00007fff54393000],  sp=0x00007fff5438e468,  free space=8173k
Native frames: (J=compiled Java code, j=interpreted, Vv=VM code, C=native code)
C  [libobjc.A.dylib+0x10dd]  objc_msgSend+0x1d
j  jogamp.nativewindow.jawt.macosx.MacOSXJAWTWindow.UnsetJAWTRootSurfaceLayer0(JJ)V+0
j  jogamp.nativewindow.jawt.macosx.MacOSXJAWTWindow.access$200(JJ)V+2
j  jogamp.nativewindow.jawt.macosx.MacOSXJAWTWindow$1.run()V+38
J 2560 C1 com.jogamp.common.util.RunnableTask.run()V (345 bytes) @ 0x000000010db44954 [0x000000010db447c0+0x194]
v  ~StubRoutines::call_stub
V  [libjvm.dylib+0x2eab0e]
V  [libjvm.dylib+0x321bb7]
V  [libjvm.dylib+0x31438b]
C  [libnativewindow_macosx.jnilib+0x5326]  Java_jogamp_nativewindow_jawt_macosx_MacOSXJAWTWindow_UnsetJAWTRootSurfaceLayer0+0x2b6
C  [Foundation+0x92dd0]  __NSThreadPerformPerform+0x125
C  [CoreFoundation+0x80a01]  __CFRUNLOOP_IS_CALLING_OUT_TO_A_SOURCE0_PERFORM_FUNCTION__+0x11
C  [CoreFoundation+0x72c5c]  __CFRunLoopDoSources0+0x1dc
C  [CoreFoundation+0x721bf]  __CFRunLoopRun+0x39f
C  [CoreFoundation+0x71bd8]  CFRunLoopRunSpecific+0x128
C  [HIToolbox+0x3256f]  RunCurrentEventLoopInMode+0xeb
C  [HIToolbox+0x321ee]  ReceiveNextEventCommon+0xb3
C  [HIToolbox+0x3212b]  _BlockUntilNextEventMatchingListInModeWithFilter+0x47
C  [AppKit+0x918ab]  _DPSNextEvent+0x3d2
C  [AppKit+0x90e58]  -[NSApplication nextEventMatchingMask:untilDate:inMode:dequeue:]+0x15a
C  [libosxapp.dylib+0x23aa]  -[NSApplicationAWT nextEventMatchingMask:untilDate:inMode:dequeue:]+0x7c
C  [AppKit+0x86af3]  -[NSApplication run]+0x252
C  [libosxapp.dylib+0x214d]  +[NSApplicationAWT runAWTLoopWithApp:]+0x9c
C  [libawt_lwawt.dylib+0x44517]  -[AWTStarter starter:]+0x389
C  [Foundation+0x92dd0]  __NSThreadPerformPerform+0x125
C  [CoreFoundation+0x80a01]  __CFRUNLOOP_IS_CALLING_OUT_TO_A_SOURCE0_PERFORM_FUNCTION__+0x11
C  [CoreFoundation+0x72b8d]  __CFRunLoopDoSources0+0x10d
C  [CoreFoundation+0x721bf]  __CFRunLoopRun+0x39f
C  [CoreFoundation+0x71bd8]  CFRunLoopRunSpecific+0x128
C  [java+0x6463]  CreateExecutionEnvironment+0x367
C  [java+0x21ac]  JLI_Launch+0x7a0
C  [java+0x84c0]  main+0x65
C  [java+0x1a04]  start+0x34
C  0x0000000000000007

Java frames: (J=compiled Java code, j=interpreted, Vv=VM code)
j  jogamp.nativewindow.jawt.macosx.MacOSXJAWTWindow.UnsetJAWTRootSurfaceLayer0(JJ)V+0
j  jogamp.nativewindow.jawt.macosx.MacOSXJAWTWindow.access$200(JJ)V+2
j  jogamp.nativewindow.jawt.macosx.MacOSXJAWTWindow$1.run()V+38
J 2560 C1 com.jogamp.common.util.RunnableTask.run()V (345 bytes) @ 0x000000010db44954 [0x000000010db447c0+0x194]
v  ~StubRoutines::call_stub

---------------  P R O C E S S  ---------------

Java Threads: ( => current thread )
  0x00007fc2ac606000 JavaThread "Thread-185" [_thread_blocked, id=12315, stack(0x000000019737a000,0x000000019747a000)]
  0x00007fc2ac2f8800 JavaThread "Keep-Alive-Timer" daemon [_thread_blocked, id=13163, stack(0x0000000195b9b000,0x0000000195c9b000)]
  0x00007fc2ab005800 JavaThread "AWT-EventQueue-1" [_thread_in_native, id=56871, stack(0x000000018bac1000,0x000000018bbc1000)]
  0x00007fc2aa941000 JavaThread "DestroyJavaVM" [_thread_blocked, id=4867, stack(0x000000010d18a000,0x000000010d28a000)]
  0x00007fc2ac1a1000 JavaThread "AWT-EventQueue-0" [_thread_blocked, id=54279, stack(0x000000012bc62000,0x000000012bd62000)]
  0x00007fc2ab267000 JavaThread "Java2D Disposer" daemon [_thread_blocked, id=51219, stack(0x000000012a9ba000,0x000000012aaba000)]
  0x00007fc2ab925000 JavaThread "Java2D Queue Flusher" daemon [_thread_blocked, id=49415, stack(0x0000000129934000,0x0000000129a34000)]
  0x00007fc2ab240000 JavaThread "AWT-Shutdown" [_thread_blocked, id=27923, stack(0x0000000126a47000,0x0000000126b47000)]
=>0x00007fc2ab23b000 JavaThread "AWT-AppKit" daemon [_thread_in_native, id=1811, stack(0x00007fff53b93000,0x00007fff54393000)]
  0x00007fc2ac007000 JavaThread "Service Thread" daemon [_thread_blocked, id=18179, stack(0x0000000125009000,0x0000000125109000)]
  0x00007fc2ac006000 JavaThread "C1 CompilerThread2" daemon [_thread_blocked, id=17667, stack(0x0000000124f06000,0x0000000125006000)]
  0x00007fc2ab80c800 JavaThread "C2 CompilerThread1" daemon [_thread_blocked, id=17155, stack(0x0000000124e03000,0x0000000124f03000)]
  0x00007fc2ab80c000 JavaThread "C2 CompilerThread0" daemon [_thread_blocked, id=16643, stack(0x0000000124d00000,0x0000000124e00000)]
  0x00007fc2ab804000 JavaThread "Signal Dispatcher" daemon [_thread_blocked, id=13331, stack(0x0000000124bfd000,0x0000000124cfd000)]
  0x00007fc2ac003000 JavaThread "Finalizer" daemon [_thread_blocked, id=11523, stack(0x00000001231e1000,0x00000001232e1000)]
  0x00007fc2ac002000 JavaThread "Reference Handler" daemon [_thread_blocked, id=11011, stack(0x00000001230de000,0x00000001231de000)]

Other Threads:
  0x00007fc2ab05f000 VMThread [stack: 0x0000000122fdb000,0x00000001230db000] [id=10499]
  0x00007fc2ab06f800 WatcherThread [stack: 0x000000012510c000,0x000000012520c000] [id=18691]

VM state:not at safepoint (normal execution)

VM Mutex/Monitor currently owned by a thread: None

Heap:
 PSYoungGen      total 106496K, used 60314K [0x0000000795580000, 0x000000079df00000, 0x00000007c0000000)
  eden space 82432K, 44% used [0x0000000795580000,0x00000007978f64b0,0x000000079a600000)
  from space 24064K, 99% used [0x000000079c100000,0x000000079d870670,0x000000079d880000)
  to   space 27648K, 0% used [0x000000079a600000,0x000000079a600000,0x000000079c100000)
 ParOldGen       total 68096K, used 40249K [0x0000000740000000, 0x0000000744280000, 0x0000000795580000)
  object space 68096K, 59% used [0x0000000740000000,0x000000074274e750,0x0000000744280000)
 Metaspace       used 24183K, capacity 24473K, committed 24832K, reserved 1071104K
  class space    used 2344K, capacity 2449K, committed 2560K, reserved 1048576K

Card table byte_map: [0x000000011c64c000,0x000000011ca4d000] byte_map_base: 0x0000000118c4c000

Marking Bits: (ParMarkBitMap*) 0x000000010cadee20
 Begin Bits: [0x000000011d104000, 0x000000011f104000)
 End Bits:   [0x000000011f104000, 0x0000000121104000)

Polling page: 0x000000010b9c6000

CodeCache: size=245760Kb used=10187Kb max_used=10437Kb free=235572Kb
 bounds [0x000000010d28c000, 0x000000010dd0c000, 0x000000011c28c000]
 total_blobs=3902 nmethods=2982 adapters=833
 compilation: enabled

Compilation events (10 events):
Event: 54.801 Thread 0x00007fc2ab80c800 3558       4       com.jogamp.nativewindow.awt.JAWTWindow::getGraphicsConfiguration (8 bytes)
Event: 54.802 Thread 0x00007fc2ab80c800 nmethod 3558 0x000000010dab2a10 code [0x000000010dab2b60, 0x000000010dab2bf8]
Event: 55.533 Thread 0x00007fc2ab80c000 3559       4       java.util.ArrayList$Itr::<init> (6 bytes)
Event: 55.534 Thread 0x00007fc2ab80c000 nmethod 3559 0x000000010d4b1710 code [0x000000010d4b1860, 0x000000010d4b18f8]
Event: 56.665 Thread 0x00007fc2ac006000 3560       1       sun.java2d.SurfaceData::isValid (5 bytes)
Event: 56.665 Thread 0x00007fc2ac006000 nmethod 3560 0x000000010db12810 code [0x000000010db12960, 0x000000010db12a70]
Event: 56.678 Thread 0x00007fc2ab80c800 3561       4       java.util.concurrent.locks.ReentrantLock::lock (8 bytes)
Event: 56.678 Thread 0x00007fc2ac006000 3562       3       sun.java2d.pipe.RenderBuffer::putFloat (26 bytes)
Event: 56.678 Thread 0x00007fc2ac006000 nmethod 3562 0x000000010db120d0 code [0x000000010db12240, 0x000000010db123d0]
Event: 56.679 Thread 0x00007fc2ab80c800 nmethod 3561 0x000000010d51e950 code [0x000000010d51eaa0, 0x000000010d51eb88]

GC Heap History (10 events):
Event: 35.775 GC heap before
{Heap before GC invocations=9 (full 1):
 PSYoungGen      total 69120K, used 68208K [0x0000000795580000, 0x000000079b200000, 0x00000007c0000000)
  eden space 56832K, 100% used [0x0000000795580000,0x0000000798d00000,0x0000000798d00000)
  from space 12288K, 92% used [0x0000000798d00000,0x000000079981c350,0x0000000799900000)
  to   space 13312K, 0% used [0x000000079a500000,0x000000079a500000,0x000000079b200000)
 ParOldGen       total 68096K, used 17680K [0x0000000740000000, 0x0000000744280000, 0x0000000795580000)
  object space 68096K, 25% used [0x0000000740000000,0x00000007411441d0,0x0000000744280000)
 Metaspace       used 23835K, capacity 24089K, committed 24320K, reserved 1071104K
  class space    used 2336K, capacity 2449K, committed 2560K, reserved 1048576K
Event: 35.784 GC heap after
Heap after GC invocations=9 (full 1):
 PSYoungGen      total 79360K, used 13184K [0x0000000795580000, 0x000000079b980000, 0x00000007c0000000)
  eden space 66048K, 0% used [0x0000000795580000,0x0000000795580000,0x0000000799600000)
  from space 13312K, 99% used [0x000000079a500000,0x000000079b1e03d0,0x000000079b200000)
  to   space 15360K, 0% used [0x0000000799600000,0x0000000799600000,0x000000079a500000)
 ParOldGen       total 68096K, used 20760K [0x0000000740000000, 0x0000000744280000, 0x0000000795580000)
  object space 68096K, 30% used [0x0000000740000000,0x0000000741446290,0x0000000744280000)
 Metaspace       used 23835K, capacity 24089K, committed 24320K, reserved 1071104K
  class space    used 2336K, capacity 2449K, committed 2560K, reserved 1048576K
}
Event: 36.594 GC heap before
{Heap before GC invocations=10 (full 1):
 PSYoungGen      total 79360K, used 79232K [0x0000000795580000, 0x000000079b980000, 0x00000007c0000000)
  eden space 66048K, 100% used [0x0000000795580000,0x0000000799600000,0x0000000799600000)
  from space 13312K, 99% used [0x000000079a500000,0x000000079b1e03d0,0x000000079b200000)
  to   space 15360K, 0% used [0x0000000799600000,0x0000000799600000,0x000000079a500000)
 ParOldGen       total 68096K, used 20760K [0x0000000740000000, 0x0000000744280000, 0x0000000795580000)
  object space 68096K, 30% used [0x0000000740000000,0x0000000741446290,0x0000000744280000)
 Metaspace       used 23917K, capacity 24217K, committed 24576K, reserved 1071104K
  class space    used 2336K, capacity 2449K, committed 2560K, reserved 1048576K
Event: 36.601 GC heap after
Heap after GC invocations=10 (full 1):
 PSYoungGen      total 81408K, used 15265K [0x0000000795580000, 0x000000079c400000, 0x00000007c0000000)
  eden space 66048K, 0% used [0x0000000795580000,0x0000000795580000,0x0000000799600000)
  from space 15360K, 99% used [0x0000000799600000,0x000000079a4e8430,0x000000079a500000)
  to   space 17408K, 0% used [0x000000079b300000,0x000000079b300000,0x000000079c400000)
 ParOldGen       total 68096K, used 25376K [0x0000000740000000, 0x0000000744280000, 0x0000000795580000)
  object space 68096K, 37% used [0x0000000740000000,0x00000007418c83b0,0x0000000744280000)
 Metaspace       used 23917K, capacity 24217K, committed 24576K, reserved 1071104K
  class space    used 2336K, capacity 2449K, committed 2560K, reserved 1048576K
}
Event: 42.151 GC heap before
{Heap before GC invocations=11 (full 1):
 PSYoungGen      total 81408K, used 81313K [0x0000000795580000, 0x000000079c400000, 0x00000007c0000000)
  eden space 66048K, 100% used [0x0000000795580000,0x0000000799600000,0x0000000799600000)
  from space 15360K, 99% used [0x0000000799600000,0x000000079a4e8430,0x000000079a500000)
  to   space 17408K, 0% used [0x000000079b300000,0x000000079b300000,0x000000079c400000)
 ParOldGen       total 68096K, used 25376K [0x0000000740000000, 0x0000000744280000, 0x0000000795580000)
  object space 68096K, 37% used [0x0000000740000000,0x00000007418c83b0,0x0000000744280000)
 Metaspace       used 23953K, capacity 24217K, committed 24576K, reserved 1071104K
  class space    used 2336K, capacity 2449K, committed 2560K, reserved 1048576K
Event: 42.165 GC heap after
Heap after GC invocations=11 (full 1):
 PSYoungGen      total 91648K, used 17377K [0x0000000795580000, 0x000000079cb00000, 0x00000007c0000000)
  eden space 74240K, 0% used [0x0000000795580000,0x0000000795580000,0x0000000799e00000)
  from space 17408K, 99% used [0x000000079b300000,0x000000079c3f84d0,0x000000079c400000)
  to   space 21504K, 0% used [0x0000000799e00000,0x0000000799e00000,0x000000079b300000)
 ParOldGen       total 68096K, used 30513K [0x0000000740000000, 0x0000000744280000, 0x0000000795580000)
  object space 68096K, 44% used [0x0000000740000000,0x0000000741dcc4f0,0x0000000744280000)
 Metaspace       used 23953K, capacity 24217K, committed 24576K, reserved 1071104K
  class space    used 2336K, capacity 2449K, committed 2560K, reserved 1048576K
}
Event: 45.311 GC heap before
{Heap before GC invocations=12 (full 1):
 PSYoungGen      total 91648K, used 91617K [0x0000000795580000, 0x000000079cb00000, 0x00000007c0000000)
  eden space 74240K, 100% used [0x0000000795580000,0x0000000799e00000,0x0000000799e00000)
  from space 17408K, 99% used [0x000000079b300000,0x000000079c3f84d0,0x000000079c400000)
  to   space 21504K, 0% used [0x0000000799e00000,0x0000000799e00000,0x000000079b300000)
 ParOldGen       total 68096K, used 30513K [0x0000000740000000, 0x0000000744280000, 0x0000000795580000)
  object space 68096K, 44% used [0x0000000740000000,0x0000000741dcc4f0,0x0000000744280000)
 Metaspace       used 24071K, capacity 24345K, committed 24576K, reserved 1071104K
  class space    used 2336K, capacity 2449K, committed 2560K, reserved 1048576K
Event: 45.320 GC heap after
Heap after GC invocations=12 (full 1):
 PSYoungGen      total 95744K, used 21409K [0x0000000795580000, 0x000000079d880000, 0x00000007c0000000)
  eden space 74240K, 0% used [0x0000000795580000,0x0000000795580000,0x0000000799e00000)
  from space 21504K, 99% used [0x0000000799e00000,0x000000079b2e85b0,0x000000079b300000)
  to   space 24064K, 0% used [0x000000079c100000,0x000000079c100000,0x000000079d880000)
 ParOldGen       total 68096K, used 34097K [0x0000000740000000, 0x0000000744280000, 0x0000000795580000)
  object space 68096K, 50% used [0x0000000740000000,0x000000074214c5d0,0x0000000744280000)
 Metaspace       used 24071K, capacity 24345K, committed 24576K, reserved 1071104K
  class space    used 2336K, capacity 2449K, committed 2560K, reserved 1048576K
}
Event: 49.649 GC heap before
{Heap before GC invocations=13 (full 1):
 PSYoungGen      total 95744K, used 95535K [0x0000000795580000, 0x000000079d880000, 0x00000007c0000000)
  eden space 74240K, 99% used [0x0000000795580000,0x0000000799de3a20,0x0000000799e00000)
  from space 21504K, 99% used [0x0000000799e00000,0x000000079b2e85b0,0x000000079b300000)
  to   space 24064K, 0% used [0x000000079c100000,0x000000079c100000,0x000000079d880000)
 ParOldGen       total 68096K, used 34097K [0x0000000740000000, 0x0000000744280000, 0x0000000795580000)
  object space 68096K, 50% used [0x0000000740000000,0x000000074214c5d0,0x0000000744280000)
 Metaspace       used 24134K, capacity 24409K, committed 24832K, reserved 1071104K
  class space    used 2336K, capacity 2449K, committed 2560K, reserved 1048576K
Event: 49.665 GC heap after
Heap after GC invocations=13 (full 1):
 PSYoungGen      total 106496K, used 24001K [0x0000000795580000, 0x000000079df00000, 0x00000007c0000000)
  eden space 82432K, 0% used [0x0000000795580000,0x0000000795580000,0x000000079a600000)
  from space 24064K, 99% used [0x000000079c100000,0x000000079d870670,0x000000079d880000)
  to   space 27648K, 0% used [0x000000079a600000,0x000000079a600000,0x000000079c100000)
 ParOldGen       total 68096K, used 40249K [0x0000000740000000, 0x0000000744280000, 0x0000000795580000)
  object space 68096K, 59% used [0x0000000740000000,0x000000074274e750,0x0000000744280000)
 Metaspace       used 24134K, capacity 24409K, committed 24832K, reserved 1071104K
  class space    used 2336K, capacity 2449K, committed 2560K, reserved 1048576K
}

Deoptimization events (10 events):
Event: 56.632 Thread 0x00007fc2ac1a1000 Uncommon trap: reason=unstable_if action=reinterpret pc=0x000000010d9328cc method=java.lang.Math.round(D)J @ 31
Event: 56.632 Thread 0x00007fc2ac1a1000 Uncommon trap: reason=unstable_if action=reinterpret pc=0x000000010d99626c method=sun.java2d.SunGraphics2D.validateCompClip()V @ 9
Event: 56.633 Thread 0x00007fc2ab005800 Uncommon trap: reason=unstable_if action=reinterpret pc=0x000000010d926788 method=java.awt.EventQueue.uncacheEQItem(Lsun/awt/EventQueueItem;)V @ 23
Event: 56.635 Thread 0x00007fc2ac1a1000 Uncommon trap: reason=unstable_if action=reinterpret pc=0x000000010d7cb9f0 method=sun.java2d.pipe.Region.intersectsQuickCheck(Lsun/java2d/pipe/Region;)Z @ 41
Event: 56.636 Thread 0x00007fc2ac1a1000 Uncommon trap: reason=unstable_if action=reinterpret pc=0x000000010dac7f70 method=java.awt.font.FontRenderContext.equals(Ljava/awt/font/FontRenderContext;)Z @ 2
Event: 56.664 Thread 0x00007fc2ab25b800 Uncommon trap: reason=unstable_if action=reinterpret pc=0x000000010d6b3210 method=java.util.HashMap.putVal(ILjava/lang/Object;Ljava/lang/Object;ZZ)Ljava/lang/Object; @ 81
Event: 56.664 Thread 0x00007fc2ab25b800 Uncommon trap: reason=unstable_if action=reinterpret pc=0x000000010d72b458 method=java.util.HashMap.putVal(ILjava/lang/Object;Ljava/lang/Object;ZZ)Ljava/lang/Object; @ 81
Event: 56.676 Thread 0x00007fc2ab005800 Uncommon trap: reason=unstable_if action=reinterpret pc=0x000000010d8af0d8 method=java.util.LinkedList$ListItr.<init>(Ljava/util/LinkedList;I)V @ 26
Event: 56.676 Thread 0x00007fc2ab005800 Uncommon trap: reason=unstable_if action=reinterpret pc=0x000000010dc72e90 method=java.security.AccessControlContext.optimize()Ljava/security/AccessControlContext; @ 233
Event: 56.677 Thread 0x00007fc2ab005800 Uncommon trap: reason=unstable_if action=reinterpret pc=0x000000010d5d9b84 method=java.util.LinkedList$ListItr.<init>(Ljava/util/LinkedList;I)V @ 26

Internal exceptions (10 events):
Event: 0.141 Thread 0x00007fc2ab005800 Exception <a 'java/lang/NoSuchFieldError': method resolution failed> (0x000000079582a520) thrown at [/Users/java_re/workspace/8-2-build-macosx-x86_64/jdk8u60/4407/hotspot/src/share/vm/prims/methodHandles.cpp, line 1146]
Event: 0.144 Thread 0x00007fc2ab005800 Exception <a 'java/lang/NoSuchFieldError': method resolution failed> (0x0000000795837cf0) thrown at [/Users/java_re/workspace/8-2-build-macosx-x86_64/jdk8u60/4407/hotspot/src/share/vm/prims/methodHandles.cpp, line 1146]
Event: 0.304 Thread 0x00007fc2ab005800 Exception <a 'java/io/FileNotFoundException'> (0x00000007958b3d38) thrown at [/Users/java_re/workspace/8-2-build-macosx-x86_64/jdk8u60/4407/hotspot/src/share/vm/prims/jni.cpp, line 709]
Event: 0.304 Thread 0x00007fc2ab005800 Exception <a 'java/io/FileNotFoundException'> (0x00000007958b48a0) thrown at [/Users/java_re/workspace/8-2-build-macosx-x86_64/jdk8u60/4407/hotspot/src/share/vm/prims/jni.cpp, line 709]
Event: 0.386 Thread 0x00007fc2ab005800 Exception <a 'java/io/FileNotFoundException'> (0x00000007959ef7f8) thrown at [/Users/java_re/workspace/8-2-build-macosx-x86_64/jdk8u60/4407/hotspot/src/share/vm/prims/jni.cpp, line 709]
Event: 1.771 Thread 0x00007fc2ab359800 Exception <a 'java/lang/UnsatisfiedLinkError': com.jogamp.common.util.JarUtil.fixNativeLibAttribs(Ljava/lang/String;)Z> (0x0000000796c75f58) thrown at [/Users/java_re/workspace/8-2-build-macosx-x86_64/jdk8u60/4407/hotspot/src/share/vm/prims/nativeLookup.c
Event: 2.027 Thread 0x00007fc2ac003000 Exception <a 'java/lang/NullPointerException'> (0x00000007956a3038) thrown at [/Users/java_re/workspace/8-2-build-macosx-x86_64/jdk8u60/4407/hotspot/src/share/vm/interpreter/linkResolver.cpp, line 1178]
Event: 2.545 Thread 0x00007fc2ab005800 Exception <a 'java/io/FileNotFoundException'> (0x0000000795f590f8) thrown at [/Users/java_re/workspace/8-2-build-macosx-x86_64/jdk8u60/4407/hotspot/src/share/vm/prims/jni.cpp, line 709]
Event: 2.545 Thread 0x00007fc2ab005800 Exception <a 'java/io/FileNotFoundException'> (0x0000000795f5f160) thrown at [/Users/java_re/workspace/8-2-build-macosx-x86_64/jdk8u60/4407/hotspot/src/share/vm/prims/jni.cpp, line 709]
Event: 2.546 Thread 0x00007fc2ab005800 Implicit null exception at 0x000000010d42ad75 to 0x000000010d42b101

Events (10 events):
Event: 56.677 Executing VM operation: Deoptimize
Event: 56.677 Executing VM operation: Deoptimize done
Event: 56.677 loading class java/awt/Toolkit$ToolkitEventMulticaster
Event: 56.677 loading class java/awt/Toolkit$ToolkitEventMulticaster done
Event: 56.677 Thread 0x00007fc2ab005800 Uncommon trap: trap_request=0xffffff65 fr.pc=0x000000010d5d9b84
Event: 56.677 Thread 0x00007fc2ab005800 DEOPT PACKING pc=0x000000010d5d9b84 sp=0x000000018bbbe950
Event: 56.677 Thread 0x00007fc2ab005800 DEOPT UNPACKING pc=0x000000010d291229 sp=0x000000018bbbe8a8 mode 2
Event: 56.678 Thread 0x00007fc2ab25b800 Thread exited: 0x00007fc2ab25b800
Event: 56.678 loading class java/awt/Window$1DisposeAction
Event: 56.678 loading class java/awt/Window$1DisposeAction done


Dynamic libraries:
0x0000000001464000 	/System/Library/Frameworks/Cocoa.framework/Versions/A/Cocoa
0x0000000001464000 	/System/Library/Frameworks/Security.framework/Versions/A/Security
0x0000000001464000 	/System/Library/Frameworks/ApplicationServices.framework/Versions/A/ApplicationServices
0x0000000001464000 	/usr/lib/libz.1.dylib
0x0000000001464000 	/usr/lib/libSystem.B.dylib
0x0000000001464000 	/usr/lib/libobjc.A.dylib
0x0000000001464000 	/System/Library/Frameworks/CoreFoundation.framework/Versions/A/CoreFoundation
0x0000000001464000 	/System/Library/Frameworks/Foundation.framework/Versions/C/Foundation
0x0000000001464000 	/System/Library/Frameworks/AppKit.framework/Versions/C/AppKit
0x0000000001464000 	/System/Library/Frameworks/CoreData.framework/Versions/A/CoreData
0x0000000001464000 	/System/Library/PrivateFrameworks/RemoteViewServices.framework/Versions/A/RemoteViewServices
0x0000000001464000 	/System/Library/PrivateFrameworks/UIFoundation.framework/Versions/A/UIFoundation
0x0000000001464000 	/System/Library/Frameworks/IOSurface.framework/Versions/A/IOSurface
0x0000000001464000 	/System/Library/Frameworks/AudioToolbox.framework/Versions/A/AudioToolbox
0x0000000001464000 	/System/Library/Frameworks/AudioUnit.framework/Versions/A/AudioUnit
0x0000000001464000 	/System/Library/PrivateFrameworks/DataDetectorsCore.framework/Versions/A/DataDetectorsCore
0x0000000001464000 	/System/Library/PrivateFrameworks/DesktopServicesPriv.framework/Versions/A/DesktopServicesPriv
0x0000000001464000 	/System/Library/Frameworks/Carbon.framework/Versions/A/Frameworks/HIToolbox.framework/Versions/A/HIToolbox
0x0000000001464000 	/System/Library/Frameworks/QuartzCore.framework/Versions/A/QuartzCore
0x0000000001464000 	/System/Library/Frameworks/Carbon.framework/Versions/A/Frameworks/SpeechRecognition.framework/Versions/A/SpeechRecognition
0x0000000001464000 	/usr/lib/libauto.dylib
0x0000000001464000 	/usr/lib/libicucore.A.dylib
0x0000000001464000 	/usr/lib/libxml2.2.dylib
0x0000000001464000 	/System/Library/PrivateFrameworks/CoreUI.framework/Versions/A/CoreUI
0x0000000001464000 	/System/Library/Frameworks/CoreAudio.framework/Versions/A/CoreAudio
0x0000000001464000 	/System/Library/Frameworks/DiskArbitration.framework/Versions/A/DiskArbitration
0x0000000001464000 	/usr/lib/liblangid.dylib
0x0000000001464000 	/System/Library/PrivateFrameworks/MultitouchSupport.framework/Versions/A/MultitouchSupport
0x0000000001464000 	/System/Library/Frameworks/IOKit.framework/Versions/A/IOKit
0x0000000001464000 	/usr/lib/libDiagnosticMessagesClient.dylib
0x0000000001464000 	/System/Library/Frameworks/CoreServices.framework/Versions/A/CoreServices
0x0000000001464000 	/System/Library/PrivateFrameworks/PerformanceAnalysis.framework/Versions/A/PerformanceAnalysis
0x0000000001464000 	/System/Library/PrivateFrameworks/GenerationalStorage.framework/Versions/A/GenerationalStorage
0x0000000001464000 	/System/Library/Frameworks/OpenGL.framework/Versions/A/OpenGL
0x0000000001464000 	/System/Library/PrivateFrameworks/Sharing.framework/Versions/A/Sharing
0x0000000001464000 	/System/Library/Frameworks/CoreGraphics.framework/Versions/A/CoreGraphics
0x0000000001464000 	/System/Library/Frameworks/CoreText.framework/Versions/A/CoreText
0x0000000001464000 	/System/Library/Frameworks/ImageIO.framework/Versions/A/ImageIO
0x0000000001464000 	/usr/lib/libextension.dylib
0x0000000001464000 	/System/Library/PrivateFrameworks/Backup.framework/Versions/A/Backup
0x0000000001464000 	/usr/lib/libarchive.2.dylib
0x0000000001464000 	/System/Library/Frameworks/CFNetwork.framework/Versions/A/CFNetwork
0x0000000001464000 	/System/Library/Frameworks/SystemConfiguration.framework/Versions/A/SystemConfiguration
0x0000000001464000 	/usr/lib/libCRFSuite.dylib
0x0000000001464000 	/usr/lib/libc++.1.dylib
0x0000000001464000 	/usr/lib/libc++abi.dylib
0x0000000001464000 	/usr/lib/system/libcache.dylib
0x0000000001464000 	/usr/lib/system/libcommonCrypto.dylib
0x0000000001464000 	/usr/lib/system/libcompiler_rt.dylib
0x0000000001464000 	/usr/lib/system/libcopyfile.dylib
0x0000000001464000 	/usr/lib/system/libcorecrypto.dylib
0x0000000001464000 	/usr/lib/system/libdispatch.dylib
0x0000000001464000 	/usr/lib/system/libdyld.dylib
0x0000000001464000 	/usr/lib/system/libkeymgr.dylib
0x0000000001464000 	/usr/lib/system/liblaunch.dylib
0x0000000001464000 	/usr/lib/system/libmacho.dylib
0x0000000001464000 	/usr/lib/system/libquarantine.dylib
0x0000000001464000 	/usr/lib/system/libremovefile.dylib
0x0000000001464000 	/usr/lib/system/libsystem_asl.dylib
0x0000000001464000 	/usr/lib/system/libsystem_blocks.dylib
0x0000000001464000 	/usr/lib/system/libsystem_c.dylib
0x0000000001464000 	/usr/lib/system/libsystem_configuration.dylib
0x0000000001464000 	/usr/lib/system/libsystem_coreservices.dylib
0x0000000001464000 	/usr/lib/system/libsystem_coretls.dylib
0x0000000001464000 	/usr/lib/system/libsystem_dnssd.dylib
0x0000000001464000 	/usr/lib/system/libsystem_info.dylib
0x0000000001464000 	/usr/lib/system/libsystem_kernel.dylib
0x0000000001464000 	/usr/lib/system/libsystem_m.dylib
0x0000000001464000 	/usr/lib/system/libsystem_malloc.dylib
0x0000000001464000 	/usr/lib/system/libsystem_network.dylib
0x0000000001464000 	/usr/lib/system/libsystem_networkextension.dylib
0x0000000001464000 	/usr/lib/system/libsystem_notify.dylib
0x0000000001464000 	/usr/lib/system/libsystem_platform.dylib
0x0000000001464000 	/usr/lib/system/libsystem_pthread.dylib
0x0000000001464000 	/usr/lib/system/libsystem_sandbox.dylib
0x0000000001464000 	/usr/lib/system/libsystem_secinit.dylib
0x0000000001464000 	/usr/lib/system/libsystem_stats.dylib
0x0000000001464000 	/usr/lib/system/libsystem_trace.dylib
0x0000000001464000 	/usr/lib/system/libunc.dylib
0x0000000001464000 	/usr/lib/system/libunwind.dylib
0x0000000001464000 	/usr/lib/system/libxpc.dylib
0x0000000001464000 	/usr/lib/libbz2.1.0.dylib
0x0000000001464000 	/usr/lib/liblzma.5.dylib
0x0000000001464000 	/usr/lib/libbsm.0.dylib
0x0000000001464000 	/usr/lib/libsqlite3.dylib
0x0000000001464000 	/usr/lib/system/libkxld.dylib
0x0000000001464000 	/usr/lib/libxar.1.dylib
0x0000000001464000 	/usr/lib/libpam.2.dylib
0x0000000001464000 	/usr/lib/libOpenScriptingUtil.dylib
0x0000000001464000 	/System/Library/Frameworks/CoreServices.framework/Versions/A/Frameworks/FSEvents.framework/Versions/A/FSEvents
0x0000000001464000 	/System/Library/Frameworks/CoreServices.framework/Versions/A/Frameworks/CarbonCore.framework/Versions/A/CarbonCore
0x0000000001464000 	/System/Library/Frameworks/CoreServices.framework/Versions/A/Frameworks/Metadata.framework/Versions/A/Metadata
0x0000000001464000 	/System/Library/Frameworks/CoreServices.framework/Versions/A/Frameworks/OSServices.framework/Versions/A/OSServices
0x0000000001464000 	/System/Library/Frameworks/CoreServices.framework/Versions/A/Frameworks/SearchKit.framework/Versions/A/SearchKit
0x0000000001464000 	/System/Library/Frameworks/CoreServices.framework/Versions/A/Frameworks/AE.framework/Versions/A/AE
0x0000000001464000 	/System/Library/Frameworks/CoreServices.framework/Versions/A/Frameworks/LaunchServices.framework/Versions/A/LaunchServices
0x0000000001464000 	/System/Library/Frameworks/CoreServices.framework/Versions/A/Frameworks/DictionaryServices.framework/Versions/A/DictionaryServices
0x0000000001464000 	/System/Library/Frameworks/NetFS.framework/Versions/A/NetFS
0x0000000001464000 	/System/Library/PrivateFrameworks/NetAuth.framework/Versions/A/NetAuth
0x0000000001464000 	/System/Library/PrivateFrameworks/login.framework/Versions/A/Frameworks/loginsupport.framework/Versions/A/loginsupport
0x0000000001464000 	/System/Library/PrivateFrameworks/TCC.framework/Versions/A/TCC
0x0000000001464000 	/usr/lib/libmecabra.dylib
0x0000000001464000 	/System/Library/Frameworks/ApplicationServices.framework/Versions/A/Frameworks/ATS.framework/Versions/A/ATS
0x0000000001464000 	/System/Library/Frameworks/ApplicationServices.framework/Versions/A/Frameworks/ColorSync.framework/Versions/A/ColorSync
0x0000000001464000 	/System/Library/Frameworks/ApplicationServices.framework/Versions/A/Frameworks/HIServices.framework/Versions/A/HIServices
0x0000000001464000 	/System/Library/Frameworks/ApplicationServices.framework/Versions/A/Frameworks/LangAnalysis.framework/Versions/A/LangAnalysis
0x0000000001464000 	/System/Library/Frameworks/ApplicationServices.framework/Versions/A/Frameworks/PrintCore.framework/Versions/A/PrintCore
0x0000000001464000 	/System/Library/Frameworks/ApplicationServices.framework/Versions/A/Frameworks/QD.framework/Versions/A/QD
0x0000000001464000 	/System/Library/Frameworks/ApplicationServices.framework/Versions/A/Frameworks/SpeechSynthesis.framework/Versions/A/SpeechSynthesis
0x0000000001464000 	/System/Library/Frameworks/Accelerate.framework/Versions/A/Accelerate
0x0000000001464000 	/System/Library/Frameworks/Accelerate.framework/Versions/A/Frameworks/vImage.framework/Versions/A/vImage
0x0000000001464000 	/System/Library/Frameworks/Accelerate.framework/Versions/A/Frameworks/vecLib.framework/Versions/A/vecLib
0x0000000001464000 	/System/Library/Frameworks/Accelerate.framework/Versions/A/Frameworks/vecLib.framework/Versions/A/libvDSP.dylib
0x0000000001464000 	/System/Library/Frameworks/Accelerate.framework/Versions/A/Frameworks/vecLib.framework/Versions/A/libvMisc.dylib
0x0000000001464000 	/System/Library/Frameworks/Accelerate.framework/Versions/A/Frameworks/vecLib.framework/Versions/A/libLAPACK.dylib
0x0000000001464000 	/System/Library/Frameworks/Accelerate.framework/Versions/A/Frameworks/vecLib.framework/Versions/A/libBLAS.dylib
0x0000000001464000 	/System/Library/Frameworks/Accelerate.framework/Versions/A/Frameworks/vecLib.framework/Versions/A/libLinearAlgebra.dylib
0x0000000001464000 	/System/Library/Frameworks/ApplicationServices.framework/Versions/A/Frameworks/ATS.framework/Versions/A/Resources/libFontParser.dylib
0x0000000001464000 	/System/Library/Frameworks/ApplicationServices.framework/Versions/A/Frameworks/ATS.framework/Versions/A/Resources/libFontRegistry.dylib
0x0000000001464000 	/System/Library/PrivateFrameworks/AppleVPA.framework/Versions/A/AppleVPA
0x0000000001464000 	/System/Library/PrivateFrameworks/AppleJPEG.framework/Versions/A/AppleJPEG
0x0000000001464000 	/System/Library/Frameworks/ImageIO.framework/Versions/A/Resources/libJPEG.dylib
0x0000000001464000 	/System/Library/Frameworks/ImageIO.framework/Versions/A/Resources/libTIFF.dylib
0x0000000001464000 	/System/Library/Frameworks/ImageIO.framework/Versions/A/Resources/libPng.dylib
0x0000000001464000 	/System/Library/Frameworks/ImageIO.framework/Versions/A/Resources/libGIF.dylib
0x0000000001464000 	/System/Library/Frameworks/ImageIO.framework/Versions/A/Resources/libJP2.dylib
0x0000000001464000 	/System/Library/Frameworks/ImageIO.framework/Versions/A/Resources/libRadiance.dylib
0x0000000001464000 	/System/Library/Frameworks/CoreVideo.framework/Versions/A/CoreVideo
0x0000000001464000 	/System/Library/Frameworks/OpenGL.framework/Versions/A/Libraries/libGLU.dylib
0x0000000001464000 	/System/Library/Frameworks/OpenGL.framework/Versions/A/Libraries/libGFXShared.dylib
0x0000000001464000 	/System/Library/Frameworks/OpenGL.framework/Versions/A/Libraries/libGL.dylib
0x0000000001464000 	/System/Library/Frameworks/OpenGL.framework/Versions/A/Libraries/libGLImage.dylib
0x0000000001464000 	/System/Library/Frameworks/OpenGL.framework/Versions/A/Libraries/libCVMSPluginSupport.dylib
0x0000000001464000 	/System/Library/Frameworks/OpenGL.framework/Versions/A/Libraries/libCoreVMClient.dylib
0x0000000001464000 	/usr/lib/libcups.2.dylib
0x0000000001464000 	/System/Library/Frameworks/Kerberos.framework/Versions/A/Kerberos
0x0000000001464000 	/System/Library/Frameworks/GSS.framework/Versions/A/GSS
0x0000000001464000 	/usr/lib/libresolv.9.dylib
0x0000000001464000 	/usr/lib/libiconv.2.dylib
0x0000000001464000 	/System/Library/PrivateFrameworks/Heimdal.framework/Versions/A/Heimdal
0x0000000001464000 	/usr/lib/libheimdal-asn1.dylib
0x0000000001464000 	/System/Library/Frameworks/OpenDirectory.framework/Versions/A/OpenDirectory
0x0000000001464000 	/System/Library/PrivateFrameworks/CommonAuth.framework/Versions/A/CommonAuth
0x0000000001464000 	/System/Library/Frameworks/OpenDirectory.framework/Versions/A/Frameworks/CFOpenDirectory.framework/Versions/A/CFOpenDirectory
0x0000000001464000 	/System/Library/Frameworks/SecurityFoundation.framework/Versions/A/SecurityFoundation
0x0000000001464000 	/System/Library/PrivateFrameworks/LanguageModeling.framework/Versions/A/LanguageModeling
0x0000000001464000 	/usr/lib/libcmph.dylib
0x0000000001464000 	/System/Library/Frameworks/ServiceManagement.framework/Versions/A/ServiceManagement
0x0000000001464000 	/usr/lib/libxslt.1.dylib
0x0000000001464000 	/System/Library/Frameworks/Carbon.framework/Versions/A/Frameworks/Ink.framework/Versions/A/Ink
0x0000000001464000 	/System/Library/Frameworks/QuartzCore.framework/Versions/A/Frameworks/CoreImage.framework/Versions/A/CoreImage
0x0000000001464000 	/System/Library/PrivateFrameworks/CrashReporterSupport.framework/Versions/A/CrashReporterSupport
0x0000000001464000 	/System/Library/Frameworks/OpenCL.framework/Versions/A/OpenCL
0x0000000001464000 	/System/Library/PrivateFrameworks/FaceCore.framework/Versions/A/FaceCore
0x0000000001464000 	/System/Library/PrivateFrameworks/Ubiquity.framework/Versions/A/Ubiquity
0x0000000001464000 	/System/Library/PrivateFrameworks/IconServices.framework/Versions/A/IconServices
0x0000000001464000 	/System/Library/PrivateFrameworks/ChunkingLibrary.framework/Versions/A/ChunkingLibrary
0x0000000001464000 	/System/Library/PrivateFrameworks/Apple80211.framework/Versions/A/Apple80211
0x0000000001464000 	/System/Library/Frameworks/CoreWLAN.framework/Versions/A/CoreWLAN
0x0000000001464000 	/System/Library/Frameworks/IOBluetooth.framework/Versions/A/IOBluetooth
0x0000000001464000 	/System/Library/PrivateFrameworks/CoreWiFi.framework/Versions/A/CoreWiFi
0x0000000001464000 	/System/Library/Frameworks/CoreBluetooth.framework/Versions/A/CoreBluetooth
0x0000000001464000 	/System/Library/PrivateFrameworks/DebugSymbols.framework/Versions/A/DebugSymbols
0x0000000001464000 	/System/Library/PrivateFrameworks/CoreSymbolication.framework/Versions/A/CoreSymbolication
0x0000000001464000 	/System/Library/PrivateFrameworks/Symbolication.framework/Versions/A/Symbolication
0x0000000001464000 	/System/Library/PrivateFrameworks/SpeechRecognitionCore.framework/Versions/A/SpeechRecognitionCore
0x000000010c200000 	/Library/Java/JavaVirtualMachines/jdk1.8.0_60.jdk/Contents/Home/jre/lib/server/libjvm.dylib
0x0000000001464000 	/usr/lib/libstdc++.6.dylib
0x000000010b983000 	/Library/Java/JavaVirtualMachines/jdk1.8.0_60.jdk/Contents/Home/jre/lib/libverify.dylib
0x000000010b991000 	/Library/Java/JavaVirtualMachines/jdk1.8.0_60.jdk/Contents/Home/jre/lib/libjava.dylib
0x000000010b9d0000 	/Library/Java/JavaVirtualMachines/jdk1.8.0_60.jdk/Contents/Home/jre/lib/libzip.dylib
0x00000001232e3000 	/System/Library/Frameworks/JavaVM.framework/Frameworks/JavaRuntimeSupport.framework/JavaRuntimeSupport
0x00000001232f9000 	/System/Library/Frameworks/JavaVM.framework/Versions/A/Frameworks/JavaNativeFoundation.framework/Versions/A/JavaNativeFoundation
0x000000012330d000 	/System/Library/Frameworks/JavaVM.framework/Versions/A/JavaVM
0x0000000001464000 	/System/Library/Frameworks/Carbon.framework/Versions/A/Carbon
0x0000000123319000 	/System/Library/PrivateFrameworks/JavaLaunching.framework/Versions/A/JavaLaunching
0x0000000001464000 	/System/Library/Frameworks/Carbon.framework/Versions/A/Frameworks/CommonPanels.framework/Versions/A/CommonPanels
0x0000000001464000 	/System/Library/Frameworks/Carbon.framework/Versions/A/Frameworks/Help.framework/Versions/A/Help
0x0000000001464000 	/System/Library/Frameworks/Carbon.framework/Versions/A/Frameworks/ImageCapture.framework/Versions/A/ImageCapture
0x0000000001464000 	/System/Library/Frameworks/Carbon.framework/Versions/A/Frameworks/OpenScripting.framework/Versions/A/OpenScripting
0x0000000001464000 	/System/Library/Frameworks/Carbon.framework/Versions/A/Frameworks/Print.framework/Versions/A/Print
0x0000000001464000 	/System/Library/Frameworks/Carbon.framework/Versions/A/Frameworks/SecurityHI.framework/Versions/A/SecurityHI
0x000000012520e000 	/Library/Java/JavaVirtualMachines/jdk1.8.0_60.jdk/Contents/Home/jre/lib/libawt.dylib
0x00000001252b6000 	/Library/Java/JavaVirtualMachines/jdk1.8.0_60.jdk/Contents/Home/jre/lib/./libmlib_image.dylib
0x0000000125382000 	/Library/Java/JavaVirtualMachines/jdk1.8.0_60.jdk/Contents/Home/jre/lib/libawt_lwawt.dylib
0x0000000125437000 	/Library/Java/JavaVirtualMachines/jdk1.8.0_60.jdk/Contents/Home/jre/lib/./libosxapp.dylib
0x0000000001464000 	/System/Library/Frameworks/ExceptionHandling.framework/Versions/A/ExceptionHandling
0x0000000001464000 	/System/Library/PrivateFrameworks/CoreServicesInternal.framework/Versions/A/CoreServicesInternal
0x0000000001464000 	/System/Library/PrivateFrameworks/CloudDocs.framework/Versions/A/CloudDocs
0x0000000001464000 	/System/Library/PrivateFrameworks/CoreDuet.framework/Versions/A/CoreDuet
0x0000000001464000 	/System/Library/Frameworks/CloudKit.framework/Versions/A/CloudKit
0x0000000001464000 	/System/Library/PrivateFrameworks/ProtocolBuffer.framework/Versions/A/ProtocolBuffer
0x0000000001464000 	/System/Library/PrivateFrameworks/CoreDuetDaemonProtocol.framework/Versions/A/CoreDuetDaemonProtocol
0x0000000001464000 	/System/Library/PrivateFrameworks/CoreDuetDebugLogging.framework/Versions/A/CoreDuetDebugLogging
0x0000000001464000 	/System/Library/PrivateFrameworks/MMCS.framework/Versions/A/MMCS
0x0000000001464000 	/System/Library/Frameworks/CoreLocation.framework/Versions/A/CoreLocation
0x0000000001464000 	/System/Library/PrivateFrameworks/ProtectedCloudStorage.framework/Versions/A/ProtectedCloudStorage
0x0000000001464000 	/System/Library/PrivateFrameworks/GeoServices.framework/Versions/A/GeoServices
0x0000000001464000 	/System/Library/Frameworks/CoreGraphics.framework/Versions/A/Resources/libCGCMS.A.dylib
0x0000000001464000 	/System/Library/Frameworks/CoreGraphics.framework/Versions/A/Resources/libRIP.A.dylib
0x0000000001464000 	/System/Library/Frameworks/CoreGraphics.framework/Versions/A/Resources/libCGXType.A.dylib
0x0000000001464000 	/System/Library/Frameworks/OpenCL.framework/Versions/A/Libraries/libcldcpuengine.dylib
0x0000000001464000 	/System/Library/PrivateFrameworks/DiskImages.framework/Versions/A/DiskImages
0x0000000001464000 	/System/Library/Frameworks/DiscRecording.framework/Versions/A/DiscRecording
0x0000000001464000 	/usr/lib/libcsfde.dylib
0x0000000001464000 	/usr/lib/libcurl.4.dylib
0x0000000001464000 	/System/Library/PrivateFrameworks/MediaKit.framework/Versions/A/MediaKit
0x0000000001464000 	/usr/lib/libCoreStorage.dylib
0x0000000001464000 	/System/Library/PrivateFrameworks/EFILogin.framework/Versions/A/EFILogin
0x0000000001464000 	/usr/lib/libutil.dylib
0x0000000001464000 	/System/Library/PrivateFrameworks/FindMyDevice.framework/Versions/A/FindMyDevice
0x0000000001464000 	/System/Library/Frameworks/LDAP.framework/Versions/A/LDAP
0x0000000001464000 	/usr/lib/libsasl2.2.dylib
0x0000000001464000 	/System/Library/PrivateFrameworks/CoreDaemon.framework/Versions/B/CoreDaemon
0x0000000001464000 	/usr/lib/libcrypto.0.9.8.dylib
0x0000000001464000 	/System/Library/PrivateFrameworks/AppleSRP.framework/Versions/A/AppleSRP
0x0000000001464000 	/System/Library/PrivateFrameworks/TrustEvaluationAgent.framework/Versions/A/TrustEvaluationAgent
0x0000000128584000 	cl_kernels
0x0000000128586000 	/System/Library/Frameworks/OpenCL.framework/Versions/A/Libraries/ImageFormats/unorm8_bgra.dylib
0x0000000128576000 	cl_kernels
0x0000000001464000 	/System/Library/PrivateFrameworks/FamilyControls.framework/Versions/A/FamilyControls
0x0000000001464000 	/System/Library/PrivateFrameworks/CommerceKit.framework/Versions/A/Frameworks/CommerceCore.framework/Versions/A/CommerceCore
0x0000000001464000 	/System/Library/PrivateFrameworks/SystemAdministration.framework/Versions/A/SystemAdministration
0x0000000001464000 	/System/Library/PrivateFrameworks/AppContainer.framework/Versions/A/AppContainer
0x0000000001464000 	/System/Library/PrivateFrameworks/SecCodeWrapper.framework/Versions/A/SecCodeWrapper
0x0000000001464000 	/System/Library/Frameworks/DirectoryService.framework/Versions/A/DirectoryService
0x0000000001464000 	/System/Library/PrivateFrameworks/LoginUIKit.framework/Versions/A/Frameworks/LoginUICore.framework/Versions/A/LoginUICore
0x0000000001464000 	/usr/lib/libodfde.dylib
0x0000000001464000 	/System/Library/Frameworks/OpenGL.framework/Versions/A/Resources/GLEngine.bundle/GLEngine
0x0000000001464000 	/System/Library/Frameworks/OpenGL.framework/Versions/A/Libraries/libGLProgrammability.dylib
0x0000000129a36000 	/System/Library/Extensions/AppleIntelHD5000GraphicsGLDriver.bundle/Contents/MacOS/AppleIntelHD5000GraphicsGLDriver
0x0000000001464000 	/System/Library/PrivateFrameworks/IOAccelerator.framework/Versions/A/IOAccelerator
0x0000000001464000 	/System/Library/PrivateFrameworks/GPUSupport.framework/Versions/A/Libraries/libGPUSupportMercury.dylib
0x0000000001464000 	/System/Library/Frameworks/OpenGL.framework/Versions/A/Resources/GLRendererFloat.bundle/GLRendererFloat
0x000000012aabc000 	/Library/Java/JavaVirtualMachines/jdk1.8.0_60.jdk/Contents/Home/jre/lib/libfontmanager.dylib
0x000000012bd74000 	/Library/Java/JavaVirtualMachines/jdk1.8.0_60.jdk/Contents/Home/jre/lib/libosxui.dylib
0x000000012be49000 	/Library/Java/JavaVirtualMachines/jdk1.8.0_60.jdk/Contents/Home/jre/lib/libnet.dylib
0x000000012be60000 	/Library/Java/JavaVirtualMachines/jdk1.8.0_60.jdk/Contents/Home/jre/lib/libnio.dylib
0x0000000001464000 	/System/Library/Frameworks/ApplicationServices.framework/Versions/A/Frameworks/ATS.framework/Versions/A/Resources/libTrueTypeScaler.dylib
0x000000018b137000 	/private/var/folders/hh/z31jgv_d7szdfpdjxj5nl_v00000gn/T/jogamp_0000/file_cache/jln4834755101421656141/jln6023961179337112599/libgluegen-rt.jnilib
0x000000018b13b000 	/private/var/folders/hh/z31jgv_d7szdfpdjxj5nl_v00000gn/T/jogamp_0000/file_cache/jln4834755101421656141/jln6023961179337112599/libnativewindow_awt.jnilib
0x000000018b13e000 	/Library/Java/JavaVirtualMachines/jdk1.8.0_60.jdk/Contents/Home/jre/lib/libjawt.dylib
0x000000018b141000 	/private/var/folders/hh/z31jgv_d7szdfpdjxj5nl_v00000gn/T/jogamp_0000/file_cache/jln4834755101421656141/jln6023961179337112599/libnativewindow_macosx.jnilib
0x000000018b982000 	/private/var/folders/hh/z31jgv_d7szdfpdjxj5nl_v00000gn/T/jogamp_0000/file_cache/jln4834755101421656141/jln6023961179337112599/libjogl_desktop.jnilib
0x000000018ba4a000 	/Library/Java/JavaVirtualMachines/jdk1.8.0_60.jdk/Contents/Home/jre/lib/libsunec.dylib
0x0000000194d99000 	/Library/Java/JavaVirtualMachines/jdk1.8.0_60.jdk/Contents/Home/jre/lib/libt2k.dylib

VM Arguments:
jvm_args: -Djava.security.policy=java.policy.applet -Dfile.encoding=UTF-8 
java_command: sun.applet.AppletViewer module3.EarthquakeCityMap1488756915768.html
java_class_path (initial): /Users/chuan1900/coursera-java/UCSDUnfoldingMaps/build:/Users/chuan1900/coursera-java/UCSDUnfoldingMaps/lib/core.jar:/Users/chuan1900/coursera-java/UCSDUnfoldingMaps/lib/gluegen-rt.jar:/Users/chuan1900/coursera-java/UCSDUnfoldingMaps/lib/jogl-all.jar:/Users/chuan1900/coursera-java/UCSDUnfoldingMaps/lib/log4j-1.2.15.jar:/Users/chuan1900/coursera-java/UCSDUnfoldingMaps/lib/sqlite-jdbc-3.7.2.jar:/Users/chuan1900/coursera-java/UCSDUnfoldingMaps/lib/json4processing.jar:/Users/chuan1900/coursera-java/UCSDUnfoldingMaps/lib/libTUIO.jar:/Users/chuan1900/coursera-java/UCSDUnfoldingMaps/lib/unfolding.0.9.7-uscd.jar
Launcher Type: SUN_STANDARD

Environment Variables:
PATH=/usr/bin:/bin:/usr/sbin:/sbin
SHELL=/bin/bash
DISPLAY=/private/tmp/com.apple.launchd.yILEgeE45r/org.macosforge.xquartz:0

Signal Handlers:
SIGSEGV: [libjvm.dylib+0x5a6d31], sa_mask[0]=11111111011111110111111111111111, sa_flags=SA_ONSTACK|SA_RESTART|SA_SIGINFO
SIGBUS: [libjvm.dylib+0x5a6d31], sa_mask[0]=11111111011111110111111111111111, sa_flags=SA_RESTART|SA_SIGINFO
SIGFPE: [libjvm.dylib+0x480a4c], sa_mask[0]=11111111011111110111111111111111, sa_flags=SA_RESTART|SA_SIGINFO
SIGPIPE: [libjvm.dylib+0x480a4c], sa_mask[0]=11111111011111110111111111111111, sa_flags=SA_RESTART|SA_SIGINFO
SIGXFSZ: [libjvm.dylib+0x480a4c], sa_mask[0]=11111111011111110111111111111111, sa_flags=SA_RESTART|SA_SIGINFO
SIGILL: [libjvm.dylib+0x480a4c], sa_mask[0]=11111111011111110111111111111111, sa_flags=SA_RESTART|SA_SIGINFO
SIGUSR1: SIG_DFL, sa_mask[0]=00000000000000000000000000000000, sa_flags=none
SIGUSR2: [libjvm.dylib+0x48056a], sa_mask[0]=00100000000000000000000000000000, sa_flags=SA_RESTART|SA_SIGINFO
SIGHUP: [libjvm.dylib+0x47eb41], sa_mask[0]=11111111011111110111111111111111, sa_flags=SA_RESTART|SA_SIGINFO
SIGINT: [libjvm.dylib+0x47eb41], sa_mask[0]=11111111011111110111111111111111, sa_flags=SA_RESTART|SA_SIGINFO
SIGTERM: [libjvm.dylib+0x47eb41], sa_mask[0]=11111111011111110111111111111111, sa_flags=SA_RESTART|SA_SIGINFO
SIGQUIT: [libjvm.dylib+0x47eb41], sa_mask[0]=11111111011111110111111111111111, sa_flags=SA_RESTART|SA_SIGINFO


---------------  S Y S T E M  ---------------

OS:Bsduname:Darwin 14.5.0 Darwin Kernel Version 14.5.0: Sun Sep 25 22:07:15 PDT 2016; root:xnu-2782.50.9~1/RELEASE_X86_64 x86_64
rlimit: STACK 8192k, CORE 0k, NPROC 709, NOFILE 10240, AS infinity
load average:2.04 2.11 1.98

CPU:total 4 (2 cores per cpu, 2 threads per core) family 6 model 69 stepping 1, cmov, cx8, fxsr, mmx, sse, sse2, sse3, ssse3, sse4.1, sse4.2, popcnt, avx, avx2, aes, clmul, erms, lzcnt, ht, tsc, tscinvbit, bmi1, bmi2

Memory: 4k page, physical 8388608k(301044k free)

/proc/meminfo:


vm_info: Java HotSpot(TM) 64-Bit Server VM (25.60-b23) for bsd-amd64 JRE (1.8.0_60-b27), built on Aug  4 2015 10:47:24 by "java_re" with gcc 4.2.1 (Based on Apple Inc. build 5658) (LLVM build 2336.11.00)

time: Sun Mar  5 18:36:12 2017
elapsed time: 56 seconds (0d 0h 0m 56s)

