#
# A fatal error has been detected by the Java Runtime Environment:
#
#  SIGSEGV (0xb) at pc=0x00007fff89fa90dd, pid=9725, tid=1811
#
# JRE version: Java(TM) SE Runtime Environment (8.0_60-b27) (build 1.8.0_60-b27)
# Java VM: Java HotSpot(TM) 64-Bit Server VM (25.60-b23 mixed mode bsd-amd64 compressed oops)
# Problematic frame:
# C  [libobjc.A.dylib+0x10dd]  objc_msgSend+0x1d
#
# Failed to write core dump. Core dumps have been disabled. To enable core dumping, try "ulimit -c unlimited" before starting Java again
#
# If you would like to submit a bug report, please visit:
#   http://bugreport.java.com/bugreport/crash.jsp
# The crash happened outside the Java Virtual Machine in native code.
# See problematic frame for where to report the bug.
#

---------------  T H R E A D  ---------------

Current thread (0x00007ff9ec9bb000):  JavaThread "AWT-AppKit" daemon [_thread_in_native, id=1811, stack(0x00007fff51789000,0x00007fff51f89000)]

siginfo: si_signo: 11 (SIGSEGV), si_code: 1 (SEGV_MAPERR), si_addr: 0x0000000000000018

Registers:
RAX=0x00007ff9eef239a0, RBX=0x000000018d5f8450, RCX=0x000000012e2925a0, RDX=0x000000012e292b80
RSP=0x00007fff51f84358, RBP=0x00007fff51f84410, RSI=0x00007fff8ca0840f, RDI=0x00007ff9eea1abc0
R8 =0x0000000000000000, R9 =0x0000000000000f50, R10=0x00007fff8ca0840f, R11=0x0000000000000000
R12=0x0000000000000000, R13=0x00000001911b45a8, R14=0x000000018d5f8440, R15=0x00007ff9ec9bb000
RIP=0x00007fff89fa90dd, EFLAGS=0x0000000000010246, ERR=0x0000000000000004
  TRAPNO=0x000000000000000e

Top of Stack: (sp=0x00007fff51f84358)
0x00007fff51f84358:   000000018d5f6157 00007fff51f843b0
0x00007fff51f84368:   0000000000000003 00007fff51f84390
0x00007fff51f84378:   000000010e7f1992 00000001911b45a8
0x00007fff51f84388:   00000001911b45a8 00007ff9eef239a0
0x00007fff51f84398:   000000018d5f86a0 000000018d5f8710
0x00007fff51f843a8:   00007fff7268d550 00007fff71025c80
0x00007fff51f843b8:   000000018d5f8450 000000018d5f8690
0x00007fff51f843c8:   00007ff9eef239a0 00007ff9eea1abc0
0x00007fff51f843d8:   00007ff9ead64fe0 00007ff9eef239a0
0x00007fff51f843e8:   00007ff9eea1abc0 00007fff51f84498
0x00007fff51f843f8:   00007ff9ec9bb1f8 00000001911b45a8
0x00007fff51f84408:   00007fff51f844c0 00007fff51f84488
0x00007fff51f84418:   000000010f6a1954 00000001911b45a8
0x00007fff51f84428:   00007fff51f844c0 00007fff51f84488
0x00007fff51f84438:   000000010f6a16e7 000000010f6a16a2
0x00007fff51f84448:   00007fff51f84448 00000001911b45a8
0x00007fff51f84458:   00007fff51f844c0 00000001911b71e0
0x00007fff51f84468:   0000000000000000 00000001911b45a8
0x00007fff51f84478:   0000000000000000 00007fff51f844a8
0x00007fff51f84488:   00007fff51f84508 000000010f693c4d
0x00007fff51f84498:   000000079f4fcd38 000000010f69b578
0x00007fff51f844a8:   00007ff9eef239a0 00007fff51f84508
0x00007fff51f844b8:   00007ff9eea1abc0 000000010f69cd82
0x00007fff51f844c8:   00007fff51f844c8 00000001911b4772
0x00007fff51f844d8:   00007fff51f84530 00000001911b71e0
0x00007fff51f844e8:   0000000000000000 00000001911b4780
0x00007fff51f844f8:   00007fff51f844a8 00007fff51f84518
0x00007fff51f84508:   00007fff51f84578 000000010f693c4d
0x00007fff51f84518:   00007ff9eef239a0 000000079f561718
0x00007fff51f84528:   00007ff9eea1abc0 000000079f561718
0x00007fff51f84538:   00007fff51f84538 00000001964553c6
0x00007fff51f84548:   00007fff51f84588 0000000196455480 

Instructions: (pc=0x00007fff89fa90dd)
0x00007fff89fa90bd:   00 00 00 48 85 ff 2e 74 7a 40 f6 c7 01 2e 75 7e
0x00007fff89fa90cd:   49 bb f8 ff ff ff ff 7f 00 00 4c 23 1f 49 89 f2
0x00007fff89fa90dd:   45 23 53 18 49 c1 e2 04 4d 03 53 10 49 3b 32 75
0x00007fff89fa90ed:   04 41 ff 62 08 49 83 3a 00 74 6a 4d 3b 53 10 74 

Register to memory mapping:

RAX=0x00007ff9eef239a0 is an unknown value
RBX=0x000000018d5f8450: Java_jogamp_nativewindow_macosx_OSXUtil_GetScreenRefreshRate0+0x1cf0 in /private/var/folders/hh/z31jgv_d7szdfpdjxj5nl_v00000gn/T/jogamp_0000/file_cache/jln3523917952049149416/jln7371416604186210102/libnativewindow_macosx.jnilib at 0x000000018d5f1000
RCX=0x000000012e2925a0 is an unknown value
RDX=0x000000012e292b80 is an unknown value
RSP=0x00007fff51f84358 is pointing into the stack for thread: 0x00007ff9ec9bb000
RBP=0x00007fff51f84410 is pointing into the stack for thread: 0x00007ff9ec9bb000
RSI=0x00007fff8ca0840f is an unknown value
RDI=0x00007ff9eea1abc0 is an unknown value
R8 =0x0000000000000000 is an unknown value
R9 =0x0000000000000f50 is an unknown value
R10=0x00007fff8ca0840f is an unknown value
R11=0x0000000000000000 is an unknown value
R12=0x0000000000000000 is an unknown value
R13={method} {0x00000001911b45a8} 'UnsetJAWTRootSurfaceLayer0' '(JJ)V' in 'jogamp/nativewindow/jawt/macosx/MacOSXJAWTWindow'
R14=0x000000018d5f8440: Java_jogamp_nativewindow_macosx_OSXUtil_GetScreenRefreshRate0+0x1ce0 in /private/var/folders/hh/z31jgv_d7szdfpdjxj5nl_v00000gn/T/jogamp_0000/file_cache/jln3523917952049149416/jln7371416604186210102/libnativewindow_macosx.jnilib at 0x000000018d5f1000
R15=0x00007ff9ec9bb000 is a thread


Stack: [0x00007fff51789000,0x00007fff51f89000],  sp=0x00007fff51f84358,  free space=8172k
Native frames: (J=compiled Java code, j=interpreted, Vv=VM code, C=native code)
C  [libobjc.A.dylib+0x10dd]  objc_msgSend+0x1d
j  jogamp.nativewindow.jawt.macosx.MacOSXJAWTWindow.UnsetJAWTRootSurfaceLayer0(JJ)V+0
j  jogamp.nativewindow.jawt.macosx.MacOSXJAWTWindow.access$200(JJ)V+2
j  jogamp.nativewindow.jawt.macosx.MacOSXJAWTWindow$1.run()V+38
J 1293 C1 com.jogamp.common.util.RunnableTask.run()V (345 bytes) @ 0x000000010fbb3254 [0x000000010fbb30c0+0x194]
v  ~StubRoutines::call_stub
V  [libjvm.dylib+0x2eab0e]  JavaCalls::call_helper(JavaValue*, methodHandle*, JavaCallArguments*, Thread*)+0x6ae
V  [libjvm.dylib+0x321bb7]  jni_invoke_nonstatic(JNIEnv_*, JavaValue*, _jobject*, JNICallType, _jmethodID*, JNI_ArgumentPusher*, Thread*)+0x2ec
V  [libjvm.dylib+0x31438b]  jni_CallVoidMethod+0x16b
C  [libnativewindow_macosx.jnilib+0x5326]  Java_jogamp_nativewindow_jawt_macosx_MacOSXJAWTWindow_UnsetJAWTRootSurfaceLayer0+0x2b6
C  [Foundation+0x92dd0]  __NSThreadPerformPerform+0x125
C  [CoreFoundation+0x80a01]  __CFRUNLOOP_IS_CALLING_OUT_TO_A_SOURCE0_PERFORM_FUNCTION__+0x11
C  [CoreFoundation+0x72b8d]  __CFRunLoopDoSources0+0x10d
C  [CoreFoundation+0x721bf]  __CFRunLoopRun+0x39f
C  [CoreFoundation+0x71bd8]  CFRunLoopRunSpecific+0x128
C  [HIToolbox+0x3256f]  RunCurrentEventLoopInMode+0xeb
C  [HIToolbox+0x321ee]  ReceiveNextEventCommon+0xb3
C  [HIToolbox+0x3212b]  _BlockUntilNextEventMatchingListInModeWithFilter+0x47
C  [AppKit+0x918ab]  _DPSNextEvent+0x3d2
C  [AppKit+0x90e58]  -[NSApplication nextEventMatchingMask:untilDate:inMode:dequeue:]+0x15a
C  [libosxapp.dylib+0x23aa]  -[NSApplicationAWT nextEventMatchingMask:untilDate:inMode:dequeue:]+0x7c
C  [AppKit+0x86af3]  -[NSApplication run]+0x252
C  [libosxapp.dylib+0x214d]  +[NSApplicationAWT runAWTLoopWithApp:]+0x9c
C  [libawt_lwawt.dylib+0x44517]  -[AWTStarter starter:]+0x389
C  [Foundation+0x92dd0]  __NSThreadPerformPerform+0x125
C  [CoreFoundation+0x80a01]  __CFRUNLOOP_IS_CALLING_OUT_TO_A_SOURCE0_PERFORM_FUNCTION__+0x11
C  [CoreFoundation+0x72b8d]  __CFRunLoopDoSources0+0x10d
C  [CoreFoundation+0x721bf]  __CFRunLoopRun+0x39f
C  [CoreFoundation+0x71bd8]  CFRunLoopRunSpecific+0x128
C  [java+0x6463]  CreateExecutionEnvironment+0x367
C  [java+0x21ac]  JLI_Launch+0x7a0
C  [java+0x84c0]  main+0x65
C  [java+0x1a04]  start+0x34
C  0x0000000000000007

Java frames: (J=compiled Java code, j=interpreted, Vv=VM code)
j  jogamp.nativewindow.jawt.macosx.MacOSXJAWTWindow.UnsetJAWTRootSurfaceLayer0(JJ)V+0
j  jogamp.nativewindow.jawt.macosx.MacOSXJAWTWindow.access$200(JJ)V+2
j  jogamp.nativewindow.jawt.macosx.MacOSXJAWTWindow$1.run()V+38
J 1293 C1 com.jogamp.common.util.RunnableTask.run()V (345 bytes) @ 0x000000010fbb3254 [0x000000010fbb30c0+0x194]
v  ~StubRoutines::call_stub

---------------  P R O C E S S  ---------------

Java Threads: ( => current thread )
  0x00007ff9eb2ff000 JavaThread "Thread-19" [_thread_blocked, id=37363, stack(0x0000000194fcf000,0x00000001950cf000)]
  0x00007ff9ec128000 JavaThread "AWT-EventQueue-1" [_thread_in_native, id=57607, stack(0x000000018dd47000,0x000000018de47000)]
  0x00007ff9eb10d800 JavaThread "DestroyJavaVM" [_thread_blocked, id=4867, stack(0x000000010f58a000,0x000000010f68a000)]
  0x00007ff9eba03800 JavaThread "AWT-EventQueue-0" [_thread_blocked, id=54043, stack(0x000000012e0f7000,0x000000012e1f7000)]
  0x00007ff9eca4c800 JavaThread "Java2D Disposer" daemon [_thread_blocked, id=50967, stack(0x000000012cdcd000,0x000000012cecd000)]
  0x00007ff9eb999800 JavaThread "Java2D Queue Flusher" daemon [_thread_blocked, id=49415, stack(0x000000012bd3e000,0x000000012be3e000)]
  0x00007ff9ec9c7000 JavaThread "AWT-Shutdown" [_thread_blocked, id=28179, stack(0x0000000128ed1000,0x0000000128fd1000)]
=>0x00007ff9ec9bb000 JavaThread "AWT-AppKit" daemon [_thread_in_native, id=1811, stack(0x00007fff51789000,0x00007fff51f89000)]
  0x00007ff9ec003000 JavaThread "Service Thread" daemon [_thread_blocked, id=18179, stack(0x0000000127413000,0x0000000127513000)]
  0x00007ff9ec850800 JavaThread "C1 CompilerThread2" daemon [_thread_blocked, id=17667, stack(0x0000000127310000,0x0000000127410000)]
  0x00007ff9eb841000 JavaThread "C2 CompilerThread1" daemon [_thread_blocked, id=17155, stack(0x000000012720d000,0x000000012730d000)]
  0x00007ff9ec831800 JavaThread "C2 CompilerThread0" daemon [_thread_blocked, id=16643, stack(0x000000012710a000,0x000000012720a000)]
  0x00007ff9ec831000 JavaThread "Signal Dispatcher" daemon [_thread_blocked, id=12563, stack(0x0000000127007000,0x0000000127107000)]
  0x00007ff9eb822000 JavaThread "Finalizer" daemon [_thread_blocked, id=11523, stack(0x0000000125601000,0x0000000125701000)]
  0x00007ff9ec84c800 JavaThread "Reference Handler" daemon [_thread_blocked, id=11011, stack(0x00000001254fe000,0x00000001255fe000)]

Other Threads:
  0x00007ff9ec849800 VMThread [stack: 0x00000001253fb000,0x00000001254fb000] [id=10499]
  0x00007ff9ec89d800 WatcherThread [stack: 0x0000000127516000,0x0000000127616000] [id=18691]

VM state:not at safepoint (normal execution)

VM Mutex/Monitor currently owned by a thread: None

Heap:
 PSYoungGen      total 160256K, used 80485K [0x0000000795580000, 0x00000007a0e80000, 0x00000007c0000000)
  eden space 133120K, 53% used [0x0000000795580000,0x0000000799ad1280,0x000000079d780000)
  from space 27136K, 35% used [0x000000079f400000,0x000000079fd48220,0x00000007a0e80000)
  to   space 28160K, 0% used [0x000000079d780000,0x000000079d780000,0x000000079f300000)
 ParOldGen       total 87552K, used 51168K [0x0000000740000000, 0x0000000745580000, 0x0000000795580000)
  object space 87552K, 58% used [0x0000000740000000,0x00000007431f8158,0x0000000745580000)
 Metaspace       used 19116K, capacity 19339K, committed 19456K, reserved 1067008K
  class space    used 1879K, capacity 1982K, committed 2048K, reserved 1048576K

Card table byte_map: [0x000000011ea4c000,0x000000011ee4d000] byte_map_base: 0x000000011b04c000

Marking Bits: (ParMarkBitMap*) 0x000000010eedee20
 Begin Bits: [0x000000011f504000, 0x0000000121504000)
 End Bits:   [0x0000000121504000, 0x0000000123504000)

Polling page: 0x000000010ddd0000

CodeCache: size=245760Kb used=6931Kb max_used=6931Kb free=238829Kb
 bounds [0x000000010f68c000, 0x000000010fd5c000, 0x000000011e68c000]
 total_blobs=2809 nmethods=1934 adapters=789
 compilation: enabled

Compilation events (10 events):
Event: 21.987 Thread 0x00007ff9ec850800 2242       3       sun.java2d.loops.SurfaceType::pixelFor (10 bytes)
Event: 21.987 Thread 0x00007ff9ec850800 nmethod 2242 0x000000010fd57c90 code [0x000000010fd57e00, 0x000000010fd58028]
Event: 21.987 Thread 0x00007ff9ec850800 2243       3       sun.awt.image.PixelConverter$ArgbPre::rgbToPixel (100 bytes)
Event: 21.988 Thread 0x00007ff9ec850800 nmethod 2243 0x000000010fd58110 code [0x000000010fd58280, 0x000000010fd58470]
Event: 22.069 Thread 0x00007ff9ec850800 2244       3       java.security.AccessControlContext::<init> (30 bytes)
Event: 22.069 Thread 0x00007ff9ec850800 nmethod 2244 0x000000010fd58510 code [0x000000010fd58680, 0x000000010fd58890]
Event: 22.101 Thread 0x00007ff9ec850800 2245       3       java.util.HashMap::putVal (300 bytes)
Event: 22.102 Thread 0x00007ff9ec850800 nmethod 2245 0x000000010fd58950 code [0x000000010fd58bc0, 0x000000010fd59e78]
Event: 22.102 Thread 0x00007ff9ec850800 2246       1       sun.java2d.SurfaceData::isValid (5 bytes)
Event: 22.103 Thread 0x00007ff9ec850800 nmethod 2246 0x000000010fd5a550 code [0x000000010fd5a6a0, 0x000000010fd5a7b0]

GC Heap History (10 events):
Event: 5.799 GC heap before
{Heap before GC invocations=2 (full 0):
 PSYoungGen      total 38400K, used 38343K [0x0000000795580000, 0x0000000798000000, 0x00000007c0000000)
  eden space 33280K, 100% used [0x0000000795580000,0x0000000797600000,0x0000000797600000)
  from space 5120K, 98% used [0x0000000797600000,0x0000000797af1df0,0x0000000797b00000)
  to   space 5120K, 0% used [0x0000000797b00000,0x0000000797b00000,0x0000000798000000)
 ParOldGen       total 87552K, used 16K [0x0000000740000000, 0x0000000745580000, 0x0000000795580000)
  object space 87552K, 0% used [0x0000000740000000,0x0000000740004000,0x0000000745580000)
 Metaspace       used 17545K, capacity 17727K, committed 18048K, reserved 1064960K
  class space    used 1773K, capacity 1852K, committed 1920K, reserved 1048576K
Event: 5.813 GC heap after
Heap after GC invocations=2 (full 0):
 PSYoungGen      total 38400K, used 5112K [0x0000000795580000, 0x0000000798000000, 0x00000007c0000000)
  eden space 33280K, 0% used [0x0000000795580000,0x0000000795580000,0x0000000797600000)
  from space 5120K, 99% used [0x0000000797b00000,0x0000000797ffe0a8,0x0000000798000000)
  to   space 5120K, 0% used [0x0000000797600000,0x0000000797600000,0x0000000797b00000)
 ParOldGen       total 87552K, used 6326K [0x0000000740000000, 0x0000000745580000, 0x0000000795580000)
  object space 87552K, 7% used [0x0000000740000000,0x000000074062d868,0x0000000745580000)
 Metaspace       used 17545K, capacity 17727K, committed 18048K, reserved 1064960K
  class space    used 1773K, capacity 1852K, committed 1920K, reserved 1048576K
}
Event: 6.002 GC heap before
{Heap before GC invocations=3 (full 0):
 PSYoungGen      total 38400K, used 38392K [0x0000000795580000, 0x0000000798000000, 0x00000007c0000000)
  eden space 33280K, 100% used [0x0000000795580000,0x0000000797600000,0x0000000797600000)
  from space 5120K, 99% used [0x0000000797b00000,0x0000000797ffe0a8,0x0000000798000000)
  to   space 5120K, 0% used [0x0000000797600000,0x0000000797600000,0x0000000797b00000)
 ParOldGen       total 87552K, used 6326K [0x0000000740000000, 0x0000000745580000, 0x0000000795580000)
  object space 87552K, 7% used [0x0000000740000000,0x000000074062d868,0x0000000745580000)
 Metaspace       used 17590K, capacity 17791K, committed 18048K, reserved 1064960K
  class space    used 1778K, capacity 1852K, committed 1920K, reserved 1048576K
Event: 6.021 GC heap after
Heap after GC invocations=3 (full 0):
 PSYoungGen      total 38400K, used 5117K [0x0000000795580000, 0x000000079a080000, 0x00000007c0000000)
  eden space 33280K, 0% used [0x0000000795580000,0x0000000795580000,0x0000000797600000)
  from space 5120K, 99% used [0x0000000797600000,0x0000000797aff428,0x0000000797b00000)
  to   space 5120K, 0% used [0x0000000799b80000,0x0000000799b80000,0x000000079a080000)
 ParOldGen       total 87552K, used 20373K [0x0000000740000000, 0x0000000745580000, 0x0000000795580000)
  object space 87552K, 23% used [0x0000000740000000,0x00000007413e54a0,0x0000000745580000)
 Metaspace       used 17590K, capacity 17791K, committed 18048K, reserved 1064960K
  class space    used 1778K, capacity 1852K, committed 1920K, reserved 1048576K
}
Event: 6.075 GC heap before
{Heap before GC invocations=4 (full 0):
 PSYoungGen      total 38400K, used 38397K [0x0000000795580000, 0x000000079a080000, 0x00000007c0000000)
  eden space 33280K, 100% used [0x0000000795580000,0x0000000797600000,0x0000000797600000)
  from space 5120K, 99% used [0x0000000797600000,0x0000000797aff428,0x0000000797b00000)
  to   space 5120K, 0% used [0x0000000799b80000,0x0000000799b80000,0x000000079a080000)
 ParOldGen       total 87552K, used 20373K [0x0000000740000000, 0x0000000745580000, 0x0000000795580000)
  object space 87552K, 23% used [0x0000000740000000,0x00000007413e54a0,0x0000000745580000)
 Metaspace       used 17590K, capacity 17791K, committed 18048K, reserved 1064960K
  class space    used 1778K, capacity 1852K, committed 1920K, reserved 1048576K
Event: 6.109 GC heap after
Heap after GC invocations=4 (full 0):
 PSYoungGen      total 71680K, used 5101K [0x0000000795580000, 0x000000079a080000, 0x00000007c0000000)
  eden space 66560K, 0% used [0x0000000795580000,0x0000000795580000,0x0000000799680000)
  from space 5120K, 99% used [0x0000000799b80000,0x000000079a07b438,0x000000079a080000)
  to   space 5120K, 0% used [0x0000000799680000,0x0000000799680000,0x0000000799b80000)
 ParOldGen       total 87552K, used 33875K [0x0000000740000000, 0x0000000745580000, 0x0000000795580000)
  object space 87552K, 38% used [0x0000000740000000,0x0000000742114c40,0x0000000745580000)
 Metaspace       used 17590K, capacity 17791K, committed 18048K, reserved 1064960K
  class space    used 1778K, capacity 1852K, committed 1920K, reserved 1048576K
}
Event: 8.431 GC heap before
{Heap before GC invocations=5 (full 0):
 PSYoungGen      total 71680K, used 71661K [0x0000000795580000, 0x000000079a080000, 0x00000007c0000000)
  eden space 66560K, 100% used [0x0000000795580000,0x0000000799680000,0x0000000799680000)
  from space 5120K, 99% used [0x0000000799b80000,0x000000079a07b438,0x000000079a080000)
  to   space 5120K, 0% used [0x0000000799680000,0x0000000799680000,0x0000000799b80000)
 ParOldGen       total 87552K, used 33875K [0x0000000740000000, 0x0000000745580000, 0x0000000795580000)
  object space 87552K, 38% used [0x0000000740000000,0x0000000742114c40,0x0000000745580000)
 Metaspace       used 18125K, capacity 18335K, committed 18560K, reserved 1067008K
  class space    used 1812K, capacity 1884K, committed 1920K, reserved 1048576K
Event: 8.467 GC heap after
Heap after GC invocations=5 (full 0):
 PSYoungGen      total 71680K, used 5088K [0x0000000795580000, 0x00000007a1080000, 0x00000007c0000000)
  eden space 66560K, 0% used [0x0000000795580000,0x0000000795580000,0x0000000799680000)
  from space 5120K, 99% used [0x0000000799680000,0x0000000799b78100,0x0000000799b80000)
  to   space 29184K, 0% used [0x000000079f400000,0x000000079f400000,0x00000007a1080000)
 ParOldGen       total 87552K, used 51168K [0x0000000740000000, 0x0000000745580000, 0x0000000795580000)
  object space 87552K, 58% used [0x0000000740000000,0x00000007431f8158,0x0000000745580000)
 Metaspace       used 18125K, capacity 18335K, committed 18560K, reserved 1067008K
  class space    used 1812K, capacity 1884K, committed 1920K, reserved 1048576K
}
Event: 14.134 GC heap before
{Heap before GC invocations=6 (full 0):
 PSYoungGen      total 71680K, used 71648K [0x0000000795580000, 0x00000007a1080000, 0x00000007c0000000)
  eden space 66560K, 100% used [0x0000000795580000,0x0000000799680000,0x0000000799680000)
  from space 5120K, 99% used [0x0000000799680000,0x0000000799b78100,0x0000000799b80000)
  to   space 29184K, 0% used [0x000000079f400000,0x000000079f400000,0x00000007a1080000)
 ParOldGen       total 87552K, used 51168K [0x0000000740000000, 0x0000000745580000, 0x0000000795580000)
  object space 87552K, 58% used [0x0000000740000000,0x00000007431f8158,0x0000000745580000)
 Metaspace       used 18914K, capacity 19083K, committed 19328K, reserved 1067008K
  class space    used 1871K, capacity 1918K, committed 1920K, reserved 1048576K
Event: 14.148 GC heap after
Heap after GC invocations=6 (full 0):
 PSYoungGen      total 160256K, used 9504K [0x0000000795580000, 0x00000007a0e80000, 0x00000007c0000000)
  eden space 133120K, 0% used [0x0000000795580000,0x0000000795580000,0x000000079d780000)
  from space 27136K, 35% used [0x000000079f400000,0x000000079fd48220,0x00000007a0e80000)
  to   space 28160K, 0% used [0x000000079d780000,0x000000079d780000,0x000000079f300000)
 ParOldGen       total 87552K, used 51168K [0x0000000740000000, 0x0000000745580000, 0x0000000795580000)
  object space 87552K, 58% used [0x0000000740000000,0x00000007431f8158,0x0000000745580000)
 Metaspace       used 18914K, capacity 19083K, committed 19328K, reserved 1067008K
  class space    used 1871K, capacity 1918K, committed 1920K, reserved 1048576K
}

Deoptimization events (10 events):
Event: 8.853 Thread 0x00007ff9eb2e0800 Uncommon trap: reason=class_check action=maybe_recompile pc=0x000000010fb8c3f8 method=java.io.BufferedOutputStream.flushBuffer()V @ 20
Event: 8.853 Thread 0x00007ff9ec1e1000 Uncommon trap: reason=class_check action=maybe_recompile pc=0x000000010fb8c3f8 method=java.io.BufferedOutputStream.flushBuffer()V @ 20
Event: 8.853 Thread 0x00007ff9ebe85800 Uncommon trap: reason=class_check action=maybe_recompile pc=0x000000010fb8c3f8 method=java.io.BufferedOutputStream.flushBuffer()V @ 20
Event: 8.853 Thread 0x00007ff9ebe84000 Uncommon trap: reason=class_check action=maybe_recompile pc=0x000000010fb8c3f8 method=java.io.BufferedOutputStream.flushBuffer()V @ 20
Event: 8.889 Thread 0x00007ff9eb2e0800 Uncommon trap: reason=class_check action=maybe_recompile pc=0x000000010fb3c650 method=java.util.Arrays.copyOf([Ljava/lang/Object;ILjava/lang/Class;)[Ljava/lang/Object; @ 24
Event: 21.985 Thread 0x00007ff9ec128000 Uncommon trap: reason=class_check action=maybe_recompile pc=0x000000010fb3c650 method=java.util.Arrays.copyOf([Ljava/lang/Object;ILjava/lang/Class;)[Ljava/lang/Object; @ 24
Event: 21.985 Thread 0x00007ff9ec128000 Uncommon trap: reason=class_check action=maybe_recompile pc=0x000000010fb3c650 method=java.util.Arrays.copyOf([Ljava/lang/Object;ILjava/lang/Class;)[Ljava/lang/Object; @ 24
Event: 21.986 Thread 0x00007ff9ec128000 Uncommon trap: reason=unstable_if action=reinterpret pc=0x000000010f79f768 method=com.jogamp.common.util.VersionNumber.compareTo(Lcom/jogamp/common/util/VersionNumber;)I @ 21
Event: 22.085 Thread 0x00007ff9eca5b800 Uncommon trap: reason=unstable_if action=reinterpret pc=0x000000010fb3d1b8 method=java.util.HashMap.putVal(ILjava/lang/Object;Ljava/lang/Object;ZZ)Ljava/lang/Object; @ 81
Event: 22.085 Thread 0x00007ff9eca5b800 Uncommon trap: reason=unstable_if action=reinterpret pc=0x000000010fb305ac method=java.util.HashMap.putVal(ILjava/lang/Object;Ljava/lang/Object;ZZ)Ljava/lang/Object; @ 81

Internal exceptions (10 events):
Event: 0.313 Thread 0x00007ff9eb808000 Exception <a 'java/lang/NoSuchFieldError': method resolution failed> (0x000000079582bfd0) thrown at [/Users/java_re/workspace/8-2-build-macosx-x86_64/jdk8u60/4407/hotspot/src/share/vm/prims/methodHandles.cpp, line 1146]
Event: 0.315 Thread 0x00007ff9eb808000 Exception <a 'java/lang/NoSuchFieldError': method resolution failed> (0x00000007958397a0) thrown at [/Users/java_re/workspace/8-2-build-macosx-x86_64/jdk8u60/4407/hotspot/src/share/vm/prims/methodHandles.cpp, line 1146]
Event: 1.318 Thread 0x00007ff9eb808000 Exception <a 'java/io/FileNotFoundException'> (0x00000007958b5928) thrown at [/Users/java_re/workspace/8-2-build-macosx-x86_64/jdk8u60/4407/hotspot/src/share/vm/prims/jni.cpp, line 709]
Event: 1.318 Thread 0x00007ff9eb808000 Exception <a 'java/io/FileNotFoundException'> (0x00000007958b6490) thrown at [/Users/java_re/workspace/8-2-build-macosx-x86_64/jdk8u60/4407/hotspot/src/share/vm/prims/jni.cpp, line 709]
Event: 1.508 Thread 0x00007ff9eb808000 Exception <a 'java/io/FileNotFoundException'> (0x00000007959f9f48) thrown at [/Users/java_re/workspace/8-2-build-macosx-x86_64/jdk8u60/4407/hotspot/src/share/vm/prims/jni.cpp, line 709]
Event: 4.657 Thread 0x00007ff9ec129000 Exception <a 'java/lang/UnsatisfiedLinkError': com.jogamp.common.util.JarUtil.fixNativeLibAttribs(Ljava/lang/String;)Z> (0x0000000796c6d970) thrown at [/Users/java_re/workspace/8-2-build-macosx-x86_64/jdk8u60/4407/hotspot/src/share/vm/prims/nativeLookup.c
Event: 4.962 Thread 0x00007ff9eb822000 Exception <a 'java/lang/NullPointerException'> (0x00000007956a3148) thrown at [/Users/java_re/workspace/8-2-build-macosx-x86_64/jdk8u60/4407/hotspot/src/share/vm/interpreter/linkResolver.cpp, line 1178]
Event: 5.538 Thread 0x00007ff9ec128000 Exception <a 'java/io/FileNotFoundException'> (0x0000000795f7eb20) thrown at [/Users/java_re/workspace/8-2-build-macosx-x86_64/jdk8u60/4407/hotspot/src/share/vm/prims/jni.cpp, line 709]
Event: 5.538 Thread 0x00007ff9ec128000 Exception <a 'java/io/FileNotFoundException'> (0x0000000795f84e88) thrown at [/Users/java_re/workspace/8-2-build-macosx-x86_64/jdk8u60/4407/hotspot/src/share/vm/prims/jni.cpp, line 709]
Event: 5.538 Thread 0x00007ff9ec128000 Implicit null exception at 0x000000010f836ef5 to 0x000000010f837259

Events (10 events):
Event: 22.099 loading class java/awt/LightweightDispatcher$2 done
Event: 22.099 loading class java/awt/event/AWTEventListenerProxy
Event: 22.099 loading class java/awt/event/AWTEventListenerProxy done
Event: 22.099 loading class java/awt/Toolkit$ToolkitEventMulticaster
Event: 22.099 loading class java/awt/Toolkit$ToolkitEventMulticaster done
Event: 22.100 Executing VM operation: RevokeBias
Event: 22.100 Executing VM operation: RevokeBias done
Event: 22.100 Thread 0x00007ff9eca5b800 Thread exited: 0x00007ff9eca5b800
Event: 22.101 loading class java/awt/Window$1DisposeAction
Event: 22.101 loading class java/awt/Window$1DisposeAction done


Dynamic libraries:
0x0000000000c4a000 	/System/Library/Frameworks/Cocoa.framework/Versions/A/Cocoa
0x0000000000c4a000 	/System/Library/Frameworks/Security.framework/Versions/A/Security
0x0000000000c4a000 	/System/Library/Frameworks/ApplicationServices.framework/Versions/A/ApplicationServices
0x0000000000c4a000 	/usr/lib/libz.1.dylib
0x0000000000c4a000 	/usr/lib/libSystem.B.dylib
0x0000000000c4a000 	/usr/lib/libobjc.A.dylib
0x0000000000c4a000 	/System/Library/Frameworks/CoreFoundation.framework/Versions/A/CoreFoundation
0x0000000000c4a000 	/System/Library/Frameworks/Foundation.framework/Versions/C/Foundation
0x0000000000c4a000 	/System/Library/Frameworks/AppKit.framework/Versions/C/AppKit
0x0000000000c4a000 	/System/Library/Frameworks/CoreData.framework/Versions/A/CoreData
0x0000000000c4a000 	/System/Library/PrivateFrameworks/RemoteViewServices.framework/Versions/A/RemoteViewServices
0x0000000000c4a000 	/System/Library/PrivateFrameworks/UIFoundation.framework/Versions/A/UIFoundation
0x0000000000c4a000 	/System/Library/Frameworks/IOSurface.framework/Versions/A/IOSurface
0x0000000000c4a000 	/System/Library/Frameworks/AudioToolbox.framework/Versions/A/AudioToolbox
0x0000000000c4a000 	/System/Library/Frameworks/AudioUnit.framework/Versions/A/AudioUnit
0x0000000000c4a000 	/System/Library/PrivateFrameworks/DataDetectorsCore.framework/Versions/A/DataDetectorsCore
0x0000000000c4a000 	/System/Library/PrivateFrameworks/DesktopServicesPriv.framework/Versions/A/DesktopServicesPriv
0x0000000000c4a000 	/System/Library/Frameworks/Carbon.framework/Versions/A/Frameworks/HIToolbox.framework/Versions/A/HIToolbox
0x0000000000c4a000 	/System/Library/Frameworks/QuartzCore.framework/Versions/A/QuartzCore
0x0000000000c4a000 	/System/Library/Frameworks/Carbon.framework/Versions/A/Frameworks/SpeechRecognition.framework/Versions/A/SpeechRecognition
0x0000000000c4a000 	/usr/lib/libauto.dylib
0x0000000000c4a000 	/usr/lib/libicucore.A.dylib
0x0000000000c4a000 	/usr/lib/libxml2.2.dylib
0x0000000000c4a000 	/System/Library/PrivateFrameworks/CoreUI.framework/Versions/A/CoreUI
0x0000000000c4a000 	/System/Library/Frameworks/CoreAudio.framework/Versions/A/CoreAudio
0x0000000000c4a000 	/System/Library/Frameworks/DiskArbitration.framework/Versions/A/DiskArbitration
0x0000000000c4a000 	/usr/lib/liblangid.dylib
0x0000000000c4a000 	/System/Library/PrivateFrameworks/MultitouchSupport.framework/Versions/A/MultitouchSupport
0x0000000000c4a000 	/System/Library/Frameworks/IOKit.framework/Versions/A/IOKit
0x0000000000c4a000 	/usr/lib/libDiagnosticMessagesClient.dylib
0x0000000000c4a000 	/System/Library/Frameworks/CoreServices.framework/Versions/A/CoreServices
0x0000000000c4a000 	/System/Library/PrivateFrameworks/PerformanceAnalysis.framework/Versions/A/PerformanceAnalysis
0x0000000000c4a000 	/System/Library/PrivateFrameworks/GenerationalStorage.framework/Versions/A/GenerationalStorage
0x0000000000c4a000 	/System/Library/Frameworks/OpenGL.framework/Versions/A/OpenGL
0x0000000000c4a000 	/System/Library/PrivateFrameworks/Sharing.framework/Versions/A/Sharing
0x0000000000c4a000 	/System/Library/Frameworks/CoreGraphics.framework/Versions/A/CoreGraphics
0x0000000000c4a000 	/System/Library/Frameworks/CoreText.framework/Versions/A/CoreText
0x0000000000c4a000 	/System/Library/Frameworks/ImageIO.framework/Versions/A/ImageIO
0x0000000000c4a000 	/usr/lib/libextension.dylib
0x0000000000c4a000 	/System/Library/PrivateFrameworks/Backup.framework/Versions/A/Backup
0x0000000000c4a000 	/usr/lib/libarchive.2.dylib
0x0000000000c4a000 	/System/Library/Frameworks/CFNetwork.framework/Versions/A/CFNetwork
0x0000000000c4a000 	/System/Library/Frameworks/SystemConfiguration.framework/Versions/A/SystemConfiguration
0x0000000000c4a000 	/usr/lib/libCRFSuite.dylib
0x0000000000c4a000 	/usr/lib/libc++.1.dylib
0x0000000000c4a000 	/usr/lib/libc++abi.dylib
0x0000000000c4a000 	/usr/lib/system/libcache.dylib
0x0000000000c4a000 	/usr/lib/system/libcommonCrypto.dylib
0x0000000000c4a000 	/usr/lib/system/libcompiler_rt.dylib
0x0000000000c4a000 	/usr/lib/system/libcopyfile.dylib
0x0000000000c4a000 	/usr/lib/system/libcorecrypto.dylib
0x0000000000c4a000 	/usr/lib/system/libdispatch.dylib
0x0000000000c4a000 	/usr/lib/system/libdyld.dylib
0x0000000000c4a000 	/usr/lib/system/libkeymgr.dylib
0x0000000000c4a000 	/usr/lib/system/liblaunch.dylib
0x0000000000c4a000 	/usr/lib/system/libmacho.dylib
0x0000000000c4a000 	/usr/lib/system/libquarantine.dylib
0x0000000000c4a000 	/usr/lib/system/libremovefile.dylib
0x0000000000c4a000 	/usr/lib/system/libsystem_asl.dylib
0x0000000000c4a000 	/usr/lib/system/libsystem_blocks.dylib
0x0000000000c4a000 	/usr/lib/system/libsystem_c.dylib
0x0000000000c4a000 	/usr/lib/system/libsystem_configuration.dylib
0x0000000000c4a000 	/usr/lib/system/libsystem_coreservices.dylib
0x0000000000c4a000 	/usr/lib/system/libsystem_coretls.dylib
0x0000000000c4a000 	/usr/lib/system/libsystem_dnssd.dylib
0x0000000000c4a000 	/usr/lib/system/libsystem_info.dylib
0x0000000000c4a000 	/usr/lib/system/libsystem_kernel.dylib
0x0000000000c4a000 	/usr/lib/system/libsystem_m.dylib
0x0000000000c4a000 	/usr/lib/system/libsystem_malloc.dylib
0x0000000000c4a000 	/usr/lib/system/libsystem_network.dylib
0x0000000000c4a000 	/usr/lib/system/libsystem_networkextension.dylib
0x0000000000c4a000 	/usr/lib/system/libsystem_notify.dylib
0x0000000000c4a000 	/usr/lib/system/libsystem_platform.dylib
0x0000000000c4a000 	/usr/lib/system/libsystem_pthread.dylib
0x0000000000c4a000 	/usr/lib/system/libsystem_sandbox.dylib
0x0000000000c4a000 	/usr/lib/system/libsystem_secinit.dylib
0x0000000000c4a000 	/usr/lib/system/libsystem_stats.dylib
0x0000000000c4a000 	/usr/lib/system/libsystem_trace.dylib
0x0000000000c4a000 	/usr/lib/system/libunc.dylib
0x0000000000c4a000 	/usr/lib/system/libunwind.dylib
0x0000000000c4a000 	/usr/lib/system/libxpc.dylib
0x0000000000c4a000 	/usr/lib/libbz2.1.0.dylib
0x0000000000c4a000 	/usr/lib/liblzma.5.dylib
0x0000000000c4a000 	/usr/lib/libbsm.0.dylib
0x0000000000c4a000 	/usr/lib/libsqlite3.dylib
0x0000000000c4a000 	/usr/lib/system/libkxld.dylib
0x0000000000c4a000 	/usr/lib/libxar.1.dylib
0x0000000000c4a000 	/usr/lib/libpam.2.dylib
0x0000000000c4a000 	/usr/lib/libOpenScriptingUtil.dylib
0x0000000000c4a000 	/System/Library/Frameworks/CoreServices.framework/Versions/A/Frameworks/FSEvents.framework/Versions/A/FSEvents
0x0000000000c4a000 	/System/Library/Frameworks/CoreServices.framework/Versions/A/Frameworks/CarbonCore.framework/Versions/A/CarbonCore
0x0000000000c4a000 	/System/Library/Frameworks/CoreServices.framework/Versions/A/Frameworks/Metadata.framework/Versions/A/Metadata
0x0000000000c4a000 	/System/Library/Frameworks/CoreServices.framework/Versions/A/Frameworks/OSServices.framework/Versions/A/OSServices
0x0000000000c4a000 	/System/Library/Frameworks/CoreServices.framework/Versions/A/Frameworks/SearchKit.framework/Versions/A/SearchKit
0x0000000000c4a000 	/System/Library/Frameworks/CoreServices.framework/Versions/A/Frameworks/AE.framework/Versions/A/AE
0x0000000000c4a000 	/System/Library/Frameworks/CoreServices.framework/Versions/A/Frameworks/LaunchServices.framework/Versions/A/LaunchServices
0x0000000000c4a000 	/System/Library/Frameworks/CoreServices.framework/Versions/A/Frameworks/DictionaryServices.framework/Versions/A/DictionaryServices
0x0000000000c4a000 	/System/Library/Frameworks/NetFS.framework/Versions/A/NetFS
0x0000000000c4a000 	/System/Library/PrivateFrameworks/NetAuth.framework/Versions/A/NetAuth
0x0000000000c4a000 	/System/Library/PrivateFrameworks/login.framework/Versions/A/Frameworks/loginsupport.framework/Versions/A/loginsupport
0x0000000000c4a000 	/System/Library/PrivateFrameworks/TCC.framework/Versions/A/TCC
0x0000000000c4a000 	/usr/lib/libmecabra.dylib
0x0000000000c4a000 	/System/Library/Frameworks/ApplicationServices.framework/Versions/A/Frameworks/ATS.framework/Versions/A/ATS
0x0000000000c4a000 	/System/Library/Frameworks/ApplicationServices.framework/Versions/A/Frameworks/ColorSync.framework/Versions/A/ColorSync
0x0000000000c4a000 	/System/Library/Frameworks/ApplicationServices.framework/Versions/A/Frameworks/HIServices.framework/Versions/A/HIServices
0x0000000000c4a000 	/System/Library/Frameworks/ApplicationServices.framework/Versions/A/Frameworks/LangAnalysis.framework/Versions/A/LangAnalysis
0x0000000000c4a000 	/System/Library/Frameworks/ApplicationServices.framework/Versions/A/Frameworks/PrintCore.framework/Versions/A/PrintCore
0x0000000000c4a000 	/System/Library/Frameworks/ApplicationServices.framework/Versions/A/Frameworks/QD.framework/Versions/A/QD
0x0000000000c4a000 	/System/Library/Frameworks/ApplicationServices.framework/Versions/A/Frameworks/SpeechSynthesis.framework/Versions/A/SpeechSynthesis
0x0000000000c4a000 	/System/Library/Frameworks/Accelerate.framework/Versions/A/Accelerate
0x0000000000c4a000 	/System/Library/Frameworks/Accelerate.framework/Versions/A/Frameworks/vImage.framework/Versions/A/vImage
0x0000000000c4a000 	/System/Library/Frameworks/Accelerate.framework/Versions/A/Frameworks/vecLib.framework/Versions/A/vecLib
0x0000000000c4a000 	/System/Library/Frameworks/Accelerate.framework/Versions/A/Frameworks/vecLib.framework/Versions/A/libvDSP.dylib
0x0000000000c4a000 	/System/Library/Frameworks/Accelerate.framework/Versions/A/Frameworks/vecLib.framework/Versions/A/libvMisc.dylib
0x0000000000c4a000 	/System/Library/Frameworks/Accelerate.framework/Versions/A/Frameworks/vecLib.framework/Versions/A/libLAPACK.dylib
0x0000000000c4a000 	/System/Library/Frameworks/Accelerate.framework/Versions/A/Frameworks/vecLib.framework/Versions/A/libBLAS.dylib
0x0000000000c4a000 	/System/Library/Frameworks/Accelerate.framework/Versions/A/Frameworks/vecLib.framework/Versions/A/libLinearAlgebra.dylib
0x0000000000c4a000 	/System/Library/Frameworks/ApplicationServices.framework/Versions/A/Frameworks/ATS.framework/Versions/A/Resources/libFontParser.dylib
0x0000000000c4a000 	/System/Library/Frameworks/ApplicationServices.framework/Versions/A/Frameworks/ATS.framework/Versions/A/Resources/libFontRegistry.dylib
0x0000000000c4a000 	/System/Library/PrivateFrameworks/AppleVPA.framework/Versions/A/AppleVPA
0x0000000000c4a000 	/System/Library/PrivateFrameworks/AppleJPEG.framework/Versions/A/AppleJPEG
0x0000000000c4a000 	/System/Library/Frameworks/ImageIO.framework/Versions/A/Resources/libJPEG.dylib
0x0000000000c4a000 	/System/Library/Frameworks/ImageIO.framework/Versions/A/Resources/libTIFF.dylib
0x0000000000c4a000 	/System/Library/Frameworks/ImageIO.framework/Versions/A/Resources/libPng.dylib
0x0000000000c4a000 	/System/Library/Frameworks/ImageIO.framework/Versions/A/Resources/libGIF.dylib
0x0000000000c4a000 	/System/Library/Frameworks/ImageIO.framework/Versions/A/Resources/libJP2.dylib
0x0000000000c4a000 	/System/Library/Frameworks/ImageIO.framework/Versions/A/Resources/libRadiance.dylib
0x0000000000c4a000 	/System/Library/Frameworks/CoreVideo.framework/Versions/A/CoreVideo
0x0000000000c4a000 	/System/Library/Frameworks/OpenGL.framework/Versions/A/Libraries/libGLU.dylib
0x0000000000c4a000 	/System/Library/Frameworks/OpenGL.framework/Versions/A/Libraries/libGFXShared.dylib
0x0000000000c4a000 	/System/Library/Frameworks/OpenGL.framework/Versions/A/Libraries/libGL.dylib
0x0000000000c4a000 	/System/Library/Frameworks/OpenGL.framework/Versions/A/Libraries/libGLImage.dylib
0x0000000000c4a000 	/System/Library/Frameworks/OpenGL.framework/Versions/A/Libraries/libCVMSPluginSupport.dylib
0x0000000000c4a000 	/System/Library/Frameworks/OpenGL.framework/Versions/A/Libraries/libCoreVMClient.dylib
0x0000000000c4a000 	/usr/lib/libcups.2.dylib
0x0000000000c4a000 	/System/Library/Frameworks/Kerberos.framework/Versions/A/Kerberos
0x0000000000c4a000 	/System/Library/Frameworks/GSS.framework/Versions/A/GSS
0x0000000000c4a000 	/usr/lib/libresolv.9.dylib
0x0000000000c4a000 	/usr/lib/libiconv.2.dylib
0x0000000000c4a000 	/System/Library/PrivateFrameworks/Heimdal.framework/Versions/A/Heimdal
0x0000000000c4a000 	/usr/lib/libheimdal-asn1.dylib
0x0000000000c4a000 	/System/Library/Frameworks/OpenDirectory.framework/Versions/A/OpenDirectory
0x0000000000c4a000 	/System/Library/PrivateFrameworks/CommonAuth.framework/Versions/A/CommonAuth
0x0000000000c4a000 	/System/Library/Frameworks/OpenDirectory.framework/Versions/A/Frameworks/CFOpenDirectory.framework/Versions/A/CFOpenDirectory
0x0000000000c4a000 	/System/Library/Frameworks/SecurityFoundation.framework/Versions/A/SecurityFoundation
0x0000000000c4a000 	/System/Library/PrivateFrameworks/LanguageModeling.framework/Versions/A/LanguageModeling
0x0000000000c4a000 	/usr/lib/libcmph.dylib
0x0000000000c4a000 	/System/Library/Frameworks/ServiceManagement.framework/Versions/A/ServiceManagement
0x0000000000c4a000 	/usr/lib/libxslt.1.dylib
0x0000000000c4a000 	/System/Library/Frameworks/Carbon.framework/Versions/A/Frameworks/Ink.framework/Versions/A/Ink
0x0000000000c4a000 	/System/Library/Frameworks/QuartzCore.framework/Versions/A/Frameworks/CoreImage.framework/Versions/A/CoreImage
0x0000000000c4a000 	/System/Library/PrivateFrameworks/CrashReporterSupport.framework/Versions/A/CrashReporterSupport
0x0000000000c4a000 	/System/Library/Frameworks/OpenCL.framework/Versions/A/OpenCL
0x0000000000c4a000 	/System/Library/PrivateFrameworks/FaceCore.framework/Versions/A/FaceCore
0x0000000000c4a000 	/System/Library/PrivateFrameworks/Ubiquity.framework/Versions/A/Ubiquity
0x0000000000c4a000 	/System/Library/PrivateFrameworks/IconServices.framework/Versions/A/IconServices
0x0000000000c4a000 	/System/Library/PrivateFrameworks/ChunkingLibrary.framework/Versions/A/ChunkingLibrary
0x0000000000c4a000 	/System/Library/PrivateFrameworks/Apple80211.framework/Versions/A/Apple80211
0x0000000000c4a000 	/System/Library/Frameworks/CoreWLAN.framework/Versions/A/CoreWLAN
0x0000000000c4a000 	/System/Library/Frameworks/IOBluetooth.framework/Versions/A/IOBluetooth
0x0000000000c4a000 	/System/Library/PrivateFrameworks/CoreWiFi.framework/Versions/A/CoreWiFi
0x0000000000c4a000 	/System/Library/Frameworks/CoreBluetooth.framework/Versions/A/CoreBluetooth
0x0000000000c4a000 	/System/Library/PrivateFrameworks/DebugSymbols.framework/Versions/A/DebugSymbols
0x0000000000c4a000 	/System/Library/PrivateFrameworks/CoreSymbolication.framework/Versions/A/CoreSymbolication
0x0000000000c4a000 	/System/Library/PrivateFrameworks/Symbolication.framework/Versions/A/Symbolication
0x0000000000c4a000 	/System/Library/PrivateFrameworks/SpeechRecognitionCore.framework/Versions/A/SpeechRecognitionCore
0x000000010e600000 	/Library/Java/JavaVirtualMachines/jdk1.8.0_60.jdk/Contents/Home/jre/lib/server/libjvm.dylib
0x0000000000c4a000 	/usr/lib/libstdc++.6.dylib
0x000000010dd8d000 	/Library/Java/JavaVirtualMachines/jdk1.8.0_60.jdk/Contents/Home/jre/lib/libverify.dylib
0x000000010dd9b000 	/Library/Java/JavaVirtualMachines/jdk1.8.0_60.jdk/Contents/Home/jre/lib/libjava.dylib
0x000000010ddda000 	/Library/Java/JavaVirtualMachines/jdk1.8.0_60.jdk/Contents/Home/jre/lib/libzip.dylib
0x000000010dde4000 	/System/Library/Frameworks/JavaVM.framework/Frameworks/JavaRuntimeSupport.framework/JavaRuntimeSupport
0x0000000125703000 	/System/Library/Frameworks/JavaVM.framework/Versions/A/Frameworks/JavaNativeFoundation.framework/Versions/A/JavaNativeFoundation
0x0000000125717000 	/System/Library/Frameworks/JavaVM.framework/Versions/A/JavaVM
0x0000000000c4a000 	/System/Library/Frameworks/Carbon.framework/Versions/A/Carbon
0x0000000125723000 	/System/Library/PrivateFrameworks/JavaLaunching.framework/Versions/A/JavaLaunching
0x0000000000c4a000 	/System/Library/Frameworks/Carbon.framework/Versions/A/Frameworks/CommonPanels.framework/Versions/A/CommonPanels
0x0000000000c4a000 	/System/Library/Frameworks/Carbon.framework/Versions/A/Frameworks/Help.framework/Versions/A/Help
0x0000000000c4a000 	/System/Library/Frameworks/Carbon.framework/Versions/A/Frameworks/ImageCapture.framework/Versions/A/ImageCapture
0x0000000000c4a000 	/System/Library/Frameworks/Carbon.framework/Versions/A/Frameworks/OpenScripting.framework/Versions/A/OpenScripting
0x0000000000c4a000 	/System/Library/Frameworks/Carbon.framework/Versions/A/Frameworks/Print.framework/Versions/A/Print
0x0000000000c4a000 	/System/Library/Frameworks/Carbon.framework/Versions/A/Frameworks/SecurityHI.framework/Versions/A/SecurityHI
0x0000000127618000 	/Library/Java/JavaVirtualMachines/jdk1.8.0_60.jdk/Contents/Home/jre/lib/libawt.dylib
0x00000001276c0000 	/Library/Java/JavaVirtualMachines/jdk1.8.0_60.jdk/Contents/Home/jre/lib/./libmlib_image.dylib
0x000000012778c000 	/Library/Java/JavaVirtualMachines/jdk1.8.0_60.jdk/Contents/Home/jre/lib/libawt_lwawt.dylib
0x0000000127841000 	/Library/Java/JavaVirtualMachines/jdk1.8.0_60.jdk/Contents/Home/jre/lib/./libosxapp.dylib
0x0000000000c4a000 	/System/Library/Frameworks/ExceptionHandling.framework/Versions/A/ExceptionHandling
0x0000000000c4a000 	/System/Library/PrivateFrameworks/CoreServicesInternal.framework/Versions/A/CoreServicesInternal
0x0000000000c4a000 	/System/Library/PrivateFrameworks/CloudDocs.framework/Versions/A/CloudDocs
0x0000000000c4a000 	/System/Library/PrivateFrameworks/CoreDuet.framework/Versions/A/CoreDuet
0x0000000000c4a000 	/System/Library/Frameworks/CloudKit.framework/Versions/A/CloudKit
0x0000000000c4a000 	/System/Library/PrivateFrameworks/ProtocolBuffer.framework/Versions/A/ProtocolBuffer
0x0000000000c4a000 	/System/Library/PrivateFrameworks/CoreDuetDaemonProtocol.framework/Versions/A/CoreDuetDaemonProtocol
0x0000000000c4a000 	/System/Library/PrivateFrameworks/CoreDuetDebugLogging.framework/Versions/A/CoreDuetDebugLogging
0x0000000000c4a000 	/System/Library/PrivateFrameworks/MMCS.framework/Versions/A/MMCS
0x0000000000c4a000 	/System/Library/Frameworks/CoreLocation.framework/Versions/A/CoreLocation
0x0000000000c4a000 	/System/Library/PrivateFrameworks/ProtectedCloudStorage.framework/Versions/A/ProtectedCloudStorage
0x0000000000c4a000 	/System/Library/PrivateFrameworks/GeoServices.framework/Versions/A/GeoServices
0x0000000000c4a000 	/System/Library/Frameworks/CoreGraphics.framework/Versions/A/Resources/libCGCMS.A.dylib
0x0000000000c4a000 	/System/Library/Frameworks/CoreGraphics.framework/Versions/A/Resources/libRIP.A.dylib
0x0000000000c4a000 	/System/Library/Frameworks/CoreGraphics.framework/Versions/A/Resources/libCGXType.A.dylib
0x0000000000c4a000 	/System/Library/Frameworks/OpenCL.framework/Versions/A/Libraries/libcldcpuengine.dylib
0x0000000000c4a000 	/System/Library/PrivateFrameworks/DiskImages.framework/Versions/A/DiskImages
0x0000000000c4a000 	/System/Library/Frameworks/DiscRecording.framework/Versions/A/DiscRecording
0x0000000000c4a000 	/usr/lib/libcsfde.dylib
0x0000000000c4a000 	/usr/lib/libcurl.4.dylib
0x0000000000c4a000 	/System/Library/PrivateFrameworks/MediaKit.framework/Versions/A/MediaKit
0x0000000000c4a000 	/usr/lib/libCoreStorage.dylib
0x0000000000c4a000 	/System/Library/PrivateFrameworks/EFILogin.framework/Versions/A/EFILogin
0x0000000000c4a000 	/usr/lib/libutil.dylib
0x0000000000c4a000 	/System/Library/PrivateFrameworks/FindMyDevice.framework/Versions/A/FindMyDevice
0x0000000000c4a000 	/System/Library/Frameworks/LDAP.framework/Versions/A/LDAP
0x0000000000c4a000 	/usr/lib/libsasl2.2.dylib
0x0000000000c4a000 	/System/Library/PrivateFrameworks/CoreDaemon.framework/Versions/B/CoreDaemon
0x0000000000c4a000 	/usr/lib/libcrypto.0.9.8.dylib
0x0000000000c4a000 	/System/Library/PrivateFrameworks/AppleSRP.framework/Versions/A/AppleSRP
0x0000000000c4a000 	/System/Library/PrivateFrameworks/TrustEvaluationAgent.framework/Versions/A/TrustEvaluationAgent
0x000000012aa11000 	cl_kernels
0x000000012aa13000 	/System/Library/Frameworks/OpenCL.framework/Versions/A/Libraries/ImageFormats/unorm8_bgra.dylib
0x000000012aa03000 	cl_kernels
0x0000000000c4a000 	/System/Library/PrivateFrameworks/FamilyControls.framework/Versions/A/FamilyControls
0x0000000000c4a000 	/System/Library/PrivateFrameworks/CommerceKit.framework/Versions/A/Frameworks/CommerceCore.framework/Versions/A/CommerceCore
0x0000000000c4a000 	/System/Library/PrivateFrameworks/SystemAdministration.framework/Versions/A/SystemAdministration
0x0000000000c4a000 	/System/Library/PrivateFrameworks/AppContainer.framework/Versions/A/AppContainer
0x0000000000c4a000 	/System/Library/PrivateFrameworks/SecCodeWrapper.framework/Versions/A/SecCodeWrapper
0x0000000000c4a000 	/System/Library/Frameworks/DirectoryService.framework/Versions/A/DirectoryService
0x0000000000c4a000 	/System/Library/PrivateFrameworks/LoginUIKit.framework/Versions/A/Frameworks/LoginUICore.framework/Versions/A/LoginUICore
0x0000000000c4a000 	/usr/lib/libodfde.dylib
0x0000000000c4a000 	/System/Library/Frameworks/OpenGL.framework/Versions/A/Resources/GLEngine.bundle/GLEngine
0x0000000000c4a000 	/System/Library/Frameworks/OpenGL.framework/Versions/A/Libraries/libGLProgrammability.dylib
0x000000012be40000 	/System/Library/Extensions/AppleIntelHD5000GraphicsGLDriver.bundle/Contents/MacOS/AppleIntelHD5000GraphicsGLDriver
0x0000000000c4a000 	/System/Library/PrivateFrameworks/IOAccelerator.framework/Versions/A/IOAccelerator
0x0000000000c4a000 	/System/Library/PrivateFrameworks/GPUSupport.framework/Versions/A/Libraries/libGPUSupportMercury.dylib
0x0000000000c4a000 	/System/Library/Frameworks/OpenGL.framework/Versions/A/Resources/GLRendererFloat.bundle/GLRendererFloat
0x000000012cecf000 	/Library/Java/JavaVirtualMachines/jdk1.8.0_60.jdk/Contents/Home/jre/lib/libfontmanager.dylib
0x000000012e209000 	/Library/Java/JavaVirtualMachines/jdk1.8.0_60.jdk/Contents/Home/jre/lib/libosxui.dylib
0x000000012e2e8000 	/Library/Java/JavaVirtualMachines/jdk1.8.0_60.jdk/Contents/Home/jre/lib/libnet.dylib
0x000000012e2ff000 	/Library/Java/JavaVirtualMachines/jdk1.8.0_60.jdk/Contents/Home/jre/lib/libnio.dylib
0x0000000000c4a000 	/System/Library/Frameworks/ApplicationServices.framework/Versions/A/Frameworks/ATS.framework/Versions/A/Resources/libTrueTypeScaler.dylib
0x000000018d5e7000 	/private/var/folders/hh/z31jgv_d7szdfpdjxj5nl_v00000gn/T/jogamp_0000/file_cache/jln3523917952049149416/jln7371416604186210102/libgluegen-rt.jnilib
0x000000018d5eb000 	/private/var/folders/hh/z31jgv_d7szdfpdjxj5nl_v00000gn/T/jogamp_0000/file_cache/jln3523917952049149416/jln7371416604186210102/libnativewindow_awt.jnilib
0x000000018d5ee000 	/Library/Java/JavaVirtualMachines/jdk1.8.0_60.jdk/Contents/Home/jre/lib/libjawt.dylib
0x000000018d5f1000 	/private/var/folders/hh/z31jgv_d7szdfpdjxj5nl_v00000gn/T/jogamp_0000/file_cache/jln3523917952049149416/jln7371416604186210102/libnativewindow_macosx.jnilib
0x000000019130c000 	/private/var/folders/hh/z31jgv_d7szdfpdjxj5nl_v00000gn/T/jogamp_0000/file_cache/jln3523917952049149416/jln7371416604186210102/libjogl_desktop.jnilib

VM Arguments:
jvm_args: -Djava.security.policy=java.policy.applet -Dfile.encoding=UTF-8 
java_command: sun.applet.AppletViewer module6.AirportMap1490628335698.html
java_class_path (initial): /Users/chuan1900/coursera-java/UCSDUnfoldingMaps/build:/Users/chuan1900/coursera-java/UCSDUnfoldingMaps/lib/core.jar:/Users/chuan1900/coursera-java/UCSDUnfoldingMaps/lib/gluegen-rt.jar:/Users/chuan1900/coursera-java/UCSDUnfoldingMaps/lib/jogl-all.jar:/Users/chuan1900/coursera-java/UCSDUnfoldingMaps/lib/log4j-1.2.15.jar:/Users/chuan1900/coursera-java/UCSDUnfoldingMaps/lib/sqlite-jdbc-3.7.2.jar:/Users/chuan1900/coursera-java/UCSDUnfoldingMaps/lib/json4processing.jar:/Users/chuan1900/coursera-java/UCSDUnfoldingMaps/lib/libTUIO.jar:/Users/chuan1900/coursera-java/UCSDUnfoldingMaps/lib/unfolding.0.9.7-uscd.jar:/Users/chuan1900/Desktop/Eclipse 1.38.59 AM.app/Contents/Eclipse/plugins/org.junit_4.12.0.v201504281640/junit.jar:/Users/chuan1900/Desktop/Eclipse 1.38.59 AM.app/Contents/Eclipse/plugins/org.hamcrest.core_1.3.0.v201303031735.jar
Launcher Type: SUN_STANDARD

Environment Variables:
PATH=/usr/bin:/bin:/usr/sbin:/sbin
SHELL=/bin/bash
DISPLAY=/private/tmp/com.apple.launchd.tS2oX04J7T/org.macosforge.xquartz:0

Signal Handlers:
SIGSEGV: [libjvm.dylib+0x5a6d31], sa_mask[0]=11111111011111110111111111111111, sa_flags=SA_ONSTACK|SA_RESTART|SA_SIGINFO
SIGBUS: [libjvm.dylib+0x5a6d31], sa_mask[0]=11111111011111110111111111111111, sa_flags=SA_RESTART|SA_SIGINFO
SIGFPE: [libjvm.dylib+0x480a4c], sa_mask[0]=11111111011111110111111111111111, sa_flags=SA_RESTART|SA_SIGINFO
SIGPIPE: [libjvm.dylib+0x480a4c], sa_mask[0]=11111111011111110111111111111111, sa_flags=SA_RESTART|SA_SIGINFO
SIGXFSZ: [libjvm.dylib+0x480a4c], sa_mask[0]=11111111011111110111111111111111, sa_flags=SA_RESTART|SA_SIGINFO
SIGILL: [libjvm.dylib+0x480a4c], sa_mask[0]=11111111011111110111111111111111, sa_flags=SA_RESTART|SA_SIGINFO
SIGUSR1: SIG_DFL, sa_mask[0]=00000000000000000000000000000000, sa_flags=none
SIGUSR2: [libjvm.dylib+0x48056a], sa_mask[0]=00100000000000000000000000000000, sa_flags=SA_RESTART|SA_SIGINFO
SIGHUP: [libjvm.dylib+0x47eb41], sa_mask[0]=11111111011111110111111111111111, sa_flags=SA_RESTART|SA_SIGINFO
SIGINT: [libjvm.dylib+0x47eb41], sa_mask[0]=11111111011111110111111111111111, sa_flags=SA_RESTART|SA_SIGINFO
SIGTERM: [libjvm.dylib+0x47eb41], sa_mask[0]=11111111011111110111111111111111, sa_flags=SA_RESTART|SA_SIGINFO
SIGQUIT: [libjvm.dylib+0x47eb41], sa_mask[0]=11111111011111110111111111111111, sa_flags=SA_RESTART|SA_SIGINFO


---------------  S Y S T E M  ---------------

OS:Bsduname:Darwin 14.5.0 Darwin Kernel Version 14.5.0: Sun Sep 25 22:07:15 PDT 2016; root:xnu-2782.50.9~1/RELEASE_X86_64 x86_64
rlimit: STACK 8192k, CORE 0k, NPROC 709, NOFILE 10240, AS infinity
load average:2.19 2.07 1.99

CPU:total 4 (2 cores per cpu, 2 threads per core) family 6 model 69 stepping 1, cmov, cx8, fxsr, mmx, sse, sse2, sse3, ssse3, sse4.1, sse4.2, popcnt, avx, avx2, aes, clmul, erms, lzcnt, ht, tsc, tscinvbit, bmi1, bmi2

Memory: 4k page, physical 8388608k(1528268k free)

/proc/meminfo:


vm_info: Java HotSpot(TM) 64-Bit Server VM (25.60-b23) for bsd-amd64 JRE (1.8.0_60-b27), built on Aug  4 2015 10:47:24 by "java_re" with gcc 4.2.1 (Based on Apple Inc. build 5658) (LLVM build 2336.11.00)

time: Mon Mar 27 11:25:57 2017
elapsed time: 22 seconds (0d 0h 0m 22s)

