#
# A fatal error has been detected by the Java Runtime Environment:
#
#  SIGSEGV (0xb) at pc=0x00007fff8a7c30dd, pid=26841, tid=1811
#
# JRE version: Java(TM) SE Runtime Environment (8.0_60-b27) (build 1.8.0_60-b27)
# Java VM: Java HotSpot(TM) 64-Bit Server VM (25.60-b23 mixed mode bsd-amd64 compressed oops)
# Problematic frame:
# C  [libobjc.A.dylib+0x10dd]  objc_msgSend+0x1d
#
# Failed to write core dump. Core dumps have been disabled. To enable core dumping, try "ulimit -c unlimited" before starting Java again
#
# If you would like to submit a bug report, please visit:
#   http://bugreport.java.com/bugreport/crash.jsp
# The crash happened outside the Java Virtual Machine in native code.
# See problematic frame for where to report the bug.
#

---------------  T H R E A D  ---------------

Current thread (0x00007fadf8933800):  JavaThread "AWT-AppKit" daemon [_thread_in_native, id=1811, stack(0x00007fff5671d000,0x00007fff56f1d000)]

siginfo: si_signo: 11 (SIGSEGV), si_code: 1 (SEGV_MAPERR), si_addr: 0x0000000000000018

Registers:
RAX=0x00007fadfc6ba740, RBX=0x000000018852b450, RCX=0x00000001291c5960, RDX=0x00000001291c5060
RSP=0x00007fff56f18468, RBP=0x00007fff56f18520, RSI=0x00007fff8d22240f, RDI=0x00007fadfc7283c0
R8 =0x0000000000000000, R9 =0x0000000000000f50, R10=0x00007fff8d22240f, R11=0x0000000000000000
R12=0x0000000000000000, R13=0x000000018d123950, R14=0x000000018852b440, R15=0x00007fadf8933800
RIP=0x00007fff8a7c30dd, EFLAGS=0x0000000000010246, ERR=0x0000000000000004
  TRAPNO=0x000000000000000e

Top of Stack: (sp=0x00007fff56f18468)
0x00007fff56f18468:   0000000188529157 00007fff56f184c0
0x00007fff56f18478:   0000000000000003 00007fff56f184a0
0x00007fff56f18488:   00000001097f1992 000000018d123950
0x00007fff56f18498:   000000018d123950 00007fadfc6ba740
0x00007fff56f184a8:   000000018852b6a0 000000018852b710
0x00007fff56f184b8:   00007fff72ea7550 00007fff7183fc80
0x00007fff56f184c8:   000000018852b450 000000018852b690
0x00007fff56f184d8:   00007fadfc6ba740 00007fadfc7283c0
0x00007fff56f184e8:   00007fadf84721e0 00007fadfc6ba740
0x00007fff56f184f8:   00007fadfc7283c0 00007fff56f185a8
0x00007fff56f18508:   00007fadf89339f8 000000018d123950
0x00007fff56f18518:   00007fff56f185d0 00007fff56f18598
0x00007fff56f18528:   000000010a6f5954 000000018d123950
0x00007fff56f18538:   00007fff56f185d0 00007fff56f18598
0x00007fff56f18548:   000000010a6f56e7 000000010a6f56a2
0x00007fff56f18558:   00007fff56f18558 000000018d123950
0x00007fff56f18568:   00007fff56f185d0 000000018d126588
0x00007fff56f18578:   0000000000000000 000000018d123950
0x00007fff56f18588:   0000000000000000 00007fff56f185b8
0x00007fff56f18598:   00007fff56f18618 000000010a6e7c4d
0x00007fff56f185a8:   0000000740c28060 000000010a6ef578
0x00007fff56f185b8:   00007fadfc6ba740 00007fff56f18618
0x00007fff56f185c8:   00007fadfc7283c0 000000010a6f0d82
0x00007fff56f185d8:   00007fff56f185d8 000000018d123b1a
0x00007fff56f185e8:   00007fff56f18640 000000018d126588
0x00007fff56f185f8:   0000000000000000 000000018d123b28
0x00007fff56f18608:   00007fff56f185b8 00007fff56f18628
0x00007fff56f18618:   00007fff56f18688 000000010a6e7c4d
0x00007fff56f18628:   00007fadfc6ba740 0000000740c63240
0x00007fff56f18638:   00007fadfc7283c0 0000000740c63240
0x00007fff56f18648:   00007fff56f18648 0000000194dd9a7e
0x00007fff56f18658:   00007fff56f18698 0000000194dd9b38 

Instructions: (pc=0x00007fff8a7c30dd)
0x00007fff8a7c30bd:   00 00 00 48 85 ff 2e 74 7a 40 f6 c7 01 2e 75 7e
0x00007fff8a7c30cd:   49 bb f8 ff ff ff ff 7f 00 00 4c 23 1f 49 89 f2
0x00007fff8a7c30dd:   45 23 53 18 49 c1 e2 04 4d 03 53 10 49 3b 32 75
0x00007fff8a7c30ed:   04 41 ff 62 08 49 83 3a 00 74 6a 4d 3b 53 10 74 

Register to memory mapping:

RAX=0x00007fadfc6ba740 is an unknown value
RBX=0x000000018852b450: Java_jogamp_nativewindow_macosx_OSXUtil_GetScreenRefreshRate0+0x1cf0 in /private/var/folders/hh/z31jgv_d7szdfpdjxj5nl_v00000gn/T/jogamp_0000/file_cache/jln4396060775527913108/jln6005659894547579984/libnativewindow_macosx.jnilib at 0x0000000188524000
RCX=0x00000001291c5960 is an unknown value
RDX=0x00000001291c5060 is an unknown value
RSP=0x00007fff56f18468 is pointing into the stack for thread: 0x00007fadf8933800
RBP=0x00007fff56f18520 is pointing into the stack for thread: 0x00007fadf8933800
RSI=0x00007fff8d22240f is an unknown value
RDI=0x00007fadfc7283c0 is an unknown value
R8 =0x0000000000000000 is an unknown value
R9 =0x0000000000000f50 is an unknown value
R10=0x00007fff8d22240f is an unknown value
R11=0x0000000000000000 is an unknown value
R12=0x0000000000000000 is an unknown value
R13={method} {0x000000018d123950} 'UnsetJAWTRootSurfaceLayer0' '(JJ)V' in 'jogamp/nativewindow/jawt/macosx/MacOSXJAWTWindow'
R14=0x000000018852b440: Java_jogamp_nativewindow_macosx_OSXUtil_GetScreenRefreshRate0+0x1ce0 in /private/var/folders/hh/z31jgv_d7szdfpdjxj5nl_v00000gn/T/jogamp_0000/file_cache/jln4396060775527913108/jln6005659894547579984/libnativewindow_macosx.jnilib at 0x0000000188524000
R15=0x00007fadf8933800 is a thread


Stack: [0x00007fff5671d000,0x00007fff56f1d000],  sp=0x00007fff56f18468,  free space=8173k
Native frames: (J=compiled Java code, j=interpreted, Vv=VM code, C=native code)
C  [libobjc.A.dylib+0x10dd]  objc_msgSend+0x1d
j  jogamp.nativewindow.jawt.macosx.MacOSXJAWTWindow.UnsetJAWTRootSurfaceLayer0(JJ)V+0
j  jogamp.nativewindow.jawt.macosx.MacOSXJAWTWindow.access$200(JJ)V+2
j  jogamp.nativewindow.jawt.macosx.MacOSXJAWTWindow$1.run()V+38
J 2235 C1 com.jogamp.common.util.RunnableTask.run()V (345 bytes) @ 0x000000010ae8f914 [0x000000010ae8f780+0x194]
v  ~StubRoutines::call_stub
V  [libjvm.dylib+0x2eab0e]  JavaCalls::call_helper(JavaValue*, methodHandle*, JavaCallArguments*, Thread*)+0x6ae
V  [libjvm.dylib+0x321bb7]  jni_invoke_nonstatic(JNIEnv_*, JavaValue*, _jobject*, JNICallType, _jmethodID*, JNI_ArgumentPusher*, Thread*)+0x2ec
V  [libjvm.dylib+0x31438b]  jni_CallVoidMethod+0x16b
C  [libnativewindow_macosx.jnilib+0x5326]  Java_jogamp_nativewindow_jawt_macosx_MacOSXJAWTWindow_UnsetJAWTRootSurfaceLayer0+0x2b6
C  [Foundation+0x92dd0]  __NSThreadPerformPerform+0x125
C  [CoreFoundation+0x80a01]  __CFRUNLOOP_IS_CALLING_OUT_TO_A_SOURCE0_PERFORM_FUNCTION__+0x11
C  [CoreFoundation+0x72c5c]  __CFRunLoopDoSources0+0x1dc
C  [CoreFoundation+0x721bf]  __CFRunLoopRun+0x39f
C  [CoreFoundation+0x71bd8]  CFRunLoopRunSpecific+0x128
C  [HIToolbox+0x3256f]  RunCurrentEventLoopInMode+0xeb
C  [HIToolbox+0x321ee]  ReceiveNextEventCommon+0xb3
C  [HIToolbox+0x3212b]  _BlockUntilNextEventMatchingListInModeWithFilter+0x47
C  [AppKit+0x918ab]  _DPSNextEvent+0x3d2
C  [AppKit+0x90e58]  -[NSApplication nextEventMatchingMask:untilDate:inMode:dequeue:]+0x15a
C  [libosxapp.dylib+0x23aa]  -[NSApplicationAWT nextEventMatchingMask:untilDate:inMode:dequeue:]+0x7c
C  [AppKit+0x86af3]  -[NSApplication run]+0x252
C  [libosxapp.dylib+0x214d]  +[NSApplicationAWT runAWTLoopWithApp:]+0x9c
C  [libawt_lwawt.dylib+0x44517]  -[AWTStarter starter:]+0x389
C  [Foundation+0x92dd0]  __NSThreadPerformPerform+0x125
C  [CoreFoundation+0x80a01]  __CFRUNLOOP_IS_CALLING_OUT_TO_A_SOURCE0_PERFORM_FUNCTION__+0x11
C  [CoreFoundation+0x72b8d]  __CFRunLoopDoSources0+0x10d
C  [CoreFoundation+0x721bf]  __CFRunLoopRun+0x39f
C  [CoreFoundation+0x71bd8]  CFRunLoopRunSpecific+0x128
C  [java+0x6463]  CreateExecutionEnvironment+0x367
C  [java+0x21ac]  JLI_Launch+0x7a0
C  [java+0x84c0]  main+0x65
C  [java+0x1a04]  start+0x34
C  0x0000000000000007

Java frames: (J=compiled Java code, j=interpreted, Vv=VM code)
j  jogamp.nativewindow.jawt.macosx.MacOSXJAWTWindow.UnsetJAWTRootSurfaceLayer0(JJ)V+0
j  jogamp.nativewindow.jawt.macosx.MacOSXJAWTWindow.access$200(JJ)V+2
j  jogamp.nativewindow.jawt.macosx.MacOSXJAWTWindow$1.run()V+38
J 2235 C1 com.jogamp.common.util.RunnableTask.run()V (345 bytes) @ 0x000000010ae8f914 [0x000000010ae8f780+0x194]
v  ~StubRoutines::call_stub

---------------  P R O C E S S  ---------------

Java Threads: ( => current thread )
  0x00007fadfd432000 JavaThread "Thread-19" [_thread_blocked, id=64247, stack(0x0000000190d0d000,0x0000000190e0d000)]
  0x00007fadf93ac000 JavaThread "Animation Thread" [_thread_blocked, id=61755, stack(0x00000001887ba000,0x00000001888ba000)]
  0x00007fadf93c5800 JavaThread "AWT-EventQueue-1" [_thread_in_native, id=62295, stack(0x0000000188ded000,0x0000000188eed000)]
  0x00007fadf8b22000 JavaThread "DestroyJavaVM" [_thread_blocked, id=4867, stack(0x000000010a58a000,0x000000010a68a000)]
  0x00007fadf986b800 JavaThread "AWT-EventQueue-0" [_thread_blocked, id=51723, stack(0x0000000129035000,0x0000000129135000)]
  0x00007fadf9251800 JavaThread "Java2D Disposer" daemon [_thread_blocked, id=51235, stack(0x0000000127dad000,0x0000000127ead000)]
  0x00007fadf8992000 JavaThread "Java2D Queue Flusher" daemon [_thread_blocked, id=48399, stack(0x0000000126d27000,0x0000000126e27000)]
  0x00007fadf91c4800 JavaThread "AWT-Shutdown" [_thread_blocked, id=28435, stack(0x0000000123f3d000,0x000000012403d000)]
=>0x00007fadf8933800 JavaThread "AWT-AppKit" daemon [_thread_in_native, id=1811, stack(0x00007fff5671d000,0x00007fff56f1d000)]
  0x00007fadf9821800 JavaThread "Service Thread" daemon [_thread_blocked, id=18179, stack(0x000000012247d000,0x000000012257d000)]
  0x00007fadf9078000 JavaThread "C1 CompilerThread2" daemon [_thread_blocked, id=17667, stack(0x000000012237a000,0x000000012247a000)]
  0x00007fadf9077800 JavaThread "C2 CompilerThread1" daemon [_thread_blocked, id=17155, stack(0x0000000122277000,0x0000000122377000)]
  0x00007fadf8809000 JavaThread "C2 CompilerThread0" daemon [_thread_blocked, id=16643, stack(0x0000000122174000,0x0000000122274000)]
  0x00007fadf982a000 JavaThread "Signal Dispatcher" daemon [_thread_blocked, id=13331, stack(0x0000000122071000,0x0000000122171000)]
  0x00007fadf9807800 JavaThread "Finalizer" daemon [_thread_blocked, id=11523, stack(0x0000000120655000,0x0000000120755000)]
  0x00007fadf9064800 JavaThread "Reference Handler" daemon [_thread_blocked, id=11011, stack(0x0000000120552000,0x0000000120652000)]

Other Threads:
  0x00007fadf9062000 VMThread [stack: 0x000000012044f000,0x000000012054f000] [id=10499]
  0x00007fadf9072800 WatcherThread [stack: 0x0000000122580000,0x0000000122680000] [id=18691]

VM state:not at safepoint (normal execution)

VM Mutex/Monitor currently owned by a thread: None

Heap:
 PSYoungGen      total 44544K, used 26763K [0x0000000795580000, 0x0000000798f00000, 0x00000007c0000000)
  eden space 31232K, 85% used [0x0000000795580000,0x0000000796f82f20,0x0000000797400000)
  from space 13312K, 0% used [0x0000000798180000,0x00000007981a0000,0x0000000798e80000)
  to   space 13824K, 0% used [0x0000000797400000,0x0000000797400000,0x0000000798180000)
 ParOldGen       total 87552K, used 16589K [0x0000000740000000, 0x0000000745580000, 0x0000000795580000)
  object space 87552K, 18% used [0x0000000740000000,0x00000007410334c8,0x0000000745580000)
 Metaspace       used 20885K, capacity 21071K, committed 21296K, reserved 1069056K
  class space    used 2043K, capacity 2112K, committed 2176K, reserved 1048576K

Card table byte_map: [0x0000000119aa0000,0x0000000119ea1000] byte_map_base: 0x00000001160a0000

Marking Bits: (ParMarkBitMap*) 0x0000000109edee20
 Begin Bits: [0x000000011a558000, 0x000000011c558000)
 End Bits:   [0x000000011c558000, 0x000000011e558000)

Polling page: 0x0000000108df9000

CodeCache: size=245760Kb used=9457Kb max_used=9457Kb free=236302Kb
 bounds [0x000000010a6e0000, 0x000000010b030000, 0x00000001196e0000]
 total_blobs=3522 nmethods=2632 adapters=803
 compilation: enabled

Compilation events (10 events):
Event: 57.878 Thread 0x00007fadf9078000 2669       1       processing.event.MouseEvent::getX (5 bytes)
Event: 57.878 Thread 0x00007fadf9078000 nmethod 2669 0x000000010a8a7490 code [0x000000010a8a75e0, 0x000000010a8a76f0]
Event: 57.878 Thread 0x00007fadf9078000 2670       1       processing.event.MouseEvent::getY (5 bytes)
Event: 57.878 Thread 0x00007fadf9078000 nmethod 2670 0x000000010a8a71d0 code [0x000000010a8a7320, 0x000000010a8a7430]
Event: 57.913 Thread 0x00007fadf9078000 2671       3       java.awt.event.MouseEvent::getModifiersEx (29 bytes)
Event: 57.914 Thread 0x00007fadf9078000 nmethod 2671 0x000000010a844790 code [0x000000010a844900, 0x000000010a844b68]
Event: 58.576 Thread 0x00007fadf9078000 2672       3       java.util.HashMap::putVal (300 bytes)
Event: 58.579 Thread 0x00007fadf9078000 nmethod 2672 0x000000010aff7b50 code [0x000000010aff7dc0, 0x000000010aff9078]
Event: 58.589 Thread 0x00007fadf9078000 2673       1       sun.java2d.SurfaceData::isValid (5 bytes)
Event: 58.589 Thread 0x00007fadf9078000 nmethod 2673 0x000000010aff7890 code [0x000000010aff79e0, 0x000000010aff7af0]

GC Heap History (10 events):
Event: 14.915 GC heap before
{Heap before GC invocations=4 (full 0):
 PSYoungGen      total 38400K, used 38397K [0x0000000795580000, 0x0000000798000000, 0x00000007c0000000)
  eden space 33280K, 100% used [0x0000000795580000,0x0000000797600000,0x0000000797600000)
  from space 5120K, 99% used [0x0000000797600000,0x0000000797aff470,0x0000000797b00000)
  to   space 5120K, 0% used [0x0000000797b00000,0x0000000797b00000,0x0000000798000000)
 ParOldGen       total 87552K, used 11593K [0x0000000740000000, 0x0000000745580000, 0x0000000795580000)
  object space 87552K, 13% used [0x0000000740000000,0x0000000740b52478,0x0000000745580000)
 Metaspace       used 20850K, capacity 21071K, committed 21296K, reserved 1069056K
  class space    used 2036K, capacity 2112K, committed 2176K, reserved 1048576K
Event: 14.923 GC heap after
Heap after GC invocations=4 (full 0):
 PSYoungGen      total 38400K, used 5021K [0x0000000795580000, 0x0000000798000000, 0x00000007c0000000)
  eden space 33280K, 0% used [0x0000000795580000,0x0000000795580000,0x0000000797600000)
  from space 5120K, 98% used [0x0000000797b00000,0x0000000797fe7450,0x0000000798000000)
  to   space 5120K, 0% used [0x0000000797600000,0x0000000797600000,0x0000000797b00000)
 ParOldGen       total 87552K, used 11593K [0x0000000740000000, 0x0000000745580000, 0x0000000795580000)
  object space 87552K, 13% used [0x0000000740000000,0x0000000740b52478,0x0000000745580000)
 Metaspace       used 20850K, capacity 21071K, committed 21296K, reserved 1069056K
  class space    used 2036K, capacity 2112K, committed 2176K, reserved 1048576K
}
Event: 24.094 GC heap before
{Heap before GC invocations=5 (full 0):
 PSYoungGen      total 38400K, used 38301K [0x0000000795580000, 0x0000000798000000, 0x00000007c0000000)
  eden space 33280K, 100% used [0x0000000795580000,0x0000000797600000,0x0000000797600000)
  from space 5120K, 98% used [0x0000000797b00000,0x0000000797fe7450,0x0000000798000000)
  to   space 5120K, 0% used [0x0000000797600000,0x0000000797600000,0x0000000797b00000)
 ParOldGen       total 87552K, used 11593K [0x0000000740000000, 0x0000000745580000, 0x0000000795580000)
  object space 87552K, 13% used [0x0000000740000000,0x0000000740b52478,0x0000000745580000)
 Metaspace       used 20851K, capacity 21071K, committed 21296K, reserved 1069056K
  class space    used 2036K, capacity 2112K, committed 2176K, reserved 1048576K
Event: 24.103 GC heap after
Heap after GC invocations=5 (full 0):
 PSYoungGen      total 37888K, used 5037K [0x0000000795580000, 0x0000000798f80000, 0x00000007c0000000)
  eden space 32768K, 0% used [0x0000000795580000,0x0000000795580000,0x0000000797580000)
  from space 5120K, 98% used [0x0000000797600000,0x0000000797aeb460,0x0000000797b00000)
  to   space 13312K, 0% used [0x0000000798280000,0x0000000798280000,0x0000000798f80000)
 ParOldGen       total 87552K, used 11593K [0x0000000740000000, 0x0000000745580000, 0x0000000795580000)
  object space 87552K, 13% used [0x0000000740000000,0x0000000740b52478,0x0000000745580000)
 Metaspace       used 20851K, capacity 21071K, committed 21296K, reserved 1069056K
  class space    used 2036K, capacity 2112K, committed 2176K, reserved 1048576K
}
Event: 33.336 GC heap before
{Heap before GC invocations=6 (full 0):
 PSYoungGen      total 37888K, used 37805K [0x0000000795580000, 0x0000000798f80000, 0x00000007c0000000)
  eden space 32768K, 100% used [0x0000000795580000,0x0000000797580000,0x0000000797580000)
  from space 5120K, 98% used [0x0000000797600000,0x0000000797aeb460,0x0000000797b00000)
  to   space 13312K, 0% used [0x0000000798280000,0x0000000798280000,0x0000000798f80000)
 ParOldGen       total 87552K, used 11593K [0x0000000740000000, 0x0000000745580000, 0x0000000795580000)
  object space 87552K, 13% used [0x0000000740000000,0x0000000740b52478,0x0000000745580000)
 Metaspace       used 20852K, capacity 21071K, committed 21296K, reserved 1069056K
  class space    used 2036K, capacity 2112K, committed 2176K, reserved 1048576K
Event: 33.344 GC heap after
Heap after GC invocations=6 (full 0):
 PSYoungGen      total 44032K, used 5021K [0x0000000795580000, 0x0000000798e00000, 0x00000007c0000000)
  eden space 32256K, 0% used [0x0000000795580000,0x0000000795580000,0x0000000797500000)
  from space 11776K, 42% used [0x0000000798280000,0x0000000798767450,0x0000000798e00000)
  to   space 12800K, 0% used [0x0000000797500000,0x0000000797500000,0x0000000798180000)
 ParOldGen       total 87552K, used 11601K [0x0000000740000000, 0x0000000745580000, 0x0000000795580000)
  object space 87552K, 13% used [0x0000000740000000,0x0000000740b54478,0x0000000745580000)
 Metaspace       used 20852K, capacity 21071K, committed 21296K, reserved 1069056K
  class space    used 2036K, capacity 2112K, committed 2176K, reserved 1048576K
}
Event: 42.436 GC heap before
{Heap before GC invocations=7 (full 0):
 PSYoungGen      total 44032K, used 37277K [0x0000000795580000, 0x0000000798e00000, 0x00000007c0000000)
  eden space 32256K, 100% used [0x0000000795580000,0x0000000797500000,0x0000000797500000)
  from space 11776K, 42% used [0x0000000798280000,0x0000000798767450,0x0000000798e00000)
  to   space 12800K, 0% used [0x0000000797500000,0x0000000797500000,0x0000000798180000)
 ParOldGen       total 87552K, used 11601K [0x0000000740000000, 0x0000000745580000, 0x0000000795580000)
  object space 87552K, 13% used [0x0000000740000000,0x0000000740b54478,0x0000000745580000)
 Metaspace       used 20852K, capacity 21071K, committed 21296K, reserved 1069056K
  class space    used 2036K, capacity 2112K, committed 2176K, reserved 1048576K
Event: 42.444 GC heap after
Heap after GC invocations=7 (full 0):
 PSYoungGen      total 44544K, used 704K [0x0000000795580000, 0x0000000798e80000, 0x00000007c0000000)
  eden space 31744K, 0% used [0x0000000795580000,0x0000000795580000,0x0000000797480000)
  from space 12800K, 5% used [0x0000000797500000,0x00000007975b0020,0x0000000798180000)
  to   space 13312K, 0% used [0x0000000798180000,0x0000000798180000,0x0000000798e80000)
 ParOldGen       total 87552K, used 15973K [0x0000000740000000, 0x0000000745580000, 0x0000000795580000)
  object space 87552K, 18% used [0x0000000740000000,0x0000000740f994a8,0x0000000745580000)
 Metaspace       used 20852K, capacity 21071K, committed 21296K, reserved 1069056K
  class space    used 2036K, capacity 2112K, committed 2176K, reserved 1048576K
}
Event: 51.409 GC heap before
{Heap before GC invocations=8 (full 0):
 PSYoungGen      total 44544K, used 32448K [0x0000000795580000, 0x0000000798e80000, 0x00000007c0000000)
  eden space 31744K, 100% used [0x0000000795580000,0x0000000797480000,0x0000000797480000)
  from space 12800K, 5% used [0x0000000797500000,0x00000007975b0020,0x0000000798180000)
  to   space 13312K, 0% used [0x0000000798180000,0x0000000798180000,0x0000000798e80000)
 ParOldGen       total 87552K, used 15973K [0x0000000740000000, 0x0000000745580000, 0x0000000795580000)
  object space 87552K, 18% used [0x0000000740000000,0x0000000740f994a8,0x0000000745580000)
 Metaspace       used 20852K, capacity 21071K, committed 21296K, reserved 1069056K
  class space    used 2036K, capacity 2112K, committed 2176K, reserved 1048576K
Event: 51.412 GC heap after
Heap after GC invocations=8 (full 0):
 PSYoungGen      total 44544K, used 128K [0x0000000795580000, 0x0000000798f00000, 0x00000007c0000000)
  eden space 31232K, 0% used [0x0000000795580000,0x0000000795580000,0x0000000797400000)
  from space 13312K, 0% used [0x0000000798180000,0x00000007981a0000,0x0000000798e80000)
  to   space 13824K, 0% used [0x0000000797400000,0x0000000797400000,0x0000000798180000)
 ParOldGen       total 87552K, used 16589K [0x0000000740000000, 0x0000000745580000, 0x0000000795580000)
  object space 87552K, 18% used [0x0000000740000000,0x00000007410334c8,0x0000000745580000)
 Metaspace       used 20852K, capacity 21071K, committed 21296K, reserved 1069056K
  class space    used 2036K, capacity 2112K, committed 2176K, reserved 1048576K
}

Deoptimization events (10 events):
Event: 58.560 Thread 0x00007fadf986b800 Uncommon trap: reason=unstable_if action=reinterpret pc=0x000000010a7effcc method=java.lang.Math.round(D)J @ 31
Event: 58.560 Thread 0x00007fadf986b800 Uncommon trap: reason=unstable_if action=reinterpret pc=0x000000010a88826c method=sun.java2d.SunGraphics2D.validateCompClip()V @ 9
Event: 58.561 Thread 0x00007fadf986b800 Uncommon trap: reason=class_check action=maybe_recompile pc=0x000000010ab2f850 method=java.util.Arrays.copyOf([Ljava/lang/Object;ILjava/lang/Class;)[Ljava/lang/Object; @ 24
Event: 58.563 Thread 0x00007fadf986b800 Uncommon trap: reason=unstable_if action=reinterpret pc=0x000000010b001aec method=sun.java2d.pipe.Region.intersectsQuickCheck(Lsun/java2d/pipe/Region;)Z @ 41
Event: 58.564 Thread 0x00007fadf986b800 Uncommon trap: reason=unstable_if action=reinterpret pc=0x000000010ade9cb8 method=java.awt.font.FontRenderContext.equals(Ljava/awt/font/FontRenderContext;)Z @ 2
Event: 58.575 Thread 0x00007fadf8988800 Uncommon trap: reason=unstable_if action=reinterpret pc=0x000000010aba4eac method=java.util.HashMap.putVal(ILjava/lang/Object;Ljava/lang/Object;ZZ)Ljava/lang/Object; @ 81
Event: 58.576 Thread 0x00007fadf8988800 Uncommon trap: reason=unstable_if action=reinterpret pc=0x000000010aba0648 method=java.util.HashMap.putVal(ILjava/lang/Object;Ljava/lang/Object;ZZ)Ljava/lang/Object; @ 81
Event: 58.588 Thread 0x00007fadf93c5800 Uncommon trap: reason=unstable_if action=reinterpret pc=0x000000010afd9458 method=java.util.LinkedList$ListItr.<init>(Ljava/util/LinkedList;I)V @ 26
Event: 58.588 Thread 0x00007fadf93c5800 Uncommon trap: reason=unstable_if action=reinterpret pc=0x000000010af56678 method=java.security.AccessControlContext.optimize()Ljava/security/AccessControlContext; @ 233
Event: 58.588 Thread 0x00007fadf93c5800 Uncommon trap: reason=unstable_if action=reinterpret pc=0x000000010afdaa04 method=java.util.LinkedList$ListItr.<init>(Ljava/util/LinkedList;I)V @ 26

Internal exceptions (10 events):
Event: 0.135 Thread 0x00007fadf9004800 Exception <a 'java/lang/NoSuchFieldError': method resolution failed> (0x000000079582a520) thrown at [/Users/java_re/workspace/8-2-build-macosx-x86_64/jdk8u60/4407/hotspot/src/share/vm/prims/methodHandles.cpp, line 1146]
Event: 0.137 Thread 0x00007fadf9004800 Exception <a 'java/lang/NoSuchFieldError': method resolution failed> (0x0000000795837cf0) thrown at [/Users/java_re/workspace/8-2-build-macosx-x86_64/jdk8u60/4407/hotspot/src/share/vm/prims/methodHandles.cpp, line 1146]
Event: 0.298 Thread 0x00007fadf9004800 Exception <a 'java/io/FileNotFoundException'> (0x00000007958b3d38) thrown at [/Users/java_re/workspace/8-2-build-macosx-x86_64/jdk8u60/4407/hotspot/src/share/vm/prims/jni.cpp, line 709]
Event: 0.298 Thread 0x00007fadf9004800 Exception <a 'java/io/FileNotFoundException'> (0x00000007958b48a0) thrown at [/Users/java_re/workspace/8-2-build-macosx-x86_64/jdk8u60/4407/hotspot/src/share/vm/prims/jni.cpp, line 709]
Event: 0.400 Thread 0x00007fadf9004800 Exception <a 'java/io/FileNotFoundException'> (0x00000007959ef7f8) thrown at [/Users/java_re/workspace/8-2-build-macosx-x86_64/jdk8u60/4407/hotspot/src/share/vm/prims/jni.cpp, line 709]
Event: 1.913 Thread 0x00007fadf93ac000 Exception <a 'java/lang/UnsatisfiedLinkError': com.jogamp.common.util.JarUtil.fixNativeLibAttribs(Ljava/lang/String;)Z> (0x0000000796c665d0) thrown at [/Users/java_re/workspace/8-2-build-macosx-x86_64/jdk8u60/4407/hotspot/src/share/vm/prims/nativeLookup.c
Event: 2.189 Thread 0x00007fadf9807800 Exception <a 'java/lang/NullPointerException'> (0x00000007956a3288) thrown at [/Users/java_re/workspace/8-2-build-macosx-x86_64/jdk8u60/4407/hotspot/src/share/vm/interpreter/linkResolver.cpp, line 1178]
Event: 2.691 Thread 0x00007fadf93c5800 Exception <a 'java/io/FileNotFoundException'> (0x0000000795f10640) thrown at [/Users/java_re/workspace/8-2-build-macosx-x86_64/jdk8u60/4407/hotspot/src/share/vm/prims/jni.cpp, line 709]
Event: 2.691 Thread 0x00007fadf93c5800 Exception <a 'java/io/FileNotFoundException'> (0x0000000795f166a8) thrown at [/Users/java_re/workspace/8-2-build-macosx-x86_64/jdk8u60/4407/hotspot/src/share/vm/prims/jni.cpp, line 709]
Event: 2.691 Thread 0x00007fadf93c5800 Implicit null exception at 0x000000010a87ef35 to 0x000000010a87f299

Events (10 events):
Event: 58.588 loading class java/awt/event/AWTEventListenerProxy
Event: 58.588 loading class java/awt/event/AWTEventListenerProxy done
Event: 58.588 loading class java/awt/Toolkit$ToolkitEventMulticaster
Event: 58.588 loading class java/awt/Toolkit$ToolkitEventMulticaster done
Event: 58.588 Thread 0x00007fadf93c5800 Uncommon trap: trap_request=0xffffff65 fr.pc=0x000000010afdaa04
Event: 58.588 Thread 0x00007fadf93c5800 DEOPT PACKING pc=0x000000010afdaa04 sp=0x0000000188eea950
Event: 58.588 Thread 0x00007fadf93c5800 DEOPT UNPACKING pc=0x000000010a6e5229 sp=0x0000000188eea8a8 mode 2
Event: 58.589 Thread 0x00007fadf8988800 Thread exited: 0x00007fadf8988800
Event: 58.589 loading class java/awt/Window$1DisposeAction
Event: 58.589 loading class java/awt/Window$1DisposeAction done


Dynamic libraries:
0x0000000001464000 	/System/Library/Frameworks/Cocoa.framework/Versions/A/Cocoa
0x0000000001464000 	/System/Library/Frameworks/Security.framework/Versions/A/Security
0x0000000001464000 	/System/Library/Frameworks/ApplicationServices.framework/Versions/A/ApplicationServices
0x0000000001464000 	/usr/lib/libz.1.dylib
0x0000000001464000 	/usr/lib/libSystem.B.dylib
0x0000000001464000 	/usr/lib/libobjc.A.dylib
0x0000000001464000 	/System/Library/Frameworks/CoreFoundation.framework/Versions/A/CoreFoundation
0x0000000001464000 	/System/Library/Frameworks/Foundation.framework/Versions/C/Foundation
0x0000000001464000 	/System/Library/Frameworks/AppKit.framework/Versions/C/AppKit
0x0000000001464000 	/System/Library/Frameworks/CoreData.framework/Versions/A/CoreData
0x0000000001464000 	/System/Library/PrivateFrameworks/RemoteViewServices.framework/Versions/A/RemoteViewServices
0x0000000001464000 	/System/Library/PrivateFrameworks/UIFoundation.framework/Versions/A/UIFoundation
0x0000000001464000 	/System/Library/Frameworks/IOSurface.framework/Versions/A/IOSurface
0x0000000001464000 	/System/Library/Frameworks/AudioToolbox.framework/Versions/A/AudioToolbox
0x0000000001464000 	/System/Library/Frameworks/AudioUnit.framework/Versions/A/AudioUnit
0x0000000001464000 	/System/Library/PrivateFrameworks/DataDetectorsCore.framework/Versions/A/DataDetectorsCore
0x0000000001464000 	/System/Library/PrivateFrameworks/DesktopServicesPriv.framework/Versions/A/DesktopServicesPriv
0x0000000001464000 	/System/Library/Frameworks/Carbon.framework/Versions/A/Frameworks/HIToolbox.framework/Versions/A/HIToolbox
0x0000000001464000 	/System/Library/Frameworks/QuartzCore.framework/Versions/A/QuartzCore
0x0000000001464000 	/System/Library/Frameworks/Carbon.framework/Versions/A/Frameworks/SpeechRecognition.framework/Versions/A/SpeechRecognition
0x0000000001464000 	/usr/lib/libauto.dylib
0x0000000001464000 	/usr/lib/libicucore.A.dylib
0x0000000001464000 	/usr/lib/libxml2.2.dylib
0x0000000001464000 	/System/Library/PrivateFrameworks/CoreUI.framework/Versions/A/CoreUI
0x0000000001464000 	/System/Library/Frameworks/CoreAudio.framework/Versions/A/CoreAudio
0x0000000001464000 	/System/Library/Frameworks/DiskArbitration.framework/Versions/A/DiskArbitration
0x0000000001464000 	/usr/lib/liblangid.dylib
0x0000000001464000 	/System/Library/PrivateFrameworks/MultitouchSupport.framework/Versions/A/MultitouchSupport
0x0000000001464000 	/System/Library/Frameworks/IOKit.framework/Versions/A/IOKit
0x0000000001464000 	/usr/lib/libDiagnosticMessagesClient.dylib
0x0000000001464000 	/System/Library/Frameworks/CoreServices.framework/Versions/A/CoreServices
0x0000000001464000 	/System/Library/PrivateFrameworks/PerformanceAnalysis.framework/Versions/A/PerformanceAnalysis
0x0000000001464000 	/System/Library/PrivateFrameworks/GenerationalStorage.framework/Versions/A/GenerationalStorage
0x0000000001464000 	/System/Library/Frameworks/OpenGL.framework/Versions/A/OpenGL
0x0000000001464000 	/System/Library/PrivateFrameworks/Sharing.framework/Versions/A/Sharing
0x0000000001464000 	/System/Library/Frameworks/CoreGraphics.framework/Versions/A/CoreGraphics
0x0000000001464000 	/System/Library/Frameworks/CoreText.framework/Versions/A/CoreText
0x0000000001464000 	/System/Library/Frameworks/ImageIO.framework/Versions/A/ImageIO
0x0000000001464000 	/usr/lib/libextension.dylib
0x0000000001464000 	/System/Library/PrivateFrameworks/Backup.framework/Versions/A/Backup
0x0000000001464000 	/usr/lib/libarchive.2.dylib
0x0000000001464000 	/System/Library/Frameworks/CFNetwork.framework/Versions/A/CFNetwork
0x0000000001464000 	/System/Library/Frameworks/SystemConfiguration.framework/Versions/A/SystemConfiguration
0x0000000001464000 	/usr/lib/libCRFSuite.dylib
0x0000000001464000 	/usr/lib/libc++.1.dylib
0x0000000001464000 	/usr/lib/libc++abi.dylib
0x0000000001464000 	/usr/lib/system/libcache.dylib
0x0000000001464000 	/usr/lib/system/libcommonCrypto.dylib
0x0000000001464000 	/usr/lib/system/libcompiler_rt.dylib
0x0000000001464000 	/usr/lib/system/libcopyfile.dylib
0x0000000001464000 	/usr/lib/system/libcorecrypto.dylib
0x0000000001464000 	/usr/lib/system/libdispatch.dylib
0x0000000001464000 	/usr/lib/system/libdyld.dylib
0x0000000001464000 	/usr/lib/system/libkeymgr.dylib
0x0000000001464000 	/usr/lib/system/liblaunch.dylib
0x0000000001464000 	/usr/lib/system/libmacho.dylib
0x0000000001464000 	/usr/lib/system/libquarantine.dylib
0x0000000001464000 	/usr/lib/system/libremovefile.dylib
0x0000000001464000 	/usr/lib/system/libsystem_asl.dylib
0x0000000001464000 	/usr/lib/system/libsystem_blocks.dylib
0x0000000001464000 	/usr/lib/system/libsystem_c.dylib
0x0000000001464000 	/usr/lib/system/libsystem_configuration.dylib
0x0000000001464000 	/usr/lib/system/libsystem_coreservices.dylib
0x0000000001464000 	/usr/lib/system/libsystem_coretls.dylib
0x0000000001464000 	/usr/lib/system/libsystem_dnssd.dylib
0x0000000001464000 	/usr/lib/system/libsystem_info.dylib
0x0000000001464000 	/usr/lib/system/libsystem_kernel.dylib
0x0000000001464000 	/usr/lib/system/libsystem_m.dylib
0x0000000001464000 	/usr/lib/system/libsystem_malloc.dylib
0x0000000001464000 	/usr/lib/system/libsystem_network.dylib
0x0000000001464000 	/usr/lib/system/libsystem_networkextension.dylib
0x0000000001464000 	/usr/lib/system/libsystem_notify.dylib
0x0000000001464000 	/usr/lib/system/libsystem_platform.dylib
0x0000000001464000 	/usr/lib/system/libsystem_pthread.dylib
0x0000000001464000 	/usr/lib/system/libsystem_sandbox.dylib
0x0000000001464000 	/usr/lib/system/libsystem_secinit.dylib
0x0000000001464000 	/usr/lib/system/libsystem_stats.dylib
0x0000000001464000 	/usr/lib/system/libsystem_trace.dylib
0x0000000001464000 	/usr/lib/system/libunc.dylib
0x0000000001464000 	/usr/lib/system/libunwind.dylib
0x0000000001464000 	/usr/lib/system/libxpc.dylib
0x0000000001464000 	/usr/lib/libbz2.1.0.dylib
0x0000000001464000 	/usr/lib/liblzma.5.dylib
0x0000000001464000 	/usr/lib/libbsm.0.dylib
0x0000000001464000 	/usr/lib/libsqlite3.dylib
0x0000000001464000 	/usr/lib/system/libkxld.dylib
0x0000000001464000 	/usr/lib/libxar.1.dylib
0x0000000001464000 	/usr/lib/libpam.2.dylib
0x0000000001464000 	/usr/lib/libOpenScriptingUtil.dylib
0x0000000001464000 	/System/Library/Frameworks/CoreServices.framework/Versions/A/Frameworks/FSEvents.framework/Versions/A/FSEvents
0x0000000001464000 	/System/Library/Frameworks/CoreServices.framework/Versions/A/Frameworks/CarbonCore.framework/Versions/A/CarbonCore
0x0000000001464000 	/System/Library/Frameworks/CoreServices.framework/Versions/A/Frameworks/Metadata.framework/Versions/A/Metadata
0x0000000001464000 	/System/Library/Frameworks/CoreServices.framework/Versions/A/Frameworks/OSServices.framework/Versions/A/OSServices
0x0000000001464000 	/System/Library/Frameworks/CoreServices.framework/Versions/A/Frameworks/SearchKit.framework/Versions/A/SearchKit
0x0000000001464000 	/System/Library/Frameworks/CoreServices.framework/Versions/A/Frameworks/AE.framework/Versions/A/AE
0x0000000001464000 	/System/Library/Frameworks/CoreServices.framework/Versions/A/Frameworks/LaunchServices.framework/Versions/A/LaunchServices
0x0000000001464000 	/System/Library/Frameworks/CoreServices.framework/Versions/A/Frameworks/DictionaryServices.framework/Versions/A/DictionaryServices
0x0000000001464000 	/System/Library/Frameworks/NetFS.framework/Versions/A/NetFS
0x0000000001464000 	/System/Library/PrivateFrameworks/NetAuth.framework/Versions/A/NetAuth
0x0000000001464000 	/System/Library/PrivateFrameworks/login.framework/Versions/A/Frameworks/loginsupport.framework/Versions/A/loginsupport
0x0000000001464000 	/System/Library/PrivateFrameworks/TCC.framework/Versions/A/TCC
0x0000000001464000 	/usr/lib/libmecabra.dylib
0x0000000001464000 	/System/Library/Frameworks/ApplicationServices.framework/Versions/A/Frameworks/ATS.framework/Versions/A/ATS
0x0000000001464000 	/System/Library/Frameworks/ApplicationServices.framework/Versions/A/Frameworks/ColorSync.framework/Versions/A/ColorSync
0x0000000001464000 	/System/Library/Frameworks/ApplicationServices.framework/Versions/A/Frameworks/HIServices.framework/Versions/A/HIServices
0x0000000001464000 	/System/Library/Frameworks/ApplicationServices.framework/Versions/A/Frameworks/LangAnalysis.framework/Versions/A/LangAnalysis
0x0000000001464000 	/System/Library/Frameworks/ApplicationServices.framework/Versions/A/Frameworks/PrintCore.framework/Versions/A/PrintCore
0x0000000001464000 	/System/Library/Frameworks/ApplicationServices.framework/Versions/A/Frameworks/QD.framework/Versions/A/QD
0x0000000001464000 	/System/Library/Frameworks/ApplicationServices.framework/Versions/A/Frameworks/SpeechSynthesis.framework/Versions/A/SpeechSynthesis
0x0000000001464000 	/System/Library/Frameworks/Accelerate.framework/Versions/A/Accelerate
0x0000000001464000 	/System/Library/Frameworks/Accelerate.framework/Versions/A/Frameworks/vImage.framework/Versions/A/vImage
0x0000000001464000 	/System/Library/Frameworks/Accelerate.framework/Versions/A/Frameworks/vecLib.framework/Versions/A/vecLib
0x0000000001464000 	/System/Library/Frameworks/Accelerate.framework/Versions/A/Frameworks/vecLib.framework/Versions/A/libvDSP.dylib
0x0000000001464000 	/System/Library/Frameworks/Accelerate.framework/Versions/A/Frameworks/vecLib.framework/Versions/A/libvMisc.dylib
0x0000000001464000 	/System/Library/Frameworks/Accelerate.framework/Versions/A/Frameworks/vecLib.framework/Versions/A/libLAPACK.dylib
0x0000000001464000 	/System/Library/Frameworks/Accelerate.framework/Versions/A/Frameworks/vecLib.framework/Versions/A/libBLAS.dylib
0x0000000001464000 	/System/Library/Frameworks/Accelerate.framework/Versions/A/Frameworks/vecLib.framework/Versions/A/libLinearAlgebra.dylib
0x0000000001464000 	/System/Library/Frameworks/ApplicationServices.framework/Versions/A/Frameworks/ATS.framework/Versions/A/Resources/libFontParser.dylib
0x0000000001464000 	/System/Library/Frameworks/ApplicationServices.framework/Versions/A/Frameworks/ATS.framework/Versions/A/Resources/libFontRegistry.dylib
0x0000000001464000 	/System/Library/PrivateFrameworks/AppleVPA.framework/Versions/A/AppleVPA
0x0000000001464000 	/System/Library/PrivateFrameworks/AppleJPEG.framework/Versions/A/AppleJPEG
0x0000000001464000 	/System/Library/Frameworks/ImageIO.framework/Versions/A/Resources/libJPEG.dylib
0x0000000001464000 	/System/Library/Frameworks/ImageIO.framework/Versions/A/Resources/libTIFF.dylib
0x0000000001464000 	/System/Library/Frameworks/ImageIO.framework/Versions/A/Resources/libPng.dylib
0x0000000001464000 	/System/Library/Frameworks/ImageIO.framework/Versions/A/Resources/libGIF.dylib
0x0000000001464000 	/System/Library/Frameworks/ImageIO.framework/Versions/A/Resources/libJP2.dylib
0x0000000001464000 	/System/Library/Frameworks/ImageIO.framework/Versions/A/Resources/libRadiance.dylib
0x0000000001464000 	/System/Library/Frameworks/CoreVideo.framework/Versions/A/CoreVideo
0x0000000001464000 	/System/Library/Frameworks/OpenGL.framework/Versions/A/Libraries/libGLU.dylib
0x0000000001464000 	/System/Library/Frameworks/OpenGL.framework/Versions/A/Libraries/libGFXShared.dylib
0x0000000001464000 	/System/Library/Frameworks/OpenGL.framework/Versions/A/Libraries/libGL.dylib
0x0000000001464000 	/System/Library/Frameworks/OpenGL.framework/Versions/A/Libraries/libGLImage.dylib
0x0000000001464000 	/System/Library/Frameworks/OpenGL.framework/Versions/A/Libraries/libCVMSPluginSupport.dylib
0x0000000001464000 	/System/Library/Frameworks/OpenGL.framework/Versions/A/Libraries/libCoreVMClient.dylib
0x0000000001464000 	/usr/lib/libcups.2.dylib
0x0000000001464000 	/System/Library/Frameworks/Kerberos.framework/Versions/A/Kerberos
0x0000000001464000 	/System/Library/Frameworks/GSS.framework/Versions/A/GSS
0x0000000001464000 	/usr/lib/libresolv.9.dylib
0x0000000001464000 	/usr/lib/libiconv.2.dylib
0x0000000001464000 	/System/Library/PrivateFrameworks/Heimdal.framework/Versions/A/Heimdal
0x0000000001464000 	/usr/lib/libheimdal-asn1.dylib
0x0000000001464000 	/System/Library/Frameworks/OpenDirectory.framework/Versions/A/OpenDirectory
0x0000000001464000 	/System/Library/PrivateFrameworks/CommonAuth.framework/Versions/A/CommonAuth
0x0000000001464000 	/System/Library/Frameworks/OpenDirectory.framework/Versions/A/Frameworks/CFOpenDirectory.framework/Versions/A/CFOpenDirectory
0x0000000001464000 	/System/Library/Frameworks/SecurityFoundation.framework/Versions/A/SecurityFoundation
0x0000000001464000 	/System/Library/PrivateFrameworks/LanguageModeling.framework/Versions/A/LanguageModeling
0x0000000001464000 	/usr/lib/libcmph.dylib
0x0000000001464000 	/System/Library/Frameworks/ServiceManagement.framework/Versions/A/ServiceManagement
0x0000000001464000 	/usr/lib/libxslt.1.dylib
0x0000000001464000 	/System/Library/Frameworks/Carbon.framework/Versions/A/Frameworks/Ink.framework/Versions/A/Ink
0x0000000001464000 	/System/Library/Frameworks/QuartzCore.framework/Versions/A/Frameworks/CoreImage.framework/Versions/A/CoreImage
0x0000000001464000 	/System/Library/PrivateFrameworks/CrashReporterSupport.framework/Versions/A/CrashReporterSupport
0x0000000001464000 	/System/Library/Frameworks/OpenCL.framework/Versions/A/OpenCL
0x0000000001464000 	/System/Library/PrivateFrameworks/FaceCore.framework/Versions/A/FaceCore
0x0000000001464000 	/System/Library/PrivateFrameworks/Ubiquity.framework/Versions/A/Ubiquity
0x0000000001464000 	/System/Library/PrivateFrameworks/IconServices.framework/Versions/A/IconServices
0x0000000001464000 	/System/Library/PrivateFrameworks/ChunkingLibrary.framework/Versions/A/ChunkingLibrary
0x0000000001464000 	/System/Library/PrivateFrameworks/Apple80211.framework/Versions/A/Apple80211
0x0000000001464000 	/System/Library/Frameworks/CoreWLAN.framework/Versions/A/CoreWLAN
0x0000000001464000 	/System/Library/Frameworks/IOBluetooth.framework/Versions/A/IOBluetooth
0x0000000001464000 	/System/Library/PrivateFrameworks/CoreWiFi.framework/Versions/A/CoreWiFi
0x0000000001464000 	/System/Library/Frameworks/CoreBluetooth.framework/Versions/A/CoreBluetooth
0x0000000001464000 	/System/Library/PrivateFrameworks/DebugSymbols.framework/Versions/A/DebugSymbols
0x0000000001464000 	/System/Library/PrivateFrameworks/CoreSymbolication.framework/Versions/A/CoreSymbolication
0x0000000001464000 	/System/Library/PrivateFrameworks/Symbolication.framework/Versions/A/Symbolication
0x0000000001464000 	/System/Library/PrivateFrameworks/SpeechRecognitionCore.framework/Versions/A/SpeechRecognitionCore
0x0000000109600000 	/Library/Java/JavaVirtualMachines/jdk1.8.0_60.jdk/Contents/Home/jre/lib/server/libjvm.dylib
0x0000000001464000 	/usr/lib/libstdc++.6.dylib
0x000000010a68c000 	/Library/Java/JavaVirtualMachines/jdk1.8.0_60.jdk/Contents/Home/jre/lib/libverify.dylib
0x000000010a69a000 	/Library/Java/JavaVirtualMachines/jdk1.8.0_60.jdk/Contents/Home/jre/lib/libjava.dylib
0x000000010a6d7000 	/Library/Java/JavaVirtualMachines/jdk1.8.0_60.jdk/Contents/Home/jre/lib/libzip.dylib
0x0000000120757000 	/System/Library/Frameworks/JavaVM.framework/Frameworks/JavaRuntimeSupport.framework/JavaRuntimeSupport
0x000000012076d000 	/System/Library/Frameworks/JavaVM.framework/Versions/A/Frameworks/JavaNativeFoundation.framework/Versions/A/JavaNativeFoundation
0x0000000120781000 	/System/Library/Frameworks/JavaVM.framework/Versions/A/JavaVM
0x0000000001464000 	/System/Library/Frameworks/Carbon.framework/Versions/A/Carbon
0x000000012078d000 	/System/Library/PrivateFrameworks/JavaLaunching.framework/Versions/A/JavaLaunching
0x0000000001464000 	/System/Library/Frameworks/Carbon.framework/Versions/A/Frameworks/CommonPanels.framework/Versions/A/CommonPanels
0x0000000001464000 	/System/Library/Frameworks/Carbon.framework/Versions/A/Frameworks/Help.framework/Versions/A/Help
0x0000000001464000 	/System/Library/Frameworks/Carbon.framework/Versions/A/Frameworks/ImageCapture.framework/Versions/A/ImageCapture
0x0000000001464000 	/System/Library/Frameworks/Carbon.framework/Versions/A/Frameworks/OpenScripting.framework/Versions/A/OpenScripting
0x0000000001464000 	/System/Library/Frameworks/Carbon.framework/Versions/A/Frameworks/Print.framework/Versions/A/Print
0x0000000001464000 	/System/Library/Frameworks/Carbon.framework/Versions/A/Frameworks/SecurityHI.framework/Versions/A/SecurityHI
0x0000000122684000 	/Library/Java/JavaVirtualMachines/jdk1.8.0_60.jdk/Contents/Home/jre/lib/libawt.dylib
0x000000012272c000 	/Library/Java/JavaVirtualMachines/jdk1.8.0_60.jdk/Contents/Home/jre/lib/./libmlib_image.dylib
0x00000001227f8000 	/Library/Java/JavaVirtualMachines/jdk1.8.0_60.jdk/Contents/Home/jre/lib/libawt_lwawt.dylib
0x00000001228ad000 	/Library/Java/JavaVirtualMachines/jdk1.8.0_60.jdk/Contents/Home/jre/lib/./libosxapp.dylib
0x0000000001464000 	/System/Library/Frameworks/ExceptionHandling.framework/Versions/A/ExceptionHandling
0x0000000001464000 	/System/Library/PrivateFrameworks/CoreServicesInternal.framework/Versions/A/CoreServicesInternal
0x0000000001464000 	/System/Library/PrivateFrameworks/CloudDocs.framework/Versions/A/CloudDocs
0x0000000001464000 	/System/Library/PrivateFrameworks/CoreDuet.framework/Versions/A/CoreDuet
0x0000000001464000 	/System/Library/Frameworks/CloudKit.framework/Versions/A/CloudKit
0x0000000001464000 	/System/Library/PrivateFrameworks/ProtocolBuffer.framework/Versions/A/ProtocolBuffer
0x0000000001464000 	/System/Library/PrivateFrameworks/CoreDuetDaemonProtocol.framework/Versions/A/CoreDuetDaemonProtocol
0x0000000001464000 	/System/Library/PrivateFrameworks/CoreDuetDebugLogging.framework/Versions/A/CoreDuetDebugLogging
0x0000000001464000 	/System/Library/PrivateFrameworks/MMCS.framework/Versions/A/MMCS
0x0000000001464000 	/System/Library/Frameworks/CoreLocation.framework/Versions/A/CoreLocation
0x0000000001464000 	/System/Library/PrivateFrameworks/ProtectedCloudStorage.framework/Versions/A/ProtectedCloudStorage
0x0000000001464000 	/System/Library/PrivateFrameworks/GeoServices.framework/Versions/A/GeoServices
0x0000000001464000 	/System/Library/Frameworks/CoreGraphics.framework/Versions/A/Resources/libCGCMS.A.dylib
0x0000000001464000 	/System/Library/Frameworks/CoreGraphics.framework/Versions/A/Resources/libRIP.A.dylib
0x0000000001464000 	/System/Library/Frameworks/CoreGraphics.framework/Versions/A/Resources/libCGXType.A.dylib
0x0000000001464000 	/System/Library/Frameworks/OpenCL.framework/Versions/A/Libraries/libcldcpuengine.dylib
0x0000000001464000 	/System/Library/PrivateFrameworks/DiskImages.framework/Versions/A/DiskImages
0x0000000001464000 	/System/Library/Frameworks/DiscRecording.framework/Versions/A/DiscRecording
0x0000000001464000 	/usr/lib/libcsfde.dylib
0x0000000001464000 	/usr/lib/libcurl.4.dylib
0x0000000001464000 	/System/Library/PrivateFrameworks/MediaKit.framework/Versions/A/MediaKit
0x0000000001464000 	/usr/lib/libCoreStorage.dylib
0x0000000001464000 	/System/Library/PrivateFrameworks/EFILogin.framework/Versions/A/EFILogin
0x0000000001464000 	/usr/lib/libutil.dylib
0x0000000001464000 	/System/Library/PrivateFrameworks/FindMyDevice.framework/Versions/A/FindMyDevice
0x0000000001464000 	/System/Library/Frameworks/LDAP.framework/Versions/A/LDAP
0x0000000001464000 	/usr/lib/libsasl2.2.dylib
0x0000000001464000 	/System/Library/PrivateFrameworks/CoreDaemon.framework/Versions/B/CoreDaemon
0x0000000001464000 	/usr/lib/libcrypto.0.9.8.dylib
0x0000000001464000 	/System/Library/PrivateFrameworks/AppleSRP.framework/Versions/A/AppleSRP
0x0000000001464000 	/System/Library/PrivateFrameworks/TrustEvaluationAgent.framework/Versions/A/TrustEvaluationAgent
0x0000000125a7d000 	cl_kernels
0x0000000125a7f000 	/System/Library/Frameworks/OpenCL.framework/Versions/A/Libraries/ImageFormats/unorm8_bgra.dylib
0x0000000125a6f000 	cl_kernels
0x0000000001464000 	/System/Library/PrivateFrameworks/FamilyControls.framework/Versions/A/FamilyControls
0x0000000001464000 	/System/Library/PrivateFrameworks/CommerceKit.framework/Versions/A/Frameworks/CommerceCore.framework/Versions/A/CommerceCore
0x0000000001464000 	/System/Library/PrivateFrameworks/SystemAdministration.framework/Versions/A/SystemAdministration
0x0000000001464000 	/System/Library/PrivateFrameworks/AppContainer.framework/Versions/A/AppContainer
0x0000000001464000 	/System/Library/PrivateFrameworks/SecCodeWrapper.framework/Versions/A/SecCodeWrapper
0x0000000001464000 	/System/Library/Frameworks/DirectoryService.framework/Versions/A/DirectoryService
0x0000000001464000 	/System/Library/PrivateFrameworks/LoginUIKit.framework/Versions/A/Frameworks/LoginUICore.framework/Versions/A/LoginUICore
0x0000000001464000 	/usr/lib/libodfde.dylib
0x0000000001464000 	/System/Library/Frameworks/OpenGL.framework/Versions/A/Resources/GLEngine.bundle/GLEngine
0x0000000001464000 	/System/Library/Frameworks/OpenGL.framework/Versions/A/Libraries/libGLProgrammability.dylib
0x0000000126e29000 	/System/Library/Extensions/AppleIntelHD5000GraphicsGLDriver.bundle/Contents/MacOS/AppleIntelHD5000GraphicsGLDriver
0x0000000001464000 	/System/Library/PrivateFrameworks/IOAccelerator.framework/Versions/A/IOAccelerator
0x0000000001464000 	/System/Library/PrivateFrameworks/GPUSupport.framework/Versions/A/Libraries/libGPUSupportMercury.dylib
0x0000000001464000 	/System/Library/Frameworks/OpenGL.framework/Versions/A/Resources/GLRendererFloat.bundle/GLRendererFloat
0x0000000127eaf000 	/Library/Java/JavaVirtualMachines/jdk1.8.0_60.jdk/Contents/Home/jre/lib/libfontmanager.dylib
0x0000000129147000 	/Library/Java/JavaVirtualMachines/jdk1.8.0_60.jdk/Contents/Home/jre/lib/libosxui.dylib
0x000000012921c000 	/Library/Java/JavaVirtualMachines/jdk1.8.0_60.jdk/Contents/Home/jre/lib/libnet.dylib
0x0000000129233000 	/Library/Java/JavaVirtualMachines/jdk1.8.0_60.jdk/Contents/Home/jre/lib/libnio.dylib
0x0000000001464000 	/System/Library/Frameworks/ApplicationServices.framework/Versions/A/Frameworks/ATS.framework/Versions/A/Resources/libTrueTypeScaler.dylib
0x000000018851a000 	/private/var/folders/hh/z31jgv_d7szdfpdjxj5nl_v00000gn/T/jogamp_0000/file_cache/jln4396060775527913108/jln6005659894547579984/libgluegen-rt.jnilib
0x000000018851e000 	/private/var/folders/hh/z31jgv_d7szdfpdjxj5nl_v00000gn/T/jogamp_0000/file_cache/jln4396060775527913108/jln6005659894547579984/libnativewindow_awt.jnilib
0x0000000188521000 	/Library/Java/JavaVirtualMachines/jdk1.8.0_60.jdk/Contents/Home/jre/lib/libjawt.dylib
0x0000000188524000 	/private/var/folders/hh/z31jgv_d7szdfpdjxj5nl_v00000gn/T/jogamp_0000/file_cache/jln4396060775527913108/jln6005659894547579984/libnativewindow_macosx.jnilib
0x000000018d279000 	/private/var/folders/hh/z31jgv_d7szdfpdjxj5nl_v00000gn/T/jogamp_0000/file_cache/jln4396060775527913108/jln6005659894547579984/libjogl_desktop.jnilib
0x0000000188738000 	/Library/Java/JavaVirtualMachines/jdk1.8.0_60.jdk/Contents/Home/jre/lib/libt2k.dylib

VM Arguments:
jvm_args: -Djava.security.policy=java.policy.applet -Dfile.encoding=UTF-8 
java_command: sun.applet.AppletViewer module4.EarthquakeCityMap1488862399987.html
java_class_path (initial): /Users/chuan1900/coursera-java/UCSDUnfoldingMaps/build:/Users/chuan1900/coursera-java/UCSDUnfoldingMaps/lib/core.jar:/Users/chuan1900/coursera-java/UCSDUnfoldingMaps/lib/gluegen-rt.jar:/Users/chuan1900/coursera-java/UCSDUnfoldingMaps/lib/jogl-all.jar:/Users/chuan1900/coursera-java/UCSDUnfoldingMaps/lib/log4j-1.2.15.jar:/Users/chuan1900/coursera-java/UCSDUnfoldingMaps/lib/sqlite-jdbc-3.7.2.jar:/Users/chuan1900/coursera-java/UCSDUnfoldingMaps/lib/json4processing.jar:/Users/chuan1900/coursera-java/UCSDUnfoldingMaps/lib/libTUIO.jar:/Users/chuan1900/coursera-java/UCSDUnfoldingMaps/lib/unfolding.0.9.7-uscd.jar
Launcher Type: SUN_STANDARD

Environment Variables:
PATH=/usr/bin:/bin:/usr/sbin:/sbin
SHELL=/bin/bash
DISPLAY=/private/tmp/com.apple.launchd.yILEgeE45r/org.macosforge.xquartz:0

Signal Handlers:
SIGSEGV: [libjvm.dylib+0x5a6d31], sa_mask[0]=11111111011111110111111111111111, sa_flags=SA_ONSTACK|SA_RESTART|SA_SIGINFO
SIGBUS: [libjvm.dylib+0x5a6d31], sa_mask[0]=11111111011111110111111111111111, sa_flags=SA_RESTART|SA_SIGINFO
SIGFPE: [libjvm.dylib+0x480a4c], sa_mask[0]=11111111011111110111111111111111, sa_flags=SA_RESTART|SA_SIGINFO
SIGPIPE: [libjvm.dylib+0x480a4c], sa_mask[0]=11111111011111110111111111111111, sa_flags=SA_RESTART|SA_SIGINFO
SIGXFSZ: [libjvm.dylib+0x480a4c], sa_mask[0]=11111111011111110111111111111111, sa_flags=SA_RESTART|SA_SIGINFO
SIGILL: [libjvm.dylib+0x480a4c], sa_mask[0]=11111111011111110111111111111111, sa_flags=SA_RESTART|SA_SIGINFO
SIGUSR1: SIG_DFL, sa_mask[0]=00000000000000000000000000000000, sa_flags=none
SIGUSR2: [libjvm.dylib+0x48056a], sa_mask[0]=00100000000000000000000000000000, sa_flags=SA_RESTART|SA_SIGINFO
SIGHUP: [libjvm.dylib+0x47eb41], sa_mask[0]=11111111011111110111111111111111, sa_flags=SA_RESTART|SA_SIGINFO
SIGINT: [libjvm.dylib+0x47eb41], sa_mask[0]=11111111011111110111111111111111, sa_flags=SA_RESTART|SA_SIGINFO
SIGTERM: [libjvm.dylib+0x47eb41], sa_mask[0]=11111111011111110111111111111111, sa_flags=SA_RESTART|SA_SIGINFO
SIGQUIT: [libjvm.dylib+0x47eb41], sa_mask[0]=11111111011111110111111111111111, sa_flags=SA_RESTART|SA_SIGINFO


---------------  S Y S T E M  ---------------

OS:Bsduname:Darwin 14.5.0 Darwin Kernel Version 14.5.0: Sun Sep 25 22:07:15 PDT 2016; root:xnu-2782.50.9~1/RELEASE_X86_64 x86_64
rlimit: STACK 8192k, CORE 0k, NPROC 709, NOFILE 10240, AS infinity
load average:2.13 1.88 1.85

CPU:total 4 (2 cores per cpu, 2 threads per core) family 6 model 69 stepping 1, cmov, cx8, fxsr, mmx, sse, sse2, sse3, ssse3, sse4.1, sse4.2, popcnt, avx, avx2, aes, clmul, erms, lzcnt, ht, tsc, tscinvbit, bmi1, bmi2

Memory: 4k page, physical 8388608k(187184k free)

/proc/meminfo:


vm_info: Java HotSpot(TM) 64-Bit Server VM (25.60-b23) for bsd-amd64 JRE (1.8.0_60-b27), built on Aug  4 2015 10:47:24 by "java_re" with gcc 4.2.1 (Based on Apple Inc. build 5658) (LLVM build 2336.11.00)

time: Mon Mar  6 23:54:18 2017
elapsed time: 58 seconds (0d 0h 0m 58s)

