#
# A fatal error has been detected by the Java Runtime Environment:
#
#  SIGSEGV (0xb) at pc=0x00007fff8a7c30dd, pid=26984, tid=1811
#
# JRE version: Java(TM) SE Runtime Environment (8.0_60-b27) (build 1.8.0_60-b27)
# Java VM: Java HotSpot(TM) 64-Bit Server VM (25.60-b23 mixed mode bsd-amd64 compressed oops)
# Problematic frame:
# C  [libobjc.A.dylib+0x10dd]  objc_msgSend+0x1d
#
# Failed to write core dump. Core dumps have been disabled. To enable core dumping, try "ulimit -c unlimited" before starting Java again
#
# If you would like to submit a bug report, please visit:
#   http://bugreport.java.com/bugreport/crash.jsp
# The crash happened outside the Java Virtual Machine in native code.
# See problematic frame for where to report the bug.
#

---------------  T H R E A D  ---------------

Current thread (0x00007ff29d87c000):  JavaThread "AWT-AppKit" daemon [_thread_in_native, id=1811, stack(0x00007fff56764000,0x00007fff56f64000)]

siginfo: si_signo: 11 (SIGSEGV), si_code: 1 (SEGV_MAPERR), si_addr: 0x0000000000000018

Registers:
RAX=0x00007ff29fda6380, RBX=0x0000000188555450, RCX=0x000000012912ab60, RDX=0x0000000127fd4600
RSP=0x00007fff56f5f558, RBP=0x00007fff56f5f610, RSI=0x00007fff8d22240f, RDI=0x00007ff29e38a720
R8 =0x0000000000000000, R9 =0x0000000000000f50, R10=0x00007fff8d22240f, R11=0x0000000000000000
R12=0x0000000000000000, R13=0x000000018d1174f0, R14=0x0000000188555440, R15=0x00007ff29d87c000
RIP=0x00007fff8a7c30dd, EFLAGS=0x0000000000010246, ERR=0x0000000000000004
  TRAPNO=0x000000000000000e

Top of Stack: (sp=0x00007fff56f5f558)
0x00007fff56f5f558:   0000000188553157 00007fff56f5f5b0
0x00007fff56f5f568:   0000000000000003 00007fff56f5f590
0x00007fff56f5f578:   0000000108f8c992 000000018d1174f0
0x00007fff56f5f588:   000000018d1174f0 00007ff29fda6380
0x00007fff56f5f598:   00000001885556a0 0000000188555710
0x00007fff56f5f5a8:   00007fff72ea7550 00007fff7183fc80
0x00007fff56f5f5b8:   0000000188555450 0000000188555690
0x00007fff56f5f5c8:   00007ff29fda6380 00007ff29e38a720
0x00007fff56f5f5d8:   00007ff29bf32480 00007ff29fda6380
0x00007fff56f5f5e8:   00007ff29e38a720 00007fff56f5f698
0x00007fff56f5f5f8:   00007ff29d87c1f8 000000018d1174f0
0x00007fff56f5f608:   00007fff56f5f6c0 00007fff56f5f688
0x00007fff56f5f618:   000000010a718954 000000018d1174f0
0x00007fff56f5f628:   00007fff56f5f6c0 00007fff56f5f688
0x00007fff56f5f638:   000000010a7186e7 000000010a7186a2
0x00007fff56f5f648:   00007fff56f5f648 000000018d1174f0
0x00007fff56f5f658:   00007fff56f5f6c0 000000018d11a128
0x00007fff56f5f668:   0000000000000000 000000018d1174f0
0x00007fff56f5f678:   0000000000000000 00007fff56f5f6a8
0x00007fff56f5f688:   00007fff56f5f708 000000010a70ac4d
0x00007fff56f5f698:   0000000740b50a58 000000010a712578
0x00007fff56f5f6a8:   00007ff29fda6380 00007fff56f5f708
0x00007fff56f5f6b8:   00007ff29e38a720 000000010a713d82
0x00007fff56f5f6c8:   00007fff56f5f6c8 000000018d1176ba
0x00007fff56f5f6d8:   00007fff56f5f730 000000018d11a128
0x00007fff56f5f6e8:   0000000000000000 000000018d1176c8
0x00007fff56f5f6f8:   00007fff56f5f6a8 00007fff56f5f718
0x00007fff56f5f708:   00007fff56f5f778 000000010a70ac4d
0x00007fff56f5f718:   00007ff29fda6380 0000000740aed4f0
0x00007fff56f5f728:   00007ff29e38a720 0000000740aed4f0
0x00007fff56f5f738:   00007fff56f5f738 000000019375e78e
0x00007fff56f5f748:   00007fff56f5f788 000000019375e848 

Instructions: (pc=0x00007fff8a7c30dd)
0x00007fff8a7c30bd:   00 00 00 48 85 ff 2e 74 7a 40 f6 c7 01 2e 75 7e
0x00007fff8a7c30cd:   49 bb f8 ff ff ff ff 7f 00 00 4c 23 1f 49 89 f2
0x00007fff8a7c30dd:   45 23 53 18 49 c1 e2 04 4d 03 53 10 49 3b 32 75
0x00007fff8a7c30ed:   04 41 ff 62 08 49 83 3a 00 74 6a 4d 3b 53 10 74 

Register to memory mapping:

RAX=0x00007ff29fda6380 is an unknown value
RBX=0x0000000188555450: Java_jogamp_nativewindow_macosx_OSXUtil_GetScreenRefreshRate0+0x1cf0 in /private/var/folders/hh/z31jgv_d7szdfpdjxj5nl_v00000gn/T/jogamp_0000/file_cache/jln3887265643008088753/jln4802590887921673286/libnativewindow_macosx.jnilib at 0x000000018854e000
RCX=0x000000012912ab60 is an unknown value
RDX=0x0000000127fd4600 is an unknown value
RSP=0x00007fff56f5f558 is pointing into the stack for thread: 0x00007ff29d87c000
RBP=0x00007fff56f5f610 is pointing into the stack for thread: 0x00007ff29d87c000
RSI=0x00007fff8d22240f is an unknown value
RDI=0x00007ff29e38a720 is an unknown value
R8 =0x0000000000000000 is an unknown value
R9 =0x0000000000000f50 is an unknown value
R10=0x00007fff8d22240f is an unknown value
R11=0x0000000000000000 is an unknown value
R12=0x0000000000000000 is an unknown value
R13={method} {0x000000018d1174f0} 'UnsetJAWTRootSurfaceLayer0' '(JJ)V' in 'jogamp/nativewindow/jawt/macosx/MacOSXJAWTWindow'
R14=0x0000000188555440: Java_jogamp_nativewindow_macosx_OSXUtil_GetScreenRefreshRate0+0x1ce0 in /private/var/folders/hh/z31jgv_d7szdfpdjxj5nl_v00000gn/T/jogamp_0000/file_cache/jln3887265643008088753/jln4802590887921673286/libnativewindow_macosx.jnilib at 0x000000018854e000
R15=0x00007ff29d87c000 is a thread


Stack: [0x00007fff56764000,0x00007fff56f64000],  sp=0x00007fff56f5f558,  free space=8173k
Native frames: (J=compiled Java code, j=interpreted, Vv=VM code, C=native code)
C  [libobjc.A.dylib+0x10dd]  objc_msgSend+0x1d
j  jogamp.nativewindow.jawt.macosx.MacOSXJAWTWindow.UnsetJAWTRootSurfaceLayer0(JJ)V+0
j  jogamp.nativewindow.jawt.macosx.MacOSXJAWTWindow.access$200(JJ)V+2
j  jogamp.nativewindow.jawt.macosx.MacOSXJAWTWindow$1.run()V+38
j  com.jogamp.common.util.RunnableTask.run()V+24
v  ~StubRoutines::call_stub
V  [libjvm.dylib+0x2eab0e]
V  [libjvm.dylib+0x321bb7]
V  [libjvm.dylib+0x31438b]
C  [libnativewindow_macosx.jnilib+0x5326]  Java_jogamp_nativewindow_jawt_macosx_MacOSXJAWTWindow_UnsetJAWTRootSurfaceLayer0+0x2b6
C  [Foundation+0x92dd0]  __NSThreadPerformPerform+0x125
C  [CoreFoundation+0x80a01]  __CFRUNLOOP_IS_CALLING_OUT_TO_A_SOURCE0_PERFORM_FUNCTION__+0x11
C  [CoreFoundation+0x72b8d]  __CFRunLoopDoSources0+0x10d
C  [CoreFoundation+0x721bf]  __CFRunLoopRun+0x39f
C  [CoreFoundation+0x71bd8]  CFRunLoopRunSpecific+0x128
C  [HIToolbox+0x3256f]  RunCurrentEventLoopInMode+0xeb
C  [HIToolbox+0x321ee]  ReceiveNextEventCommon+0xb3
C  [HIToolbox+0x3212b]  _BlockUntilNextEventMatchingListInModeWithFilter+0x47
C  [AppKit+0x918ab]  _DPSNextEvent+0x3d2
C  [AppKit+0x90e58]  -[NSApplication nextEventMatchingMask:untilDate:inMode:dequeue:]+0x15a
C  [libosxapp.dylib+0x23aa]  -[NSApplicationAWT nextEventMatchingMask:untilDate:inMode:dequeue:]+0x7c
C  [AppKit+0x86af3]  -[NSApplication run]+0x252
C  [libosxapp.dylib+0x214d]  +[NSApplicationAWT runAWTLoopWithApp:]+0x9c
C  [libawt_lwawt.dylib+0x44517]  -[AWTStarter starter:]+0x389
C  [Foundation+0x92dd0]  __NSThreadPerformPerform+0x125
C  [CoreFoundation+0x80a01]  __CFRUNLOOP_IS_CALLING_OUT_TO_A_SOURCE0_PERFORM_FUNCTION__+0x11
C  [CoreFoundation+0x72b8d]  __CFRunLoopDoSources0+0x10d
C  [CoreFoundation+0x721bf]  __CFRunLoopRun+0x39f
C  [CoreFoundation+0x71bd8]  CFRunLoopRunSpecific+0x128
C  [java+0x6463]  CreateExecutionEnvironment+0x367
C  [java+0x21ac]  JLI_Launch+0x7a0
C  [java+0x84c0]  main+0x65
C  [java+0x1a04]  start+0x34
C  0x0000000000000007

Java frames: (J=compiled Java code, j=interpreted, Vv=VM code)
j  jogamp.nativewindow.jawt.macosx.MacOSXJAWTWindow.UnsetJAWTRootSurfaceLayer0(JJ)V+0
j  jogamp.nativewindow.jawt.macosx.MacOSXJAWTWindow.access$200(JJ)V+2
j  jogamp.nativewindow.jawt.macosx.MacOSXJAWTWindow$1.run()V+38
j  com.jogamp.common.util.RunnableTask.run()V+24
v  ~StubRoutines::call_stub

---------------  P R O C E S S  ---------------

Java Threads: ( => current thread )
  0x00007ff29d6db000 JavaThread "Thread-7" [_thread_blocked, id=12347, stack(0x000000019266b000,0x000000019276b000)]
  0x00007ff29d37c000 JavaThread "AWT-EventQueue-1" [_thread_in_native, id=62267, stack(0x0000000188d25000,0x0000000188e25000)]
  0x00007ff29c809800 JavaThread "DestroyJavaVM" [_thread_blocked, id=4867, stack(0x000000010a601000,0x000000010a701000)]
  0x00007ff29d1ba000 JavaThread "AWT-EventQueue-0" [_thread_blocked, id=54535, stack(0x0000000128fee000,0x00000001290ee000)]
  0x00007ff29c175000 JavaThread "Java2D Disposer" daemon [_thread_blocked, id=48911, stack(0x0000000127d66000,0x0000000127e66000)]
  0x00007ff29d15f000 JavaThread "Java2D Queue Flusher" daemon [_thread_blocked, id=49159, stack(0x0000000126ce0000,0x0000000126de0000)]
  0x00007ff29d8d4000 JavaThread "AWT-Shutdown" [_thread_blocked, id=28435, stack(0x0000000123ef6000,0x0000000123ff6000)]
=>0x00007ff29d87c000 JavaThread "AWT-AppKit" daemon [_thread_in_native, id=1811, stack(0x00007fff56764000,0x00007fff56f64000)]
  0x00007ff29d82d000 JavaThread "Service Thread" daemon [_thread_blocked, id=18179, stack(0x000000012243a000,0x000000012253a000)]
  0x00007ff29d016000 JavaThread "C1 CompilerThread2" daemon [_thread_blocked, id=17667, stack(0x0000000122337000,0x0000000122437000)]
  0x00007ff29d015800 JavaThread "C2 CompilerThread1" daemon [_thread_blocked, id=17155, stack(0x0000000122234000,0x0000000122334000)]
  0x00007ff29c813000 JavaThread "C2 CompilerThread0" daemon [_thread_blocked, id=16643, stack(0x0000000122131000,0x0000000122231000)]
  0x00007ff29c807800 JavaThread "Signal Dispatcher" daemon [_thread_blocked, id=12567, stack(0x000000012202e000,0x000000012212e000)]
  0x00007ff29d846800 JavaThread "Finalizer" daemon [_thread_blocked, id=11523, stack(0x0000000120628000,0x0000000120728000)]
  0x00007ff29d845800 JavaThread "Reference Handler" daemon [_thread_blocked, id=11011, stack(0x0000000120525000,0x0000000120625000)]

Other Threads:
  0x00007ff29d843000 VMThread [stack: 0x0000000120422000,0x0000000120522000] [id=10499]
  0x00007ff29d001000 WatcherThread [stack: 0x000000012253d000,0x000000012263d000] [id=18691]

VM state:not at safepoint (normal execution)

VM Mutex/Monitor currently owned by a thread: None

Heap:
 PSYoungGen      total 24576K, used 904K [0x0000000795580000, 0x0000000796e80000, 0x00000007c0000000)
  eden space 24064K, 3% used [0x0000000795580000,0x00000007956620f0,0x0000000796d00000)
  from space 512K, 0% used [0x0000000796d80000,0x0000000796d80000,0x0000000796e00000)
  to   space 512K, 0% used [0x0000000796e00000,0x0000000796e00000,0x0000000796e80000)
 ParOldGen       total 49152K, used 13083K [0x0000000740000000, 0x0000000743000000, 0x0000000795580000)
  object space 49152K, 26% used [0x0000000740000000,0x0000000740cc6f18,0x0000000743000000)
 Metaspace       used 20989K, capacity 21131K, committed 21296K, reserved 1069056K
  class space    used 2044K, capacity 2112K, committed 2176K, reserved 1048576K

Card table byte_map: [0x0000000119ac3000,0x0000000119ec4000] byte_map_base: 0x00000001160c3000

Marking Bits: (ParMarkBitMap*) 0x0000000109679e20
 Begin Bits: [0x000000011a57b000, 0x000000011c57b000)
 End Bits:   [0x000000011c57b000, 0x000000011e57b000)

Polling page: 0x0000000109d7e000

CodeCache: size=245760Kb used=8917Kb max_used=10395Kb free=236842Kb
 bounds [0x000000010a703000, 0x000000010b143000, 0x0000000119703000]
 total_blobs=3375 nmethods=2485 adapters=803
 compilation: enabled

Compilation events (10 events):
Event: 347.530 Thread 0x00007ff29c813000 2900  s    4       sun.misc.URLClassPath::getNextLoader (88 bytes)
Event: 347.530 Thread 0x00007ff29d016000 2901       3       java.util.HashMap::put (13 bytes)
Event: 347.531 Thread 0x00007ff29d016000 nmethod 2901 0x000000010a8ed110 code [0x000000010a8ed2a0, 0x000000010a8ed658]
Event: 347.536 Thread 0x00007ff29d016000 2902       3       java.util.IdentityHashMap::maskNull (12 bytes)
Event: 347.537 Thread 0x00007ff29d016000 nmethod 2902 0x000000010abcb9d0 code [0x000000010abcbb40, 0x000000010abcbcd0]
Event: 347.537 Thread 0x00007ff29c813000 nmethod 2900 0x000000010a921310 code [0x000000010a921480, 0x000000010a921bf8]
Event: 347.538 Thread 0x00007ff29d015800 2903       4       com.jogamp.nativewindow.awt.AWTGraphicsConfiguration::getNativeGraphicsConfiguration (17 bytes)
Event: 347.539 Thread 0x00007ff29d015800 nmethod 2903 0x000000010abf75d0 code [0x000000010abf7720, 0x000000010abf77b8]
Event: 347.593 Thread 0x00007ff29d016000 2904       3       sun.java2d.pipe.RenderBuffer::putFloat (26 bytes)
Event: 347.593 Thread 0x00007ff29d016000 nmethod 2904 0x000000010ac56510 code [0x000000010ac56680, 0x000000010ac56810]

GC Heap History (10 events):
Event: 338.108 GC heap before
{Heap before GC invocations=72 (full 0):
 PSYoungGen      total 24576K, used 24192K [0x0000000795580000, 0x0000000796e80000, 0x00000007c0000000)
  eden space 24064K, 100% used [0x0000000795580000,0x0000000796d00000,0x0000000796d00000)
  from space 512K, 25% used [0x0000000796d80000,0x0000000796da0000,0x0000000796e00000)
  to   space 512K, 0% used [0x0000000796e00000,0x0000000796e00000,0x0000000796e80000)
 ParOldGen       total 87552K, used 14968K [0x0000000740000000, 0x0000000745580000, 0x0000000795580000)
  object space 87552K, 17% used [0x0000000740000000,0x0000000740e9e3e8,0x0000000745580000)
 Metaspace       used 20942K, capacity 21131K, committed 21296K, reserved 1069056K
  class space    used 2036K, capacity 2112K, committed 2176K, reserved 1048576K
Event: 338.111 GC heap after
Heap after GC invocations=72 (full 0):
 PSYoungGen      total 24576K, used 64K [0x0000000795580000, 0x0000000796e80000, 0x00000007c0000000)
  eden space 24064K, 0% used [0x0000000795580000,0x0000000795580000,0x0000000796d00000)
  from space 512K, 12% used [0x0000000796e00000,0x0000000796e10000,0x0000000796e80000)
  to   space 512K, 0% used [0x0000000796d80000,0x0000000796d80000,0x0000000796e00000)
 ParOldGen       total 87552K, used 14968K [0x0000000740000000, 0x0000000745580000, 0x0000000795580000)
  object space 87552K, 17% used [0x0000000740000000,0x0000000740e9e3e8,0x0000000745580000)
 Metaspace       used 20942K, capacity 21131K, committed 21296K, reserved 1069056K
  class space    used 2036K, capacity 2112K, committed 2176K, reserved 1048576K
}
Event: 342.674 GC heap before
{Heap before GC invocations=73 (full 0):
 PSYoungGen      total 24576K, used 24128K [0x0000000795580000, 0x0000000796e80000, 0x00000007c0000000)
  eden space 24064K, 100% used [0x0000000795580000,0x0000000796d00000,0x0000000796d00000)
  from space 512K, 12% used [0x0000000796e00000,0x0000000796e10000,0x0000000796e80000)
  to   space 512K, 0% used [0x0000000796d80000,0x0000000796d80000,0x0000000796e00000)
 ParOldGen       total 87552K, used 14968K [0x0000000740000000, 0x0000000745580000, 0x0000000795580000)
  object space 87552K, 17% used [0x0000000740000000,0x0000000740e9e3e8,0x0000000745580000)
 Metaspace       used 20942K, capacity 21131K, committed 21296K, reserved 1069056K
  class space    used 2036K, capacity 2112K, committed 2176K, reserved 1048576K
Event: 342.675 GC heap after
Heap after GC invocations=73 (full 0):
 PSYoungGen      total 24576K, used 96K [0x0000000795580000, 0x0000000796e80000, 0x00000007c0000000)
  eden space 24064K, 0% used [0x0000000795580000,0x0000000795580000,0x0000000796d00000)
  from space 512K, 18% used [0x0000000796d80000,0x0000000796d98000,0x0000000796e00000)
  to   space 512K, 0% used [0x0000000796e00000,0x0000000796e00000,0x0000000796e80000)
 ParOldGen       total 87552K, used 14968K [0x0000000740000000, 0x0000000745580000, 0x0000000795580000)
  object space 87552K, 17% used [0x0000000740000000,0x0000000740e9e3e8,0x0000000745580000)
 Metaspace       used 20942K, capacity 21131K, committed 21296K, reserved 1069056K
  class space    used 2036K, capacity 2112K, committed 2176K, reserved 1048576K
}
Event: 347.160 GC heap before
{Heap before GC invocations=74 (full 0):
 PSYoungGen      total 24576K, used 24160K [0x0000000795580000, 0x0000000796e80000, 0x00000007c0000000)
  eden space 24064K, 100% used [0x0000000795580000,0x0000000796d00000,0x0000000796d00000)
  from space 512K, 18% used [0x0000000796d80000,0x0000000796d98000,0x0000000796e00000)
  to   space 512K, 0% used [0x0000000796e00000,0x0000000796e00000,0x0000000796e80000)
 ParOldGen       total 87552K, used 14968K [0x0000000740000000, 0x0000000745580000, 0x0000000795580000)
  object space 87552K, 17% used [0x0000000740000000,0x0000000740e9e3e8,0x0000000745580000)
 Metaspace       used 20954K, capacity 21131K, committed 21296K, reserved 1069056K
  class space    used 2036K, capacity 2112K, committed 2176K, reserved 1048576K
Event: 347.162 GC heap after
Heap after GC invocations=74 (full 0):
 PSYoungGen      total 24576K, used 96K [0x0000000795580000, 0x0000000796e80000, 0x00000007c0000000)
  eden space 24064K, 0% used [0x0000000795580000,0x0000000795580000,0x0000000796d00000)
  from space 512K, 18% used [0x0000000796e00000,0x0000000796e18000,0x0000000796e80000)
  to   space 512K, 0% used [0x0000000796d80000,0x0000000796d80000,0x0000000796e00000)
 ParOldGen       total 87552K, used 14984K [0x0000000740000000, 0x0000000745580000, 0x0000000795580000)
  object space 87552K, 17% used [0x0000000740000000,0x0000000740ea23e8,0x0000000745580000)
 Metaspace       used 20954K, capacity 21131K, committed 21296K, reserved 1069056K
  class space    used 2036K, capacity 2112K, committed 2176K, reserved 1048576K
}
Event: 347.540 GC heap before
{Heap before GC invocations=75 (full 0):
 PSYoungGen      total 24576K, used 3149K [0x0000000795580000, 0x0000000796e80000, 0x00000007c0000000)
  eden space 24064K, 12% used [0x0000000795580000,0x000000079587b640,0x0000000796d00000)
  from space 512K, 18% used [0x0000000796e00000,0x0000000796e18000,0x0000000796e80000)
  to   space 512K, 0% used [0x0000000796d80000,0x0000000796d80000,0x0000000796e00000)
 ParOldGen       total 87552K, used 14984K [0x0000000740000000, 0x0000000745580000, 0x0000000795580000)
  object space 87552K, 17% used [0x0000000740000000,0x0000000740ea23e8,0x0000000745580000)
 Metaspace       used 20989K, capacity 21131K, committed 21296K, reserved 1069056K
  class space    used 2044K, capacity 2112K, committed 2176K, reserved 1048576K
Event: 347.542 GC heap after
Heap after GC invocations=75 (full 0):
 PSYoungGen      total 24576K, used 128K [0x0000000795580000, 0x0000000796e80000, 0x00000007c0000000)
  eden space 24064K, 0% used [0x0000000795580000,0x0000000795580000,0x0000000796d00000)
  from space 512K, 25% used [0x0000000796d80000,0x0000000796da0000,0x0000000796e00000)
  to   space 512K, 0% used [0x0000000796e00000,0x0000000796e00000,0x0000000796e80000)
 ParOldGen       total 87552K, used 15000K [0x0000000740000000, 0x0000000745580000, 0x0000000795580000)
  object space 87552K, 17% used [0x0000000740000000,0x0000000740ea63e8,0x0000000745580000)
 Metaspace       used 20989K, capacity 21131K, committed 21296K, reserved 1069056K
  class space    used 2044K, capacity 2112K, committed 2176K, reserved 1048576K
}
Event: 347.542 GC heap before
{Heap before GC invocations=76 (full 1):
 PSYoungGen      total 24576K, used 128K [0x0000000795580000, 0x0000000796e80000, 0x00000007c0000000)
  eden space 24064K, 0% used [0x0000000795580000,0x0000000795580000,0x0000000796d00000)
  from space 512K, 25% used [0x0000000796d80000,0x0000000796da0000,0x0000000796e00000)
  to   space 512K, 0% used [0x0000000796e00000,0x0000000796e00000,0x0000000796e80000)
 ParOldGen       total 87552K, used 15000K [0x0000000740000000, 0x0000000745580000, 0x0000000795580000)
  object space 87552K, 17% used [0x0000000740000000,0x0000000740ea63e8,0x0000000745580000)
 Metaspace       used 20989K, capacity 21131K, committed 21296K, reserved 1069056K
  class space    used 2044K, capacity 2112K, committed 2176K, reserved 1048576K
Event: 347.592 GC heap after
Heap after GC invocations=76 (full 1):
 PSYoungGen      total 24576K, used 0K [0x0000000795580000, 0x0000000796e80000, 0x00000007c0000000)
  eden space 24064K, 0% used [0x0000000795580000,0x0000000795580000,0x0000000796d00000)
  from space 512K, 0% used [0x0000000796d80000,0x0000000796d80000,0x0000000796e00000)
  to   space 512K, 0% used [0x0000000796e00000,0x0000000796e00000,0x0000000796e80000)
 ParOldGen       total 49152K, used 13083K [0x0000000740000000, 0x0000000743000000, 0x0000000795580000)
  object space 49152K, 26% used [0x0000000740000000,0x0000000740cc6f18,0x0000000743000000)
 Metaspace       used 20989K, capacity 21131K, committed 21296K, reserved 1069056K
  class space    used 2044K, capacity 2112K, committed 2176K, reserved 1048576K
}

Deoptimization events (10 events):
Event: 347.530 Thread 0x00007ff29d87c000 Uncommon trap: reason=class_check action=maybe_recompile pc=0x000000010a81bf00 method=com.jogamp.common.util.RunnableTask.run()V @ 24
Event: 347.531 Thread 0x00007ff29d87c000 Uncommon trap: reason=unstable_if action=reinterpret pc=0x000000010a884ffc method=jogamp.nativewindow.macosx.OSXUtil.RunOnMainThread(ZZLjava/lang/Runnable;)V @ 3
Event: 347.536 Thread 0x00007ff29d37c000 Uncommon trap: reason=unstable_if action=reinterpret pc=0x000000010b107044 method=jogamp.opengl.GLContextImpl.release(Z)V @ 161
Event: 347.538 Thread 0x00007ff29d37c000 Uncommon trap: reason=unstable_if action=reinterpret pc=0x000000010b063718 method=java.util.LinkedList$ListItr.<init>(Ljava/util/LinkedList;I)V @ 26
Event: 347.539 Thread 0x00007ff29d37c000 Uncommon trap: reason=unstable_if action=reinterpret pc=0x000000010b044e6c method=java.security.AccessControlContext.optimize()Ljava/security/AccessControlContext; @ 233
Event: 347.540 Thread 0x00007ff29d37c000 Uncommon trap: reason=unstable_if action=reinterpret pc=0x000000010b0b7ee4 method=java.util.HashMap.removeNode(ILjava/lang/Object;Ljava/lang/Object;ZZ)Ljava/util/HashMap$Node; @ 46
Event: 347.540 Thread 0x00007ff29d1ba000 Uncommon trap: reason=class_check action=maybe_recompile pc=0x000000010b0f3830 method=java.awt.Component.getGraphics()Ljava/awt/Graphics; @ 114
Event: 347.540 Thread 0x00007ff29d6db000 Uncommon trap: reason=predicate action=maybe_recompile pc=0x000000010af7b9a4 method=java.util.Vector.indexOf(Ljava/lang/Object;I)I @ 44
Event: 347.593 Thread 0x00007ff29d87c000 Uncommon trap: reason=class_check action=maybe_recompile pc=0x000000010a81bf00 method=com.jogamp.common.util.RunnableTask.run()V @ 24
Event: 347.593 Thread 0x00007ff29d37c000 Uncommon trap: reason=class_check action=maybe_recompile pc=0x000000010a8efcb4 method=java.awt.event.InvocationEvent.dispatch()V @ 11

Internal exceptions (10 events):
Event: 0.136 Thread 0x00007ff29c809800 Exception <a 'java/lang/NoSuchFieldError': method resolution failed> (0x000000079582a520) thrown at [/Users/java_re/workspace/8-2-build-macosx-x86_64/jdk8u60/4407/hotspot/src/share/vm/prims/methodHandles.cpp, line 1146]
Event: 0.138 Thread 0x00007ff29c809800 Exception <a 'java/lang/NoSuchFieldError': method resolution failed> (0x0000000795837cf0) thrown at [/Users/java_re/workspace/8-2-build-macosx-x86_64/jdk8u60/4407/hotspot/src/share/vm/prims/methodHandles.cpp, line 1146]
Event: 0.323 Thread 0x00007ff29c809800 Exception <a 'java/io/FileNotFoundException'> (0x00000007958b3d38) thrown at [/Users/java_re/workspace/8-2-build-macosx-x86_64/jdk8u60/4407/hotspot/src/share/vm/prims/jni.cpp, line 709]
Event: 0.323 Thread 0x00007ff29c809800 Exception <a 'java/io/FileNotFoundException'> (0x00000007958b48a0) thrown at [/Users/java_re/workspace/8-2-build-macosx-x86_64/jdk8u60/4407/hotspot/src/share/vm/prims/jni.cpp, line 709]
Event: 0.406 Thread 0x00007ff29c809800 Exception <a 'java/io/FileNotFoundException'> (0x00000007959ef7f8) thrown at [/Users/java_re/workspace/8-2-build-macosx-x86_64/jdk8u60/4407/hotspot/src/share/vm/prims/jni.cpp, line 709]
Event: 1.937 Thread 0x00007ff29da93000 Exception <a 'java/lang/UnsatisfiedLinkError': com.jogamp.common.util.JarUtil.fixNativeLibAttribs(Ljava/lang/String;)Z> (0x0000000796c6c9b0) thrown at [/Users/java_re/workspace/8-2-build-macosx-x86_64/jdk8u60/4407/hotspot/src/share/vm/prims/nativeLookup.c
Event: 2.187 Thread 0x00007ff29d846800 Exception <a 'java/lang/NullPointerException'> (0x00000007956a3258) thrown at [/Users/java_re/workspace/8-2-build-macosx-x86_64/jdk8u60/4407/hotspot/src/share/vm/interpreter/linkResolver.cpp, line 1178]
Event: 2.680 Thread 0x00007ff29d37c000 Exception <a 'java/io/FileNotFoundException'> (0x0000000795f47d70) thrown at [/Users/java_re/workspace/8-2-build-macosx-x86_64/jdk8u60/4407/hotspot/src/share/vm/prims/jni.cpp, line 709]
Event: 2.681 Thread 0x00007ff29d37c000 Exception <a 'java/io/FileNotFoundException'> (0x0000000795f4ddd8) thrown at [/Users/java_re/workspace/8-2-build-macosx-x86_64/jdk8u60/4407/hotspot/src/share/vm/prims/jni.cpp, line 709]
Event: 2.681 Thread 0x00007ff29d37c000 Implicit null exception at 0x000000010a89e875 to 0x000000010a89ebd9

Events (10 events):
Event: 347.593 Thread 0x00007ff29d016000 flushing nmethod 0x000000010addef50
Event: 347.593 Thread 0x00007ff29d37c000 DEOPT UNPACKING pc=0x000000010a708229 sp=0x0000000188e22cd8 mode 2
Event: 347.593 Thread 0x00007ff29d016000 flushing nmethod 0x000000010ade0590
Event: 347.593 Thread 0x00007ff29d016000 flushing nmethod 0x000000010ade2010
Event: 347.593 Thread 0x00007ff29d016000 flushing nmethod 0x000000010ade4650
Event: 347.593 Thread 0x00007ff29d016000 flushing nmethod 0x000000010ade7750
Event: 347.593 Thread 0x00007ff29d016000 flushing nmethod 0x000000010adeacd0
Event: 347.593 Thread 0x00007ff29d016000 flushing nmethod 0x000000010adeb150
Event: 347.593 Thread 0x00007ff29d016000 flushing nmethod 0x000000010adec350
Event: 347.593 Thread 0x00007ff29d016000 flushing nmethod 0x000000010adefad0


Dynamic libraries:
0x0000000001464000 	/System/Library/Frameworks/Cocoa.framework/Versions/A/Cocoa
0x0000000001464000 	/System/Library/Frameworks/Security.framework/Versions/A/Security
0x0000000001464000 	/System/Library/Frameworks/ApplicationServices.framework/Versions/A/ApplicationServices
0x0000000001464000 	/usr/lib/libz.1.dylib
0x0000000001464000 	/usr/lib/libSystem.B.dylib
0x0000000001464000 	/usr/lib/libobjc.A.dylib
0x0000000001464000 	/System/Library/Frameworks/CoreFoundation.framework/Versions/A/CoreFoundation
0x0000000001464000 	/System/Library/Frameworks/Foundation.framework/Versions/C/Foundation
0x0000000001464000 	/System/Library/Frameworks/AppKit.framework/Versions/C/AppKit
0x0000000001464000 	/System/Library/Frameworks/CoreData.framework/Versions/A/CoreData
0x0000000001464000 	/System/Library/PrivateFrameworks/RemoteViewServices.framework/Versions/A/RemoteViewServices
0x0000000001464000 	/System/Library/PrivateFrameworks/UIFoundation.framework/Versions/A/UIFoundation
0x0000000001464000 	/System/Library/Frameworks/IOSurface.framework/Versions/A/IOSurface
0x0000000001464000 	/System/Library/Frameworks/AudioToolbox.framework/Versions/A/AudioToolbox
0x0000000001464000 	/System/Library/Frameworks/AudioUnit.framework/Versions/A/AudioUnit
0x0000000001464000 	/System/Library/PrivateFrameworks/DataDetectorsCore.framework/Versions/A/DataDetectorsCore
0x0000000001464000 	/System/Library/PrivateFrameworks/DesktopServicesPriv.framework/Versions/A/DesktopServicesPriv
0x0000000001464000 	/System/Library/Frameworks/Carbon.framework/Versions/A/Frameworks/HIToolbox.framework/Versions/A/HIToolbox
0x0000000001464000 	/System/Library/Frameworks/QuartzCore.framework/Versions/A/QuartzCore
0x0000000001464000 	/System/Library/Frameworks/Carbon.framework/Versions/A/Frameworks/SpeechRecognition.framework/Versions/A/SpeechRecognition
0x0000000001464000 	/usr/lib/libauto.dylib
0x0000000001464000 	/usr/lib/libicucore.A.dylib
0x0000000001464000 	/usr/lib/libxml2.2.dylib
0x0000000001464000 	/System/Library/PrivateFrameworks/CoreUI.framework/Versions/A/CoreUI
0x0000000001464000 	/System/Library/Frameworks/CoreAudio.framework/Versions/A/CoreAudio
0x0000000001464000 	/System/Library/Frameworks/DiskArbitration.framework/Versions/A/DiskArbitration
0x0000000001464000 	/usr/lib/liblangid.dylib
0x0000000001464000 	/System/Library/PrivateFrameworks/MultitouchSupport.framework/Versions/A/MultitouchSupport
0x0000000001464000 	/System/Library/Frameworks/IOKit.framework/Versions/A/IOKit
0x0000000001464000 	/usr/lib/libDiagnosticMessagesClient.dylib
0x0000000001464000 	/System/Library/Frameworks/CoreServices.framework/Versions/A/CoreServices
0x0000000001464000 	/System/Library/PrivateFrameworks/PerformanceAnalysis.framework/Versions/A/PerformanceAnalysis
0x0000000001464000 	/System/Library/PrivateFrameworks/GenerationalStorage.framework/Versions/A/GenerationalStorage
0x0000000001464000 	/System/Library/Frameworks/OpenGL.framework/Versions/A/OpenGL
0x0000000001464000 	/System/Library/PrivateFrameworks/Sharing.framework/Versions/A/Sharing
0x0000000001464000 	/System/Library/Frameworks/CoreGraphics.framework/Versions/A/CoreGraphics
0x0000000001464000 	/System/Library/Frameworks/CoreText.framework/Versions/A/CoreText
0x0000000001464000 	/System/Library/Frameworks/ImageIO.framework/Versions/A/ImageIO
0x0000000001464000 	/usr/lib/libextension.dylib
0x0000000001464000 	/System/Library/PrivateFrameworks/Backup.framework/Versions/A/Backup
0x0000000001464000 	/usr/lib/libarchive.2.dylib
0x0000000001464000 	/System/Library/Frameworks/CFNetwork.framework/Versions/A/CFNetwork
0x0000000001464000 	/System/Library/Frameworks/SystemConfiguration.framework/Versions/A/SystemConfiguration
0x0000000001464000 	/usr/lib/libCRFSuite.dylib
0x0000000001464000 	/usr/lib/libc++.1.dylib
0x0000000001464000 	/usr/lib/libc++abi.dylib
0x0000000001464000 	/usr/lib/system/libcache.dylib
0x0000000001464000 	/usr/lib/system/libcommonCrypto.dylib
0x0000000001464000 	/usr/lib/system/libcompiler_rt.dylib
0x0000000001464000 	/usr/lib/system/libcopyfile.dylib
0x0000000001464000 	/usr/lib/system/libcorecrypto.dylib
0x0000000001464000 	/usr/lib/system/libdispatch.dylib
0x0000000001464000 	/usr/lib/system/libdyld.dylib
0x0000000001464000 	/usr/lib/system/libkeymgr.dylib
0x0000000001464000 	/usr/lib/system/liblaunch.dylib
0x0000000001464000 	/usr/lib/system/libmacho.dylib
0x0000000001464000 	/usr/lib/system/libquarantine.dylib
0x0000000001464000 	/usr/lib/system/libremovefile.dylib
0x0000000001464000 	/usr/lib/system/libsystem_asl.dylib
0x0000000001464000 	/usr/lib/system/libsystem_blocks.dylib
0x0000000001464000 	/usr/lib/system/libsystem_c.dylib
0x0000000001464000 	/usr/lib/system/libsystem_configuration.dylib
0x0000000001464000 	/usr/lib/system/libsystem_coreservices.dylib
0x0000000001464000 	/usr/lib/system/libsystem_coretls.dylib
0x0000000001464000 	/usr/lib/system/libsystem_dnssd.dylib
0x0000000001464000 	/usr/lib/system/libsystem_info.dylib
0x0000000001464000 	/usr/lib/system/libsystem_kernel.dylib
0x0000000001464000 	/usr/lib/system/libsystem_m.dylib
0x0000000001464000 	/usr/lib/system/libsystem_malloc.dylib
0x0000000001464000 	/usr/lib/system/libsystem_network.dylib
0x0000000001464000 	/usr/lib/system/libsystem_networkextension.dylib
0x0000000001464000 	/usr/lib/system/libsystem_notify.dylib
0x0000000001464000 	/usr/lib/system/libsystem_platform.dylib
0x0000000001464000 	/usr/lib/system/libsystem_pthread.dylib
0x0000000001464000 	/usr/lib/system/libsystem_sandbox.dylib
0x0000000001464000 	/usr/lib/system/libsystem_secinit.dylib
0x0000000001464000 	/usr/lib/system/libsystem_stats.dylib
0x0000000001464000 	/usr/lib/system/libsystem_trace.dylib
0x0000000001464000 	/usr/lib/system/libunc.dylib
0x0000000001464000 	/usr/lib/system/libunwind.dylib
0x0000000001464000 	/usr/lib/system/libxpc.dylib
0x0000000001464000 	/usr/lib/libbz2.1.0.dylib
0x0000000001464000 	/usr/lib/liblzma.5.dylib
0x0000000001464000 	/usr/lib/libbsm.0.dylib
0x0000000001464000 	/usr/lib/libsqlite3.dylib
0x0000000001464000 	/usr/lib/system/libkxld.dylib
0x0000000001464000 	/usr/lib/libxar.1.dylib
0x0000000001464000 	/usr/lib/libpam.2.dylib
0x0000000001464000 	/usr/lib/libOpenScriptingUtil.dylib
0x0000000001464000 	/System/Library/Frameworks/CoreServices.framework/Versions/A/Frameworks/FSEvents.framework/Versions/A/FSEvents
0x0000000001464000 	/System/Library/Frameworks/CoreServices.framework/Versions/A/Frameworks/CarbonCore.framework/Versions/A/CarbonCore
0x0000000001464000 	/System/Library/Frameworks/CoreServices.framework/Versions/A/Frameworks/Metadata.framework/Versions/A/Metadata
0x0000000001464000 	/System/Library/Frameworks/CoreServices.framework/Versions/A/Frameworks/OSServices.framework/Versions/A/OSServices
0x0000000001464000 	/System/Library/Frameworks/CoreServices.framework/Versions/A/Frameworks/SearchKit.framework/Versions/A/SearchKit
0x0000000001464000 	/System/Library/Frameworks/CoreServices.framework/Versions/A/Frameworks/AE.framework/Versions/A/AE
0x0000000001464000 	/System/Library/Frameworks/CoreServices.framework/Versions/A/Frameworks/LaunchServices.framework/Versions/A/LaunchServices
0x0000000001464000 	/System/Library/Frameworks/CoreServices.framework/Versions/A/Frameworks/DictionaryServices.framework/Versions/A/DictionaryServices
0x0000000001464000 	/System/Library/Frameworks/NetFS.framework/Versions/A/NetFS
0x0000000001464000 	/System/Library/PrivateFrameworks/NetAuth.framework/Versions/A/NetAuth
0x0000000001464000 	/System/Library/PrivateFrameworks/login.framework/Versions/A/Frameworks/loginsupport.framework/Versions/A/loginsupport
0x0000000001464000 	/System/Library/PrivateFrameworks/TCC.framework/Versions/A/TCC
0x0000000001464000 	/usr/lib/libmecabra.dylib
0x0000000001464000 	/System/Library/Frameworks/ApplicationServices.framework/Versions/A/Frameworks/ATS.framework/Versions/A/ATS
0x0000000001464000 	/System/Library/Frameworks/ApplicationServices.framework/Versions/A/Frameworks/ColorSync.framework/Versions/A/ColorSync
0x0000000001464000 	/System/Library/Frameworks/ApplicationServices.framework/Versions/A/Frameworks/HIServices.framework/Versions/A/HIServices
0x0000000001464000 	/System/Library/Frameworks/ApplicationServices.framework/Versions/A/Frameworks/LangAnalysis.framework/Versions/A/LangAnalysis
0x0000000001464000 	/System/Library/Frameworks/ApplicationServices.framework/Versions/A/Frameworks/PrintCore.framework/Versions/A/PrintCore
0x0000000001464000 	/System/Library/Frameworks/ApplicationServices.framework/Versions/A/Frameworks/QD.framework/Versions/A/QD
0x0000000001464000 	/System/Library/Frameworks/ApplicationServices.framework/Versions/A/Frameworks/SpeechSynthesis.framework/Versions/A/SpeechSynthesis
0x0000000001464000 	/System/Library/Frameworks/Accelerate.framework/Versions/A/Accelerate
0x0000000001464000 	/System/Library/Frameworks/Accelerate.framework/Versions/A/Frameworks/vImage.framework/Versions/A/vImage
0x0000000001464000 	/System/Library/Frameworks/Accelerate.framework/Versions/A/Frameworks/vecLib.framework/Versions/A/vecLib
0x0000000001464000 	/System/Library/Frameworks/Accelerate.framework/Versions/A/Frameworks/vecLib.framework/Versions/A/libvDSP.dylib
0x0000000001464000 	/System/Library/Frameworks/Accelerate.framework/Versions/A/Frameworks/vecLib.framework/Versions/A/libvMisc.dylib
0x0000000001464000 	/System/Library/Frameworks/Accelerate.framework/Versions/A/Frameworks/vecLib.framework/Versions/A/libLAPACK.dylib
0x0000000001464000 	/System/Library/Frameworks/Accelerate.framework/Versions/A/Frameworks/vecLib.framework/Versions/A/libBLAS.dylib
0x0000000001464000 	/System/Library/Frameworks/Accelerate.framework/Versions/A/Frameworks/vecLib.framework/Versions/A/libLinearAlgebra.dylib
0x0000000001464000 	/System/Library/Frameworks/ApplicationServices.framework/Versions/A/Frameworks/ATS.framework/Versions/A/Resources/libFontParser.dylib
0x0000000001464000 	/System/Library/Frameworks/ApplicationServices.framework/Versions/A/Frameworks/ATS.framework/Versions/A/Resources/libFontRegistry.dylib
0x0000000001464000 	/System/Library/PrivateFrameworks/AppleVPA.framework/Versions/A/AppleVPA
0x0000000001464000 	/System/Library/PrivateFrameworks/AppleJPEG.framework/Versions/A/AppleJPEG
0x0000000001464000 	/System/Library/Frameworks/ImageIO.framework/Versions/A/Resources/libJPEG.dylib
0x0000000001464000 	/System/Library/Frameworks/ImageIO.framework/Versions/A/Resources/libTIFF.dylib
0x0000000001464000 	/System/Library/Frameworks/ImageIO.framework/Versions/A/Resources/libPng.dylib
0x0000000001464000 	/System/Library/Frameworks/ImageIO.framework/Versions/A/Resources/libGIF.dylib
0x0000000001464000 	/System/Library/Frameworks/ImageIO.framework/Versions/A/Resources/libJP2.dylib
0x0000000001464000 	/System/Library/Frameworks/ImageIO.framework/Versions/A/Resources/libRadiance.dylib
0x0000000001464000 	/System/Library/Frameworks/CoreVideo.framework/Versions/A/CoreVideo
0x0000000001464000 	/System/Library/Frameworks/OpenGL.framework/Versions/A/Libraries/libGLU.dylib
0x0000000001464000 	/System/Library/Frameworks/OpenGL.framework/Versions/A/Libraries/libGFXShared.dylib
0x0000000001464000 	/System/Library/Frameworks/OpenGL.framework/Versions/A/Libraries/libGL.dylib
0x0000000001464000 	/System/Library/Frameworks/OpenGL.framework/Versions/A/Libraries/libGLImage.dylib
0x0000000001464000 	/System/Library/Frameworks/OpenGL.framework/Versions/A/Libraries/libCVMSPluginSupport.dylib
0x0000000001464000 	/System/Library/Frameworks/OpenGL.framework/Versions/A/Libraries/libCoreVMClient.dylib
0x0000000001464000 	/usr/lib/libcups.2.dylib
0x0000000001464000 	/System/Library/Frameworks/Kerberos.framework/Versions/A/Kerberos
0x0000000001464000 	/System/Library/Frameworks/GSS.framework/Versions/A/GSS
0x0000000001464000 	/usr/lib/libresolv.9.dylib
0x0000000001464000 	/usr/lib/libiconv.2.dylib
0x0000000001464000 	/System/Library/PrivateFrameworks/Heimdal.framework/Versions/A/Heimdal
0x0000000001464000 	/usr/lib/libheimdal-asn1.dylib
0x0000000001464000 	/System/Library/Frameworks/OpenDirectory.framework/Versions/A/OpenDirectory
0x0000000001464000 	/System/Library/PrivateFrameworks/CommonAuth.framework/Versions/A/CommonAuth
0x0000000001464000 	/System/Library/Frameworks/OpenDirectory.framework/Versions/A/Frameworks/CFOpenDirectory.framework/Versions/A/CFOpenDirectory
0x0000000001464000 	/System/Library/Frameworks/SecurityFoundation.framework/Versions/A/SecurityFoundation
0x0000000001464000 	/System/Library/PrivateFrameworks/LanguageModeling.framework/Versions/A/LanguageModeling
0x0000000001464000 	/usr/lib/libcmph.dylib
0x0000000001464000 	/System/Library/Frameworks/ServiceManagement.framework/Versions/A/ServiceManagement
0x0000000001464000 	/usr/lib/libxslt.1.dylib
0x0000000001464000 	/System/Library/Frameworks/Carbon.framework/Versions/A/Frameworks/Ink.framework/Versions/A/Ink
0x0000000001464000 	/System/Library/Frameworks/QuartzCore.framework/Versions/A/Frameworks/CoreImage.framework/Versions/A/CoreImage
0x0000000001464000 	/System/Library/PrivateFrameworks/CrashReporterSupport.framework/Versions/A/CrashReporterSupport
0x0000000001464000 	/System/Library/Frameworks/OpenCL.framework/Versions/A/OpenCL
0x0000000001464000 	/System/Library/PrivateFrameworks/FaceCore.framework/Versions/A/FaceCore
0x0000000001464000 	/System/Library/PrivateFrameworks/Ubiquity.framework/Versions/A/Ubiquity
0x0000000001464000 	/System/Library/PrivateFrameworks/IconServices.framework/Versions/A/IconServices
0x0000000001464000 	/System/Library/PrivateFrameworks/ChunkingLibrary.framework/Versions/A/ChunkingLibrary
0x0000000001464000 	/System/Library/PrivateFrameworks/Apple80211.framework/Versions/A/Apple80211
0x0000000001464000 	/System/Library/Frameworks/CoreWLAN.framework/Versions/A/CoreWLAN
0x0000000001464000 	/System/Library/Frameworks/IOBluetooth.framework/Versions/A/IOBluetooth
0x0000000001464000 	/System/Library/PrivateFrameworks/CoreWiFi.framework/Versions/A/CoreWiFi
0x0000000001464000 	/System/Library/Frameworks/CoreBluetooth.framework/Versions/A/CoreBluetooth
0x0000000001464000 	/System/Library/PrivateFrameworks/DebugSymbols.framework/Versions/A/DebugSymbols
0x0000000001464000 	/System/Library/PrivateFrameworks/CoreSymbolication.framework/Versions/A/CoreSymbolication
0x0000000001464000 	/System/Library/PrivateFrameworks/Symbolication.framework/Versions/A/Symbolication
0x0000000001464000 	/System/Library/PrivateFrameworks/SpeechRecognitionCore.framework/Versions/A/SpeechRecognitionCore
0x0000000108d9b000 	/Library/Java/JavaVirtualMachines/jdk1.8.0_60.jdk/Contents/Home/jre/lib/server/libjvm.dylib
0x0000000001464000 	/usr/lib/libstdc++.6.dylib
0x0000000109d3b000 	/Library/Java/JavaVirtualMachines/jdk1.8.0_60.jdk/Contents/Home/jre/lib/libverify.dylib
0x0000000109d49000 	/Library/Java/JavaVirtualMachines/jdk1.8.0_60.jdk/Contents/Home/jre/lib/libjava.dylib
0x0000000109d88000 	/Library/Java/JavaVirtualMachines/jdk1.8.0_60.jdk/Contents/Home/jre/lib/libzip.dylib
0x0000000109de2000 	/System/Library/Frameworks/JavaVM.framework/Frameworks/JavaRuntimeSupport.framework/JavaRuntimeSupport
0x000000012072a000 	/System/Library/Frameworks/JavaVM.framework/Versions/A/Frameworks/JavaNativeFoundation.framework/Versions/A/JavaNativeFoundation
0x000000012073e000 	/System/Library/Frameworks/JavaVM.framework/Versions/A/JavaVM
0x0000000001464000 	/System/Library/Frameworks/Carbon.framework/Versions/A/Carbon
0x000000012074a000 	/System/Library/PrivateFrameworks/JavaLaunching.framework/Versions/A/JavaLaunching
0x0000000001464000 	/System/Library/Frameworks/Carbon.framework/Versions/A/Frameworks/CommonPanels.framework/Versions/A/CommonPanels
0x0000000001464000 	/System/Library/Frameworks/Carbon.framework/Versions/A/Frameworks/Help.framework/Versions/A/Help
0x0000000001464000 	/System/Library/Frameworks/Carbon.framework/Versions/A/Frameworks/ImageCapture.framework/Versions/A/ImageCapture
0x0000000001464000 	/System/Library/Frameworks/Carbon.framework/Versions/A/Frameworks/OpenScripting.framework/Versions/A/OpenScripting
0x0000000001464000 	/System/Library/Frameworks/Carbon.framework/Versions/A/Frameworks/Print.framework/Versions/A/Print
0x0000000001464000 	/System/Library/Frameworks/Carbon.framework/Versions/A/Frameworks/SecurityHI.framework/Versions/A/SecurityHI
0x000000012263f000 	/Library/Java/JavaVirtualMachines/jdk1.8.0_60.jdk/Contents/Home/jre/lib/libawt.dylib
0x00000001226e7000 	/Library/Java/JavaVirtualMachines/jdk1.8.0_60.jdk/Contents/Home/jre/lib/./libmlib_image.dylib
0x00000001227b3000 	/Library/Java/JavaVirtualMachines/jdk1.8.0_60.jdk/Contents/Home/jre/lib/libawt_lwawt.dylib
0x0000000122868000 	/Library/Java/JavaVirtualMachines/jdk1.8.0_60.jdk/Contents/Home/jre/lib/./libosxapp.dylib
0x0000000001464000 	/System/Library/Frameworks/ExceptionHandling.framework/Versions/A/ExceptionHandling
0x0000000001464000 	/System/Library/PrivateFrameworks/CoreServicesInternal.framework/Versions/A/CoreServicesInternal
0x0000000001464000 	/System/Library/PrivateFrameworks/CloudDocs.framework/Versions/A/CloudDocs
0x0000000001464000 	/System/Library/PrivateFrameworks/CoreDuet.framework/Versions/A/CoreDuet
0x0000000001464000 	/System/Library/Frameworks/CloudKit.framework/Versions/A/CloudKit
0x0000000001464000 	/System/Library/PrivateFrameworks/ProtocolBuffer.framework/Versions/A/ProtocolBuffer
0x0000000001464000 	/System/Library/PrivateFrameworks/CoreDuetDaemonProtocol.framework/Versions/A/CoreDuetDaemonProtocol
0x0000000001464000 	/System/Library/PrivateFrameworks/CoreDuetDebugLogging.framework/Versions/A/CoreDuetDebugLogging
0x0000000001464000 	/System/Library/PrivateFrameworks/MMCS.framework/Versions/A/MMCS
0x0000000001464000 	/System/Library/Frameworks/CoreLocation.framework/Versions/A/CoreLocation
0x0000000001464000 	/System/Library/PrivateFrameworks/ProtectedCloudStorage.framework/Versions/A/ProtectedCloudStorage
0x0000000001464000 	/System/Library/PrivateFrameworks/GeoServices.framework/Versions/A/GeoServices
0x0000000001464000 	/System/Library/Frameworks/CoreGraphics.framework/Versions/A/Resources/libCGCMS.A.dylib
0x0000000001464000 	/System/Library/Frameworks/CoreGraphics.framework/Versions/A/Resources/libRIP.A.dylib
0x0000000001464000 	/System/Library/Frameworks/CoreGraphics.framework/Versions/A/Resources/libCGXType.A.dylib
0x0000000001464000 	/System/Library/Frameworks/OpenCL.framework/Versions/A/Libraries/libcldcpuengine.dylib
0x0000000001464000 	/System/Library/PrivateFrameworks/DiskImages.framework/Versions/A/DiskImages
0x0000000001464000 	/System/Library/Frameworks/DiscRecording.framework/Versions/A/DiscRecording
0x0000000001464000 	/usr/lib/libcsfde.dylib
0x0000000001464000 	/usr/lib/libcurl.4.dylib
0x0000000001464000 	/System/Library/PrivateFrameworks/MediaKit.framework/Versions/A/MediaKit
0x0000000001464000 	/usr/lib/libCoreStorage.dylib
0x0000000001464000 	/System/Library/PrivateFrameworks/EFILogin.framework/Versions/A/EFILogin
0x0000000001464000 	/usr/lib/libutil.dylib
0x0000000001464000 	/System/Library/PrivateFrameworks/FindMyDevice.framework/Versions/A/FindMyDevice
0x0000000001464000 	/System/Library/Frameworks/LDAP.framework/Versions/A/LDAP
0x0000000001464000 	/usr/lib/libsasl2.2.dylib
0x0000000001464000 	/System/Library/PrivateFrameworks/CoreDaemon.framework/Versions/B/CoreDaemon
0x0000000001464000 	/usr/lib/libcrypto.0.9.8.dylib
0x0000000001464000 	/System/Library/PrivateFrameworks/AppleSRP.framework/Versions/A/AppleSRP
0x0000000001464000 	/System/Library/PrivateFrameworks/TrustEvaluationAgent.framework/Versions/A/TrustEvaluationAgent
0x0000000125a36000 	cl_kernels
0x0000000125a38000 	/System/Library/Frameworks/OpenCL.framework/Versions/A/Libraries/ImageFormats/unorm8_bgra.dylib
0x0000000125a28000 	cl_kernels
0x0000000001464000 	/System/Library/PrivateFrameworks/FamilyControls.framework/Versions/A/FamilyControls
0x0000000001464000 	/System/Library/PrivateFrameworks/CommerceKit.framework/Versions/A/Frameworks/CommerceCore.framework/Versions/A/CommerceCore
0x0000000001464000 	/System/Library/PrivateFrameworks/SystemAdministration.framework/Versions/A/SystemAdministration
0x0000000001464000 	/System/Library/PrivateFrameworks/AppContainer.framework/Versions/A/AppContainer
0x0000000001464000 	/System/Library/PrivateFrameworks/SecCodeWrapper.framework/Versions/A/SecCodeWrapper
0x0000000001464000 	/System/Library/Frameworks/DirectoryService.framework/Versions/A/DirectoryService
0x0000000001464000 	/System/Library/PrivateFrameworks/LoginUIKit.framework/Versions/A/Frameworks/LoginUICore.framework/Versions/A/LoginUICore
0x0000000001464000 	/usr/lib/libodfde.dylib
0x0000000001464000 	/System/Library/Frameworks/OpenGL.framework/Versions/A/Resources/GLEngine.bundle/GLEngine
0x0000000001464000 	/System/Library/Frameworks/OpenGL.framework/Versions/A/Libraries/libGLProgrammability.dylib
0x0000000126de2000 	/System/Library/Extensions/AppleIntelHD5000GraphicsGLDriver.bundle/Contents/MacOS/AppleIntelHD5000GraphicsGLDriver
0x0000000001464000 	/System/Library/PrivateFrameworks/IOAccelerator.framework/Versions/A/IOAccelerator
0x0000000001464000 	/System/Library/PrivateFrameworks/GPUSupport.framework/Versions/A/Libraries/libGPUSupportMercury.dylib
0x0000000001464000 	/System/Library/Frameworks/OpenGL.framework/Versions/A/Resources/GLRendererFloat.bundle/GLRendererFloat
0x0000000127e68000 	/Library/Java/JavaVirtualMachines/jdk1.8.0_60.jdk/Contents/Home/jre/lib/libfontmanager.dylib
0x0000000129100000 	/Library/Java/JavaVirtualMachines/jdk1.8.0_60.jdk/Contents/Home/jre/lib/libosxui.dylib
0x00000001291d5000 	/Library/Java/JavaVirtualMachines/jdk1.8.0_60.jdk/Contents/Home/jre/lib/libnet.dylib
0x00000001291ec000 	/Library/Java/JavaVirtualMachines/jdk1.8.0_60.jdk/Contents/Home/jre/lib/libnio.dylib
0x0000000001464000 	/System/Library/Frameworks/ApplicationServices.framework/Versions/A/Frameworks/ATS.framework/Versions/A/Resources/libTrueTypeScaler.dylib
0x0000000188544000 	/private/var/folders/hh/z31jgv_d7szdfpdjxj5nl_v00000gn/T/jogamp_0000/file_cache/jln3887265643008088753/jln4802590887921673286/libgluegen-rt.jnilib
0x0000000188548000 	/private/var/folders/hh/z31jgv_d7szdfpdjxj5nl_v00000gn/T/jogamp_0000/file_cache/jln3887265643008088753/jln4802590887921673286/libnativewindow_awt.jnilib
0x000000018854b000 	/Library/Java/JavaVirtualMachines/jdk1.8.0_60.jdk/Contents/Home/jre/lib/libjawt.dylib
0x000000018854e000 	/private/var/folders/hh/z31jgv_d7szdfpdjxj5nl_v00000gn/T/jogamp_0000/file_cache/jln3887265643008088753/jln4802590887921673286/libnativewindow_macosx.jnilib
0x000000018d26e000 	/private/var/folders/hh/z31jgv_d7szdfpdjxj5nl_v00000gn/T/jogamp_0000/file_cache/jln3887265643008088753/jln4802590887921673286/libjogl_desktop.jnilib
0x000000018cdf2000 	/Library/Java/JavaVirtualMachines/jdk1.8.0_60.jdk/Contents/Home/jre/lib/libt2k.dylib

VM Arguments:
jvm_args: -Djava.security.policy=java.policy.applet -Dfile.encoding=UTF-8 
java_command: sun.applet.AppletViewer module4.EarthquakeCityMap1488866874424.html
java_class_path (initial): /Users/chuan1900/coursera-java/UCSDUnfoldingMaps/build:/Users/chuan1900/coursera-java/UCSDUnfoldingMaps/lib/core.jar:/Users/chuan1900/coursera-java/UCSDUnfoldingMaps/lib/gluegen-rt.jar:/Users/chuan1900/coursera-java/UCSDUnfoldingMaps/lib/jogl-all.jar:/Users/chuan1900/coursera-java/UCSDUnfoldingMaps/lib/log4j-1.2.15.jar:/Users/chuan1900/coursera-java/UCSDUnfoldingMaps/lib/sqlite-jdbc-3.7.2.jar:/Users/chuan1900/coursera-java/UCSDUnfoldingMaps/lib/json4processing.jar:/Users/chuan1900/coursera-java/UCSDUnfoldingMaps/lib/libTUIO.jar:/Users/chuan1900/coursera-java/UCSDUnfoldingMaps/lib/unfolding.0.9.7-uscd.jar
Launcher Type: SUN_STANDARD

Environment Variables:
PATH=/usr/bin:/bin:/usr/sbin:/sbin
SHELL=/bin/bash
DISPLAY=/private/tmp/com.apple.launchd.yILEgeE45r/org.macosforge.xquartz:0

Signal Handlers:
SIGSEGV: [libjvm.dylib+0x5a6d31], sa_mask[0]=11111111011111110111111111111111, sa_flags=SA_ONSTACK|SA_RESTART|SA_SIGINFO
SIGBUS: [libjvm.dylib+0x5a6d31], sa_mask[0]=11111111011111110111111111111111, sa_flags=SA_RESTART|SA_SIGINFO
SIGFPE: [libjvm.dylib+0x480a4c], sa_mask[0]=11111111011111110111111111111111, sa_flags=SA_RESTART|SA_SIGINFO
SIGPIPE: [libjvm.dylib+0x480a4c], sa_mask[0]=11111111011111110111111111111111, sa_flags=SA_RESTART|SA_SIGINFO
SIGXFSZ: [libjvm.dylib+0x480a4c], sa_mask[0]=11111111011111110111111111111111, sa_flags=SA_RESTART|SA_SIGINFO
SIGILL: [libjvm.dylib+0x480a4c], sa_mask[0]=11111111011111110111111111111111, sa_flags=SA_RESTART|SA_SIGINFO
SIGUSR1: SIG_DFL, sa_mask[0]=00000000000000000000000000000000, sa_flags=none
SIGUSR2: [libjvm.dylib+0x48056a], sa_mask[0]=00100000000000000000000000000000, sa_flags=SA_RESTART|SA_SIGINFO
SIGHUP: [libjvm.dylib+0x47eb41], sa_mask[0]=11111111011111110111111111111111, sa_flags=SA_RESTART|SA_SIGINFO
SIGINT: [libjvm.dylib+0x47eb41], sa_mask[0]=11111111011111110111111111111111, sa_flags=SA_RESTART|SA_SIGINFO
SIGTERM: [libjvm.dylib+0x47eb41], sa_mask[0]=11111111011111110111111111111111, sa_flags=SA_RESTART|SA_SIGINFO
SIGQUIT: [libjvm.dylib+0x47eb41], sa_mask[0]=11111111011111110111111111111111, sa_flags=SA_RESTART|SA_SIGINFO


---------------  S Y S T E M  ---------------

OS:Bsduname:Darwin 14.5.0 Darwin Kernel Version 14.5.0: Sun Sep 25 22:07:15 PDT 2016; root:xnu-2782.50.9~1/RELEASE_X86_64 x86_64
rlimit: STACK 8192k, CORE 0k, NPROC 709, NOFILE 10240, AS infinity
load average:2.24 1.96 1.98

CPU:total 4 (2 cores per cpu, 2 threads per core) family 6 model 69 stepping 1, cmov, cx8, fxsr, mmx, sse, sse2, sse3, ssse3, sse4.1, sse4.2, popcnt, avx, avx2, aes, clmul, erms, lzcnt, ht, tsc, tscinvbit, bmi1, bmi2

Memory: 4k page, physical 8388608k(249312k free)

/proc/meminfo:


vm_info: Java HotSpot(TM) 64-Bit Server VM (25.60-b23) for bsd-amd64 JRE (1.8.0_60-b27), built on Aug  4 2015 10:47:24 by "java_re" with gcc 4.2.1 (Based on Apple Inc. build 5658) (LLVM build 2336.11.00)

time: Tue Mar  7 01:13:42 2017
elapsed time: 347 seconds (0d 0h 5m 47s)

