#
# A fatal error has been detected by the Java Runtime Environment:
#
#  SIGSEGV (0xb) at pc=0x00007fff8a7c30dd, pid=27711, tid=1811
#
# JRE version: Java(TM) SE Runtime Environment (8.0_60-b27) (build 1.8.0_60-b27)
# Java VM: Java HotSpot(TM) 64-Bit Server VM (25.60-b23 mixed mode bsd-amd64 compressed oops)
# Problematic frame:
# C  [libobjc.A.dylib+0x10dd]  objc_msgSend+0x1d
#
# Failed to write core dump. Core dumps have been disabled. To enable core dumping, try "ulimit -c unlimited" before starting Java again
#
# If you would like to submit a bug report, please visit:
#   http://bugreport.java.com/bugreport/crash.jsp
# The crash happened outside the Java Virtual Machine in native code.
# See problematic frame for where to report the bug.
#

---------------  T H R E A D  ---------------

Current thread (0x00007ff429169000):  JavaThread "AWT-AppKit" daemon [_thread_in_native, id=1811, stack(0x00007fff57078000,0x00007fff57878000)]

siginfo: si_signo: 11 (SIGSEGV), si_code: 1 (SEGV_MAPERR), si_addr: 0x000007ff42ca0618

Registers:
RAX=0x00007ff42ca5ca00, RBX=0x0000000187ca4450, RCX=0x000000012893a160, RDX=0x0000000127743700
RSP=0x00007fff57873528, RBP=0x00007fff578735e0, RSI=0x00007fff8d22240f, RDI=0x00007ff42ca2fa30
R8 =0x0000000000000000, R9 =0x0000000000000f50, R10=0x00007fff8d22240f, R11=0x000007ff42ca0600
R12=0x0000000000000000, R13=0x000000018c8d7418, R14=0x0000000187ca4440, R15=0x00007ff429169000
RIP=0x00007fff8a7c30dd, EFLAGS=0x0000000000010206, ERR=0x0000000000000004
  TRAPNO=0x000000000000000e

Top of Stack: (sp=0x00007fff57873528)
0x00007fff57873528:   0000000187ca2157 00007fff57873580
0x00007fff57873538:   0000000000000003 00007fff57873560
0x00007fff57873548:   0000000108ff1992 000000018c8d7418
0x00007fff57873558:   000000018c8d7418 00007ff42ca5ca00
0x00007fff57873568:   0000000187ca46a0 0000000187ca4710
0x00007fff57873578:   00007fff72ea7550 00007fff7183fc80
0x00007fff57873588:   0000000187ca4450 0000000187ca4690
0x00007fff57873598:   00007ff42ca5ca00 00007ff42ca2fa30
0x00007fff578735a8:   00007ff428722360 00007ff42ca5ca00
0x00007fff578735b8:   00007ff42ca2fa30 00007fff57873668
0x00007fff578735c8:   00007ff4291691f8 000000018c8d7418
0x00007fff578735d8:   00007fff57873690 00007fff57873658
0x00007fff578735e8:   0000000109d9e954 000000018c8d7418
0x00007fff578735f8:   00007fff57873690 00007fff57873658
0x00007fff57873608:   0000000109d9e6e7 0000000109d9e6a2
0x00007fff57873618:   00007fff57873618 000000018c8d7418
0x00007fff57873628:   00007fff57873690 000000018c8da050
0x00007fff57873638:   0000000000000000 000000018c8d7418
0x00007fff57873648:   0000000000000000 00007fff57873678
0x00007fff57873658:   00007fff578736d8 0000000109d90c4d
0x00007fff57873668:   00000007405e59d0 0000000109d98578
0x00007fff57873678:   00007ff42ca5ca00 00007fff578736d8
0x00007fff57873688:   00007ff42ca2fa30 0000000109d99d82
0x00007fff57873698:   00007fff57873698 000000018c8d75e2
0x00007fff578736a8:   00007fff57873700 000000018c8da050
0x00007fff578736b8:   0000000000000000 000000018c8d75f0
0x00007fff578736c8:   00007fff57873678 00007fff578736e8
0x00007fff578736d8:   00007fff57873748 0000000109d90c4d
0x00007fff578736e8:   00007ff42ca5ca00 0000000740491028
0x00007fff578736f8:   00007ff42ca2fa30 0000000740491028
0x00007fff57873708:   00007fff57873708 000000019181c82e
0x00007fff57873718:   00007fff57873758 000000019181c8e8 

Instructions: (pc=0x00007fff8a7c30dd)
0x00007fff8a7c30bd:   00 00 00 48 85 ff 2e 74 7a 40 f6 c7 01 2e 75 7e
0x00007fff8a7c30cd:   49 bb f8 ff ff ff ff 7f 00 00 4c 23 1f 49 89 f2
0x00007fff8a7c30dd:   45 23 53 18 49 c1 e2 04 4d 03 53 10 49 3b 32 75
0x00007fff8a7c30ed:   04 41 ff 62 08 49 83 3a 00 74 6a 4d 3b 53 10 74 

Register to memory mapping:

RAX=0x00007ff42ca5ca00 is an unknown value
RBX=0x0000000187ca4450: Java_jogamp_nativewindow_macosx_OSXUtil_GetScreenRefreshRate0+0x1cf0 in /private/var/folders/hh/z31jgv_d7szdfpdjxj5nl_v00000gn/T/jogamp_0000/file_cache/jln5348362432791586719/jln4467817327483967861/libnativewindow_macosx.jnilib at 0x0000000187c9d000
RCX=0x000000012893a160 is an unknown value
RDX=0x0000000127743700 is an unknown value
RSP=0x00007fff57873528 is pointing into the stack for thread: 0x00007ff429169000
RBP=0x00007fff578735e0 is pointing into the stack for thread: 0x00007ff429169000
RSI=0x00007fff8d22240f is an unknown value
RDI=0x00007ff42ca2fa30 is an unknown value
R8 =0x0000000000000000 is an unknown value
R9 =0x0000000000000f50 is an unknown value
R10=0x00007fff8d22240f is an unknown value
R11=0x000007ff42ca0600 is an unknown value
R12=0x0000000000000000 is an unknown value
R13={method} {0x000000018c8d7418} 'UnsetJAWTRootSurfaceLayer0' '(JJ)V' in 'jogamp/nativewindow/jawt/macosx/MacOSXJAWTWindow'
R14=0x0000000187ca4440: Java_jogamp_nativewindow_macosx_OSXUtil_GetScreenRefreshRate0+0x1ce0 in /private/var/folders/hh/z31jgv_d7szdfpdjxj5nl_v00000gn/T/jogamp_0000/file_cache/jln5348362432791586719/jln4467817327483967861/libnativewindow_macosx.jnilib at 0x0000000187c9d000
R15=0x00007ff429169000 is a thread


Stack: [0x00007fff57078000,0x00007fff57878000],  sp=0x00007fff57873528,  free space=8173k
Native frames: (J=compiled Java code, j=interpreted, Vv=VM code, C=native code)
C  [libobjc.A.dylib+0x10dd]  objc_msgSend+0x1d
j  jogamp.nativewindow.jawt.macosx.MacOSXJAWTWindow.UnsetJAWTRootSurfaceLayer0(JJ)V+0
j  jogamp.nativewindow.jawt.macosx.MacOSXJAWTWindow.access$200(JJ)V+2
j  jogamp.nativewindow.jawt.macosx.MacOSXJAWTWindow$1.run()V+38
j  com.jogamp.common.util.RunnableTask.run()V+24
v  ~StubRoutines::call_stub
V  [libjvm.dylib+0x2eab0e]
V  [libjvm.dylib+0x321bb7]
V  [libjvm.dylib+0x31438b]
C  [libnativewindow_macosx.jnilib+0x5326]  Java_jogamp_nativewindow_jawt_macosx_MacOSXJAWTWindow_UnsetJAWTRootSurfaceLayer0+0x2b6
C  [Foundation+0x92dd0]  __NSThreadPerformPerform+0x125
C  [CoreFoundation+0x80a01]  __CFRUNLOOP_IS_CALLING_OUT_TO_A_SOURCE0_PERFORM_FUNCTION__+0x11
C  [CoreFoundation+0x72c5c]  __CFRunLoopDoSources0+0x1dc
C  [CoreFoundation+0x721bf]  __CFRunLoopRun+0x39f
C  [CoreFoundation+0x71bd8]  CFRunLoopRunSpecific+0x128
C  [HIToolbox+0x3256f]  RunCurrentEventLoopInMode+0xeb
C  [HIToolbox+0x321ee]  ReceiveNextEventCommon+0xb3
C  [HIToolbox+0x3212b]  _BlockUntilNextEventMatchingListInModeWithFilter+0x47
C  [AppKit+0x918ab]  _DPSNextEvent+0x3d2
C  [AppKit+0x90e58]  -[NSApplication nextEventMatchingMask:untilDate:inMode:dequeue:]+0x15a
C  [libosxapp.dylib+0x23aa]  -[NSApplicationAWT nextEventMatchingMask:untilDate:inMode:dequeue:]+0x7c
C  [AppKit+0x86af3]  -[NSApplication run]+0x252
C  [libosxapp.dylib+0x214d]  +[NSApplicationAWT runAWTLoopWithApp:]+0x9c
C  [libawt_lwawt.dylib+0x44517]  -[AWTStarter starter:]+0x389
C  [Foundation+0x92dd0]  __NSThreadPerformPerform+0x125
C  [CoreFoundation+0x80a01]  __CFRUNLOOP_IS_CALLING_OUT_TO_A_SOURCE0_PERFORM_FUNCTION__+0x11
C  [CoreFoundation+0x72b8d]  __CFRunLoopDoSources0+0x10d
C  [CoreFoundation+0x721bf]  __CFRunLoopRun+0x39f
C  [CoreFoundation+0x71bd8]  CFRunLoopRunSpecific+0x128
C  [java+0x6463]  CreateExecutionEnvironment+0x367
C  [java+0x21ac]  JLI_Launch+0x7a0
C  [java+0x84c0]  main+0x65
C  [java+0x1a04]  start+0x34
C  0x0000000000000007

Java frames: (J=compiled Java code, j=interpreted, Vv=VM code)
j  jogamp.nativewindow.jawt.macosx.MacOSXJAWTWindow.UnsetJAWTRootSurfaceLayer0(JJ)V+0
j  jogamp.nativewindow.jawt.macosx.MacOSXJAWTWindow.access$200(JJ)V+2
j  jogamp.nativewindow.jawt.macosx.MacOSXJAWTWindow$1.run()V+38
j  com.jogamp.common.util.RunnableTask.run()V+24
v  ~StubRoutines::call_stub

---------------  P R O C E S S  ---------------

Java Threads: ( => current thread )
  0x00007ff42f40a800 JavaThread "Thread-7" [_thread_blocked, id=25723, stack(0x0000000193f14000,0x0000000194014000)]
  0x00007ff42a1e4000 JavaThread "AWT-EventQueue-1" [_thread_in_native, id=62763, stack(0x0000000188443000,0x0000000188543000)]
  0x00007ff42a1e7800 JavaThread "DestroyJavaVM" [_thread_blocked, id=4867, stack(0x000000010849f000,0x000000010859f000)]
  0x00007ff4291e1000 JavaThread "AWT-EventQueue-0" [_thread_blocked, id=55303, stack(0x00000001287fe000,0x00000001288fe000)]
  0x00007ff428971000 JavaThread "Java2D Disposer" daemon [_thread_blocked, id=50983, stack(0x00000001274d4000,0x00000001275d4000)]
  0x00007ff42918d000 JavaThread "Java2D Queue Flusher" daemon [_thread_blocked, id=50183, stack(0x0000000126443000,0x0000000126543000)]
  0x00007ff42a156000 JavaThread "AWT-Shutdown" [_thread_blocked, id=28435, stack(0x000000012369e000,0x000000012379e000)]
=>0x00007ff429169000 JavaThread "AWT-AppKit" daemon [_thread_in_native, id=1811, stack(0x00007fff57078000,0x00007fff57878000)]
  0x00007ff42a009000 JavaThread "Service Thread" daemon [_thread_blocked, id=18179, stack(0x0000000121b26000,0x0000000121c26000)]
  0x00007ff428867000 JavaThread "C1 CompilerThread2" daemon [_thread_blocked, id=17667, stack(0x0000000121a23000,0x0000000121b23000)]
  0x00007ff428830800 JavaThread "C2 CompilerThread1" daemon [_thread_blocked, id=17155, stack(0x0000000121920000,0x0000000121a20000)]
  0x00007ff42a008800 JavaThread "C2 CompilerThread0" daemon [_thread_blocked, id=16643, stack(0x000000012181d000,0x000000012191d000)]
  0x00007ff42a007800 JavaThread "Signal Dispatcher" daemon [_thread_blocked, id=13335, stack(0x000000012171a000,0x000000012181a000)]
  0x00007ff429815000 JavaThread "Finalizer" daemon [_thread_blocked, id=11523, stack(0x000000011fcfe000,0x000000011fdfe000)]
  0x00007ff429814000 JavaThread "Reference Handler" daemon [_thread_blocked, id=11011, stack(0x000000011fbfb000,0x000000011fcfb000)]

Other Threads:
  0x00007ff42885b000 VMThread [stack: 0x000000011faf8000,0x000000011fbf8000] [id=10499]
  0x00007ff429006000 WatcherThread [stack: 0x0000000121c29000,0x0000000121d29000] [id=18691]

VM state:not at safepoint (normal execution)

VM Mutex/Monitor currently owned by a thread: None

Heap:
 PSYoungGen      total 27136K, used 17409K [0x0000000795580000, 0x0000000797880000, 0x00000007c0000000)
  eden space 26624K, 65% used [0x0000000795580000,0x0000000796668620,0x0000000796f80000)
  from space 512K, 18% used [0x0000000797800000,0x0000000797818000,0x0000000797880000)
  to   space 512K, 0% used [0x0000000797780000,0x0000000797780000,0x0000000797800000)
 ParOldGen       total 55808K, used 17310K [0x0000000740000000, 0x0000000743680000, 0x0000000795580000)
  object space 55808K, 31% used [0x0000000740000000,0x00000007410e78f0,0x0000000743680000)
 Metaspace       used 24356K, capacity 24581K, committed 24832K, reserved 1071104K
  class space    used 2383K, capacity 2483K, committed 2560K, reserved 1048576K

Card table byte_map: [0x0000000119149000,0x000000011954a000] byte_map_base: 0x0000000115749000

Marking Bits: (ParMarkBitMap*) 0x00000001096dee20
 Begin Bits: [0x0000000119c01000, 0x000000011bc01000)
 End Bits:   [0x000000011bc01000, 0x000000011dc01000)

Polling page: 0x00000001085e4000

CodeCache: size=245760Kb used=11009Kb max_used=11363Kb free=234750Kb
 bounds [0x0000000109d89000, 0x000000010a8d9000, 0x0000000118d89000]
 total_blobs=4016 nmethods=3098 adapters=831
 compilation: enabled

Compilation events (10 events):
Event: 4877.533 Thread 0x00007ff428830800 3672       4       sun.java2d.SurfaceData::pixelFor (13 bytes)
Event: 4877.533 Thread 0x00007ff428867000 3673       3       sun.java2d.SunGraphics2D::setColor (108 bytes)
Event: 4877.534 Thread 0x00007ff428867000 nmethod 3673 0x000000010a8242d0 code [0x000000010a824460, 0x000000010a824998]
Event: 4877.535 Thread 0x00007ff428830800 nmethod 3672 0x000000010a48f3d0 code [0x000000010a48f520, 0x000000010a48f618]
Event: 4877.552 Thread 0x00007ff42a008800 3674       4       sun.java2d.SunGraphics2D::translate (68 bytes)
Event: 4877.556 Thread 0x00007ff42a008800 nmethod 3674 0x000000010a3aff90 code [0x000000010a3b0120, 0x000000010a3b03c8]
Event: 4877.581 Thread 0x00007ff428867000 3675       1       sun.java2d.SurfaceData::isValid (5 bytes)
Event: 4877.581 Thread 0x00007ff428867000 nmethod 3675 0x000000010a3acdd0 code [0x000000010a3acf20, 0x000000010a3ad030]
Event: 4877.581 Thread 0x00007ff428867000 3676       3       sun.java2d.pipe.RenderBuffer::putFloat (26 bytes)
Event: 4877.582 Thread 0x00007ff428867000 nmethod 3676 0x000000010a4c1b10 code [0x000000010a4c1c80, 0x000000010a4c1e10]

GC Heap History (10 events):
Event: 4860.310 GC heap before
{Heap before GC invocations=1139 (full 1):
 PSYoungGen      total 27136K, used 26752K [0x0000000795580000, 0x0000000797880000, 0x00000007c0000000)
  eden space 26624K, 100% used [0x0000000795580000,0x0000000796f80000,0x0000000796f80000)
  from space 512K, 25% used [0x0000000797780000,0x00000007977a0000,0x0000000797800000)
  to   space 512K, 0% used [0x0000000797800000,0x0000000797800000,0x0000000797880000)
 ParOldGen       total 55808K, used 17310K [0x0000000740000000, 0x0000000743680000, 0x0000000795580000)
  object space 55808K, 31% used [0x0000000740000000,0x00000007410e78f0,0x0000000743680000)
 Metaspace       used 24299K, capacity 24581K, committed 24832K, reserved 1071104K
  class space    used 2375K, capacity 2483K, committed 2560K, reserved 1048576K
Event: 4860.314 GC heap after
Heap after GC invocations=1139 (full 1):
 PSYoungGen      total 27136K, used 96K [0x0000000795580000, 0x0000000797880000, 0x00000007c0000000)
  eden space 26624K, 0% used [0x0000000795580000,0x0000000795580000,0x0000000796f80000)
  from space 512K, 18% used [0x0000000797800000,0x0000000797818000,0x0000000797880000)
  to   space 512K, 0% used [0x0000000797780000,0x0000000797780000,0x0000000797800000)
 ParOldGen       total 55808K, used 17310K [0x0000000740000000, 0x0000000743680000, 0x0000000795580000)
  object space 55808K, 31% used [0x0000000740000000,0x00000007410e78f0,0x0000000743680000)
 Metaspace       used 24299K, capacity 24581K, committed 24832K, reserved 1071104K
  class space    used 2375K, capacity 2483K, committed 2560K, reserved 1048576K
}
Event: 4864.297 GC heap before
{Heap before GC invocations=1140 (full 1):
 PSYoungGen      total 27136K, used 26720K [0x0000000795580000, 0x0000000797880000, 0x00000007c0000000)
  eden space 26624K, 100% used [0x0000000795580000,0x0000000796f80000,0x0000000796f80000)
  from space 512K, 18% used [0x0000000797800000,0x0000000797818000,0x0000000797880000)
  to   space 512K, 0% used [0x0000000797780000,0x0000000797780000,0x0000000797800000)
 ParOldGen       total 55808K, used 17310K [0x0000000740000000, 0x0000000743680000, 0x0000000795580000)
  object space 55808K, 31% used [0x0000000740000000,0x00000007410e78f0,0x0000000743680000)
 Metaspace       used 24299K, capacity 24581K, committed 24832K, reserved 1071104K
  class space    used 2375K, capacity 2483K, committed 2560K, reserved 1048576K
Event: 4864.299 GC heap after
Heap after GC invocations=1140 (full 1):
 PSYoungGen      total 27136K, used 96K [0x0000000795580000, 0x0000000797880000, 0x00000007c0000000)
  eden space 26624K, 0% used [0x0000000795580000,0x0000000795580000,0x0000000796f80000)
  from space 512K, 18% used [0x0000000797780000,0x0000000797798000,0x0000000797800000)
  to   space 512K, 0% used [0x0000000797800000,0x0000000797800000,0x0000000797880000)
 ParOldGen       total 55808K, used 17310K [0x0000000740000000, 0x0000000743680000, 0x0000000795580000)
  object space 55808K, 31% used [0x0000000740000000,0x00000007410e78f0,0x0000000743680000)
 Metaspace       used 24299K, capacity 24581K, committed 24832K, reserved 1071104K
  class space    used 2375K, capacity 2483K, committed 2560K, reserved 1048576K
}
Event: 4868.411 GC heap before
{Heap before GC invocations=1141 (full 1):
 PSYoungGen      total 27136K, used 26720K [0x0000000795580000, 0x0000000797880000, 0x00000007c0000000)
  eden space 26624K, 100% used [0x0000000795580000,0x0000000796f80000,0x0000000796f80000)
  from space 512K, 18% used [0x0000000797780000,0x0000000797798000,0x0000000797800000)
  to   space 512K, 0% used [0x0000000797800000,0x0000000797800000,0x0000000797880000)
 ParOldGen       total 55808K, used 17310K [0x0000000740000000, 0x0000000743680000, 0x0000000795580000)
  object space 55808K, 31% used [0x0000000740000000,0x00000007410e78f0,0x0000000743680000)
 Metaspace       used 24299K, capacity 24581K, committed 24832K, reserved 1071104K
  class space    used 2375K, capacity 2483K, committed 2560K, reserved 1048576K
Event: 4868.414 GC heap after
Heap after GC invocations=1141 (full 1):
 PSYoungGen      total 27136K, used 96K [0x0000000795580000, 0x0000000797880000, 0x00000007c0000000)
  eden space 26624K, 0% used [0x0000000795580000,0x0000000795580000,0x0000000796f80000)
  from space 512K, 18% used [0x0000000797800000,0x0000000797818000,0x0000000797880000)
  to   space 512K, 0% used [0x0000000797780000,0x0000000797780000,0x0000000797800000)
 ParOldGen       total 55808K, used 17310K [0x0000000740000000, 0x0000000743680000, 0x0000000795580000)
  object space 55808K, 31% used [0x0000000740000000,0x00000007410e78f0,0x0000000743680000)
 Metaspace       used 24299K, capacity 24581K, committed 24832K, reserved 1071104K
  class space    used 2375K, capacity 2483K, committed 2560K, reserved 1048576K
}
Event: 4872.496 GC heap before
{Heap before GC invocations=1142 (full 1):
 PSYoungGen      total 27136K, used 26720K [0x0000000795580000, 0x0000000797880000, 0x00000007c0000000)
  eden space 26624K, 100% used [0x0000000795580000,0x0000000796f80000,0x0000000796f80000)
  from space 512K, 18% used [0x0000000797800000,0x0000000797818000,0x0000000797880000)
  to   space 512K, 0% used [0x0000000797780000,0x0000000797780000,0x0000000797800000)
 ParOldGen       total 55808K, used 17310K [0x0000000740000000, 0x0000000743680000, 0x0000000795580000)
  object space 55808K, 31% used [0x0000000740000000,0x00000007410e78f0,0x0000000743680000)
 Metaspace       used 24299K, capacity 24581K, committed 24832K, reserved 1071104K
  class space    used 2375K, capacity 2483K, committed 2560K, reserved 1048576K
Event: 4872.498 GC heap after
Heap after GC invocations=1142 (full 1):
 PSYoungGen      total 27136K, used 64K [0x0000000795580000, 0x0000000797880000, 0x00000007c0000000)
  eden space 26624K, 0% used [0x0000000795580000,0x0000000795580000,0x0000000796f80000)
  from space 512K, 12% used [0x0000000797780000,0x0000000797790000,0x0000000797800000)
  to   space 512K, 0% used [0x0000000797800000,0x0000000797800000,0x0000000797880000)
 ParOldGen       total 55808K, used 17310K [0x0000000740000000, 0x0000000743680000, 0x0000000795580000)
  object space 55808K, 31% used [0x0000000740000000,0x00000007410e78f0,0x0000000743680000)
 Metaspace       used 24299K, capacity 24581K, committed 24832K, reserved 1071104K
  class space    used 2375K, capacity 2483K, committed 2560K, reserved 1048576K
}
Event: 4875.747 GC heap before
{Heap before GC invocations=1143 (full 1):
 PSYoungGen      total 27136K, used 26688K [0x0000000795580000, 0x0000000797880000, 0x00000007c0000000)
  eden space 26624K, 100% used [0x0000000795580000,0x0000000796f80000,0x0000000796f80000)
  from space 512K, 12% used [0x0000000797780000,0x0000000797790000,0x0000000797800000)
  to   space 512K, 0% used [0x0000000797800000,0x0000000797800000,0x0000000797880000)
 ParOldGen       total 55808K, used 17310K [0x0000000740000000, 0x0000000743680000, 0x0000000795580000)
  object space 55808K, 31% used [0x0000000740000000,0x00000007410e78f0,0x0000000743680000)
 Metaspace       used 24320K, capacity 24581K, committed 24832K, reserved 1071104K
  class space    used 2375K, capacity 2483K, committed 2560K, reserved 1048576K
Event: 4875.750 GC heap after
Heap after GC invocations=1143 (full 1):
 PSYoungGen      total 27136K, used 96K [0x0000000795580000, 0x0000000797880000, 0x00000007c0000000)
  eden space 26624K, 0% used [0x0000000795580000,0x0000000795580000,0x0000000796f80000)
  from space 512K, 18% used [0x0000000797800000,0x0000000797818000,0x0000000797880000)
  to   space 512K, 0% used [0x0000000797780000,0x0000000797780000,0x0000000797800000)
 ParOldGen       total 55808K, used 17310K [0x0000000740000000, 0x0000000743680000, 0x0000000795580000)
  object space 55808K, 31% used [0x0000000740000000,0x00000007410e78f0,0x0000000743680000)
 Metaspace       used 24320K, capacity 24581K, committed 24832K, reserved 1071104K
  class space    used 2375K, capacity 2483K, committed 2560K, reserved 1048576K
}

Deoptimization events (10 events):
Event: 4877.581 Thread 0x00007ff42a1e4000 Uncommon trap: reason=class_check action=maybe_recompile pc=0x000000010a6616a4 method=java.awt.event.InvocationEvent.dispatch()V @ 11
Event: 4877.591 Thread 0x00007ff429169000 Uncommon trap: reason=class_check action=maybe_recompile pc=0x000000010a7a3500 method=com.jogamp.common.util.RunnableTask.run()V @ 24
Event: 4877.592 Thread 0x00007ff42a1e4000 Uncommon trap: reason=unstable_if action=reinterpret pc=0x000000010a5897fc method=jogamp.opengl.GLContextImpl.release(Z)V @ 161
Event: 4877.593 Thread 0x00007ff429169000 Uncommon trap: reason=unstable_if action=reinterpret pc=0x000000010a4dbc3c method=jogamp.nativewindow.macosx.OSXUtil.RunOnMainThread(ZZLjava/lang/Runnable;)V @ 3
Event: 4877.594 Thread 0x00007ff42a1e4000 Uncommon trap: reason=unstable_if action=reinterpret pc=0x000000010a3e2018 method=java.util.LinkedList$ListItr.<init>(Ljava/util/LinkedList;I)V @ 26
Event: 4877.595 Thread 0x00007ff42a1e4000 Uncommon trap: reason=unstable_if action=reinterpret pc=0x000000010a7af380 method=java.security.AccessControlContext.optimize()Ljava/security/AccessControlContext; @ 233
Event: 4877.596 Thread 0x00007ff4291e1000 Uncommon trap: reason=class_check action=maybe_recompile pc=0x000000010a4d018c method=java.awt.Component.getGraphics()Ljava/awt/Graphics; @ 114
Event: 4877.597 Thread 0x00007ff42f40a800 Uncommon trap: reason=predicate action=maybe_recompile pc=0x000000010a7ac124 method=java.util.Vector.indexOf(Ljava/lang/Object;I)I @ 44
Event: 4877.597 Thread 0x00007ff42a1e4000 Uncommon trap: reason=class_check action=maybe_recompile pc=0x000000010a6616a4 method=java.awt.event.InvocationEvent.dispatch()V @ 11
Event: 4877.615 Thread 0x00007ff429169000 Uncommon trap: reason=class_check action=maybe_recompile pc=0x000000010a7a3500 method=com.jogamp.common.util.RunnableTask.run()V @ 24

Internal exceptions (10 events):
Event: 0.130 Thread 0x00007ff429808800 Exception <a 'java/lang/NoSuchFieldError': method resolution failed> (0x000000079582a520) thrown at [/Users/java_re/workspace/8-2-build-macosx-x86_64/jdk8u60/4407/hotspot/src/share/vm/prims/methodHandles.cpp, line 1146]
Event: 0.132 Thread 0x00007ff429808800 Exception <a 'java/lang/NoSuchFieldError': method resolution failed> (0x0000000795837cf0) thrown at [/Users/java_re/workspace/8-2-build-macosx-x86_64/jdk8u60/4407/hotspot/src/share/vm/prims/methodHandles.cpp, line 1146]
Event: 0.300 Thread 0x00007ff429808800 Exception <a 'java/io/FileNotFoundException'> (0x00000007958b3e80) thrown at [/Users/java_re/workspace/8-2-build-macosx-x86_64/jdk8u60/4407/hotspot/src/share/vm/prims/jni.cpp, line 709]
Event: 0.300 Thread 0x00007ff429808800 Exception <a 'java/io/FileNotFoundException'> (0x00000007958b49e8) thrown at [/Users/java_re/workspace/8-2-build-macosx-x86_64/jdk8u60/4407/hotspot/src/share/vm/prims/jni.cpp, line 709]
Event: 0.379 Thread 0x00007ff429808800 Exception <a 'java/io/FileNotFoundException'> (0x00000007959ef9d0) thrown at [/Users/java_re/workspace/8-2-build-macosx-x86_64/jdk8u60/4407/hotspot/src/share/vm/prims/jni.cpp, line 709]
Event: 1.857 Thread 0x00007ff429175800 Exception <a 'java/lang/UnsatisfiedLinkError': com.jogamp.common.util.JarUtil.fixNativeLibAttribs(Ljava/lang/String;)Z> (0x0000000796c807e0) thrown at [/Users/java_re/workspace/8-2-build-macosx-x86_64/jdk8u60/4407/hotspot/src/share/vm/prims/nativeLookup.c
Event: 2.109 Thread 0x00007ff429815000 Exception <a 'java/lang/NullPointerException'> (0x00000007956a2ee0) thrown at [/Users/java_re/workspace/8-2-build-macosx-x86_64/jdk8u60/4407/hotspot/src/share/vm/interpreter/linkResolver.cpp, line 1178]
Event: 2.602 Thread 0x00007ff42a1e4000 Exception <a 'java/io/FileNotFoundException'> (0x0000000795f40788) thrown at [/Users/java_re/workspace/8-2-build-macosx-x86_64/jdk8u60/4407/hotspot/src/share/vm/prims/jni.cpp, line 709]
Event: 2.603 Thread 0x00007ff42a1e4000 Exception <a 'java/io/FileNotFoundException'> (0x0000000795f467f0) thrown at [/Users/java_re/workspace/8-2-build-macosx-x86_64/jdk8u60/4407/hotspot/src/share/vm/prims/jni.cpp, line 709]
Event: 2.603 Thread 0x00007ff42a1e4000 Implicit null exception at 0x0000000109f29fb5 to 0x0000000109f2a341

Events (10 events):
Event: 4877.597 Thread 0x00007ff42f40a800 DEOPT PACKING pc=0x000000010a7ac124 sp=0x00000001940137f0
Event: 4877.597 Thread 0x00007ff42f40a800 DEOPT UNPACKING pc=0x0000000109d8e229 sp=0x00000001940137a0 mode 2
Event: 4877.597 loading class java/awt/Window$1DisposeAction
Event: 4877.597 loading class java/awt/Window$1DisposeAction done
Event: 4877.597 Thread 0x00007ff42a1e4000 Uncommon trap: trap_request=0xffffffde fr.pc=0x000000010a6616a4
Event: 4877.597 Thread 0x00007ff42a1e4000 DEOPT PACKING pc=0x000000010a6616a4 sp=0x0000000188540f60
Event: 4877.597 Thread 0x00007ff42a1e4000 DEOPT UNPACKING pc=0x0000000109d8e229 sp=0x0000000188540df8 mode 2
Event: 4877.615 Thread 0x00007ff429169000 Uncommon trap: trap_request=0xffffffde fr.pc=0x000000010a7a3500
Event: 4877.615 Thread 0x00007ff429169000 DEOPT PACKING pc=0x000000010a7a3500 sp=0x00007fff578737a0
Event: 4877.615 Thread 0x00007ff429169000 DEOPT UNPACKING pc=0x0000000109d8e229 sp=0x00007fff57873748 mode 2


Dynamic libraries:
0x0000000001464000 	/System/Library/Frameworks/Cocoa.framework/Versions/A/Cocoa
0x0000000001464000 	/System/Library/Frameworks/Security.framework/Versions/A/Security
0x0000000001464000 	/System/Library/Frameworks/ApplicationServices.framework/Versions/A/ApplicationServices
0x0000000001464000 	/usr/lib/libz.1.dylib
0x0000000001464000 	/usr/lib/libSystem.B.dylib
0x0000000001464000 	/usr/lib/libobjc.A.dylib
0x0000000001464000 	/System/Library/Frameworks/CoreFoundation.framework/Versions/A/CoreFoundation
0x0000000001464000 	/System/Library/Frameworks/Foundation.framework/Versions/C/Foundation
0x0000000001464000 	/System/Library/Frameworks/AppKit.framework/Versions/C/AppKit
0x0000000001464000 	/System/Library/Frameworks/CoreData.framework/Versions/A/CoreData
0x0000000001464000 	/System/Library/PrivateFrameworks/RemoteViewServices.framework/Versions/A/RemoteViewServices
0x0000000001464000 	/System/Library/PrivateFrameworks/UIFoundation.framework/Versions/A/UIFoundation
0x0000000001464000 	/System/Library/Frameworks/IOSurface.framework/Versions/A/IOSurface
0x0000000001464000 	/System/Library/Frameworks/AudioToolbox.framework/Versions/A/AudioToolbox
0x0000000001464000 	/System/Library/Frameworks/AudioUnit.framework/Versions/A/AudioUnit
0x0000000001464000 	/System/Library/PrivateFrameworks/DataDetectorsCore.framework/Versions/A/DataDetectorsCore
0x0000000001464000 	/System/Library/PrivateFrameworks/DesktopServicesPriv.framework/Versions/A/DesktopServicesPriv
0x0000000001464000 	/System/Library/Frameworks/Carbon.framework/Versions/A/Frameworks/HIToolbox.framework/Versions/A/HIToolbox
0x0000000001464000 	/System/Library/Frameworks/QuartzCore.framework/Versions/A/QuartzCore
0x0000000001464000 	/System/Library/Frameworks/Carbon.framework/Versions/A/Frameworks/SpeechRecognition.framework/Versions/A/SpeechRecognition
0x0000000001464000 	/usr/lib/libauto.dylib
0x0000000001464000 	/usr/lib/libicucore.A.dylib
0x0000000001464000 	/usr/lib/libxml2.2.dylib
0x0000000001464000 	/System/Library/PrivateFrameworks/CoreUI.framework/Versions/A/CoreUI
0x0000000001464000 	/System/Library/Frameworks/CoreAudio.framework/Versions/A/CoreAudio
0x0000000001464000 	/System/Library/Frameworks/DiskArbitration.framework/Versions/A/DiskArbitration
0x0000000001464000 	/usr/lib/liblangid.dylib
0x0000000001464000 	/System/Library/PrivateFrameworks/MultitouchSupport.framework/Versions/A/MultitouchSupport
0x0000000001464000 	/System/Library/Frameworks/IOKit.framework/Versions/A/IOKit
0x0000000001464000 	/usr/lib/libDiagnosticMessagesClient.dylib
0x0000000001464000 	/System/Library/Frameworks/CoreServices.framework/Versions/A/CoreServices
0x0000000001464000 	/System/Library/PrivateFrameworks/PerformanceAnalysis.framework/Versions/A/PerformanceAnalysis
0x0000000001464000 	/System/Library/PrivateFrameworks/GenerationalStorage.framework/Versions/A/GenerationalStorage
0x0000000001464000 	/System/Library/Frameworks/OpenGL.framework/Versions/A/OpenGL
0x0000000001464000 	/System/Library/PrivateFrameworks/Sharing.framework/Versions/A/Sharing
0x0000000001464000 	/System/Library/Frameworks/CoreGraphics.framework/Versions/A/CoreGraphics
0x0000000001464000 	/System/Library/Frameworks/CoreText.framework/Versions/A/CoreText
0x0000000001464000 	/System/Library/Frameworks/ImageIO.framework/Versions/A/ImageIO
0x0000000001464000 	/usr/lib/libextension.dylib
0x0000000001464000 	/System/Library/PrivateFrameworks/Backup.framework/Versions/A/Backup
0x0000000001464000 	/usr/lib/libarchive.2.dylib
0x0000000001464000 	/System/Library/Frameworks/CFNetwork.framework/Versions/A/CFNetwork
0x0000000001464000 	/System/Library/Frameworks/SystemConfiguration.framework/Versions/A/SystemConfiguration
0x0000000001464000 	/usr/lib/libCRFSuite.dylib
0x0000000001464000 	/usr/lib/libc++.1.dylib
0x0000000001464000 	/usr/lib/libc++abi.dylib
0x0000000001464000 	/usr/lib/system/libcache.dylib
0x0000000001464000 	/usr/lib/system/libcommonCrypto.dylib
0x0000000001464000 	/usr/lib/system/libcompiler_rt.dylib
0x0000000001464000 	/usr/lib/system/libcopyfile.dylib
0x0000000001464000 	/usr/lib/system/libcorecrypto.dylib
0x0000000001464000 	/usr/lib/system/libdispatch.dylib
0x0000000001464000 	/usr/lib/system/libdyld.dylib
0x0000000001464000 	/usr/lib/system/libkeymgr.dylib
0x0000000001464000 	/usr/lib/system/liblaunch.dylib
0x0000000001464000 	/usr/lib/system/libmacho.dylib
0x0000000001464000 	/usr/lib/system/libquarantine.dylib
0x0000000001464000 	/usr/lib/system/libremovefile.dylib
0x0000000001464000 	/usr/lib/system/libsystem_asl.dylib
0x0000000001464000 	/usr/lib/system/libsystem_blocks.dylib
0x0000000001464000 	/usr/lib/system/libsystem_c.dylib
0x0000000001464000 	/usr/lib/system/libsystem_configuration.dylib
0x0000000001464000 	/usr/lib/system/libsystem_coreservices.dylib
0x0000000001464000 	/usr/lib/system/libsystem_coretls.dylib
0x0000000001464000 	/usr/lib/system/libsystem_dnssd.dylib
0x0000000001464000 	/usr/lib/system/libsystem_info.dylib
0x0000000001464000 	/usr/lib/system/libsystem_kernel.dylib
0x0000000001464000 	/usr/lib/system/libsystem_m.dylib
0x0000000001464000 	/usr/lib/system/libsystem_malloc.dylib
0x0000000001464000 	/usr/lib/system/libsystem_network.dylib
0x0000000001464000 	/usr/lib/system/libsystem_networkextension.dylib
0x0000000001464000 	/usr/lib/system/libsystem_notify.dylib
0x0000000001464000 	/usr/lib/system/libsystem_platform.dylib
0x0000000001464000 	/usr/lib/system/libsystem_pthread.dylib
0x0000000001464000 	/usr/lib/system/libsystem_sandbox.dylib
0x0000000001464000 	/usr/lib/system/libsystem_secinit.dylib
0x0000000001464000 	/usr/lib/system/libsystem_stats.dylib
0x0000000001464000 	/usr/lib/system/libsystem_trace.dylib
0x0000000001464000 	/usr/lib/system/libunc.dylib
0x0000000001464000 	/usr/lib/system/libunwind.dylib
0x0000000001464000 	/usr/lib/system/libxpc.dylib
0x0000000001464000 	/usr/lib/libbz2.1.0.dylib
0x0000000001464000 	/usr/lib/liblzma.5.dylib
0x0000000001464000 	/usr/lib/libbsm.0.dylib
0x0000000001464000 	/usr/lib/libsqlite3.dylib
0x0000000001464000 	/usr/lib/system/libkxld.dylib
0x0000000001464000 	/usr/lib/libxar.1.dylib
0x0000000001464000 	/usr/lib/libpam.2.dylib
0x0000000001464000 	/usr/lib/libOpenScriptingUtil.dylib
0x0000000001464000 	/System/Library/Frameworks/CoreServices.framework/Versions/A/Frameworks/FSEvents.framework/Versions/A/FSEvents
0x0000000001464000 	/System/Library/Frameworks/CoreServices.framework/Versions/A/Frameworks/CarbonCore.framework/Versions/A/CarbonCore
0x0000000001464000 	/System/Library/Frameworks/CoreServices.framework/Versions/A/Frameworks/Metadata.framework/Versions/A/Metadata
0x0000000001464000 	/System/Library/Frameworks/CoreServices.framework/Versions/A/Frameworks/OSServices.framework/Versions/A/OSServices
0x0000000001464000 	/System/Library/Frameworks/CoreServices.framework/Versions/A/Frameworks/SearchKit.framework/Versions/A/SearchKit
0x0000000001464000 	/System/Library/Frameworks/CoreServices.framework/Versions/A/Frameworks/AE.framework/Versions/A/AE
0x0000000001464000 	/System/Library/Frameworks/CoreServices.framework/Versions/A/Frameworks/LaunchServices.framework/Versions/A/LaunchServices
0x0000000001464000 	/System/Library/Frameworks/CoreServices.framework/Versions/A/Frameworks/DictionaryServices.framework/Versions/A/DictionaryServices
0x0000000001464000 	/System/Library/Frameworks/NetFS.framework/Versions/A/NetFS
0x0000000001464000 	/System/Library/PrivateFrameworks/NetAuth.framework/Versions/A/NetAuth
0x0000000001464000 	/System/Library/PrivateFrameworks/login.framework/Versions/A/Frameworks/loginsupport.framework/Versions/A/loginsupport
0x0000000001464000 	/System/Library/PrivateFrameworks/TCC.framework/Versions/A/TCC
0x0000000001464000 	/usr/lib/libmecabra.dylib
0x0000000001464000 	/System/Library/Frameworks/ApplicationServices.framework/Versions/A/Frameworks/ATS.framework/Versions/A/ATS
0x0000000001464000 	/System/Library/Frameworks/ApplicationServices.framework/Versions/A/Frameworks/ColorSync.framework/Versions/A/ColorSync
0x0000000001464000 	/System/Library/Frameworks/ApplicationServices.framework/Versions/A/Frameworks/HIServices.framework/Versions/A/HIServices
0x0000000001464000 	/System/Library/Frameworks/ApplicationServices.framework/Versions/A/Frameworks/LangAnalysis.framework/Versions/A/LangAnalysis
0x0000000001464000 	/System/Library/Frameworks/ApplicationServices.framework/Versions/A/Frameworks/PrintCore.framework/Versions/A/PrintCore
0x0000000001464000 	/System/Library/Frameworks/ApplicationServices.framework/Versions/A/Frameworks/QD.framework/Versions/A/QD
0x0000000001464000 	/System/Library/Frameworks/ApplicationServices.framework/Versions/A/Frameworks/SpeechSynthesis.framework/Versions/A/SpeechSynthesis
0x0000000001464000 	/System/Library/Frameworks/Accelerate.framework/Versions/A/Accelerate
0x0000000001464000 	/System/Library/Frameworks/Accelerate.framework/Versions/A/Frameworks/vImage.framework/Versions/A/vImage
0x0000000001464000 	/System/Library/Frameworks/Accelerate.framework/Versions/A/Frameworks/vecLib.framework/Versions/A/vecLib
0x0000000001464000 	/System/Library/Frameworks/Accelerate.framework/Versions/A/Frameworks/vecLib.framework/Versions/A/libvDSP.dylib
0x0000000001464000 	/System/Library/Frameworks/Accelerate.framework/Versions/A/Frameworks/vecLib.framework/Versions/A/libvMisc.dylib
0x0000000001464000 	/System/Library/Frameworks/Accelerate.framework/Versions/A/Frameworks/vecLib.framework/Versions/A/libLAPACK.dylib
0x0000000001464000 	/System/Library/Frameworks/Accelerate.framework/Versions/A/Frameworks/vecLib.framework/Versions/A/libBLAS.dylib
0x0000000001464000 	/System/Library/Frameworks/Accelerate.framework/Versions/A/Frameworks/vecLib.framework/Versions/A/libLinearAlgebra.dylib
0x0000000001464000 	/System/Library/Frameworks/ApplicationServices.framework/Versions/A/Frameworks/ATS.framework/Versions/A/Resources/libFontParser.dylib
0x0000000001464000 	/System/Library/Frameworks/ApplicationServices.framework/Versions/A/Frameworks/ATS.framework/Versions/A/Resources/libFontRegistry.dylib
0x0000000001464000 	/System/Library/PrivateFrameworks/AppleVPA.framework/Versions/A/AppleVPA
0x0000000001464000 	/System/Library/PrivateFrameworks/AppleJPEG.framework/Versions/A/AppleJPEG
0x0000000001464000 	/System/Library/Frameworks/ImageIO.framework/Versions/A/Resources/libJPEG.dylib
0x0000000001464000 	/System/Library/Frameworks/ImageIO.framework/Versions/A/Resources/libTIFF.dylib
0x0000000001464000 	/System/Library/Frameworks/ImageIO.framework/Versions/A/Resources/libPng.dylib
0x0000000001464000 	/System/Library/Frameworks/ImageIO.framework/Versions/A/Resources/libGIF.dylib
0x0000000001464000 	/System/Library/Frameworks/ImageIO.framework/Versions/A/Resources/libJP2.dylib
0x0000000001464000 	/System/Library/Frameworks/ImageIO.framework/Versions/A/Resources/libRadiance.dylib
0x0000000001464000 	/System/Library/Frameworks/CoreVideo.framework/Versions/A/CoreVideo
0x0000000001464000 	/System/Library/Frameworks/OpenGL.framework/Versions/A/Libraries/libGLU.dylib
0x0000000001464000 	/System/Library/Frameworks/OpenGL.framework/Versions/A/Libraries/libGFXShared.dylib
0x0000000001464000 	/System/Library/Frameworks/OpenGL.framework/Versions/A/Libraries/libGL.dylib
0x0000000001464000 	/System/Library/Frameworks/OpenGL.framework/Versions/A/Libraries/libGLImage.dylib
0x0000000001464000 	/System/Library/Frameworks/OpenGL.framework/Versions/A/Libraries/libCVMSPluginSupport.dylib
0x0000000001464000 	/System/Library/Frameworks/OpenGL.framework/Versions/A/Libraries/libCoreVMClient.dylib
0x0000000001464000 	/usr/lib/libcups.2.dylib
0x0000000001464000 	/System/Library/Frameworks/Kerberos.framework/Versions/A/Kerberos
0x0000000001464000 	/System/Library/Frameworks/GSS.framework/Versions/A/GSS
0x0000000001464000 	/usr/lib/libresolv.9.dylib
0x0000000001464000 	/usr/lib/libiconv.2.dylib
0x0000000001464000 	/System/Library/PrivateFrameworks/Heimdal.framework/Versions/A/Heimdal
0x0000000001464000 	/usr/lib/libheimdal-asn1.dylib
0x0000000001464000 	/System/Library/Frameworks/OpenDirectory.framework/Versions/A/OpenDirectory
0x0000000001464000 	/System/Library/PrivateFrameworks/CommonAuth.framework/Versions/A/CommonAuth
0x0000000001464000 	/System/Library/Frameworks/OpenDirectory.framework/Versions/A/Frameworks/CFOpenDirectory.framework/Versions/A/CFOpenDirectory
0x0000000001464000 	/System/Library/Frameworks/SecurityFoundation.framework/Versions/A/SecurityFoundation
0x0000000001464000 	/System/Library/PrivateFrameworks/LanguageModeling.framework/Versions/A/LanguageModeling
0x0000000001464000 	/usr/lib/libcmph.dylib
0x0000000001464000 	/System/Library/Frameworks/ServiceManagement.framework/Versions/A/ServiceManagement
0x0000000001464000 	/usr/lib/libxslt.1.dylib
0x0000000001464000 	/System/Library/Frameworks/Carbon.framework/Versions/A/Frameworks/Ink.framework/Versions/A/Ink
0x0000000001464000 	/System/Library/Frameworks/QuartzCore.framework/Versions/A/Frameworks/CoreImage.framework/Versions/A/CoreImage
0x0000000001464000 	/System/Library/PrivateFrameworks/CrashReporterSupport.framework/Versions/A/CrashReporterSupport
0x0000000001464000 	/System/Library/Frameworks/OpenCL.framework/Versions/A/OpenCL
0x0000000001464000 	/System/Library/PrivateFrameworks/FaceCore.framework/Versions/A/FaceCore
0x0000000001464000 	/System/Library/PrivateFrameworks/Ubiquity.framework/Versions/A/Ubiquity
0x0000000001464000 	/System/Library/PrivateFrameworks/IconServices.framework/Versions/A/IconServices
0x0000000001464000 	/System/Library/PrivateFrameworks/ChunkingLibrary.framework/Versions/A/ChunkingLibrary
0x0000000001464000 	/System/Library/PrivateFrameworks/Apple80211.framework/Versions/A/Apple80211
0x0000000001464000 	/System/Library/Frameworks/CoreWLAN.framework/Versions/A/CoreWLAN
0x0000000001464000 	/System/Library/Frameworks/IOBluetooth.framework/Versions/A/IOBluetooth
0x0000000001464000 	/System/Library/PrivateFrameworks/CoreWiFi.framework/Versions/A/CoreWiFi
0x0000000001464000 	/System/Library/Frameworks/CoreBluetooth.framework/Versions/A/CoreBluetooth
0x0000000001464000 	/System/Library/PrivateFrameworks/DebugSymbols.framework/Versions/A/DebugSymbols
0x0000000001464000 	/System/Library/PrivateFrameworks/CoreSymbolication.framework/Versions/A/CoreSymbolication
0x0000000001464000 	/System/Library/PrivateFrameworks/Symbolication.framework/Versions/A/Symbolication
0x0000000001464000 	/System/Library/PrivateFrameworks/SpeechRecognitionCore.framework/Versions/A/SpeechRecognitionCore
0x0000000108e00000 	/Library/Java/JavaVirtualMachines/jdk1.8.0_60.jdk/Contents/Home/jre/lib/server/libjvm.dylib
0x0000000001464000 	/usr/lib/libstdc++.6.dylib
0x00000001085a1000 	/Library/Java/JavaVirtualMachines/jdk1.8.0_60.jdk/Contents/Home/jre/lib/libverify.dylib
0x00000001085af000 	/Library/Java/JavaVirtualMachines/jdk1.8.0_60.jdk/Contents/Home/jre/lib/libjava.dylib
0x00000001085ee000 	/Library/Java/JavaVirtualMachines/jdk1.8.0_60.jdk/Contents/Home/jre/lib/libzip.dylib
0x000000011fe00000 	/System/Library/Frameworks/JavaVM.framework/Frameworks/JavaRuntimeSupport.framework/JavaRuntimeSupport
0x000000011fe16000 	/System/Library/Frameworks/JavaVM.framework/Versions/A/Frameworks/JavaNativeFoundation.framework/Versions/A/JavaNativeFoundation
0x000000011fe2a000 	/System/Library/Frameworks/JavaVM.framework/Versions/A/JavaVM
0x0000000001464000 	/System/Library/Frameworks/Carbon.framework/Versions/A/Carbon
0x000000011fe36000 	/System/Library/PrivateFrameworks/JavaLaunching.framework/Versions/A/JavaLaunching
0x0000000001464000 	/System/Library/Frameworks/Carbon.framework/Versions/A/Frameworks/CommonPanels.framework/Versions/A/CommonPanels
0x0000000001464000 	/System/Library/Frameworks/Carbon.framework/Versions/A/Frameworks/Help.framework/Versions/A/Help
0x0000000001464000 	/System/Library/Frameworks/Carbon.framework/Versions/A/Frameworks/ImageCapture.framework/Versions/A/ImageCapture
0x0000000001464000 	/System/Library/Frameworks/Carbon.framework/Versions/A/Frameworks/OpenScripting.framework/Versions/A/OpenScripting
0x0000000001464000 	/System/Library/Frameworks/Carbon.framework/Versions/A/Frameworks/Print.framework/Versions/A/Print
0x0000000001464000 	/System/Library/Frameworks/Carbon.framework/Versions/A/Frameworks/SecurityHI.framework/Versions/A/SecurityHI
0x0000000121d2b000 	/Library/Java/JavaVirtualMachines/jdk1.8.0_60.jdk/Contents/Home/jre/lib/libawt.dylib
0x0000000121dd3000 	/Library/Java/JavaVirtualMachines/jdk1.8.0_60.jdk/Contents/Home/jre/lib/./libmlib_image.dylib
0x0000000121e9f000 	/Library/Java/JavaVirtualMachines/jdk1.8.0_60.jdk/Contents/Home/jre/lib/libawt_lwawt.dylib
0x0000000121f54000 	/Library/Java/JavaVirtualMachines/jdk1.8.0_60.jdk/Contents/Home/jre/lib/./libosxapp.dylib
0x0000000001464000 	/System/Library/Frameworks/ExceptionHandling.framework/Versions/A/ExceptionHandling
0x0000000001464000 	/System/Library/PrivateFrameworks/CoreServicesInternal.framework/Versions/A/CoreServicesInternal
0x0000000001464000 	/System/Library/PrivateFrameworks/CloudDocs.framework/Versions/A/CloudDocs
0x0000000001464000 	/System/Library/PrivateFrameworks/CoreDuet.framework/Versions/A/CoreDuet
0x0000000001464000 	/System/Library/Frameworks/CloudKit.framework/Versions/A/CloudKit
0x0000000001464000 	/System/Library/PrivateFrameworks/ProtocolBuffer.framework/Versions/A/ProtocolBuffer
0x0000000001464000 	/System/Library/PrivateFrameworks/CoreDuetDaemonProtocol.framework/Versions/A/CoreDuetDaemonProtocol
0x0000000001464000 	/System/Library/PrivateFrameworks/CoreDuetDebugLogging.framework/Versions/A/CoreDuetDebugLogging
0x0000000001464000 	/System/Library/PrivateFrameworks/MMCS.framework/Versions/A/MMCS
0x0000000001464000 	/System/Library/Frameworks/CoreLocation.framework/Versions/A/CoreLocation
0x0000000001464000 	/System/Library/PrivateFrameworks/ProtectedCloudStorage.framework/Versions/A/ProtectedCloudStorage
0x0000000001464000 	/System/Library/PrivateFrameworks/GeoServices.framework/Versions/A/GeoServices
0x0000000001464000 	/System/Library/Frameworks/CoreGraphics.framework/Versions/A/Resources/libCGCMS.A.dylib
0x0000000001464000 	/System/Library/Frameworks/CoreGraphics.framework/Versions/A/Resources/libRIP.A.dylib
0x0000000001464000 	/System/Library/Frameworks/CoreGraphics.framework/Versions/A/Resources/libCGXType.A.dylib
0x0000000001464000 	/System/Library/Frameworks/OpenCL.framework/Versions/A/Libraries/libcldcpuengine.dylib
0x0000000001464000 	/System/Library/PrivateFrameworks/DiskImages.framework/Versions/A/DiskImages
0x0000000001464000 	/System/Library/Frameworks/DiscRecording.framework/Versions/A/DiscRecording
0x0000000001464000 	/usr/lib/libcsfde.dylib
0x0000000001464000 	/usr/lib/libcurl.4.dylib
0x0000000001464000 	/System/Library/PrivateFrameworks/MediaKit.framework/Versions/A/MediaKit
0x0000000001464000 	/usr/lib/libCoreStorage.dylib
0x0000000001464000 	/System/Library/PrivateFrameworks/EFILogin.framework/Versions/A/EFILogin
0x0000000001464000 	/usr/lib/libutil.dylib
0x0000000001464000 	/System/Library/PrivateFrameworks/FindMyDevice.framework/Versions/A/FindMyDevice
0x0000000001464000 	/System/Library/Frameworks/LDAP.framework/Versions/A/LDAP
0x0000000001464000 	/usr/lib/libsasl2.2.dylib
0x0000000001464000 	/System/Library/PrivateFrameworks/CoreDaemon.framework/Versions/B/CoreDaemon
0x0000000001464000 	/usr/lib/libcrypto.0.9.8.dylib
0x0000000001464000 	/System/Library/PrivateFrameworks/AppleSRP.framework/Versions/A/AppleSRP
0x0000000001464000 	/System/Library/PrivateFrameworks/TrustEvaluationAgent.framework/Versions/A/TrustEvaluationAgent
0x00000001222ee000 	cl_kernels
0x00000001251b3000 	/System/Library/Frameworks/OpenCL.framework/Versions/A/Libraries/ImageFormats/unorm8_bgra.dylib
0x00000001222e0000 	cl_kernels
0x0000000001464000 	/System/Library/PrivateFrameworks/FamilyControls.framework/Versions/A/FamilyControls
0x0000000001464000 	/System/Library/PrivateFrameworks/CommerceKit.framework/Versions/A/Frameworks/CommerceCore.framework/Versions/A/CommerceCore
0x0000000001464000 	/System/Library/PrivateFrameworks/SystemAdministration.framework/Versions/A/SystemAdministration
0x0000000001464000 	/System/Library/PrivateFrameworks/AppContainer.framework/Versions/A/AppContainer
0x0000000001464000 	/System/Library/PrivateFrameworks/SecCodeWrapper.framework/Versions/A/SecCodeWrapper
0x0000000001464000 	/System/Library/Frameworks/DirectoryService.framework/Versions/A/DirectoryService
0x0000000001464000 	/System/Library/PrivateFrameworks/LoginUIKit.framework/Versions/A/Frameworks/LoginUICore.framework/Versions/A/LoginUICore
0x0000000001464000 	/usr/lib/libodfde.dylib
0x0000000001464000 	/System/Library/Frameworks/OpenGL.framework/Versions/A/Resources/GLEngine.bundle/GLEngine
0x0000000001464000 	/System/Library/Frameworks/OpenGL.framework/Versions/A/Libraries/libGLProgrammability.dylib
0x0000000126545000 	/System/Library/Extensions/AppleIntelHD5000GraphicsGLDriver.bundle/Contents/MacOS/AppleIntelHD5000GraphicsGLDriver
0x0000000001464000 	/System/Library/PrivateFrameworks/IOAccelerator.framework/Versions/A/IOAccelerator
0x0000000001464000 	/System/Library/PrivateFrameworks/GPUSupport.framework/Versions/A/Libraries/libGPUSupportMercury.dylib
0x0000000001464000 	/System/Library/Frameworks/OpenGL.framework/Versions/A/Resources/GLRendererFloat.bundle/GLRendererFloat
0x00000001275d6000 	/Library/Java/JavaVirtualMachines/jdk1.8.0_60.jdk/Contents/Home/jre/lib/libfontmanager.dylib
0x0000000128910000 	/Library/Java/JavaVirtualMachines/jdk1.8.0_60.jdk/Contents/Home/jre/lib/libosxui.dylib
0x00000001289e5000 	/Library/Java/JavaVirtualMachines/jdk1.8.0_60.jdk/Contents/Home/jre/lib/libnet.dylib
0x00000001289fc000 	/Library/Java/JavaVirtualMachines/jdk1.8.0_60.jdk/Contents/Home/jre/lib/libnio.dylib
0x0000000001464000 	/System/Library/Frameworks/ApplicationServices.framework/Versions/A/Frameworks/ATS.framework/Versions/A/Resources/libTrueTypeScaler.dylib
0x0000000187c93000 	/private/var/folders/hh/z31jgv_d7szdfpdjxj5nl_v00000gn/T/jogamp_0000/file_cache/jln5348362432791586719/jln4467817327483967861/libgluegen-rt.jnilib
0x0000000187c97000 	/private/var/folders/hh/z31jgv_d7szdfpdjxj5nl_v00000gn/T/jogamp_0000/file_cache/jln5348362432791586719/jln4467817327483967861/libnativewindow_awt.jnilib
0x0000000187c9a000 	/Library/Java/JavaVirtualMachines/jdk1.8.0_60.jdk/Contents/Home/jre/lib/libjawt.dylib
0x0000000187c9d000 	/private/var/folders/hh/z31jgv_d7szdfpdjxj5nl_v00000gn/T/jogamp_0000/file_cache/jln5348362432791586719/jln4467817327483967861/libnativewindow_macosx.jnilib
0x000000018ca2c000 	/private/var/folders/hh/z31jgv_d7szdfpdjxj5nl_v00000gn/T/jogamp_0000/file_cache/jln5348362432791586719/jln4467817327483967861/libjogl_desktop.jnilib
0x000000018ebf2000 	/Library/Java/JavaVirtualMachines/jdk1.8.0_60.jdk/Contents/Home/jre/lib/libsunec.dylib
0x000000018f801000 	/Library/Java/JavaVirtualMachines/jdk1.8.0_60.jdk/Contents/Home/jre/lib/libt2k.dylib

VM Arguments:
jvm_args: -Djava.security.policy=java.policy.applet -Dfile.encoding=UTF-8 
java_command: sun.applet.AppletViewer module5.EarthquakeCityMap1488948813478.html
java_class_path (initial): /Users/chuan1900/coursera-java/UCSDUnfoldingMaps/build:/Users/chuan1900/coursera-java/UCSDUnfoldingMaps/lib/core.jar:/Users/chuan1900/coursera-java/UCSDUnfoldingMaps/lib/gluegen-rt.jar:/Users/chuan1900/coursera-java/UCSDUnfoldingMaps/lib/jogl-all.jar:/Users/chuan1900/coursera-java/UCSDUnfoldingMaps/lib/log4j-1.2.15.jar:/Users/chuan1900/coursera-java/UCSDUnfoldingMaps/lib/sqlite-jdbc-3.7.2.jar:/Users/chuan1900/coursera-java/UCSDUnfoldingMaps/lib/json4processing.jar:/Users/chuan1900/coursera-java/UCSDUnfoldingMaps/lib/libTUIO.jar:/Users/chuan1900/coursera-java/UCSDUnfoldingMaps/lib/unfolding.0.9.7-uscd.jar
Launcher Type: SUN_STANDARD

Environment Variables:
PATH=/usr/bin:/bin:/usr/sbin:/sbin
SHELL=/bin/bash
DISPLAY=/private/tmp/com.apple.launchd.yILEgeE45r/org.macosforge.xquartz:0

Signal Handlers:
SIGSEGV: [libjvm.dylib+0x5a6d31], sa_mask[0]=11111111011111110111111111111111, sa_flags=SA_ONSTACK|SA_RESTART|SA_SIGINFO
SIGBUS: [libjvm.dylib+0x5a6d31], sa_mask[0]=11111111011111110111111111111111, sa_flags=SA_RESTART|SA_SIGINFO
SIGFPE: [libjvm.dylib+0x480a4c], sa_mask[0]=11111111011111110111111111111111, sa_flags=SA_RESTART|SA_SIGINFO
SIGPIPE: [libjvm.dylib+0x480a4c], sa_mask[0]=11111111011111110111111111111111, sa_flags=SA_RESTART|SA_SIGINFO
SIGXFSZ: [libjvm.dylib+0x480a4c], sa_mask[0]=11111111011111110111111111111111, sa_flags=SA_RESTART|SA_SIGINFO
SIGILL: [libjvm.dylib+0x480a4c], sa_mask[0]=11111111011111110111111111111111, sa_flags=SA_RESTART|SA_SIGINFO
SIGUSR1: SIG_DFL, sa_mask[0]=00000000000000000000000000000000, sa_flags=none
SIGUSR2: [libjvm.dylib+0x48056a], sa_mask[0]=00100000000000000000000000000000, sa_flags=SA_RESTART|SA_SIGINFO
SIGHUP: [libjvm.dylib+0x47eb41], sa_mask[0]=11111111011111110111111111111111, sa_flags=SA_RESTART|SA_SIGINFO
SIGINT: [libjvm.dylib+0x47eb41], sa_mask[0]=11111111011111110111111111111111, sa_flags=SA_RESTART|SA_SIGINFO
SIGTERM: [libjvm.dylib+0x47eb41], sa_mask[0]=11111111011111110111111111111111, sa_flags=SA_RESTART|SA_SIGINFO
SIGQUIT: [libjvm.dylib+0x47eb41], sa_mask[0]=11111111011111110111111111111111, sa_flags=SA_RESTART|SA_SIGINFO


---------------  S Y S T E M  ---------------

OS:Bsduname:Darwin 14.5.0 Darwin Kernel Version 14.5.0: Sun Sep 25 22:07:15 PDT 2016; root:xnu-2782.50.9~1/RELEASE_X86_64 x86_64
rlimit: STACK 8192k, CORE 0k, NPROC 709, NOFILE 10240, AS infinity
load average:2.48 1.75 1.58

CPU:total 4 (2 cores per cpu, 2 threads per core) family 6 model 69 stepping 1, cmov, cx8, fxsr, mmx, sse, sse2, sse3, ssse3, sse4.1, sse4.2, popcnt, avx, avx2, aes, clmul, erms, lzcnt, ht, tsc, tscinvbit, bmi1, bmi2

Memory: 4k page, physical 8388608k(503176k free)

/proc/meminfo:


vm_info: Java HotSpot(TM) 64-Bit Server VM (25.60-b23) for bsd-amd64 JRE (1.8.0_60-b27), built on Aug  4 2015 10:47:24 by "java_re" with gcc 4.2.1 (Based on Apple Inc. build 5658) (LLVM build 2336.11.00)

time: Wed Mar  8 01:14:51 2017
elapsed time: 4877 seconds (0d 1h 21m 17s)

